2018-12-27 00:00:10.831 [http-nio-8080-exec-2] INFO  com.forum.service.aspect.ControllerLogAspect - Date : 2018-12-27 12:00:10
2018-12-27 00:00:10.840 [http-nio-8080-exec-2] INFO  com.forum.service.aspect.ControllerLogAspect - Request Parameter : [:]
2018-12-27 00:00:10.840 [http-nio-8080-exec-2] INFO  com.forum.service.aspect.ControllerLogAspect - Username : 未登录
2018-12-27 00:00:10.840 [http-nio-8080-exec-2] INFO  com.forum.service.aspect.ControllerLogAspect - Finish Method Spend Time : 9ms
2018-12-27 00:00:10.840 [http-nio-8080-exec-2] INFO  com.forum.service.aspect.ControllerLogAspect - Returning >>> response=null
2018-12-27 00:00:10.841 [http-nio-8080-exec-2] INFO  com.forum.service.aspect.ControllerLogAspect - Returning >>> {"id":0,"url":"http://192.168.31.179:8080/loginpage","ip":"192.168.31.137","httpMethod":"GET","classMethod":"com.forum.controller.RedirectController.loginPage","args":"Arg -> (0)execution(Object com.forum.controller.RedirectController.loginPage(HttpServletResponse))","reqParams":null,"respParams":"null","spendTime":9,"logType":"isJsonRequest:false","user":null}
2018-12-27 00:00:10.854 [http-nio-8080-exec-1] INFO  com.forum.service.aspect.ControllerLogAspect - Date : 2018-12-27 12:00:10
2018-12-27 00:00:10.856 [http-nio-8080-exec-1] INFO  com.forum.service.aspect.ControllerLogAspect - Request Parameter : [:]
2018-12-27 00:00:10.856 [http-nio-8080-exec-1] INFO  com.forum.service.aspect.ControllerLogAspect - Username : 未登录
2018-12-27 00:00:10.856 [http-nio-8080-exec-1] INFO  com.forum.service.aspect.ControllerLogAspect - Finish Method Spend Time : 2ms
2018-12-27 00:00:10.856 [http-nio-8080-exec-1] INFO  com.forum.service.aspect.ControllerLogAspect - Returning >>> response=index.html
2018-12-27 00:00:10.857 [http-nio-8080-exec-1] INFO  com.forum.service.aspect.ControllerLogAspect - Returning >>> {"id":0,"url":"http://192.168.31.179:8080/index","ip":"192.168.31.137","httpMethod":"GET","classMethod":"com.forum.controller.RedirectController.main","args":"Arg -> (0)execution(Object com.forum.controller.RedirectController.main())","reqParams":null,"respParams":"\"index.html\"","spendTime":2,"logType":"isJsonRequest:false","user":null}
2018-12-27 00:00:27.122 [SessionValidationThread-1] INFO  o.a.s.session.mgt.AbstractValidatingSessionManager - Validating all active sessions...
2018-12-27 00:00:43.680 [http-nio-8080-exec-1] INFO  com.forum.service.aspect.ControllerLogAspect - Date : 2018-12-27 12:00:43
2018-12-27 00:00:43.680 [http-nio-8080-exec-1] INFO  com.forum.service.aspect.ControllerLogAspect - Request Parameter : [:]
2018-12-27 00:00:43.680 [http-nio-8080-exec-1] INFO  com.forum.service.aspect.ControllerLogAspect - Username : 未登录
2018-12-27 00:00:43.680 [http-nio-8080-exec-1] INFO  com.forum.service.aspect.ControllerLogAspect - Finish Method Spend Time : 0ms
2018-12-27 00:00:43.681 [http-nio-8080-exec-1] INFO  com.forum.service.aspect.ControllerLogAspect - Returning >>> response=/user/forum_list.html
2018-12-27 00:00:43.681 [http-nio-8080-exec-1] INFO  com.forum.service.aspect.ControllerLogAspect - Returning >>> {"id":0,"url":"http://192.168.31.179:8080/forum_list","ip":"192.168.31.137","httpMethod":"GET","classMethod":"com.forum.controller.RedirectController.forumList","args":"Arg -> (0)execution(Object com.forum.controller.RedirectController.forumList())","reqParams":null,"respParams":"\"/user/forum_list.html\"","spendTime":1,"logType":"isJsonRequest:false","user":null}
2018-12-27 00:00:43.701 [http-nio-8080-exec-5] INFO  com.forum.service.aspect.ControllerLogAspect - Date : 2018-12-27 12:00:43
2018-12-27 00:00:43.701 [http-nio-8080-exec-5] INFO  com.forum.service.aspect.ControllerLogAspect - Request Parameter : [page:[1]]
2018-12-27 00:00:43.701 [http-nio-8080-exec-5] INFO  com.forum.service.aspect.ControllerLogAspect - Username : 未登录
2018-12-27 00:00:43.703 [http-nio-8080-exec-5] DEBUG c.f.m.F.selectAllFromTableByEnableAndAuthorityWithoutType_COUNT - ==>  Preparing: select count(0) from (select * from f_forumlist where fid >= (select floor( max(fid) * rand()) from f_forumlist ) and enable = ? and authority = ? order by fid) tmp_count 
2018-12-27 00:00:43.703 [http-nio-8080-exec-5] DEBUG c.f.m.F.selectAllFromTableByEnableAndAuthorityWithoutType_COUNT - ==> Parameters: true(Boolean), true(Boolean)
2018-12-27 00:00:43.704 [http-nio-8080-exec-5] DEBUG c.f.m.F.selectAllFromTableByEnableAndAuthorityWithoutType_COUNT - <==      Total: 1
2018-12-27 00:00:43.705 [http-nio-8080-exec-5] DEBUG c.f.m.F.selectAllFromTableByEnableAndAuthorityWithoutType - ==>  Preparing: select * from f_forumlist where fid >= (select floor( max(fid) * rand()) from f_forumlist ) and enable = ? and authority = ? order by fid LIMIT ? 
2018-12-27 00:00:43.705 [http-nio-8080-exec-5] DEBUG c.f.m.F.selectAllFromTableByEnableAndAuthorityWithoutType - ==> Parameters: true(Boolean), true(Boolean), 5(Integer)
2018-12-27 00:00:43.706 [http-nio-8080-exec-5] DEBUG c.f.m.F.selectAllFromTableByEnableAndAuthorityWithoutType - <==      Total: 2
2018-12-27 00:00:43.706 [http-nio-8080-exec-5] INFO  com.forum.service.aspect.ControllerLogAspect - Finish Method Spend Time : 5ms
2018-12-27 00:00:43.706 [http-nio-8080-exec-5] INFO  com.forum.service.aspect.ControllerLogAspect - Returning >>> response=Page{count=true, pageNum=1, pageSize=5, startRow=0, endRow=5, total=2, pages=1, reasonable=false, pageSizeZero=false}
2018-12-27 00:00:43.707 [http-nio-8080-exec-5] INFO  com.forum.service.aspect.ControllerLogAspect - Returning >>> {"id":0,"url":"http://192.168.31.179:8080/user-forum/forumlist","ip":"192.168.31.137","httpMethod":"POST","classMethod":"com.forum.controller.ForumController.getForumList","args":"Arg -> (0)execution(Object com.forum.controller.ForumController.getForumList(String,String,MessageCodeInfo,CommonInfo))","reqParams":null,"respParams":"[{\"fid\":\"1\",\"fname\":\"进这个\",\"img\":null,\"creator\":\"1068310406818304000\",\"description\":\"HI\",\"creatorIP\":\"0\",\"enable\":true,\"authority\":true,\"date\":\"2018-12-20 16:21:51.0\",\"type\":null},{\"fid\":\"2\",\"fname\":\"HI2\",\"img\":null,\"creator\":\"1068310406881218560\",\"description\":\"HIHI\",\"creatorIP\":\"0\",\"enable\":true,\"authority\":true,\"date\":\"2018-12-20 16:21:51.0\",\"type\":null}]","spendTime":6,"logType":"isJsonRequest:true","user":null}
2018-12-27 00:00:51.560 [http-nio-8080-exec-7] INFO  com.forum.service.aspect.ControllerLogAspect - Date : 2018-12-27 12:00:51
2018-12-27 00:00:51.560 [http-nio-8080-exec-7] INFO  com.forum.service.aspect.ControllerLogAspect - Request Parameter : [fid:[1]]
2018-12-27 00:00:51.560 [http-nio-8080-exec-7] INFO  com.forum.service.aspect.ControllerLogAspect - Username : 未登录
2018-12-27 00:00:51.560 [http-nio-8080-exec-7] INFO  com.forum.service.aspect.ControllerLogAspect - Finish Method Spend Time : 0ms
2018-12-27 00:00:51.561 [http-nio-8080-exec-7] INFO  com.forum.service.aspect.ControllerLogAspect - Returning >>> response=/user/single_forum.html
2018-12-27 00:00:51.561 [http-nio-8080-exec-7] INFO  com.forum.service.aspect.ControllerLogAspect - Returning >>> {"id":0,"url":"http://192.168.31.179:8080/single_forum","ip":"192.168.31.137","httpMethod":"GET","classMethod":"com.forum.controller.RedirectController.singleForum","args":"Arg -> (0)execution(Object com.forum.controller.RedirectController.singleForum(HttpServletRequest,String))","reqParams":null,"respParams":"\"/user/single_forum.html\"","spendTime":1,"logType":"isJsonRequest:false","user":null}
2018-12-27 00:00:51.593 [http-nio-8080-exec-8] INFO  com.forum.service.aspect.ControllerLogAspect - Date : 2018-12-27 12:00:51
2018-12-27 00:00:51.593 [http-nio-8080-exec-8] INFO  com.forum.service.aspect.ControllerLogAspect - Request Parameter : [fid:[1], page:[1]]
2018-12-27 00:00:51.593 [http-nio-8080-exec-8] INFO  com.forum.service.aspect.ControllerLogAspect - Username : 未登录
2018-12-27 00:00:51.595 [http-nio-8080-exec-8] DEBUG c.f.m.U.userSingleForumPostList_COUNT - ==>  Preparing: select count(0) from (SELECT user_img,nickname,sid,f_post.postid,f_post.fid,f_post.type,f_post.title,f_post.text,f_post.lastupdatetime,f_post.video,f_post.img0,f_post.img1,f_post.img2,f_post.img3,f_post.img4,f_post.img5,f_post.img6,f_post.img7,f_post.img8,f_forumlist.fname,f_forumlist.img,f_forumlist.type as forum_type FROM f_user,f_forumlist,f_post where f_post.fid=? and f_post.fid=f_forumlist.fid and f_post.creator=sid and f_post.enable=true and f_forumlist.enable=true and f_forumlist.authority=true order by lastupdatetime desc) tmp_count 
2018-12-27 00:00:51.595 [http-nio-8080-exec-8] DEBUG c.f.m.U.userSingleForumPostList_COUNT - ==> Parameters: 1(String)
2018-12-27 00:00:51.596 [http-nio-8080-exec-8] DEBUG c.f.m.U.userSingleForumPostList_COUNT - <==      Total: 1
2018-12-27 00:00:51.597 [http-nio-8080-exec-8] DEBUG c.f.m.U.userSingleForumPostList - ==>  Preparing: SELECT user_img,nickname,sid,f_post.postid,f_post.fid,f_post.type,f_post.title,f_post.text,f_post.lastupdatetime,f_post.video,f_post.img0,f_post.img1,f_post.img2,f_post.img3,f_post.img4,f_post.img5,f_post.img6,f_post.img7,f_post.img8,f_forumlist.fname,f_forumlist.img,f_forumlist.type as forum_type FROM f_user,f_forumlist,f_post where f_post.fid=? and f_post.fid=f_forumlist.fid and f_post.creator=sid and f_post.enable=true and f_forumlist.enable=true and f_forumlist.authority=true order by lastupdatetime desc LIMIT ? 
2018-12-27 00:00:51.597 [http-nio-8080-exec-8] DEBUG c.f.m.U.userSingleForumPostList - ==> Parameters: 1(String), 5(Integer)
2018-12-27 00:00:51.598 [http-nio-8080-exec-8] DEBUG c.f.m.U.userSingleForumPostList - <==      Total: 5
2018-12-27 00:00:51.599 [http-nio-8080-exec-8] DEBUG c.f.m.U.SelectMaxFavouriteReplyByPostIdGroup - ==>  Preparing: select user_img, f_post_reply.* from (select * from f_post_reply as a where favourite=(select max(b.favourite) from f_post_reply as b where a.postId = b.postId) and a.postId in ("15","1","2","3","4")) as f_post_reply, f_user where f_post_reply.creator = sid and f_post_reply.enable=true 
2018-12-27 00:00:51.599 [http-nio-8080-exec-8] DEBUG c.f.m.U.SelectMaxFavouriteReplyByPostIdGroup - ==> Parameters: 
2018-12-27 00:00:51.600 [http-nio-8080-exec-8] DEBUG c.f.m.U.SelectMaxFavouriteReplyByPostIdGroup - <==      Total: 2
2018-12-27 00:00:51.601 [http-nio-8080-exec-8] INFO  com.forum.service.aspect.ControllerLogAspect - Finish Method Spend Time : 8ms
2018-12-27 00:00:51.601 [http-nio-8080-exec-8] INFO  com.forum.service.aspect.ControllerLogAspect - Returning >>> response=Page{count=true, pageNum=1, pageSize=5, startRow=0, endRow=5, total=15, pages=3, reasonable=false, pageSizeZero=false}
2018-12-27 00:00:51.602 [http-nio-8080-exec-8] INFO  com.forum.service.aspect.ControllerLogAspect - Returning >>> {"id":0,"url":"http://192.168.31.179:8080/user-forum/single-forum-postlist","ip":"192.168.31.137","httpMethod":"POST","classMethod":"com.forum.controller.ForumController.getSingleForumPostList","args":"Arg -> (0)execution(Object com.forum.controller.ForumController.getSingleForumPostList(String,String,MessageCodeInfo,CommonInfo))","reqParams":null,"respParams":"[{\"sid\":\"1068310406881218560\",\"nickname\":\"guest\",\"postid\":15,\"fid\":1,\"creator\":null,\"type\":\"0\",\"img0\":null,\"img1\":null,\"img2\":null,\"img3\":null,\"img4\":null,\"img5\":null,\"img6\":null,\"img7\":null,\"img8\":null,\"video\":null,\"date\":null,\"enable\":false,\"text\":\"一天，你遇到狮子，故作镇定，用可怕的眼神瞪狮子。突然狮子双手合十并跪了下来，你得意地说：知道厉害了吧！少顷,狮子幽幽地道：祷告完毕，可以用餐了。\",\"lastupdatetime\":\"2018-12-24 14:35:25.0\",\"title\":\"餐前祷告\",\"fname\":\"进这个\",\"img\":null,\"forumType\":null,\"userImg\":null,\"userPostReplyVOEntity\":{\"replyid\":2,\"postid\":15,\"favourite\":1,\"creator\":\"1068310406881218560\",\"type\":\"0\",\"img0\":null,\"img1\":null,\"img2\":null,\"img3\":null,\"img4\":null,\"img5\":null,\"img6\":null,\"img7\":null,\"img8\":null,\"video\":null,\"date\":\"2018-12-24 16:45:29.0\",\"enable\":true,\"text\":\"def\",\"lastupdatetime\":\"2018-12-24 16:45:29.0\",\"userImg\":null,\"nickname\":null,\"replyFavouriteEntity\":null}},{\"sid\":\"1068310406818304000\",\"nickname\":\"admin\",\"postid\":1,\"fid\":1,\"creator\":null,\"type\":\"0\",\"img0\":null,\"img1\":null,\"img2\":null,\"img3\":null,\"img4\":null,\"img5\":null,\"img6\":null,\"img7\":null,\"img8\":null,\"video\":null,\"date\":null,\"enable\":false,\"text\":\"说有那么几个人在踢足球，分红蓝两方，红队守门员说：“我是铁门，你们球进不来１这时，蓝队守门员冷笑一声，“我是钢门１。。。\",\"lastupdatetime\":\"2018-12-24 14:35:24.0\",\"title\":\"逗的他(她)们满脸黑线头\",\"fname\":\"进这个\",\"img\":null,\"forumType\":null,\"userImg\":null,\"userPostReplyVOEntity\":{\"replyid\":3,\"postid\":1,\"favourite\":0,\"creator\":\"1068310406881218560\",\"type\":\"1\",\"img0\":\"images/unsplash_1.jpg\",\"img1\":\"images/unsplash_1.jpg\",\"img2\":null,\"img3\":null,\"img4\":null,\"img5\":null,\"img6\":null,\"img7\":null,\"img8\":null,\"video\":null,\"date\":\"2018-12-24 21:02:50.0\",\"enable\":true,\"text\":\"qqq\",\"lastupdatetime\":\"2018-12-24 21:02:50.0\",\"userImg\":null,\"nickname\":null,\"replyFavouriteEntity\":null}},{\"sid\":\"1068310406881218560\",\"nickname\":\"guest\",\"postid\":2,\"fid\":1,\"creator\":null,\"type\":\"1\",\"img0\":\"images/unsplash_1.jpg\",\"img1\":\"images/unsplash_1.jpg\",\"img2\":null,\"img3\":null,\"img4\":null,\"img5\":null,\"img6\":null,\"img7\":null,\"img8\":null,\"video\":null,\"date\":null,\"enable\":false,\"text\":\"立冬以来，由于太阳的偷懒，日子一天比一天冷。傍晚五点，行人变得朦胧，不调整瞳孔是看不清人的模样。 “老逼！”一个少妇的声音打断我的思路。 天啊，肯定会有熟悉我的人在心里大叫，你也么会写出这样的脏话？是的，在说脏话成口头禅的儿时我就从不说脏话，何况当下的文明时代。也恰在高唱文明的进步社会，网络上变异的脏话常咯着我的眼。还有相信迷信的人也多了，例如高考的家长、污点官员等，社会是在退步还是进步，我迷茫了。 可是这天傍晚，朦胧的街边，我耳朵听到的就是这音调，通过大脑几十年存储的大数据分析出来就是这两个字。 “唉！”一位发福的中年妇女，身形好似水桶，无意中被少妇一喊开心地笑应。 看她们彼此的热情\",\"lastupdatetime\":\"2018-12-24 14:35:23.0\",\"title\":\"人间过客\",\"fname\":\"进这个\",\"img\":null,\"forumType\":null,\"userImg\":null,\"userPostReplyVOEntity\":null},{\"sid\":\"1068310406881218560\",\"nickname\":\"guest\",\"postid\":3,\"fid\":1,\"creator\":null,\"type\":\"2\",\"img0\":null,\"img1\":null,\"img2\":null,\"img3\":null,\"img4\":null,\"img5\":null,\"img6\":null,\"img7\":null,\"img8\":null,\"video\":\"images/video/demo.mp4\",\"date\":null,\"enable\":false,\"text\":\"<p style='color:red'>Hi3</p>\",\"lastupdatetime\":\"2018-12-24 14:35:22.0\",\"title\":\"0度笑话,刚从冰箱里拿出来\",\"fname\":\"进这个\",\"img\":null,\"forumType\":null,\"userImg\":null,\"userPostReplyVOEntity\":null},{\"sid\":\"1068310406881218560\",\"nickname\":\"guest\",\"postid\":4,\"fid\":1,\"creator\":null,\"type\":\"0\",\"img0\":null,\"img1\":null,\"img2\":null,\"img3\":null,\"img4\":null,\"img5\":null,\"img6\":null,\"img7\":null,\"img8\":null,\"video\":null,\"date\":null,\"enable\":false,\"text\":\"最近看新闻总是看到生二胎的，最后却丢了性命，感觉异常恐怖。一天家里小孩央求给他生个弟弟或者妹妹。就把看到的新闻给他讲了一遍：“宝贝，你看新闻上说了，这个阿姨为了生弟弟妹妹，都死掉了。”宝贝马上问：“为什么你生我的时候没有死？”我和宝贝他爸尽无言以对\",\"lastupdatetime\":\"2018-12-24 14:35:21.0\",\"title\":\"童言无忌\",\"fname\":\"进这个\",\"img\":null,\"forumType\":null,\"userImg\":null,\"userPostReplyVOEntity\":null}]","spendTime":8,"logType":"isJsonRequest:true","user":null}
2018-12-27 00:01:04.771 [http-nio-8080-exec-3] INFO  com.forum.service.aspect.ControllerLogAspect - Date : 2018-12-27 12:01:04
2018-12-27 00:01:04.771 [http-nio-8080-exec-3] INFO  com.forum.service.aspect.ControllerLogAspect - Request Parameter : [fid:[1], postid:[15]]
2018-12-27 00:01:04.771 [http-nio-8080-exec-3] INFO  com.forum.service.aspect.ControllerLogAspect - Username : 未登录
2018-12-27 00:01:04.771 [http-nio-8080-exec-3] INFO  com.forum.service.aspect.ControllerLogAspect - Finish Method Spend Time : 0ms
2018-12-27 00:01:04.771 [http-nio-8080-exec-3] INFO  com.forum.service.aspect.ControllerLogAspect - Returning >>> response=/user/single_post.html
2018-12-27 00:01:04.771 [http-nio-8080-exec-3] INFO  com.forum.service.aspect.ControllerLogAspect - Returning >>> {"id":0,"url":"http://192.168.31.179:8080/single_post","ip":"192.168.31.137","httpMethod":"GET","classMethod":"com.forum.controller.RedirectController.singlePost","args":"Arg -> (0)execution(Object com.forum.controller.RedirectController.singlePost(HttpServletRequest,String,String))","reqParams":null,"respParams":"\"/user/single_post.html\"","spendTime":0,"logType":"isJsonRequest:false","user":null}
2018-12-27 00:01:04.841 [http-nio-8080-exec-2] INFO  com.forum.service.aspect.ControllerLogAspect - Date : 2018-12-27 12:01:04
2018-12-27 00:01:04.841 [http-nio-8080-exec-2] INFO  com.forum.service.aspect.ControllerLogAspect - Request Parameter : [fid:[1], page:[1], postid:[15]]
2018-12-27 00:01:04.841 [http-nio-8080-exec-2] INFO  com.forum.service.aspect.ControllerLogAspect - Username : 未登录
2018-12-27 00:01:04.842 [http-nio-8080-exec-2] DEBUG c.forum.mapper.UserPostVOMapper.SelectPostByPostId - ==>  Preparing: select nickname,user_img,f_post.* from f_post,f_user where creator=sid and postId = ? 
2018-12-27 00:01:04.842 [http-nio-8080-exec-2] DEBUG c.forum.mapper.UserPostVOMapper.SelectPostByPostId - ==> Parameters: 15(String)
2018-12-27 00:01:04.843 [http-nio-8080-exec-2] DEBUG c.forum.mapper.UserPostVOMapper.SelectPostByPostId - <==      Total: 1
2018-12-27 00:01:04.844 [http-nio-8080-exec-2] DEBUG c.f.m.U.SelectPostReplyByPostId_COUNT - ==>  Preparing: SELECT count(0) FROM f_post_reply, f_user WHERE creator = sid AND postId = ? 
2018-12-27 00:01:04.844 [http-nio-8080-exec-2] DEBUG c.f.m.U.SelectPostReplyByPostId_COUNT - ==> Parameters: 15(String)
2018-12-27 00:01:04.845 [http-nio-8080-exec-2] DEBUG c.f.m.U.SelectPostReplyByPostId_COUNT - <==      Total: 1
2018-12-27 00:01:04.845 [http-nio-8080-exec-2] DEBUG c.f.m.U.SelectPostReplyByPostId - ==>  Preparing: select nickname, f_user.user_img, f_post_reply.* from f_post_reply,f_user where creator = sid and postId = ? LIMIT ? 
2018-12-27 00:01:04.845 [http-nio-8080-exec-2] DEBUG c.f.m.U.SelectPostReplyByPostId - ==> Parameters: 15(String), 5(Integer)
2018-12-27 00:01:04.846 [http-nio-8080-exec-2] DEBUG c.f.m.U.SelectPostReplyByPostId - <==      Total: 2
2018-12-27 00:01:04.846 [http-nio-8080-exec-2] INFO  com.forum.service.aspect.ControllerLogAspect - Finish Method Spend Time : 5ms
2018-12-27 00:01:04.846 [http-nio-8080-exec-2] INFO  com.forum.service.aspect.ControllerLogAspect - Returning >>> response=com.forum.model.entity.UserPostAndPostReplyEntity@3da8d8b9
2018-12-27 00:01:04.848 [http-nio-8080-exec-2] INFO  com.forum.service.aspect.ControllerLogAspect - Returning >>> {"id":0,"url":"http://192.168.31.179:8080/user-forum/single-post","ip":"192.168.31.137","httpMethod":"POST","classMethod":"com.forum.controller.ForumController.getSinglePost","args":"Arg -> (0)execution(Object com.forum.controller.ForumController.getSinglePost(String,String,String,MessageCodeInfo,CommonInfo,UserPostAndPostReplyEntity))","reqParams":null,"respParams":"{\"userPostReplyVOEntity\":[{\"replyid\":1,\"postid\":15,\"favourite\":-1,\"creator\":\"1068310406881218560\",\"type\":\"0\",\"img0\":null,\"img1\":null,\"img2\":null,\"img3\":null,\"img4\":null,\"img5\":null,\"img6\":null,\"img7\":null,\"img8\":null,\"video\":null,\"date\":\"2018-12-24 16:45:29.0\",\"enable\":true,\"text\":\"abc\",\"lastupdatetime\":\"2018-12-24 16:45:29.0\",\"userImg\":null,\"nickname\":\"guest\",\"replyFavouriteEntity\":null},{\"replyid\":2,\"postid\":15,\"favourite\":1,\"creator\":\"1068310406881218560\",\"type\":\"0\",\"img0\":null,\"img1\":null,\"img2\":null,\"img3\":null,\"img4\":null,\"img5\":null,\"img6\":null,\"img7\":null,\"img8\":null,\"video\":null,\"date\":\"2018-12-24 16:45:29.0\",\"enable\":true,\"text\":\"def\",\"lastupdatetime\":\"2018-12-24 16:45:29.0\",\"userImg\":null,\"nickname\":\"guest\",\"replyFavouriteEntity\":null}],\"userPostVOEntity\":{\"postid\":15,\"fid\":1,\"creator\":\"1068310406881218560\",\"type\":\"0\",\"img0\":null,\"img1\":null,\"img2\":null,\"img3\":null,\"img4\":null,\"img5\":null,\"img6\":null,\"img7\":null,\"img8\":null,\"video\":null,\"date\":\"2018-12-24 15:35:37.0\",\"enable\":true,\"text\":\"一天，你遇到狮子，故作镇定，用可怕的眼神瞪狮子。突然狮子双手合十并跪了下来，你得意地说：知道厉害了吧！少顷,狮子幽幽地道：祷告完毕，可以用餐了。\",\"lastupdatetime\":\"2018-12-24 14:35:25.0\",\"title\":\"餐前祷告\",\"userImg\":null,\"nickname\":\"guest\"}}","spendTime":6,"logType":"isJsonRequest:true","user":null}
2018-12-27 00:05:17.635 [http-nio-8080-exec-9] INFO  com.forum.service.aspect.ControllerLogAspect - Date : 2018-12-27 12:05:17
2018-12-27 00:05:17.635 [http-nio-8080-exec-9] INFO  com.forum.service.aspect.ControllerLogAspect - Request Parameter : [:]
2018-12-27 00:05:17.635 [http-nio-8080-exec-9] INFO  com.forum.service.aspect.ControllerLogAspect - Username : 未登录
2018-12-27 00:05:17.635 [http-nio-8080-exec-9] INFO  com.forum.service.aspect.ControllerLogAspect - Finish Method Spend Time : 0ms
2018-12-27 00:05:17.636 [http-nio-8080-exec-9] INFO  com.forum.service.aspect.ControllerLogAspect - Returning >>> response=index.html
2018-12-27 00:05:17.636 [http-nio-8080-exec-9] INFO  com.forum.service.aspect.ControllerLogAspect - Returning >>> {"id":0,"url":"http://localhost/index","ip":"127.0.0.1","httpMethod":"GET","classMethod":"com.forum.controller.RedirectController.main","args":"Arg -> (0)execution(Object com.forum.controller.RedirectController.main())","reqParams":null,"respParams":"\"index.html\"","spendTime":1,"logType":"isJsonRequest:false","user":null}
2018-12-27 00:05:18.095 [http-nio-8080-exec-7] INFO  com.forum.service.aspect.ControllerLogAspect - Date : 2018-12-27 12:05:18
2018-12-27 00:05:18.096 [http-nio-8080-exec-7] INFO  com.forum.service.aspect.ControllerLogAspect - Request Parameter : [:]
2018-12-27 00:05:18.096 [http-nio-8080-exec-7] INFO  com.forum.service.aspect.ControllerLogAspect - Username : 未登录
2018-12-27 00:05:18.096 [http-nio-8080-exec-7] INFO  com.forum.service.aspect.ControllerLogAspect - Finish Method Spend Time : 1ms
2018-12-27 00:05:18.096 [http-nio-8080-exec-7] INFO  com.forum.service.aspect.ControllerLogAspect - Returning >>> response=null
2018-12-27 00:05:18.096 [http-nio-8080-exec-7] INFO  com.forum.service.aspect.ControllerLogAspect - Returning >>> {"id":0,"url":"http://localhost/loginpage","ip":"127.0.0.1","httpMethod":"GET","classMethod":"com.forum.controller.RedirectController.loginPage","args":"Arg -> (0)execution(Object com.forum.controller.RedirectController.loginPage(HttpServletResponse))","reqParams":null,"respParams":"null","spendTime":1,"logType":"isJsonRequest:false","user":null}
2018-12-27 00:05:18.334 [http-nio-8080-exec-10] INFO  com.forum.service.aspect.ControllerLogAspect - Date : 2018-12-27 12:05:18
2018-12-27 00:05:18.334 [http-nio-8080-exec-10] INFO  com.forum.service.aspect.ControllerLogAspect - Request Parameter : [:]
2018-12-27 00:05:18.334 [http-nio-8080-exec-10] INFO  com.forum.service.aspect.ControllerLogAspect - Username : 未登录
2018-12-27 00:05:18.334 [http-nio-8080-exec-10] INFO  com.forum.service.aspect.ControllerLogAspect - Finish Method Spend Time : 1ms
2018-12-27 00:05:18.334 [http-nio-8080-exec-10] INFO  com.forum.service.aspect.ControllerLogAspect - Returning >>> response=index.html
2018-12-27 00:05:18.334 [http-nio-8080-exec-10] INFO  com.forum.service.aspect.ControllerLogAspect - Returning >>> {"id":0,"url":"http://localhost/index","ip":"127.0.0.1","httpMethod":"GET","classMethod":"com.forum.controller.RedirectController.main","args":"Arg -> (0)execution(Object com.forum.controller.RedirectController.main())","reqParams":null,"respParams":"\"index.html\"","spendTime":1,"logType":"isJsonRequest:false","user":null}
2018-12-27 00:05:18.774 [http-nio-8080-exec-6] INFO  com.forum.service.aspect.ControllerLogAspect - Date : 2018-12-27 12:05:18
2018-12-27 00:05:18.774 [http-nio-8080-exec-6] INFO  com.forum.service.aspect.ControllerLogAspect - Request Parameter : [:]
2018-12-27 00:05:18.774 [http-nio-8080-exec-6] INFO  com.forum.service.aspect.ControllerLogAspect - Username : 未登录
2018-12-27 00:05:18.774 [http-nio-8080-exec-6] INFO  com.forum.service.aspect.ControllerLogAspect - Finish Method Spend Time : 1ms
2018-12-27 00:05:18.774 [http-nio-8080-exec-6] INFO  com.forum.service.aspect.ControllerLogAspect - Returning >>> response=/user/forum_list.html
2018-12-27 00:05:18.774 [http-nio-8080-exec-6] INFO  com.forum.service.aspect.ControllerLogAspect - Returning >>> {"id":0,"url":"http://localhost/forum_list","ip":"127.0.0.1","httpMethod":"GET","classMethod":"com.forum.controller.RedirectController.forumList","args":"Arg -> (0)execution(Object com.forum.controller.RedirectController.forumList())","reqParams":null,"respParams":"\"/user/forum_list.html\"","spendTime":1,"logType":"isJsonRequest:false","user":null}
2018-12-27 00:05:18.886 [http-nio-8080-exec-4] INFO  com.forum.service.aspect.ControllerLogAspect - Date : 2018-12-27 12:05:18
2018-12-27 00:05:18.886 [http-nio-8080-exec-4] INFO  com.forum.service.aspect.ControllerLogAspect - Request Parameter : [page:[1]]
2018-12-27 00:05:18.886 [http-nio-8080-exec-4] INFO  com.forum.service.aspect.ControllerLogAspect - Username : 未登录
2018-12-27 00:05:18.887 [http-nio-8080-exec-4] DEBUG c.f.m.F.selectAllFromTableByEnableAndAuthorityWithoutType_COUNT - ==>  Preparing: select count(0) from (select * from f_forumlist where fid >= (select floor( max(fid) * rand()) from f_forumlist ) and enable = ? and authority = ? order by fid) tmp_count 
2018-12-27 00:05:18.887 [http-nio-8080-exec-4] DEBUG c.f.m.F.selectAllFromTableByEnableAndAuthorityWithoutType_COUNT - ==> Parameters: true(Boolean), true(Boolean)
2018-12-27 00:05:18.888 [http-nio-8080-exec-4] DEBUG c.f.m.F.selectAllFromTableByEnableAndAuthorityWithoutType_COUNT - <==      Total: 1
2018-12-27 00:05:18.889 [http-nio-8080-exec-4] DEBUG c.f.m.F.selectAllFromTableByEnableAndAuthorityWithoutType - ==>  Preparing: select * from f_forumlist where fid >= (select floor( max(fid) * rand()) from f_forumlist ) and enable = ? and authority = ? order by fid LIMIT ? 
2018-12-27 00:05:18.889 [http-nio-8080-exec-4] DEBUG c.f.m.F.selectAllFromTableByEnableAndAuthorityWithoutType - ==> Parameters: true(Boolean), true(Boolean), 5(Integer)
2018-12-27 00:05:18.890 [http-nio-8080-exec-4] DEBUG c.f.m.F.selectAllFromTableByEnableAndAuthorityWithoutType - <==      Total: 2
2018-12-27 00:05:18.891 [http-nio-8080-exec-4] INFO  com.forum.service.aspect.ControllerLogAspect - Finish Method Spend Time : 6ms
2018-12-27 00:05:18.891 [http-nio-8080-exec-4] INFO  com.forum.service.aspect.ControllerLogAspect - Returning >>> response=Page{count=true, pageNum=1, pageSize=5, startRow=0, endRow=5, total=2, pages=1, reasonable=false, pageSizeZero=false}
2018-12-27 00:05:18.891 [http-nio-8080-exec-4] INFO  com.forum.service.aspect.ControllerLogAspect - Returning >>> {"id":0,"url":"http://localhost/user-forum/forumlist","ip":"127.0.0.1","httpMethod":"POST","classMethod":"com.forum.controller.ForumController.getForumList","args":"Arg -> (0)execution(Object com.forum.controller.ForumController.getForumList(String,String,MessageCodeInfo,CommonInfo))","reqParams":null,"respParams":"[{\"fid\":\"1\",\"fname\":\"进这个\",\"img\":null,\"creator\":\"1068310406818304000\",\"description\":\"HI\",\"creatorIP\":\"0\",\"enable\":true,\"authority\":true,\"date\":\"2018-12-20 16:21:51.0\",\"type\":null},{\"fid\":\"2\",\"fname\":\"HI2\",\"img\":null,\"creator\":\"1068310406881218560\",\"description\":\"HIHI\",\"creatorIP\":\"0\",\"enable\":true,\"authority\":true,\"date\":\"2018-12-20 16:21:51.0\",\"type\":null}]","spendTime":6,"logType":"isJsonRequest:true","user":null}
2018-12-27 00:05:19.731 [http-nio-8080-exec-3] INFO  com.forum.service.aspect.ControllerLogAspect - Date : 2018-12-27 12:05:19
2018-12-27 00:05:19.731 [http-nio-8080-exec-3] INFO  com.forum.service.aspect.ControllerLogAspect - Request Parameter : [fid:[1]]
2018-12-27 00:05:19.731 [http-nio-8080-exec-3] INFO  com.forum.service.aspect.ControllerLogAspect - Username : 未登录
2018-12-27 00:05:19.731 [http-nio-8080-exec-3] INFO  com.forum.service.aspect.ControllerLogAspect - Finish Method Spend Time : 1ms
2018-12-27 00:05:19.731 [http-nio-8080-exec-3] INFO  com.forum.service.aspect.ControllerLogAspect - Returning >>> response=/user/single_forum.html
2018-12-27 00:05:19.731 [http-nio-8080-exec-3] INFO  com.forum.service.aspect.ControllerLogAspect - Returning >>> {"id":0,"url":"http://localhost/single_forum","ip":"127.0.0.1","httpMethod":"GET","classMethod":"com.forum.controller.RedirectController.singleForum","args":"Arg -> (0)execution(Object com.forum.controller.RedirectController.singleForum(HttpServletRequest,String))","reqParams":null,"respParams":"\"/user/single_forum.html\"","spendTime":1,"logType":"isJsonRequest:false","user":null}
2018-12-27 00:05:19.839 [http-nio-8080-exec-9] INFO  com.forum.service.aspect.ControllerLogAspect - Date : 2018-12-27 12:05:19
2018-12-27 00:05:19.839 [http-nio-8080-exec-9] INFO  com.forum.service.aspect.ControllerLogAspect - Request Parameter : [fid:[1], page:[1]]
2018-12-27 00:05:19.839 [http-nio-8080-exec-9] INFO  com.forum.service.aspect.ControllerLogAspect - Username : 未登录
2018-12-27 00:05:19.841 [http-nio-8080-exec-9] DEBUG c.f.m.U.userSingleForumPostList_COUNT - ==>  Preparing: select count(0) from (SELECT user_img,nickname,sid,f_post.postid,f_post.fid,f_post.type,f_post.title,f_post.text,f_post.lastupdatetime,f_post.video,f_post.img0,f_post.img1,f_post.img2,f_post.img3,f_post.img4,f_post.img5,f_post.img6,f_post.img7,f_post.img8,f_forumlist.fname,f_forumlist.img,f_forumlist.type as forum_type FROM f_user,f_forumlist,f_post where f_post.fid=? and f_post.fid=f_forumlist.fid and f_post.creator=sid and f_post.enable=true and f_forumlist.enable=true and f_forumlist.authority=true order by lastupdatetime desc) tmp_count 
2018-12-27 00:05:19.841 [http-nio-8080-exec-9] DEBUG c.f.m.U.userSingleForumPostList_COUNT - ==> Parameters: 1(String)
2018-12-27 00:05:19.842 [http-nio-8080-exec-9] DEBUG c.f.m.U.userSingleForumPostList_COUNT - <==      Total: 1
2018-12-27 00:05:19.843 [http-nio-8080-exec-9] DEBUG c.f.m.U.userSingleForumPostList - ==>  Preparing: SELECT user_img,nickname,sid,f_post.postid,f_post.fid,f_post.type,f_post.title,f_post.text,f_post.lastupdatetime,f_post.video,f_post.img0,f_post.img1,f_post.img2,f_post.img3,f_post.img4,f_post.img5,f_post.img6,f_post.img7,f_post.img8,f_forumlist.fname,f_forumlist.img,f_forumlist.type as forum_type FROM f_user,f_forumlist,f_post where f_post.fid=? and f_post.fid=f_forumlist.fid and f_post.creator=sid and f_post.enable=true and f_forumlist.enable=true and f_forumlist.authority=true order by lastupdatetime desc LIMIT ? 
2018-12-27 00:05:19.843 [http-nio-8080-exec-9] DEBUG c.f.m.U.userSingleForumPostList - ==> Parameters: 1(String), 5(Integer)
2018-12-27 00:05:19.844 [http-nio-8080-exec-9] DEBUG c.f.m.U.userSingleForumPostList - <==      Total: 5
2018-12-27 00:05:19.845 [http-nio-8080-exec-9] DEBUG c.f.m.U.SelectMaxFavouriteReplyByPostIdGroup - ==>  Preparing: select user_img, f_post_reply.* from (select * from f_post_reply as a where favourite=(select max(b.favourite) from f_post_reply as b where a.postId = b.postId) and a.postId in ("15","1","2","3","4")) as f_post_reply, f_user where f_post_reply.creator = sid and f_post_reply.enable=true 
2018-12-27 00:05:19.845 [http-nio-8080-exec-9] DEBUG c.f.m.U.SelectMaxFavouriteReplyByPostIdGroup - ==> Parameters: 
2018-12-27 00:05:19.846 [http-nio-8080-exec-9] DEBUG c.f.m.U.SelectMaxFavouriteReplyByPostIdGroup - <==      Total: 2
2018-12-27 00:05:19.847 [http-nio-8080-exec-9] INFO  com.forum.service.aspect.ControllerLogAspect - Finish Method Spend Time : 8ms
2018-12-27 00:05:19.847 [http-nio-8080-exec-9] INFO  com.forum.service.aspect.ControllerLogAspect - Returning >>> response=Page{count=true, pageNum=1, pageSize=5, startRow=0, endRow=5, total=15, pages=3, reasonable=false, pageSizeZero=false}
2018-12-27 00:05:19.848 [http-nio-8080-exec-9] INFO  com.forum.service.aspect.ControllerLogAspect - Returning >>> {"id":0,"url":"http://localhost/user-forum/single-forum-postlist","ip":"127.0.0.1","httpMethod":"POST","classMethod":"com.forum.controller.ForumController.getSingleForumPostList","args":"Arg -> (0)execution(Object com.forum.controller.ForumController.getSingleForumPostList(String,String,MessageCodeInfo,CommonInfo))","reqParams":null,"respParams":"[{\"sid\":\"1068310406881218560\",\"nickname\":\"guest\",\"postid\":15,\"fid\":1,\"creator\":null,\"type\":\"0\",\"img0\":null,\"img1\":null,\"img2\":null,\"img3\":null,\"img4\":null,\"img5\":null,\"img6\":null,\"img7\":null,\"img8\":null,\"video\":null,\"date\":null,\"enable\":false,\"text\":\"一天，你遇到狮子，故作镇定，用可怕的眼神瞪狮子。突然狮子双手合十并跪了下来，你得意地说：知道厉害了吧！少顷,狮子幽幽地道：祷告完毕，可以用餐了。\",\"lastupdatetime\":\"2018-12-24 14:35:25.0\",\"title\":\"餐前祷告\",\"fname\":\"进这个\",\"img\":null,\"forumType\":null,\"userImg\":null,\"userPostReplyVOEntity\":{\"replyid\":2,\"postid\":15,\"favourite\":1,\"creator\":\"1068310406881218560\",\"type\":\"0\",\"img0\":null,\"img1\":null,\"img2\":null,\"img3\":null,\"img4\":null,\"img5\":null,\"img6\":null,\"img7\":null,\"img8\":null,\"video\":null,\"date\":\"2018-12-24 16:45:29.0\",\"enable\":true,\"text\":\"def\",\"lastupdatetime\":\"2018-12-24 16:45:29.0\",\"userImg\":null,\"nickname\":null,\"replyFavouriteEntity\":null}},{\"sid\":\"1068310406818304000\",\"nickname\":\"admin\",\"postid\":1,\"fid\":1,\"creator\":null,\"type\":\"0\",\"img0\":null,\"img1\":null,\"img2\":null,\"img3\":null,\"img4\":null,\"img5\":null,\"img6\":null,\"img7\":null,\"img8\":null,\"video\":null,\"date\":null,\"enable\":false,\"text\":\"说有那么几个人在踢足球，分红蓝两方，红队守门员说：“我是铁门，你们球进不来１这时，蓝队守门员冷笑一声，“我是钢门１。。。\",\"lastupdatetime\":\"2018-12-24 14:35:24.0\",\"title\":\"逗的他(她)们满脸黑线头\",\"fname\":\"进这个\",\"img\":null,\"forumType\":null,\"userImg\":null,\"userPostReplyVOEntity\":{\"replyid\":3,\"postid\":1,\"favourite\":0,\"creator\":\"1068310406881218560\",\"type\":\"1\",\"img0\":\"images/unsplash_1.jpg\",\"img1\":\"images/unsplash_1.jpg\",\"img2\":null,\"img3\":null,\"img4\":null,\"img5\":null,\"img6\":null,\"img7\":null,\"img8\":null,\"video\":null,\"date\":\"2018-12-24 21:02:50.0\",\"enable\":true,\"text\":\"qqq\",\"lastupdatetime\":\"2018-12-24 21:02:50.0\",\"userImg\":null,\"nickname\":null,\"replyFavouriteEntity\":null}},{\"sid\":\"1068310406881218560\",\"nickname\":\"guest\",\"postid\":2,\"fid\":1,\"creator\":null,\"type\":\"1\",\"img0\":\"images/unsplash_1.jpg\",\"img1\":\"images/unsplash_1.jpg\",\"img2\":null,\"img3\":null,\"img4\":null,\"img5\":null,\"img6\":null,\"img7\":null,\"img8\":null,\"video\":null,\"date\":null,\"enable\":false,\"text\":\"立冬以来，由于太阳的偷懒，日子一天比一天冷。傍晚五点，行人变得朦胧，不调整瞳孔是看不清人的模样。 “老逼！”一个少妇的声音打断我的思路。 天啊，肯定会有熟悉我的人在心里大叫，你也么会写出这样的脏话？是的，在说脏话成口头禅的儿时我就从不说脏话，何况当下的文明时代。也恰在高唱文明的进步社会，网络上变异的脏话常咯着我的眼。还有相信迷信的人也多了，例如高考的家长、污点官员等，社会是在退步还是进步，我迷茫了。 可是这天傍晚，朦胧的街边，我耳朵听到的就是这音调，通过大脑几十年存储的大数据分析出来就是这两个字。 “唉！”一位发福的中年妇女，身形好似水桶，无意中被少妇一喊开心地笑应。 看她们彼此的热情\",\"lastupdatetime\":\"2018-12-24 14:35:23.0\",\"title\":\"人间过客\",\"fname\":\"进这个\",\"img\":null,\"forumType\":null,\"userImg\":null,\"userPostReplyVOEntity\":null},{\"sid\":\"1068310406881218560\",\"nickname\":\"guest\",\"postid\":3,\"fid\":1,\"creator\":null,\"type\":\"2\",\"img0\":null,\"img1\":null,\"img2\":null,\"img3\":null,\"img4\":null,\"img5\":null,\"img6\":null,\"img7\":null,\"img8\":null,\"video\":\"images/video/demo.mp4\",\"date\":null,\"enable\":false,\"text\":\"<p style='color:red'>Hi3</p>\",\"lastupdatetime\":\"2018-12-24 14:35:22.0\",\"title\":\"0度笑话,刚从冰箱里拿出来\",\"fname\":\"进这个\",\"img\":null,\"forumType\":null,\"userImg\":null,\"userPostReplyVOEntity\":null},{\"sid\":\"1068310406881218560\",\"nickname\":\"guest\",\"postid\":4,\"fid\":1,\"creator\":null,\"type\":\"0\",\"img0\":null,\"img1\":null,\"img2\":null,\"img3\":null,\"img4\":null,\"img5\":null,\"img6\":null,\"img7\":null,\"img8\":null,\"video\":null,\"date\":null,\"enable\":false,\"text\":\"最近看新闻总是看到生二胎的，最后却丢了性命，感觉异常恐怖。一天家里小孩央求给他生个弟弟或者妹妹。就把看到的新闻给他讲了一遍：“宝贝，你看新闻上说了，这个阿姨为了生弟弟妹妹，都死掉了。”宝贝马上问：“为什么你生我的时候没有死？”我和宝贝他爸尽无言以对\",\"lastupdatetime\":\"2018-12-24 14:35:21.0\",\"title\":\"童言无忌\",\"fname\":\"进这个\",\"img\":null,\"forumType\":null,\"userImg\":null,\"userPostReplyVOEntity\":null}]","spendTime":9,"logType":"isJsonRequest:true","user":null}
2018-12-27 00:05:21.343 [http-nio-8080-exec-2] INFO  com.forum.service.aspect.ControllerLogAspect - Date : 2018-12-27 12:05:21
2018-12-27 00:05:21.343 [http-nio-8080-exec-2] INFO  com.forum.service.aspect.ControllerLogAspect - Request Parameter : [fid:[1], postid:[15]]
2018-12-27 00:05:21.343 [http-nio-8080-exec-2] INFO  com.forum.service.aspect.ControllerLogAspect - Username : 未登录
2018-12-27 00:05:21.343 [http-nio-8080-exec-2] INFO  com.forum.service.aspect.ControllerLogAspect - Finish Method Spend Time : 0ms
2018-12-27 00:05:21.343 [http-nio-8080-exec-2] INFO  com.forum.service.aspect.ControllerLogAspect - Returning >>> response=/user/single_post.html
2018-12-27 00:05:21.344 [http-nio-8080-exec-2] INFO  com.forum.service.aspect.ControllerLogAspect - Returning >>> {"id":0,"url":"http://localhost/single_post","ip":"127.0.0.1","httpMethod":"GET","classMethod":"com.forum.controller.RedirectController.singlePost","args":"Arg -> (0)execution(Object com.forum.controller.RedirectController.singlePost(HttpServletRequest,String,String))","reqParams":null,"respParams":"\"/user/single_post.html\"","spendTime":0,"logType":"isJsonRequest:false","user":null}
2018-12-27 00:05:21.558 [http-nio-8080-exec-5] INFO  com.forum.service.aspect.ControllerLogAspect - Date : 2018-12-27 12:05:21
2018-12-27 00:05:21.559 [http-nio-8080-exec-5] INFO  com.forum.service.aspect.ControllerLogAspect - Request Parameter : [fid:[1], page:[1], postid:[15]]
2018-12-27 00:05:21.559 [http-nio-8080-exec-5] INFO  com.forum.service.aspect.ControllerLogAspect - Username : 未登录
2018-12-27 00:05:21.559 [http-nio-8080-exec-5] DEBUG c.forum.mapper.UserPostVOMapper.SelectPostByPostId - ==>  Preparing: select nickname,user_img,f_post.* from f_post,f_user where creator=sid and postId = ? 
2018-12-27 00:05:21.559 [http-nio-8080-exec-5] DEBUG c.forum.mapper.UserPostVOMapper.SelectPostByPostId - ==> Parameters: 15(String)
2018-12-27 00:05:21.560 [http-nio-8080-exec-5] DEBUG c.forum.mapper.UserPostVOMapper.SelectPostByPostId - <==      Total: 1
2018-12-27 00:05:21.561 [http-nio-8080-exec-5] DEBUG c.f.m.U.SelectPostReplyByPostId_COUNT - ==>  Preparing: SELECT count(0) FROM f_post_reply, f_user WHERE creator = sid AND postId = ? 
2018-12-27 00:05:21.561 [http-nio-8080-exec-5] DEBUG c.f.m.U.SelectPostReplyByPostId_COUNT - ==> Parameters: 15(String)
2018-12-27 00:05:21.562 [http-nio-8080-exec-5] DEBUG c.f.m.U.SelectPostReplyByPostId_COUNT - <==      Total: 1
2018-12-27 00:05:21.563 [http-nio-8080-exec-5] DEBUG c.f.m.U.SelectPostReplyByPostId - ==>  Preparing: select nickname, f_user.user_img, f_post_reply.* from f_post_reply,f_user where creator = sid and postId = ? LIMIT ? 
2018-12-27 00:05:21.563 [http-nio-8080-exec-5] DEBUG c.f.m.U.SelectPostReplyByPostId - ==> Parameters: 15(String), 5(Integer)
2018-12-27 00:05:21.564 [http-nio-8080-exec-5] DEBUG c.f.m.U.SelectPostReplyByPostId - <==      Total: 2
2018-12-27 00:05:21.565 [http-nio-8080-exec-5] INFO  com.forum.service.aspect.ControllerLogAspect - Finish Method Spend Time : 7ms
2018-12-27 00:05:21.565 [http-nio-8080-exec-5] INFO  com.forum.service.aspect.ControllerLogAspect - Returning >>> response=com.forum.model.entity.UserPostAndPostReplyEntity@25d92f5c
2018-12-27 00:05:21.566 [http-nio-8080-exec-5] INFO  com.forum.service.aspect.ControllerLogAspect - Returning >>> {"id":0,"url":"http://localhost/user-forum/single-post","ip":"127.0.0.1","httpMethod":"POST","classMethod":"com.forum.controller.ForumController.getSinglePost","args":"Arg -> (0)execution(Object com.forum.controller.ForumController.getSinglePost(String,String,String,MessageCodeInfo,CommonInfo,UserPostAndPostReplyEntity))","reqParams":null,"respParams":"{\"userPostReplyVOEntity\":[{\"replyid\":1,\"postid\":15,\"favourite\":-1,\"creator\":\"1068310406881218560\",\"type\":\"0\",\"img0\":null,\"img1\":null,\"img2\":null,\"img3\":null,\"img4\":null,\"img5\":null,\"img6\":null,\"img7\":null,\"img8\":null,\"video\":null,\"date\":\"2018-12-24 16:45:29.0\",\"enable\":true,\"text\":\"abc\",\"lastupdatetime\":\"2018-12-24 16:45:29.0\",\"userImg\":null,\"nickname\":\"guest\",\"replyFavouriteEntity\":null},{\"replyid\":2,\"postid\":15,\"favourite\":1,\"creator\":\"1068310406881218560\",\"type\":\"0\",\"img0\":null,\"img1\":null,\"img2\":null,\"img3\":null,\"img4\":null,\"img5\":null,\"img6\":null,\"img7\":null,\"img8\":null,\"video\":null,\"date\":\"2018-12-24 16:45:29.0\",\"enable\":true,\"text\":\"def\",\"lastupdatetime\":\"2018-12-24 16:45:29.0\",\"userImg\":null,\"nickname\":\"guest\",\"replyFavouriteEntity\":null}],\"userPostVOEntity\":{\"postid\":15,\"fid\":1,\"creator\":\"1068310406881218560\",\"type\":\"0\",\"img0\":null,\"img1\":null,\"img2\":null,\"img3\":null,\"img4\":null,\"img5\":null,\"img6\":null,\"img7\":null,\"img8\":null,\"video\":null,\"date\":\"2018-12-24 15:35:37.0\",\"enable\":true,\"text\":\"一天，你遇到狮子，故作镇定，用可怕的眼神瞪狮子。突然狮子双手合十并跪了下来，你得意地说：知道厉害了吧！少顷,狮子幽幽地道：祷告完毕，可以用餐了。\",\"lastupdatetime\":\"2018-12-24 14:35:25.0\",\"title\":\"餐前祷告\",\"userImg\":null,\"nickname\":\"guest\"}}","spendTime":8,"logType":"isJsonRequest:true","user":null}
2018-12-27 00:05:22.909 [http-nio-8080-exec-8] INFO  com.forum.service.aspect.ControllerLogAspect - Date : 2018-12-27 12:05:22
2018-12-27 00:05:22.909 [http-nio-8080-exec-8] INFO  com.forum.service.aspect.ControllerLogAspect - Request Parameter : [replyId:[1], operate:[1]]
2018-12-27 00:05:22.909 [http-nio-8080-exec-8] INFO  com.forum.service.aspect.ControllerLogAspect - Username : 未登录
2018-12-27 00:05:22.909 [http-nio-8080-exec-8] INFO  com.forum.service.aspect.ControllerLogAspect - Finish Method Spend Time : 0ms
2018-12-27 00:05:22.909 [http-nio-8080-exec-8] INFO  com.forum.service.aspect.ControllerLogAspect - Returning >>> response=com.forum.model.dto.CommonInfo@3656e254
2018-12-27 00:05:22.909 [http-nio-8080-exec-8] INFO  com.forum.service.aspect.ControllerLogAspect - Returning >>> {"id":0,"url":"http://localhost/user-forum/favourite","ip":"127.0.0.1","httpMethod":"POST","classMethod":"com.forum.controller.ForumController.favourite","args":"Arg -> (0)execution(Object com.forum.controller.ForumController.favourite(FavouriteInfo,MessageCodeInfo,CommonInfo))","reqParams":null,"respParams":"{\"msg\":{\"msgCode\":\"300\",\"msgInfo\":\"您还未登录，请先登录\"}}","spendTime":0,"logType":"isJsonRequest:true","user":null}
2018-12-27 00:07:15.684 [SimpleAsyncTaskExecutor-1] INFO  o.s.a.r.listener.SimpleMessageListenerContainer - Restarting Consumer@3f4964f2: tags=[[amq.ctag-QPKEmTcgAn9WsTDgtGE82w]], channel=Cached Rabbit Channel: PublisherCallbackChannelImpl: AMQChannel(amqp://admin@127.0.0.1:5672/,2), conn: Proxy@362be0cd Shared Rabbit Connection: SimpleConnection@3b2c8bda [delegate=amqp://admin@127.0.0.1:5672/, localPort= 60502], acknowledgeMode=AUTO local queue size=0
2018-12-27 00:07:15.684 [SimpleAsyncTaskExecutor-1] INFO  o.s.a.r.listener.SimpleMessageListenerContainer - Restarting Consumer@7791ff50: tags=[[amq.ctag-cthHjmVEFgQNszVhMNAUHA]], channel=Cached Rabbit Channel: PublisherCallbackChannelImpl: AMQChannel(amqp://admin@127.0.0.1:5672/,1), conn: Proxy@362be0cd Shared Rabbit Connection: SimpleConnection@3b2c8bda [delegate=amqp://admin@127.0.0.1:5672/, localPort= 60502], acknowledgeMode=AUTO local queue size=0
2018-12-27 00:07:15.688 [SimpleAsyncTaskExecutor-2] INFO  o.s.a.rabbit.connection.CachingConnectionFactory - Attempting to connect to: [127.0.0.1:5672]
2018-12-27 00:07:15.693 [SimpleAsyncTaskExecutor-2] INFO  o.s.a.rabbit.connection.CachingConnectionFactory - Attempting to connect to: [127.0.0.1:5672]
2018-12-27 00:07:15.697 [SimpleAsyncTaskExecutor-2] INFO  o.s.a.rabbit.connection.CachingConnectionFactory - Attempting to connect to: [127.0.0.1:5672]
2018-12-27 00:07:15.698 [SimpleAsyncTaskExecutor-2] INFO  o.s.a.rabbit.connection.CachingConnectionFactory - Attempting to connect to: [127.0.0.1:5672]
2018-12-27 00:07:16.022 [SimpleAsyncTaskExecutor-1] INFO  o.s.a.r.listener.SimpleMessageListenerContainer - Restarting Consumer@6ffc6ea7: tags=[[amq.ctag-yXb9dqNwfgAo0QnDlJyGxw]], channel=Cached Rabbit Channel: PublisherCallbackChannelImpl: AMQChannel(amqp://admin@127.0.0.1:5672/,5), conn: Proxy@362be0cd Shared Rabbit Connection: null, acknowledgeMode=AUTO local queue size=0
2018-12-27 00:07:16.022 [SimpleAsyncTaskExecutor-1] INFO  o.s.a.r.listener.SimpleMessageListenerContainer - Restarting Consumer@299cab08: tags=[[amq.ctag-cK8P2FMuxF8bqU85Tj5ZMQ]], channel=Cached Rabbit Channel: PublisherCallbackChannelImpl: AMQChannel(amqp://admin@127.0.0.1:5672/,3), conn: Proxy@362be0cd Shared Rabbit Connection: null, acknowledgeMode=AUTO local queue size=0
2018-12-27 00:07:16.025 [SimpleAsyncTaskExecutor-2] INFO  o.s.a.rabbit.connection.CachingConnectionFactory - Attempting to connect to: [127.0.0.1:5672]
2018-12-27 00:07:16.026 [SimpleAsyncTaskExecutor-2] INFO  o.s.a.rabbit.connection.CachingConnectionFactory - Attempting to connect to: [127.0.0.1:5672]
2018-12-27 00:07:16.297 [SimpleAsyncTaskExecutor-1] INFO  o.s.a.r.listener.SimpleMessageListenerContainer - Restarting Consumer@49fe0bcd: tags=[[amq.ctag-Q3DWvTAyVOpj7lIOkWgo1A]], channel=Cached Rabbit Channel: PublisherCallbackChannelImpl: AMQChannel(amqp://admin@127.0.0.1:5672/,8), conn: Proxy@362be0cd Shared Rabbit Connection: null, acknowledgeMode=AUTO local queue size=0
2018-12-27 00:07:16.299 [SimpleAsyncTaskExecutor-2] INFO  o.s.a.rabbit.connection.CachingConnectionFactory - Attempting to connect to: [127.0.0.1:5672]
2018-12-27 00:07:16.503 [SimpleAsyncTaskExecutor-1] INFO  o.s.a.r.listener.SimpleMessageListenerContainer - Restarting Consumer@42238078: tags=[[amq.ctag-VqQhowjkjuwihC6iGD_86g]], channel=Cached Rabbit Channel: PublisherCallbackChannelImpl: AMQChannel(amqp://admin@127.0.0.1:5672/,7), conn: Proxy@362be0cd Shared Rabbit Connection: null, acknowledgeMode=AUTO local queue size=0
2018-12-27 00:07:16.503 [SimpleAsyncTaskExecutor-1] INFO  o.s.a.r.listener.SimpleMessageListenerContainer - Restarting Consumer@4ffa078d: tags=[[amq.ctag-TtGfgcw3d9L_IjjqkvmjkQ]], channel=Cached Rabbit Channel: PublisherCallbackChannelImpl: AMQChannel(amqp://admin@127.0.0.1:5672/,6), conn: Proxy@362be0cd Shared Rabbit Connection: null, acknowledgeMode=AUTO local queue size=0
2018-12-27 00:07:16.506 [SimpleAsyncTaskExecutor-2] INFO  o.s.a.rabbit.connection.CachingConnectionFactory - Attempting to connect to: [127.0.0.1:5672]
2018-12-27 00:07:16.507 [SimpleAsyncTaskExecutor-2] INFO  o.s.a.rabbit.connection.CachingConnectionFactory - Attempting to connect to: [127.0.0.1:5672]
2018-12-27 00:07:16.547 [SimpleAsyncTaskExecutor-1] INFO  o.s.a.r.listener.SimpleMessageListenerContainer - Restarting Consumer@186f7434: tags=[[amq.ctag-n8u9hGJk8EGnzzdry-ewEg]], channel=Cached Rabbit Channel: PublisherCallbackChannelImpl: AMQChannel(amqp://admin@127.0.0.1:5672/,4), conn: Proxy@362be0cd Shared Rabbit Connection: null, acknowledgeMode=AUTO local queue size=0
2018-12-27 00:07:16.550 [SimpleAsyncTaskExecutor-2] INFO  o.s.a.rabbit.connection.CachingConnectionFactory - Attempting to connect to: [127.0.0.1:5672]
2018-12-27 00:07:20.791 [SimpleAsyncTaskExecutor-2] INFO  o.s.a.r.listener.SimpleMessageListenerContainer - Restarting Consumer@58ce24fa: tags=[[]], channel=null, acknowledgeMode=AUTO local queue size=0
2018-12-27 00:07:20.791 [SimpleAsyncTaskExecutor-2] INFO  o.s.a.r.listener.SimpleMessageListenerContainer - Restarting Consumer@19ba99b7: tags=[[]], channel=null, acknowledgeMode=AUTO local queue size=0
2018-12-27 00:07:20.791 [SimpleAsyncTaskExecutor-3] INFO  o.s.a.rabbit.connection.CachingConnectionFactory - Attempting to connect to: [127.0.0.1:5672]
2018-12-27 00:07:20.793 [SimpleAsyncTaskExecutor-3] INFO  o.s.a.rabbit.connection.CachingConnectionFactory - Attempting to connect to: [127.0.0.1:5672]
2018-12-27 00:07:20.793 [SimpleAsyncTaskExecutor-3] INFO  o.s.a.rabbit.connection.CachingConnectionFactory - Attempting to connect to: [127.0.0.1:5672]
2018-12-27 00:07:20.793 [SimpleAsyncTaskExecutor-3] INFO  o.s.a.rabbit.connection.CachingConnectionFactory - Attempting to connect to: [127.0.0.1:5672]
2018-12-27 00:07:21.115 [SimpleAsyncTaskExecutor-2] INFO  o.s.a.r.listener.SimpleMessageListenerContainer - Restarting Consumer@493a7596: tags=[[]], channel=null, acknowledgeMode=AUTO local queue size=0
2018-12-27 00:07:21.115 [SimpleAsyncTaskExecutor-2] INFO  o.s.a.r.listener.SimpleMessageListenerContainer - Restarting Consumer@44784f62: tags=[[]], channel=null, acknowledgeMode=AUTO local queue size=0
2018-12-27 00:07:21.118 [SimpleAsyncTaskExecutor-3] INFO  o.s.a.rabbit.connection.CachingConnectionFactory - Attempting to connect to: [127.0.0.1:5672]
2018-12-27 00:07:21.121 [SimpleAsyncTaskExecutor-3] INFO  o.s.a.rabbit.connection.CachingConnectionFactory - Attempting to connect to: [127.0.0.1:5672]
2018-12-27 00:07:21.373 [SimpleAsyncTaskExecutor-2] INFO  o.s.a.r.listener.SimpleMessageListenerContainer - Restarting Consumer@22bda121: tags=[[]], channel=null, acknowledgeMode=AUTO local queue size=0
2018-12-27 00:07:21.375 [SimpleAsyncTaskExecutor-3] INFO  o.s.a.rabbit.connection.CachingConnectionFactory - Attempting to connect to: [127.0.0.1:5672]
2018-12-27 00:07:21.575 [SimpleAsyncTaskExecutor-2] INFO  o.s.a.r.listener.SimpleMessageListenerContainer - Restarting Consumer@337e0c5d: tags=[[]], channel=null, acknowledgeMode=AUTO local queue size=0
2018-12-27 00:07:21.576 [SimpleAsyncTaskExecutor-3] INFO  o.s.a.rabbit.connection.CachingConnectionFactory - Attempting to connect to: [127.0.0.1:5672]
2018-12-27 00:07:21.592 [SimpleAsyncTaskExecutor-2] INFO  o.s.a.r.listener.SimpleMessageListenerContainer - Restarting Consumer@35948a3e: tags=[[]], channel=null, acknowledgeMode=AUTO local queue size=0
2018-12-27 00:07:21.593 [SimpleAsyncTaskExecutor-3] INFO  o.s.a.rabbit.connection.CachingConnectionFactory - Attempting to connect to: [127.0.0.1:5672]
2018-12-27 00:07:21.640 [SimpleAsyncTaskExecutor-2] INFO  o.s.a.r.listener.SimpleMessageListenerContainer - Restarting Consumer@3fce2fb4: tags=[[]], channel=null, acknowledgeMode=AUTO local queue size=0
2018-12-27 00:07:21.641 [SimpleAsyncTaskExecutor-3] INFO  o.s.a.rabbit.connection.CachingConnectionFactory - Attempting to connect to: [127.0.0.1:5672]
2018-12-27 00:07:24.226 [Thread-16] INFO  o.s.a.r.listener.SimpleMessageListenerContainer - Waiting for workers to finish.
2018-12-27 00:07:24.226 [Thread-16] INFO  o.s.a.r.listener.SimpleMessageListenerContainer - Successfully waited for workers to finish.
2018-12-27 00:07:24.226 [Thread-16] INFO  o.s.a.r.listener.SimpleMessageListenerContainer - Waiting for workers to finish.
2018-12-27 00:07:24.226 [Thread-16] INFO  o.s.a.r.listener.SimpleMessageListenerContainer - Successfully waited for workers to finish.
2018-12-27 00:07:24.227 [Thread-16] INFO  o.s.a.r.listener.SimpleMessageListenerContainer - Waiting for workers to finish.
2018-12-27 00:07:24.227 [Thread-16] INFO  o.s.a.r.listener.SimpleMessageListenerContainer - Successfully waited for workers to finish.
2018-12-27 00:07:24.227 [Thread-16] INFO  o.s.a.r.listener.SimpleMessageListenerContainer - Waiting for workers to finish.
2018-12-27 00:07:24.227 [Thread-16] INFO  o.s.a.r.listener.SimpleMessageListenerContainer - Successfully waited for workers to finish.
2018-12-27 00:07:24.227 [Thread-16] INFO  o.s.a.r.listener.SimpleMessageListenerContainer - Waiting for workers to finish.
2018-12-27 00:07:24.227 [Thread-16] INFO  o.s.a.r.listener.SimpleMessageListenerContainer - Successfully waited for workers to finish.
2018-12-27 00:07:24.227 [Thread-16] INFO  o.s.a.r.listener.SimpleMessageListenerContainer - Waiting for workers to finish.
2018-12-27 00:07:24.227 [Thread-16] INFO  o.s.a.r.listener.SimpleMessageListenerContainer - Successfully waited for workers to finish.
2018-12-27 00:07:24.227 [Thread-16] INFO  o.s.a.r.listener.SimpleMessageListenerContainer - Waiting for workers to finish.
2018-12-27 00:07:24.227 [Thread-16] INFO  o.s.a.r.listener.SimpleMessageListenerContainer - Successfully waited for workers to finish.
2018-12-27 00:07:24.227 [Thread-16] INFO  o.s.a.r.listener.SimpleMessageListenerContainer - Waiting for workers to finish.
2018-12-27 00:07:24.227 [Thread-16] INFO  o.s.a.r.listener.SimpleMessageListenerContainer - Successfully waited for workers to finish.
2018-12-27 00:07:24.230 [Thread-16] INFO  o.s.a.r.listener.SimpleMessageListenerContainer - Shutdown ignored - container is not active already
2018-12-27 00:07:24.230 [Thread-16] INFO  o.s.a.r.listener.SimpleMessageListenerContainer - Shutdown ignored - container is not active already
2018-12-27 00:07:24.230 [Thread-16] INFO  o.s.a.r.listener.SimpleMessageListenerContainer - Shutdown ignored - container is not active already
2018-12-27 00:07:24.230 [Thread-16] INFO  o.s.a.r.listener.SimpleMessageListenerContainer - Shutdown ignored - container is not active already
2018-12-27 00:07:24.230 [Thread-16] INFO  o.s.a.r.listener.SimpleMessageListenerContainer - Shutdown ignored - container is not active already
2018-12-27 00:07:24.230 [Thread-16] INFO  o.s.a.r.listener.SimpleMessageListenerContainer - Shutdown ignored - container is not active already
2018-12-27 00:07:24.230 [Thread-16] INFO  o.s.a.r.listener.SimpleMessageListenerContainer - Shutdown ignored - container is not active already
2018-12-27 00:07:24.230 [Thread-16] INFO  o.s.a.r.listener.SimpleMessageListenerContainer - Shutdown ignored - container is not active already
2018-12-27 00:07:24.232 [Thread-16] INFO  o.s.scheduling.concurrent.ThreadPoolTaskExecutor - Shutting down ExecutorService 'applicationTaskExecutor'
2018-12-27 00:07:24.235 [Thread-16] INFO  o.a.s.session.mgt.AbstractValidatingSessionManager - Disabled session validation scheduler.
2018-12-27 00:07:24.237 [Thread-16] INFO  com.alibaba.druid.pool.DruidDataSource - {dataSource-1} closed
