2018-12-22 23:36:30.508 [main] INFO  com.forum.DemoApplication - Starting DemoApplication on lujialedeMacBook-Pro.local with PID 2879 (/Users/ljl/Documents/forum/target/classes started by ljl in /Users/ljl/Documents/forum)
2018-12-22 23:36:30.573 [main] INFO  com.forum.DemoApplication - No active profile set, falling back to default profiles: default
2018-12-22 23:36:31.767 [main] INFO  o.s.d.r.config.RepositoryConfigurationDelegate - Multiple Spring Data modules found, entering strict repository configuration mode!
2018-12-22 23:36:31.770 [main] INFO  o.s.d.r.config.RepositoryConfigurationDelegate - Bootstrapping Spring Data repositories in DEFAULT mode.
2018-12-22 23:36:31.819 [main] INFO  o.s.d.r.config.RepositoryConfigurationDelegate - Finished Spring Data repository scanning in 28ms. Found 0 repository interfaces.
2018-12-22 23:36:32.204 [main] INFO  o.s.c.s.PostProcessorRegistrationDelegate$BeanPostProcessorChecker - Bean 'webSecureConfig' of type [com.forum.service.config.WebSecureConfig$$EnhancerBySpringCGLIB$$3277b2fa] is not eligible for getting processed by all BeanPostProcessors (for example: not eligible for auto-proxying)
2018-12-22 23:36:32.333 [main] INFO  o.s.c.s.PostProcessorRegistrationDelegate$BeanPostProcessorChecker - Bean 'spring.redis-org.springframework.boot.autoconfigure.data.redis.RedisProperties' of type [org.springframework.boot.autoconfigure.data.redis.RedisProperties] is not eligible for getting processed by all BeanPostProcessors (for example: not eligible for auto-proxying)
2018-12-22 23:36:32.337 [main] INFO  o.s.c.s.PostProcessorRegistrationDelegate$BeanPostProcessorChecker - Bean 'org.springframework.boot.autoconfigure.data.redis.LettuceConnectionConfiguration' of type [org.springframework.boot.autoconfigure.data.redis.LettuceConnectionConfiguration$$EnhancerBySpringCGLIB$$af53510b] is not eligible for getting processed by all BeanPostProcessors (for example: not eligible for auto-proxying)
2018-12-22 23:36:32.549 [main] INFO  o.s.c.s.PostProcessorRegistrationDelegate$BeanPostProcessorChecker - Bean 'lettuceClientResources' of type [io.lettuce.core.resource.DefaultClientResources] is not eligible for getting processed by all BeanPostProcessors (for example: not eligible for auto-proxying)
2018-12-22 23:36:32.642 [main] INFO  o.s.c.s.PostProcessorRegistrationDelegate$BeanPostProcessorChecker - Bean 'redisConnectionFactory' of type [org.springframework.data.redis.connection.lettuce.LettuceConnectionFactory] is not eligible for getting processed by all BeanPostProcessors (for example: not eligible for auto-proxying)
2018-12-22 23:36:32.647 [main] INFO  o.s.c.s.PostProcessorRegistrationDelegate$BeanPostProcessorChecker - Bean 'redisConfig' of type [com.forum.redis.config.RedisConfig$$EnhancerBySpringCGLIB$$29f67944] is not eligible for getting processed by all BeanPostProcessors (for example: not eligible for auto-proxying)
2018-12-22 23:36:32.688 [main] INFO  o.s.c.s.PostProcessorRegistrationDelegate$BeanPostProcessorChecker - Bean 'jedisPool' of type [redis.clients.jedis.JedisPool] is not eligible for getting processed by all BeanPostProcessors (for example: not eligible for auto-proxying)
2018-12-22 23:36:32.692 [main] INFO  o.s.c.s.PostProcessorRegistrationDelegate$BeanPostProcessorChecker - Bean 'redisManager' of type [org.crazycake.shiro.RedisManager] is not eligible for getting processed by all BeanPostProcessors (for example: not eligible for auto-proxying)
2018-12-22 23:36:32.698 [main] INFO  o.s.c.s.PostProcessorRegistrationDelegate$BeanPostProcessorChecker - Bean 'redisCacheManager' of type [org.crazycake.shiro.RedisCacheManager] is not eligible for getting processed by all BeanPostProcessors (for example: not eligible for auto-proxying)
2018-12-22 23:36:32.810 [main] INFO  o.s.c.s.PostProcessorRegistrationDelegate$BeanPostProcessorChecker - Bean 'mybatis-tk.mybatis.mapper.autoconfigure.MybatisProperties' of type [tk.mybatis.mapper.autoconfigure.MybatisProperties] is not eligible for getting processed by all BeanPostProcessors (for example: not eligible for auto-proxying)
2018-12-22 23:36:32.815 [main] INFO  o.s.c.s.PostProcessorRegistrationDelegate$BeanPostProcessorChecker - Bean 'tk.mybatis.mapper.autoconfigure.MapperAutoConfiguration' of type [tk.mybatis.mapper.autoconfigure.MapperAutoConfiguration$$EnhancerBySpringCGLIB$$502a3a5a] is not eligible for getting processed by all BeanPostProcessors (for example: not eligible for auto-proxying)
2018-12-22 23:36:32.825 [main] INFO  o.s.c.s.PostProcessorRegistrationDelegate$BeanPostProcessorChecker - Bean 'druidConfiguration' of type [com.forum.service.config.DruidConfiguration$$EnhancerBySpringCGLIB$$c8dd5d33] is not eligible for getting processed by all BeanPostProcessors (for example: not eligible for auto-proxying)
2018-12-22 23:36:32.898 [main] INFO  o.s.c.s.PostProcessorRegistrationDelegate$BeanPostProcessorChecker - Bean 'dataSource' of type [com.alibaba.druid.pool.DruidDataSource] is not eligible for getting processed by all BeanPostProcessors (for example: not eligible for auto-proxying)
2018-12-22 23:36:32.904 [main] INFO  o.s.c.s.PostProcessorRegistrationDelegate$BeanPostProcessorChecker - Bean 'sqlSessionFactory' of type [org.apache.ibatis.session.defaults.DefaultSqlSessionFactory] is not eligible for getting processed by all BeanPostProcessors (for example: not eligible for auto-proxying)
2018-12-22 23:36:32.909 [main] INFO  o.s.c.s.PostProcessorRegistrationDelegate$BeanPostProcessorChecker - Bean 'sqlSessionTemplate' of type [org.mybatis.spring.SqlSessionTemplate] is not eligible for getting processed by all BeanPostProcessors (for example: not eligible for auto-proxying)
2018-12-22 23:36:33.098 [main] INFO  o.s.c.s.PostProcessorRegistrationDelegate$BeanPostProcessorChecker - Bean 'roleMapper' of type [tk.mybatis.spring.mapper.MapperFactoryBean] is not eligible for getting processed by all BeanPostProcessors (for example: not eligible for auto-proxying)
2018-12-22 23:36:33.100 [main] INFO  o.s.c.s.PostProcessorRegistrationDelegate$BeanPostProcessorChecker - Bean 'roleMapper' of type [com.sun.proxy.$Proxy72] is not eligible for getting processed by all BeanPostProcessors (for example: not eligible for auto-proxying)
2018-12-22 23:36:33.137 [main] INFO  o.s.c.s.PostProcessorRegistrationDelegate$BeanPostProcessorChecker - Bean 'userMapper' of type [tk.mybatis.spring.mapper.MapperFactoryBean] is not eligible for getting processed by all BeanPostProcessors (for example: not eligible for auto-proxying)
2018-12-22 23:36:33.138 [main] INFO  o.s.c.s.PostProcessorRegistrationDelegate$BeanPostProcessorChecker - Bean 'userMapper' of type [com.sun.proxy.$Proxy75] is not eligible for getting processed by all BeanPostProcessors (for example: not eligible for auto-proxying)
2018-12-22 23:36:33.164 [main] INFO  o.s.c.s.PostProcessorRegistrationDelegate$BeanPostProcessorChecker - Bean 'roleAuthorityMapper' of type [tk.mybatis.spring.mapper.MapperFactoryBean] is not eligible for getting processed by all BeanPostProcessors (for example: not eligible for auto-proxying)
2018-12-22 23:36:33.166 [main] INFO  o.s.c.s.PostProcessorRegistrationDelegate$BeanPostProcessorChecker - Bean 'roleAuthorityMapper' of type [com.sun.proxy.$Proxy76] is not eligible for getting processed by all BeanPostProcessors (for example: not eligible for auto-proxying)
2018-12-22 23:36:33.166 [main] INFO  o.s.c.s.PostProcessorRegistrationDelegate$BeanPostProcessorChecker - Bean 'realm' of type [com.forum.service.security.realm.PasswordRealm] is not eligible for getting processed by all BeanPostProcessors (for example: not eligible for auto-proxying)
2018-12-22 23:36:33.171 [main] INFO  o.s.c.s.PostProcessorRegistrationDelegate$BeanPostProcessorChecker - Bean 'redisSessionDAO' of type [org.crazycake.shiro.RedisSessionDAO] is not eligible for getting processed by all BeanPostProcessors (for example: not eligible for auto-proxying)
2018-12-22 23:36:33.187 [main] INFO  o.s.c.s.PostProcessorRegistrationDelegate$BeanPostProcessorChecker - Bean 'simpleCookie' of type [org.apache.shiro.web.servlet.SimpleCookie] is not eligible for getting processed by all BeanPostProcessors (for example: not eligible for auto-proxying)
2018-12-22 23:36:33.199 [main] INFO  o.s.c.s.PostProcessorRegistrationDelegate$BeanPostProcessorChecker - Bean 'sessionManager' of type [org.apache.shiro.web.session.mgt.DefaultWebSessionManager] is not eligible for getting processed by all BeanPostProcessors (for example: not eligible for auto-proxying)
2018-12-22 23:39:15.230 [main] INFO  com.forum.DemoApplication - Starting DemoApplication on lujialedeMacBook-Pro.local with PID 3562 (/Users/ljl/Documents/forum/target/classes started by ljl in /Users/ljl/Documents/forum)
2018-12-22 23:39:15.233 [main] INFO  com.forum.DemoApplication - No active profile set, falling back to default profiles: default
2018-12-22 23:39:15.896 [main] INFO  o.s.d.r.config.RepositoryConfigurationDelegate - Multiple Spring Data modules found, entering strict repository configuration mode!
2018-12-22 23:39:15.898 [main] INFO  o.s.d.r.config.RepositoryConfigurationDelegate - Bootstrapping Spring Data repositories in DEFAULT mode.
2018-12-22 23:39:15.928 [main] INFO  o.s.d.r.config.RepositoryConfigurationDelegate - Finished Spring Data repository scanning in 20ms. Found 0 repository interfaces.
2018-12-22 23:39:16.220 [main] INFO  o.s.c.s.PostProcessorRegistrationDelegate$BeanPostProcessorChecker - Bean 'webSecureConfig' of type [com.forum.service.config.WebSecureConfig$$EnhancerBySpringCGLIB$$42862d3] is not eligible for getting processed by all BeanPostProcessors (for example: not eligible for auto-proxying)
2018-12-22 23:39:16.338 [main] INFO  o.s.c.s.PostProcessorRegistrationDelegate$BeanPostProcessorChecker - Bean 'spring.redis-org.springframework.boot.autoconfigure.data.redis.RedisProperties' of type [org.springframework.boot.autoconfigure.data.redis.RedisProperties] is not eligible for getting processed by all BeanPostProcessors (for example: not eligible for auto-proxying)
2018-12-22 23:39:16.341 [main] INFO  o.s.c.s.PostProcessorRegistrationDelegate$BeanPostProcessorChecker - Bean 'org.springframework.boot.autoconfigure.data.redis.LettuceConnectionConfiguration' of type [org.springframework.boot.autoconfigure.data.redis.LettuceConnectionConfiguration$$EnhancerBySpringCGLIB$$810400e4] is not eligible for getting processed by all BeanPostProcessors (for example: not eligible for auto-proxying)
2018-12-22 23:39:16.472 [main] INFO  o.s.c.s.PostProcessorRegistrationDelegate$BeanPostProcessorChecker - Bean 'lettuceClientResources' of type [io.lettuce.core.resource.DefaultClientResources] is not eligible for getting processed by all BeanPostProcessors (for example: not eligible for auto-proxying)
2018-12-22 23:39:16.536 [main] INFO  o.s.c.s.PostProcessorRegistrationDelegate$BeanPostProcessorChecker - Bean 'redisConnectionFactory' of type [org.springframework.data.redis.connection.lettuce.LettuceConnectionFactory] is not eligible for getting processed by all BeanPostProcessors (for example: not eligible for auto-proxying)
2018-12-22 23:39:16.541 [main] INFO  o.s.c.s.PostProcessorRegistrationDelegate$BeanPostProcessorChecker - Bean 'redisConfig' of type [com.forum.redis.config.RedisConfig$$EnhancerBySpringCGLIB$$fba7291d] is not eligible for getting processed by all BeanPostProcessors (for example: not eligible for auto-proxying)
2018-12-22 23:39:16.573 [main] INFO  o.s.c.s.PostProcessorRegistrationDelegate$BeanPostProcessorChecker - Bean 'jedisPool' of type [redis.clients.jedis.JedisPool] is not eligible for getting processed by all BeanPostProcessors (for example: not eligible for auto-proxying)
2018-12-22 23:39:16.577 [main] INFO  o.s.c.s.PostProcessorRegistrationDelegate$BeanPostProcessorChecker - Bean 'redisManager' of type [org.crazycake.shiro.RedisManager] is not eligible for getting processed by all BeanPostProcessors (for example: not eligible for auto-proxying)
2018-12-22 23:39:16.583 [main] INFO  o.s.c.s.PostProcessorRegistrationDelegate$BeanPostProcessorChecker - Bean 'redisCacheManager' of type [org.crazycake.shiro.RedisCacheManager] is not eligible for getting processed by all BeanPostProcessors (for example: not eligible for auto-proxying)
2018-12-22 23:39:16.653 [main] INFO  o.s.c.s.PostProcessorRegistrationDelegate$BeanPostProcessorChecker - Bean 'mybatis-tk.mybatis.mapper.autoconfigure.MybatisProperties' of type [tk.mybatis.mapper.autoconfigure.MybatisProperties] is not eligible for getting processed by all BeanPostProcessors (for example: not eligible for auto-proxying)
2018-12-22 23:39:16.658 [main] INFO  o.s.c.s.PostProcessorRegistrationDelegate$BeanPostProcessorChecker - Bean 'tk.mybatis.mapper.autoconfigure.MapperAutoConfiguration' of type [tk.mybatis.mapper.autoconfigure.MapperAutoConfiguration$$EnhancerBySpringCGLIB$$21daea33] is not eligible for getting processed by all BeanPostProcessors (for example: not eligible for auto-proxying)
2018-12-22 23:39:16.667 [main] INFO  o.s.c.s.PostProcessorRegistrationDelegate$BeanPostProcessorChecker - Bean 'druidConfiguration' of type [com.forum.service.config.DruidConfiguration$$EnhancerBySpringCGLIB$$9a8e0d0c] is not eligible for getting processed by all BeanPostProcessors (for example: not eligible for auto-proxying)
2018-12-22 23:39:16.733 [main] INFO  o.s.c.s.PostProcessorRegistrationDelegate$BeanPostProcessorChecker - Bean 'dataSource' of type [com.alibaba.druid.pool.DruidDataSource] is not eligible for getting processed by all BeanPostProcessors (for example: not eligible for auto-proxying)
2018-12-22 23:39:16.739 [main] INFO  o.s.c.s.PostProcessorRegistrationDelegate$BeanPostProcessorChecker - Bean 'sqlSessionFactory' of type [org.apache.ibatis.session.defaults.DefaultSqlSessionFactory] is not eligible for getting processed by all BeanPostProcessors (for example: not eligible for auto-proxying)
2018-12-22 23:39:16.744 [main] INFO  o.s.c.s.PostProcessorRegistrationDelegate$BeanPostProcessorChecker - Bean 'sqlSessionTemplate' of type [org.mybatis.spring.SqlSessionTemplate] is not eligible for getting processed by all BeanPostProcessors (for example: not eligible for auto-proxying)
2018-12-22 23:39:16.857 [main] INFO  o.s.c.s.PostProcessorRegistrationDelegate$BeanPostProcessorChecker - Bean 'roleMapper' of type [tk.mybatis.spring.mapper.MapperFactoryBean] is not eligible for getting processed by all BeanPostProcessors (for example: not eligible for auto-proxying)
2018-12-22 23:39:16.858 [main] INFO  o.s.c.s.PostProcessorRegistrationDelegate$BeanPostProcessorChecker - Bean 'roleMapper' of type [com.sun.proxy.$Proxy72] is not eligible for getting processed by all BeanPostProcessors (for example: not eligible for auto-proxying)
2018-12-22 23:39:16.898 [main] INFO  o.s.c.s.PostProcessorRegistrationDelegate$BeanPostProcessorChecker - Bean 'userMapper' of type [tk.mybatis.spring.mapper.MapperFactoryBean] is not eligible for getting processed by all BeanPostProcessors (for example: not eligible for auto-proxying)
2018-12-22 23:39:16.900 [main] INFO  o.s.c.s.PostProcessorRegistrationDelegate$BeanPostProcessorChecker - Bean 'userMapper' of type [com.sun.proxy.$Proxy75] is not eligible for getting processed by all BeanPostProcessors (for example: not eligible for auto-proxying)
2018-12-22 23:39:16.928 [main] INFO  o.s.c.s.PostProcessorRegistrationDelegate$BeanPostProcessorChecker - Bean 'roleAuthorityMapper' of type [tk.mybatis.spring.mapper.MapperFactoryBean] is not eligible for getting processed by all BeanPostProcessors (for example: not eligible for auto-proxying)
2018-12-22 23:39:16.929 [main] INFO  o.s.c.s.PostProcessorRegistrationDelegate$BeanPostProcessorChecker - Bean 'roleAuthorityMapper' of type [com.sun.proxy.$Proxy76] is not eligible for getting processed by all BeanPostProcessors (for example: not eligible for auto-proxying)
2018-12-22 23:39:16.929 [main] INFO  o.s.c.s.PostProcessorRegistrationDelegate$BeanPostProcessorChecker - Bean 'realm' of type [com.forum.service.security.realm.PasswordRealm] is not eligible for getting processed by all BeanPostProcessors (for example: not eligible for auto-proxying)
2018-12-22 23:39:16.935 [main] INFO  o.s.c.s.PostProcessorRegistrationDelegate$BeanPostProcessorChecker - Bean 'redisSessionDAO' of type [org.crazycake.shiro.RedisSessionDAO] is not eligible for getting processed by all BeanPostProcessors (for example: not eligible for auto-proxying)
2018-12-22 23:39:16.942 [main] INFO  o.s.c.s.PostProcessorRegistrationDelegate$BeanPostProcessorChecker - Bean 'simpleCookie' of type [org.apache.shiro.web.servlet.SimpleCookie] is not eligible for getting processed by all BeanPostProcessors (for example: not eligible for auto-proxying)
2018-12-22 23:39:16.952 [main] INFO  o.s.c.s.PostProcessorRegistrationDelegate$BeanPostProcessorChecker - Bean 'sessionManager' of type [org.apache.shiro.web.session.mgt.DefaultWebSessionManager] is not eligible for getting processed by all BeanPostProcessors (for example: not eligible for auto-proxying)
2018-12-22 23:39:17.069 [main] INFO  o.s.c.s.PostProcessorRegistrationDelegate$BeanPostProcessorChecker - Bean 'rememberMeCookie' of type [org.apache.shiro.web.servlet.SimpleCookie] is not eligible for getting processed by all BeanPostProcessors (for example: not eligible for auto-proxying)
2018-12-22 23:39:17.073 [main] INFO  o.s.c.s.PostProcessorRegistrationDelegate$BeanPostProcessorChecker - Bean 'rememberMeManager' of type [org.apache.shiro.web.mgt.CookieRememberMeManager] is not eligible for getting processed by all BeanPostProcessors (for example: not eligible for auto-proxying)
2018-12-22 23:39:17.075 [main] INFO  o.s.c.s.PostProcessorRegistrationDelegate$BeanPostProcessorChecker - Bean 'securityManager' of type [org.apache.shiro.web.mgt.DefaultWebSecurityManager] is not eligible for getting processed by all BeanPostProcessors (for example: not eligible for auto-proxying)
2018-12-22 23:39:17.112 [main] INFO  o.s.c.s.PostProcessorRegistrationDelegate$BeanPostProcessorChecker - Bean 'authorityMapper' of type [tk.mybatis.spring.mapper.MapperFactoryBean] is not eligible for getting processed by all BeanPostProcessors (for example: not eligible for auto-proxying)
2018-12-22 23:39:17.114 [main] INFO  o.s.c.s.PostProcessorRegistrationDelegate$BeanPostProcessorChecker - Bean 'authorityMapper' of type [com.sun.proxy.$Proxy77] is not eligible for getting processed by all BeanPostProcessors (for example: not eligible for auto-proxying)
2018-12-22 23:39:17.152 [main] INFO  o.s.c.s.PostProcessorRegistrationDelegate$BeanPostProcessorChecker - Bean 'nonAuthemticateMapper' of type [tk.mybatis.spring.mapper.MapperFactoryBean] is not eligible for getting processed by all BeanPostProcessors (for example: not eligible for auto-proxying)
2018-12-22 23:39:17.153 [main] INFO  o.s.c.s.PostProcessorRegistrationDelegate$BeanPostProcessorChecker - Bean 'nonAuthemticateMapper' of type [com.sun.proxy.$Proxy78] is not eligible for getting processed by all BeanPostProcessors (for example: not eligible for auto-proxying)
2018-12-22 23:39:17.154 [main] INFO  o.s.c.s.PostProcessorRegistrationDelegate$BeanPostProcessorChecker - Bean 'shiroService' of type [com.forum.service.impl.ShiroServiceImpl] is not eligible for getting processed by all BeanPostProcessors (for example: not eligible for auto-proxying)
2018-12-22 23:39:17.184 [main] INFO  o.s.c.s.PostProcessorRegistrationDelegate$BeanPostProcessorChecker - Bean 'loginInfo' of type [com.forum.model.dto.LoginInfo] is not eligible for getting processed by all BeanPostProcessors (for example: not eligible for auto-proxying)
2018-12-22 23:39:17.188 [main] INFO  o.s.c.s.PostProcessorRegistrationDelegate$BeanPostProcessorChecker - Bean 'messageCodeInfo' of type [com.forum.model.dto.MessageCodeInfo] is not eligible for getting processed by all BeanPostProcessors (for example: not eligible for auto-proxying)
2018-12-22 23:39:17.191 [main] INFO  o.s.c.s.PostProcessorRegistrationDelegate$BeanPostProcessorChecker - Bean 'commonInfo' of type [com.forum.model.dto.CommonInfo] is not eligible for getting processed by all BeanPostProcessors (for example: not eligible for auto-proxying)
2018-12-22 23:39:17.191 [main] INFO  o.s.c.s.PostProcessorRegistrationDelegate$BeanPostProcessorChecker - Bean 'rolesAuthorizationFilter' of type [com.forum.service.filter.CustomRolesAuthorizationFilter] is not eligible for getting processed by all BeanPostProcessors (for example: not eligible for auto-proxying)
2018-12-22 23:39:17.505 [main] INFO  com.alibaba.druid.pool.DruidDataSource - {dataSource-1} inited
2018-12-22 23:39:17.509 [main] DEBUG c.forum.mapper.AuthorityMapper.selectAllFromTable - ==>  Preparing: select * from f_authority 
2018-12-22 23:39:17.597 [main] DEBUG c.forum.mapper.AuthorityMapper.selectAllFromTable - ==> Parameters: 
2018-12-22 23:39:17.734 [main] DEBUG c.forum.mapper.AuthorityMapper.selectAllFromTable - <==      Total: 2
2018-12-22 23:39:17.741 [main] DEBUG c.f.m.NonAuthemticateMapper.selectAllFromTable - ==>  Preparing: select * from f_non_authemticate 
2018-12-22 23:39:17.742 [main] DEBUG c.f.m.NonAuthemticateMapper.selectAllFromTable - ==> Parameters: 
2018-12-22 23:39:17.750 [main] DEBUG c.f.m.NonAuthemticateMapper.selectAllFromTable - <==      Total: 26
2018-12-22 23:39:17.789 [main] INFO  o.s.c.s.PostProcessorRegistrationDelegate$BeanPostProcessorChecker - Bean 'org.springframework.amqp.rabbit.annotation.RabbitBootstrapConfiguration' of type [org.springframework.amqp.rabbit.annotation.RabbitBootstrapConfiguration$$EnhancerBySpringCGLIB$$325600c8] is not eligible for getting processed by all BeanPostProcessors (for example: not eligible for auto-proxying)
2018-12-22 23:39:17.848 [main] INFO  o.s.c.s.PostProcessorRegistrationDelegate$BeanPostProcessorChecker - Bean 'org.springframework.transaction.annotation.ProxyTransactionManagementConfiguration' of type [org.springframework.transaction.annotation.ProxyTransactionManagementConfiguration$$EnhancerBySpringCGLIB$$6bea429a] is not eligible for getting processed by all BeanPostProcessors (for example: not eligible for auto-proxying)
2018-12-22 23:39:18.368 [main] INFO  o.s.boot.web.embedded.tomcat.TomcatWebServer - Tomcat initialized with port(s): 8080 (http)
2018-12-22 23:39:18.384 [main] INFO  org.apache.coyote.http11.Http11NioProtocol - Initializing ProtocolHandler ["http-nio-8080"]
2018-12-22 23:39:18.389 [main] INFO  org.apache.catalina.core.StandardService - Starting service [Tomcat]
2018-12-22 23:39:18.389 [main] INFO  org.apache.catalina.core.StandardEngine - Starting Servlet Engine: Apache Tomcat/9.0.12
2018-12-22 23:39:18.397 [main] INFO  org.apache.catalina.core.AprLifecycleListener - The APR based Apache Tomcat Native library which allows optimal performance in production environments was not found on the java.library.path: [/Users/ljl/Library/Java/Extensions:/Library/Java/Extensions:/Network/Library/Java/Extensions:/System/Library/Java/Extensions:/usr/lib/java:.]
2018-12-22 23:39:18.498 [main] INFO  o.a.c.core.ContainerBase.[Tomcat].[localhost].[/] - Initializing Spring embedded WebApplicationContext
2018-12-22 23:39:18.499 [main] INFO  org.springframework.web.context.ContextLoader - Root WebApplicationContext: initialization completed in 3215 ms
2018-12-22 23:39:18.509 [main] INFO  com.forum.service.config.DruidConfiguration - init Druid Servlet Configuration 
2018-12-22 23:39:18.636 [main] INFO  o.s.boot.web.servlet.ServletRegistrationBean - Servlet statViewServlet mapped to [/druid/*]
2018-12-22 23:39:18.638 [main] INFO  o.s.boot.web.servlet.ServletRegistrationBean - Servlet dispatcherServlet mapped to [/]
2018-12-22 23:39:18.638 [main] INFO  o.s.boot.web.servlet.ServletRegistrationBean - Servlet statViewServlet mapped to [/druid/*]
2018-12-22 23:39:18.638 [main] INFO  o.s.boot.web.servlet.RegistrationBean - Servlet statViewServlet was not registered (possibly already registered?)
2018-12-22 23:39:18.641 [main] INFO  o.s.boot.web.servlet.FilterRegistrationBean - Mapping filter: 'characterEncodingFilter' to: [/*]
2018-12-22 23:39:18.641 [main] INFO  o.s.boot.web.servlet.FilterRegistrationBean - Mapping filter: 'hiddenHttpMethodFilter' to: [/*]
2018-12-22 23:39:18.641 [main] INFO  o.s.boot.web.servlet.FilterRegistrationBean - Mapping filter: 'formContentFilter' to: [/*]
2018-12-22 23:39:18.641 [main] INFO  o.s.boot.web.servlet.FilterRegistrationBean - Mapping filter: 'requestContextFilter' to: [/*]
2018-12-22 23:39:18.642 [main] INFO  o.s.boot.web.servlet.FilterRegistrationBean - Mapping filter: 'webStatFilter' to urls: [/*]
2018-12-22 23:39:18.642 [main] INFO  o.s.boot.web.servlet.FilterRegistrationBean - Mapping filter: 'delegatingFilterProxy' to: [/*]
2018-12-22 23:39:18.642 [main] INFO  o.s.boot.web.servlet.FilterRegistrationBean - Mapping filter: 'shiroFilter' to: [/*]
2018-12-22 23:39:18.642 [main] INFO  o.s.boot.web.servlet.FilterRegistrationBean - Mapping filter: 'rolesAuthorizationFilter' to: [/*]
2018-12-22 23:39:18.642 [main] INFO  o.s.boot.web.servlet.FilterRegistrationBean - Mapping filter: 'formAuthenticationFilter' to: [/*]
2018-12-22 23:39:19.112 [main] INFO  java.lang.Class - Initializing Constant
2018-12-22 23:39:19.115 [main] DEBUG c.f.m.D.selectAllInTableWithoutParamType - ==>  Preparing: select param_name,value from f_dictionary where param_type <> ? 
2018-12-22 23:39:19.140 [main] DEBUG c.f.m.D.selectAllInTableWithoutParamType - ==> Parameters: 参数代码(String)
2018-12-22 23:39:19.170 [main] DEBUG c.f.m.D.selectAllInTableWithoutParamType - <==      Total: 40
2018-12-22 23:39:19.184 [main] INFO  java.lang.Class - Initializing GlobalCode
2018-12-22 23:39:19.185 [main] DEBUG c.f.m.D.selectAllInTableWithParamType - ==>  Preparing: select param_name,value from f_dictionary where param_type = ? 
2018-12-22 23:39:19.185 [main] DEBUG c.f.m.D.selectAllInTableWithParamType - ==> Parameters: 参数代码(String)
2018-12-22 23:39:19.189 [main] DEBUG c.f.m.D.selectAllInTableWithParamType - <==      Total: 9
2018-12-22 23:39:19.434 [main] INFO  com.alibaba.druid.pool.DruidDataSource - {dataSource-1} closed
2018-12-22 23:39:19.455 [main] INFO  org.apache.catalina.core.StandardService - Stopping service [Tomcat]
2018-12-22 23:39:19.467 [main] INFO  o.s.b.a.l.ConditionEvaluationReportLoggingListener - 

Error starting ApplicationContext. To display the conditions report re-run your application with 'debug' enabled.
2018-12-22 23:39:53.489 [main] INFO  com.forum.DemoApplication - Starting DemoApplication on lujialedeMacBook-Pro.local with PID 3728 (/Users/ljl/Documents/forum/target/classes started by ljl in /Users/ljl/Documents/forum)
2018-12-22 23:39:53.492 [main] INFO  com.forum.DemoApplication - No active profile set, falling back to default profiles: default
2018-12-22 23:39:54.245 [main] INFO  o.s.d.r.config.RepositoryConfigurationDelegate - Multiple Spring Data modules found, entering strict repository configuration mode!
2018-12-22 23:39:54.247 [main] INFO  o.s.d.r.config.RepositoryConfigurationDelegate - Bootstrapping Spring Data repositories in DEFAULT mode.
2018-12-22 23:39:54.278 [main] INFO  o.s.d.r.config.RepositoryConfigurationDelegate - Finished Spring Data repository scanning in 21ms. Found 0 repository interfaces.
2018-12-22 23:39:54.568 [main] INFO  o.s.c.s.PostProcessorRegistrationDelegate$BeanPostProcessorChecker - Bean 'webSecureConfig' of type [com.forum.service.config.WebSecureConfig$$EnhancerBySpringCGLIB$$9af6eca8] is not eligible for getting processed by all BeanPostProcessors (for example: not eligible for auto-proxying)
2018-12-22 23:39:54.648 [main] INFO  o.s.c.s.PostProcessorRegistrationDelegate$BeanPostProcessorChecker - Bean 'spring.redis-org.springframework.boot.autoconfigure.data.redis.RedisProperties' of type [org.springframework.boot.autoconfigure.data.redis.RedisProperties] is not eligible for getting processed by all BeanPostProcessors (for example: not eligible for auto-proxying)
2018-12-22 23:39:54.651 [main] INFO  o.s.c.s.PostProcessorRegistrationDelegate$BeanPostProcessorChecker - Bean 'org.springframework.boot.autoconfigure.data.redis.LettuceConnectionConfiguration' of type [org.springframework.boot.autoconfigure.data.redis.LettuceConnectionConfiguration$$EnhancerBySpringCGLIB$$17d28ab9] is not eligible for getting processed by all BeanPostProcessors (for example: not eligible for auto-proxying)
2018-12-22 23:39:54.776 [main] INFO  o.s.c.s.PostProcessorRegistrationDelegate$BeanPostProcessorChecker - Bean 'lettuceClientResources' of type [io.lettuce.core.resource.DefaultClientResources] is not eligible for getting processed by all BeanPostProcessors (for example: not eligible for auto-proxying)
2018-12-22 23:39:54.822 [main] INFO  o.s.c.s.PostProcessorRegistrationDelegate$BeanPostProcessorChecker - Bean 'redisConnectionFactory' of type [org.springframework.data.redis.connection.lettuce.LettuceConnectionFactory] is not eligible for getting processed by all BeanPostProcessors (for example: not eligible for auto-proxying)
2018-12-22 23:39:54.826 [main] INFO  o.s.c.s.PostProcessorRegistrationDelegate$BeanPostProcessorChecker - Bean 'redisConfig' of type [com.forum.redis.config.RedisConfig$$EnhancerBySpringCGLIB$$9275b2f2] is not eligible for getting processed by all BeanPostProcessors (for example: not eligible for auto-proxying)
2018-12-22 23:39:54.853 [main] INFO  o.s.c.s.PostProcessorRegistrationDelegate$BeanPostProcessorChecker - Bean 'jedisPool' of type [redis.clients.jedis.JedisPool] is not eligible for getting processed by all BeanPostProcessors (for example: not eligible for auto-proxying)
2018-12-22 23:39:54.856 [main] INFO  o.s.c.s.PostProcessorRegistrationDelegate$BeanPostProcessorChecker - Bean 'redisManager' of type [org.crazycake.shiro.RedisManager] is not eligible for getting processed by all BeanPostProcessors (for example: not eligible for auto-proxying)
2018-12-22 23:39:54.861 [main] INFO  o.s.c.s.PostProcessorRegistrationDelegate$BeanPostProcessorChecker - Bean 'redisCacheManager' of type [org.crazycake.shiro.RedisCacheManager] is not eligible for getting processed by all BeanPostProcessors (for example: not eligible for auto-proxying)
2018-12-22 23:39:54.928 [main] INFO  o.s.c.s.PostProcessorRegistrationDelegate$BeanPostProcessorChecker - Bean 'mybatis-tk.mybatis.mapper.autoconfigure.MybatisProperties' of type [tk.mybatis.mapper.autoconfigure.MybatisProperties] is not eligible for getting processed by all BeanPostProcessors (for example: not eligible for auto-proxying)
2018-12-22 23:39:54.933 [main] INFO  o.s.c.s.PostProcessorRegistrationDelegate$BeanPostProcessorChecker - Bean 'tk.mybatis.mapper.autoconfigure.MapperAutoConfiguration' of type [tk.mybatis.mapper.autoconfigure.MapperAutoConfiguration$$EnhancerBySpringCGLIB$$b8a97408] is not eligible for getting processed by all BeanPostProcessors (for example: not eligible for auto-proxying)
2018-12-22 23:39:54.943 [main] INFO  o.s.c.s.PostProcessorRegistrationDelegate$BeanPostProcessorChecker - Bean 'druidConfiguration' of type [com.forum.service.config.DruidConfiguration$$EnhancerBySpringCGLIB$$315c96e1] is not eligible for getting processed by all BeanPostProcessors (for example: not eligible for auto-proxying)
2018-12-22 23:39:55.004 [main] INFO  o.s.c.s.PostProcessorRegistrationDelegate$BeanPostProcessorChecker - Bean 'dataSource' of type [com.alibaba.druid.pool.DruidDataSource] is not eligible for getting processed by all BeanPostProcessors (for example: not eligible for auto-proxying)
2018-12-22 23:39:55.008 [main] INFO  o.s.c.s.PostProcessorRegistrationDelegate$BeanPostProcessorChecker - Bean 'sqlSessionFactory' of type [org.apache.ibatis.session.defaults.DefaultSqlSessionFactory] is not eligible for getting processed by all BeanPostProcessors (for example: not eligible for auto-proxying)
2018-12-22 23:39:55.013 [main] INFO  o.s.c.s.PostProcessorRegistrationDelegate$BeanPostProcessorChecker - Bean 'sqlSessionTemplate' of type [org.mybatis.spring.SqlSessionTemplate] is not eligible for getting processed by all BeanPostProcessors (for example: not eligible for auto-proxying)
2018-12-22 23:39:55.113 [main] INFO  o.s.c.s.PostProcessorRegistrationDelegate$BeanPostProcessorChecker - Bean 'roleMapper' of type [tk.mybatis.spring.mapper.MapperFactoryBean] is not eligible for getting processed by all BeanPostProcessors (for example: not eligible for auto-proxying)
2018-12-22 23:39:55.114 [main] INFO  o.s.c.s.PostProcessorRegistrationDelegate$BeanPostProcessorChecker - Bean 'roleMapper' of type [com.sun.proxy.$Proxy72] is not eligible for getting processed by all BeanPostProcessors (for example: not eligible for auto-proxying)
2018-12-22 23:39:55.148 [main] INFO  o.s.c.s.PostProcessorRegistrationDelegate$BeanPostProcessorChecker - Bean 'userMapper' of type [tk.mybatis.spring.mapper.MapperFactoryBean] is not eligible for getting processed by all BeanPostProcessors (for example: not eligible for auto-proxying)
2018-12-22 23:39:55.149 [main] INFO  o.s.c.s.PostProcessorRegistrationDelegate$BeanPostProcessorChecker - Bean 'userMapper' of type [com.sun.proxy.$Proxy75] is not eligible for getting processed by all BeanPostProcessors (for example: not eligible for auto-proxying)
2018-12-22 23:39:55.176 [main] INFO  o.s.c.s.PostProcessorRegistrationDelegate$BeanPostProcessorChecker - Bean 'roleAuthorityMapper' of type [tk.mybatis.spring.mapper.MapperFactoryBean] is not eligible for getting processed by all BeanPostProcessors (for example: not eligible for auto-proxying)
2018-12-22 23:39:55.177 [main] INFO  o.s.c.s.PostProcessorRegistrationDelegate$BeanPostProcessorChecker - Bean 'roleAuthorityMapper' of type [com.sun.proxy.$Proxy76] is not eligible for getting processed by all BeanPostProcessors (for example: not eligible for auto-proxying)
2018-12-22 23:39:55.177 [main] INFO  o.s.c.s.PostProcessorRegistrationDelegate$BeanPostProcessorChecker - Bean 'realm' of type [com.forum.service.security.realm.PasswordRealm] is not eligible for getting processed by all BeanPostProcessors (for example: not eligible for auto-proxying)
2018-12-22 23:39:55.183 [main] INFO  o.s.c.s.PostProcessorRegistrationDelegate$BeanPostProcessorChecker - Bean 'redisSessionDAO' of type [org.crazycake.shiro.RedisSessionDAO] is not eligible for getting processed by all BeanPostProcessors (for example: not eligible for auto-proxying)
2018-12-22 23:39:55.190 [main] INFO  o.s.c.s.PostProcessorRegistrationDelegate$BeanPostProcessorChecker - Bean 'simpleCookie' of type [org.apache.shiro.web.servlet.SimpleCookie] is not eligible for getting processed by all BeanPostProcessors (for example: not eligible for auto-proxying)
2018-12-22 23:39:55.198 [main] INFO  o.s.c.s.PostProcessorRegistrationDelegate$BeanPostProcessorChecker - Bean 'sessionManager' of type [org.apache.shiro.web.session.mgt.DefaultWebSessionManager] is not eligible for getting processed by all BeanPostProcessors (for example: not eligible for auto-proxying)
2018-12-22 23:39:55.297 [main] INFO  o.s.c.s.PostProcessorRegistrationDelegate$BeanPostProcessorChecker - Bean 'rememberMeCookie' of type [org.apache.shiro.web.servlet.SimpleCookie] is not eligible for getting processed by all BeanPostProcessors (for example: not eligible for auto-proxying)
2018-12-22 23:39:55.302 [main] INFO  o.s.c.s.PostProcessorRegistrationDelegate$BeanPostProcessorChecker - Bean 'rememberMeManager' of type [org.apache.shiro.web.mgt.CookieRememberMeManager] is not eligible for getting processed by all BeanPostProcessors (for example: not eligible for auto-proxying)
2018-12-22 23:39:55.304 [main] INFO  o.s.c.s.PostProcessorRegistrationDelegate$BeanPostProcessorChecker - Bean 'securityManager' of type [org.apache.shiro.web.mgt.DefaultWebSecurityManager] is not eligible for getting processed by all BeanPostProcessors (for example: not eligible for auto-proxying)
2018-12-22 23:39:55.334 [main] INFO  o.s.c.s.PostProcessorRegistrationDelegate$BeanPostProcessorChecker - Bean 'authorityMapper' of type [tk.mybatis.spring.mapper.MapperFactoryBean] is not eligible for getting processed by all BeanPostProcessors (for example: not eligible for auto-proxying)
2018-12-22 23:39:55.335 [main] INFO  o.s.c.s.PostProcessorRegistrationDelegate$BeanPostProcessorChecker - Bean 'authorityMapper' of type [com.sun.proxy.$Proxy77] is not eligible for getting processed by all BeanPostProcessors (for example: not eligible for auto-proxying)
2018-12-22 23:39:55.359 [main] INFO  o.s.c.s.PostProcessorRegistrationDelegate$BeanPostProcessorChecker - Bean 'nonAuthemticateMapper' of type [tk.mybatis.spring.mapper.MapperFactoryBean] is not eligible for getting processed by all BeanPostProcessors (for example: not eligible for auto-proxying)
2018-12-22 23:39:55.360 [main] INFO  o.s.c.s.PostProcessorRegistrationDelegate$BeanPostProcessorChecker - Bean 'nonAuthemticateMapper' of type [com.sun.proxy.$Proxy78] is not eligible for getting processed by all BeanPostProcessors (for example: not eligible for auto-proxying)
2018-12-22 23:39:55.361 [main] INFO  o.s.c.s.PostProcessorRegistrationDelegate$BeanPostProcessorChecker - Bean 'shiroService' of type [com.forum.service.impl.ShiroServiceImpl] is not eligible for getting processed by all BeanPostProcessors (for example: not eligible for auto-proxying)
2018-12-22 23:39:55.385 [main] INFO  o.s.c.s.PostProcessorRegistrationDelegate$BeanPostProcessorChecker - Bean 'loginInfo' of type [com.forum.model.dto.LoginInfo] is not eligible for getting processed by all BeanPostProcessors (for example: not eligible for auto-proxying)
2018-12-22 23:39:55.388 [main] INFO  o.s.c.s.PostProcessorRegistrationDelegate$BeanPostProcessorChecker - Bean 'messageCodeInfo' of type [com.forum.model.dto.MessageCodeInfo] is not eligible for getting processed by all BeanPostProcessors (for example: not eligible for auto-proxying)
2018-12-22 23:39:55.391 [main] INFO  o.s.c.s.PostProcessorRegistrationDelegate$BeanPostProcessorChecker - Bean 'commonInfo' of type [com.forum.model.dto.CommonInfo] is not eligible for getting processed by all BeanPostProcessors (for example: not eligible for auto-proxying)
2018-12-22 23:39:55.391 [main] INFO  o.s.c.s.PostProcessorRegistrationDelegate$BeanPostProcessorChecker - Bean 'rolesAuthorizationFilter' of type [com.forum.service.filter.CustomRolesAuthorizationFilter] is not eligible for getting processed by all BeanPostProcessors (for example: not eligible for auto-proxying)
2018-12-22 23:39:55.586 [main] INFO  com.alibaba.druid.pool.DruidDataSource - {dataSource-1} inited
2018-12-22 23:39:55.590 [main] DEBUG c.forum.mapper.AuthorityMapper.selectAllFromTable - ==>  Preparing: select * from f_authority 
2018-12-22 23:39:55.649 [main] DEBUG c.forum.mapper.AuthorityMapper.selectAllFromTable - ==> Parameters: 
2018-12-22 23:39:55.667 [main] DEBUG c.forum.mapper.AuthorityMapper.selectAllFromTable - <==      Total: 2
2018-12-22 23:39:55.673 [main] DEBUG c.f.m.NonAuthemticateMapper.selectAllFromTable - ==>  Preparing: select * from f_non_authemticate 
2018-12-22 23:39:55.673 [main] DEBUG c.f.m.NonAuthemticateMapper.selectAllFromTable - ==> Parameters: 
2018-12-22 23:39:55.681 [main] DEBUG c.f.m.NonAuthemticateMapper.selectAllFromTable - <==      Total: 26
2018-12-22 23:39:55.715 [main] INFO  o.s.c.s.PostProcessorRegistrationDelegate$BeanPostProcessorChecker - Bean 'org.springframework.amqp.rabbit.annotation.RabbitBootstrapConfiguration' of type [org.springframework.amqp.rabbit.annotation.RabbitBootstrapConfiguration$$EnhancerBySpringCGLIB$$c9248a9d] is not eligible for getting processed by all BeanPostProcessors (for example: not eligible for auto-proxying)
2018-12-22 23:39:55.777 [main] INFO  o.s.c.s.PostProcessorRegistrationDelegate$BeanPostProcessorChecker - Bean 'org.springframework.transaction.annotation.ProxyTransactionManagementConfiguration' of type [org.springframework.transaction.annotation.ProxyTransactionManagementConfiguration$$EnhancerBySpringCGLIB$$2b8cc6f] is not eligible for getting processed by all BeanPostProcessors (for example: not eligible for auto-proxying)
2018-12-22 23:39:56.140 [main] INFO  o.s.boot.web.embedded.tomcat.TomcatWebServer - Tomcat initialized with port(s): 8080 (http)
2018-12-22 23:39:56.149 [main] INFO  org.apache.coyote.http11.Http11NioProtocol - Initializing ProtocolHandler ["http-nio-8080"]
2018-12-22 23:39:56.153 [main] INFO  org.apache.catalina.core.StandardService - Starting service [Tomcat]
2018-12-22 23:39:56.154 [main] INFO  org.apache.catalina.core.StandardEngine - Starting Servlet Engine: Apache Tomcat/9.0.12
2018-12-22 23:39:56.158 [main] INFO  org.apache.catalina.core.AprLifecycleListener - The APR based Apache Tomcat Native library which allows optimal performance in production environments was not found on the java.library.path: [/Users/ljl/Library/Java/Extensions:/Library/Java/Extensions:/Network/Library/Java/Extensions:/System/Library/Java/Extensions:/usr/lib/java:.]
2018-12-22 23:39:56.236 [main] INFO  o.a.c.core.ContainerBase.[Tomcat].[localhost].[/] - Initializing Spring embedded WebApplicationContext
2018-12-22 23:39:56.236 [main] INFO  org.springframework.web.context.ContextLoader - Root WebApplicationContext: initialization completed in 2680 ms
2018-12-22 23:39:56.245 [main] INFO  com.forum.service.config.DruidConfiguration - init Druid Servlet Configuration 
2018-12-22 23:39:56.339 [main] INFO  o.s.boot.web.servlet.ServletRegistrationBean - Servlet statViewServlet mapped to [/druid/*]
2018-12-22 23:39:56.340 [main] INFO  o.s.boot.web.servlet.ServletRegistrationBean - Servlet dispatcherServlet mapped to [/]
2018-12-22 23:39:56.340 [main] INFO  o.s.boot.web.servlet.ServletRegistrationBean - Servlet statViewServlet mapped to [/druid/*]
2018-12-22 23:39:56.340 [main] INFO  o.s.boot.web.servlet.RegistrationBean - Servlet statViewServlet was not registered (possibly already registered?)
2018-12-22 23:39:56.342 [main] INFO  o.s.boot.web.servlet.FilterRegistrationBean - Mapping filter: 'characterEncodingFilter' to: [/*]
2018-12-22 23:39:56.343 [main] INFO  o.s.boot.web.servlet.FilterRegistrationBean - Mapping filter: 'hiddenHttpMethodFilter' to: [/*]
2018-12-22 23:39:56.343 [main] INFO  o.s.boot.web.servlet.FilterRegistrationBean - Mapping filter: 'formContentFilter' to: [/*]
2018-12-22 23:39:56.343 [main] INFO  o.s.boot.web.servlet.FilterRegistrationBean - Mapping filter: 'requestContextFilter' to: [/*]
2018-12-22 23:39:56.343 [main] INFO  o.s.boot.web.servlet.FilterRegistrationBean - Mapping filter: 'webStatFilter' to urls: [/*]
2018-12-22 23:39:56.343 [main] INFO  o.s.boot.web.servlet.FilterRegistrationBean - Mapping filter: 'delegatingFilterProxy' to: [/*]
2018-12-22 23:39:56.343 [main] INFO  o.s.boot.web.servlet.FilterRegistrationBean - Mapping filter: 'shiroFilter' to: [/*]
2018-12-22 23:39:56.343 [main] INFO  o.s.boot.web.servlet.FilterRegistrationBean - Mapping filter: 'rolesAuthorizationFilter' to: [/*]
2018-12-22 23:39:56.343 [main] INFO  o.s.boot.web.servlet.FilterRegistrationBean - Mapping filter: 'formAuthenticationFilter' to: [/*]
2018-12-22 23:39:56.755 [main] INFO  java.lang.Class - Initializing Constant
2018-12-22 23:39:56.757 [main] DEBUG c.f.m.D.selectAllInTableWithoutParamType - ==>  Preparing: select param_name,value from f_dictionary where param_type <> ? 
2018-12-22 23:39:56.771 [main] DEBUG c.f.m.D.selectAllInTableWithoutParamType - ==> Parameters: 参数代码(String)
2018-12-22 23:39:56.777 [main] DEBUG c.f.m.D.selectAllInTableWithoutParamType - <==      Total: 40
2018-12-22 23:39:56.790 [main] INFO  java.lang.Class - Initializing GlobalCode
2018-12-22 23:39:56.791 [main] DEBUG c.f.m.D.selectAllInTableWithParamType - ==>  Preparing: select param_name,value from f_dictionary where param_type = ? 
2018-12-22 23:39:56.791 [main] DEBUG c.f.m.D.selectAllInTableWithParamType - ==> Parameters: 参数代码(String)
2018-12-22 23:39:56.793 [main] DEBUG c.f.m.D.selectAllInTableWithParamType - <==      Total: 9
2018-12-22 23:39:57.288 [main] INFO  o.s.scheduling.concurrent.ThreadPoolTaskExecutor - Initializing ExecutorService 'applicationTaskExecutor'
2018-12-22 23:39:57.538 [main] INFO  o.s.b.a.web.servlet.WelcomePageHandlerMapping - Adding welcome page template: index
2018-12-22 23:39:57.573 [main] INFO  t.mybatis.mapper.autoconfigure.MapperCacheDisabler - Clear tk.mybatis.mapper.util.MsUtil CLASS_CACHE cache.
2018-12-22 23:39:57.573 [main] INFO  t.mybatis.mapper.autoconfigure.MapperCacheDisabler - Clear tk.mybatis.mapper.genid.GenIdUtil CACHE cache.
2018-12-22 23:39:57.574 [main] INFO  t.mybatis.mapper.autoconfigure.MapperCacheDisabler - Clear tk.mybatis.mapper.version.VersionUtil CACHE cache.
2018-12-22 23:39:57.574 [main] INFO  t.mybatis.mapper.autoconfigure.MapperCacheDisabler - Clear EntityHelper entityTableMap cache.
2018-12-22 23:39:58.510 [main] INFO  o.s.a.rabbit.connection.CachingConnectionFactory - Attempting to connect to: [127.0.0.1:5672]
2018-12-22 23:39:58.555 [main] INFO  o.s.a.rabbit.connection.CachingConnectionFactory - Created new connection: rabbitConnectionFactory#723e2d08:0/SimpleConnection@16f4a3c0 [delegate=amqp://admin@127.0.0.1:5672/, localPort= 49591]
2018-12-22 23:39:58.738 [main] INFO  org.apache.coyote.http11.Http11NioProtocol - Starting ProtocolHandler ["http-nio-8080"]
2018-12-22 23:39:58.756 [main] INFO  org.apache.tomcat.util.net.NioSelectorPool - Using a shared selector for servlet write/read
2018-12-22 23:39:58.769 [main] INFO  o.s.boot.web.embedded.tomcat.TomcatWebServer - Tomcat started on port(s): 8080 (http) with context path ''
2018-12-22 23:39:58.772 [main] INFO  com.forum.DemoApplication - Started DemoApplication in 5.744 seconds (JVM running for 6.572)
2018-12-22 23:40:43.433 [http-nio-8080-exec-1] INFO  o.a.c.core.ContainerBase.[Tomcat].[localhost].[/] - Initializing Spring DispatcherServlet 'dispatcherServlet'
2018-12-22 23:40:43.433 [http-nio-8080-exec-1] INFO  org.springframework.web.servlet.DispatcherServlet - Initializing Servlet 'dispatcherServlet'
2018-12-22 23:40:43.450 [http-nio-8080-exec-1] INFO  org.springframework.web.servlet.DispatcherServlet - Completed initialization in 17 ms
2018-12-22 23:40:43.464 [http-nio-8080-exec-1] INFO  o.a.s.session.mgt.AbstractValidatingSessionManager - Enabling session validation scheduler...
2018-12-22 23:40:43.670 [http-nio-8080-exec-2] INFO  io.lettuce.core.EpollProvider - Starting without optional epoll library
2018-12-22 23:40:43.672 [http-nio-8080-exec-2] INFO  io.lettuce.core.KqueueProvider - Starting without optional kqueue library
2018-12-22 23:40:43.942 [http-nio-8080-exec-2] INFO  com.forum.service.aspect.ControllerLogAspect - Date : 2018-12-22 11:40:43
2018-12-22 23:40:43.954 [http-nio-8080-exec-2] INFO  com.forum.service.aspect.ControllerLogAspect - Request Parameter : [:]
2018-12-22 23:40:43.954 [http-nio-8080-exec-2] INFO  com.forum.service.aspect.ControllerLogAspect - Username : 未登录
2018-12-22 23:40:43.970 [http-nio-8080-exec-2] INFO  com.forum.service.aspect.ControllerLogAspect - Finish Method Spend Time : 82ms
2018-12-22 23:40:43.974 [http-nio-8080-exec-2] INFO  com.forum.service.aspect.ControllerLogAspect - Returning >>> response=null
2018-12-22 23:40:44.000 [http-nio-8080-exec-2] INFO  com.forum.service.aspect.ControllerLogAspect - Returning >>> {"id":0,"url":"http://192.168.31.179:8080/loginpage;JSESSIONID=12d14fd4-e8b3-4f22-80e1-8428d8e7d368","ip":"192.168.31.137","httpMethod":"GET","classMethod":"com.forum.controller.RedirectController.loginPage","args":"Arg -> (0)execution(Object com.forum.controller.RedirectController.loginPage(HttpServletResponse))","reqParams":null,"respParams":"null","spendTime":89,"logType":"isJsonRequest:false","user":null}
2018-12-22 23:40:44.064 [http-nio-8080-exec-3] INFO  com.forum.service.aspect.ControllerLogAspect - Date : 2018-12-22 11:40:44
2018-12-22 23:40:44.064 [http-nio-8080-exec-3] INFO  com.forum.service.aspect.ControllerLogAspect - Request Parameter : [:]
2018-12-22 23:40:44.064 [http-nio-8080-exec-3] INFO  com.forum.service.aspect.ControllerLogAspect - Username : 未登录
2018-12-22 23:40:44.064 [http-nio-8080-exec-3] INFO  com.forum.service.aspect.ControllerLogAspect - Finish Method Spend Time : 1ms
2018-12-22 23:40:44.065 [http-nio-8080-exec-3] INFO  com.forum.service.aspect.ControllerLogAspect - Returning >>> response=index.html
2018-12-22 23:40:44.067 [http-nio-8080-exec-3] INFO  com.forum.service.aspect.ControllerLogAspect - Returning >>> {"id":0,"url":"http://192.168.31.179:8080/index","ip":"192.168.31.137","httpMethod":"GET","classMethod":"com.forum.controller.RedirectController.main","args":"Arg -> (0)execution(Object com.forum.controller.RedirectController.main())","reqParams":null,"respParams":"\"index.html\"","spendTime":2,"logType":"isJsonRequest:false","user":null}
2018-12-22 23:40:45.276 [http-nio-8080-exec-4] INFO  com.forum.service.aspect.ControllerLogAspect - Date : 2018-12-22 11:40:45
2018-12-22 23:40:45.276 [http-nio-8080-exec-4] INFO  com.forum.service.aspect.ControllerLogAspect - Request Parameter : [:]
2018-12-22 23:40:45.276 [http-nio-8080-exec-4] INFO  com.forum.service.aspect.ControllerLogAspect - Username : 未登录
2018-12-22 23:40:45.277 [http-nio-8080-exec-4] INFO  com.forum.service.aspect.ControllerLogAspect - Finish Method Spend Time : 1ms
2018-12-22 23:40:45.277 [http-nio-8080-exec-4] INFO  com.forum.service.aspect.ControllerLogAspect - Returning >>> response=null
2018-12-22 23:40:45.278 [http-nio-8080-exec-4] INFO  com.forum.service.aspect.ControllerLogAspect - Returning >>> {"id":0,"url":"http://192.168.31.179:8080/loginpage","ip":"192.168.31.137","httpMethod":"GET","classMethod":"com.forum.controller.RedirectController.loginPage","args":"Arg -> (0)execution(Object com.forum.controller.RedirectController.loginPage(HttpServletResponse))","reqParams":null,"respParams":"null","spendTime":1,"logType":"isJsonRequest:false","user":null}
2018-12-22 23:40:45.289 [http-nio-8080-exec-10] INFO  com.forum.service.aspect.ControllerLogAspect - Date : 2018-12-22 11:40:45
2018-12-22 23:40:45.289 [http-nio-8080-exec-10] INFO  com.forum.service.aspect.ControllerLogAspect - Request Parameter : [:]
2018-12-22 23:40:45.289 [http-nio-8080-exec-10] INFO  com.forum.service.aspect.ControllerLogAspect - Username : 未登录
2018-12-22 23:40:45.289 [http-nio-8080-exec-10] INFO  com.forum.service.aspect.ControllerLogAspect - Finish Method Spend Time : 0ms
2018-12-22 23:40:45.289 [http-nio-8080-exec-10] INFO  com.forum.service.aspect.ControllerLogAspect - Returning >>> response=index.html
2018-12-22 23:40:45.291 [http-nio-8080-exec-10] INFO  com.forum.service.aspect.ControllerLogAspect - Returning >>> {"id":0,"url":"http://192.168.31.179:8080/index","ip":"192.168.31.137","httpMethod":"GET","classMethod":"com.forum.controller.RedirectController.main","args":"Arg -> (0)execution(Object com.forum.controller.RedirectController.main())","reqParams":null,"respParams":"\"index.html\"","spendTime":1,"logType":"isJsonRequest:false","user":null}
2018-12-22 23:40:58.681 [http-nio-8080-exec-8] INFO  com.forum.service.aspect.ControllerLogAspect - Date : 2018-12-22 11:40:58
2018-12-22 23:40:58.682 [http-nio-8080-exec-8] INFO  com.forum.service.aspect.ControllerLogAspect - Request Parameter : [:]
2018-12-22 23:40:58.682 [http-nio-8080-exec-8] INFO  com.forum.service.aspect.ControllerLogAspect - Username : 未登录
2018-12-22 23:40:58.682 [http-nio-8080-exec-8] INFO  com.forum.service.aspect.ControllerLogAspect - Finish Method Spend Time : 1ms
2018-12-22 23:40:58.682 [http-nio-8080-exec-8] INFO  com.forum.service.aspect.ControllerLogAspect - Returning >>> response=/user/forum_list.html
2018-12-22 23:40:58.683 [http-nio-8080-exec-8] INFO  com.forum.service.aspect.ControllerLogAspect - Returning >>> {"id":0,"url":"http://192.168.31.179:8080/forum_list","ip":"192.168.31.137","httpMethod":"GET","classMethod":"com.forum.controller.RedirectController.forumList","args":"Arg -> (0)execution(Object com.forum.controller.RedirectController.forumList())","reqParams":null,"respParams":"\"/user/forum_list.html\"","spendTime":1,"logType":"isJsonRequest:false","user":null}
2018-12-22 23:40:58.749 [http-nio-8080-exec-6] INFO  com.forum.service.aspect.ControllerLogAspect - Date : 2018-12-22 11:40:58
2018-12-22 23:40:58.749 [http-nio-8080-exec-6] INFO  com.forum.service.aspect.ControllerLogAspect - Request Parameter : [page:[0]]
2018-12-22 23:40:58.750 [http-nio-8080-exec-6] INFO  com.forum.service.aspect.ControllerLogAspect - Username : 未登录
2018-12-22 23:40:58.814 [http-nio-8080-exec-6] DEBUG c.f.m.F.selectAllFromTableByEnableAndAuthorityWithoutType_COUNT - ==>  Preparing: SELECT count(0) FROM f_forumlist WHERE fid >= (SELECT floor(max(fid) * rand()) FROM f_forumlist) AND enable = ? AND authority = ? 
2018-12-22 23:40:58.823 [http-nio-8080-exec-6] DEBUG c.f.m.F.selectAllFromTableByEnableAndAuthorityWithoutType_COUNT - ==> Parameters: true(Boolean), true(Boolean)
2018-12-22 23:40:58.834 [http-nio-8080-exec-6] DEBUG c.f.m.F.selectAllFromTableByEnableAndAuthorityWithoutType_COUNT - <==      Total: 1
2018-12-22 23:40:58.835 [http-nio-8080-exec-6] DEBUG c.f.m.F.selectAllFromTableByEnableAndAuthorityWithoutType - ==>  Preparing: select * from f_forumlist where fid >= (select floor( max(fid) * rand()) from f_forumlist ) and enable = ? and authority = ? order by fid LIMIT 5 
2018-12-22 23:40:58.837 [http-nio-8080-exec-6] DEBUG c.f.m.F.selectAllFromTableByEnableAndAuthorityWithoutType - ==> Parameters: true(Boolean), true(Boolean)
2018-12-22 23:40:58.843 [http-nio-8080-exec-6] DEBUG c.f.m.F.selectAllFromTableByEnableAndAuthorityWithoutType - <==      Total: 2
2018-12-22 23:40:58.843 [http-nio-8080-exec-6] INFO  com.forum.service.aspect.ControllerLogAspect - Finish Method Spend Time : 95ms
2018-12-22 23:40:58.847 [http-nio-8080-exec-6] INFO  com.forum.service.aspect.ControllerLogAspect - Returning >>> response=Page{count=true, pageNum=1, pageSize=5, startRow=0, endRow=5, total=2, pages=1, reasonable=true, pageSizeZero=false}
2018-12-22 23:40:58.853 [http-nio-8080-exec-6] INFO  com.forum.service.aspect.ControllerLogAspect - Returning >>> {"id":0,"url":"http://192.168.31.179:8080/user-forum/forumlist","ip":"192.168.31.137","httpMethod":"POST","classMethod":"com.forum.controller.ForumController.getForumList","args":"Arg -> (0)execution(Object com.forum.controller.ForumController.getForumList(String,Integer))","reqParams":null,"respParams":"[{\"fid\":\"1\",\"fname\":\"HI1\",\"img\":null,\"creator\":\"1068310406818304000\",\"description\":\"HI\",\"creatorIP\":\"0\",\"enable\":true,\"authority\":true,\"type\":null,\"date\":\"2018-12-20 16:21:51.0\"},{\"fid\":\"2\",\"fname\":\"HI2\",\"img\":null,\"creator\":\"1068310406881218560\",\"description\":\"HIHI\",\"creatorIP\":\"0\",\"enable\":true,\"authority\":true,\"type\":null,\"date\":\"2018-12-20 16:21:51.0\"}]","spendTime":104,"logType":"isJsonRequest:true","user":null}
2018-12-22 23:41:00.370 [http-nio-8080-exec-2] INFO  com.forum.service.aspect.ControllerLogAspect - Date : 2018-12-22 11:41:00
2018-12-22 23:41:00.371 [http-nio-8080-exec-2] INFO  com.forum.service.aspect.ControllerLogAspect - Request Parameter : [fid:[1]]
2018-12-22 23:41:00.371 [http-nio-8080-exec-2] INFO  com.forum.service.aspect.ControllerLogAspect - Username : 未登录
2018-12-22 23:41:00.371 [http-nio-8080-exec-2] INFO  com.forum.service.aspect.ControllerLogAspect - Finish Method Spend Time : 1ms
2018-12-22 23:41:00.371 [http-nio-8080-exec-2] INFO  com.forum.service.aspect.ControllerLogAspect - Returning >>> response=/user/single_forum.html
2018-12-22 23:41:00.373 [http-nio-8080-exec-2] INFO  com.forum.service.aspect.ControllerLogAspect - Returning >>> {"id":0,"url":"http://192.168.31.179:8080/single_forum","ip":"192.168.31.137","httpMethod":"GET","classMethod":"com.forum.controller.RedirectController.singleForum","args":"Arg -> (0)execution(Object com.forum.controller.RedirectController.singleForum(HttpServletRequest,String))","reqParams":null,"respParams":"\"/user/single_forum.html\"","spendTime":2,"logType":"isJsonRequest:false","user":null}
2018-12-22 23:41:00.424 [http-nio-8080-exec-3] INFO  com.forum.service.aspect.ControllerLogAspect - Date : 2018-12-22 11:41:00
2018-12-22 23:41:00.425 [http-nio-8080-exec-3] INFO  com.forum.service.aspect.ControllerLogAspect - Request Parameter : [fid:[1]]
2018-12-22 23:41:00.425 [http-nio-8080-exec-3] INFO  com.forum.service.aspect.ControllerLogAspect - Username : 未登录
2018-12-22 23:41:00.429 [http-nio-8080-exec-3] DEBUG c.f.m.U.userSingleForumPostList - ==>  Preparing: SELECT user_img,nickname,sid,f_post.postid,f_post.fid,f_post.postid,f_post.type,f_post.title,f_post.text,f_post.lastupdatetime,f_post.video,f_post.img0,f_post.img1,f_post.img2,f_post.img3,f_post.img4,f_post.img5,f_post.img6,f_post.img7,f_post.img8,f_forumlist.fname,f_forumlist.img,f_forumlist.type as forum_type FROM f_user,f_forumlist,f_post where f_post.fid=? and f_post.fid=f_forumlist.fid and f_post.creator=sid and f_post.enable=true and f_forumlist.enable=true and f_forumlist.authority=true order by lastupdatetime desc 
2018-12-22 23:41:00.433 [http-nio-8080-exec-3] DEBUG c.f.m.U.userSingleForumPostList - ==> Parameters: 1(String)
2018-12-22 23:41:00.444 [http-nio-8080-exec-3] DEBUG c.f.m.U.userSingleForumPostList - <==      Total: 3
2018-12-22 23:41:00.444 [http-nio-8080-exec-3] INFO  com.forum.service.aspect.ControllerLogAspect - Finish Method Spend Time : 20ms
2018-12-22 23:41:00.445 [http-nio-8080-exec-3] INFO  com.forum.service.aspect.ControllerLogAspect - Returning >>> response=[com.forum.model.entity.UserForumListPostVOEntity@144d373c, com.forum.model.entity.UserForumListPostVOEntity@30e0d27a, com.forum.model.entity.UserForumListPostVOEntity@4fa8d444]
2018-12-22 23:41:00.449 [http-nio-8080-exec-3] INFO  com.forum.service.aspect.ControllerLogAspect - Returning >>> {"id":0,"url":"http://192.168.31.179:8080/user-forum/single-forum-postlist","ip":"192.168.31.137","httpMethod":"POST","classMethod":"com.forum.controller.ForumController.getSingleForumPostList","args":"Arg -> (0)execution(Object com.forum.controller.ForumController.getSingleForumPostList(String))","reqParams":null,"respParams":"[{\"sid\":\"1068310406881218560\",\"nickname\":\"guest\",\"postid\":3,\"fid\":1,\"creator\":null,\"type\":\"2\",\"img0\":null,\"img1\":null,\"img2\":null,\"img3\":null,\"img4\":null,\"img5\":null,\"img6\":null,\"img7\":null,\"img8\":null,\"video\":\"images/video/demo.mp4\",\"date\":null,\"enable\":false,\"text\":\"<p style='color:red'>Hi3</p>\",\"lastupdatetime\":\"2018-12-21 09:06:30.0\",\"title\":\"Hi3\",\"fname\":\"HI1\",\"img\":null,\"forumType\":null,\"userImg\":null},{\"sid\":\"1068310406818304000\",\"nickname\":\"admin\",\"postid\":1,\"fid\":1,\"creator\":null,\"type\":\"0\",\"img0\":null,\"img1\":null,\"img2\":null,\"img3\":null,\"img4\":null,\"img5\":null,\"img6\":null,\"img7\":null,\"img8\":null,\"video\":null,\"date\":null,\"enable\":false,\"text\":\"Hello\",\"lastupdatetime\":\"2018-12-20 16:32:38.0\",\"title\":\"HI\",\"fname\":\"HI1\",\"img\":null,\"forumType\":null,\"userImg\":null},{\"sid\":\"1068310406881218560\",\"nickname\":\"guest\",\"postid\":2,\"fid\":1,\"creator\":null,\"type\":\"1\",\"img0\":\"images/unsplash_1.jpg\",\"img1\":\"images/unsplash_1.jpg\",\"img2\":null,\"img3\":null,\"img4\":null,\"img5\":null,\"img6\":null,\"img7\":null,\"img8\":null,\"video\":null,\"date\":null,\"enable\":false,\"text\":\"HI2\",\"lastupdatetime\":\"2018-11-21 09:05:43.0\",\"title\":\"HI2\",\"fname\":\"HI1\",\"img\":null,\"forumType\":null,\"userImg\":null}]","spendTime":24,"logType":"isJsonRequest:true","user":null}
2018-12-22 23:41:55.824 [http-nio-8080-exec-5] INFO  com.forum.service.aspect.ControllerLogAspect - Date : 2018-12-22 11:41:55
2018-12-22 23:41:55.824 [http-nio-8080-exec-5] INFO  com.forum.service.aspect.ControllerLogAspect - Request Parameter : [:]
2018-12-22 23:41:55.824 [http-nio-8080-exec-5] INFO  com.forum.service.aspect.ControllerLogAspect - Username : 未登录
2018-12-22 23:41:55.824 [http-nio-8080-exec-5] INFO  com.forum.service.aspect.ControllerLogAspect - Finish Method Spend Time : 0ms
2018-12-22 23:41:55.825 [http-nio-8080-exec-5] INFO  com.forum.service.aspect.ControllerLogAspect - Returning >>> response=index.html
2018-12-22 23:41:55.826 [http-nio-8080-exec-5] INFO  com.forum.service.aspect.ControllerLogAspect - Returning >>> {"id":0,"url":"http://192.168.31.179:8080/index","ip":"192.168.31.137","httpMethod":"GET","classMethod":"com.forum.controller.RedirectController.main","args":"Arg -> (0)execution(Object com.forum.controller.RedirectController.main())","reqParams":null,"respParams":"\"index.html\"","spendTime":1,"logType":"isJsonRequest:false","user":null}
2018-12-22 23:42:07.009 [http-nio-8080-exec-9] INFO  com.forum.service.aspect.ControllerLogAspect - Date : 2018-12-22 11:42:07
2018-12-22 23:42:07.009 [http-nio-8080-exec-9] INFO  com.forum.service.aspect.ControllerLogAspect - Request Parameter : [:]
2018-12-22 23:42:07.009 [http-nio-8080-exec-9] INFO  com.forum.service.aspect.ControllerLogAspect - Username : 未登录
2018-12-22 23:42:07.009 [http-nio-8080-exec-9] INFO  com.forum.service.aspect.ControllerLogAspect - Finish Method Spend Time : 0ms
2018-12-22 23:42:07.009 [http-nio-8080-exec-9] INFO  com.forum.service.aspect.ControllerLogAspect - Returning >>> response=index.html
2018-12-22 23:42:07.010 [http-nio-8080-exec-9] INFO  com.forum.service.aspect.ControllerLogAspect - Returning >>> {"id":0,"url":"http://192.168.31.179:8080/index","ip":"192.168.31.137","httpMethod":"GET","classMethod":"com.forum.controller.RedirectController.main","args":"Arg -> (0)execution(Object com.forum.controller.RedirectController.main())","reqParams":null,"respParams":"\"index.html\"","spendTime":1,"logType":"isJsonRequest:false","user":null}
2018-12-22 23:43:49.759 [http-nio-8080-exec-3] INFO  com.forum.service.aspect.ControllerLogAspect - Date : 2018-12-22 11:43:49
2018-12-22 23:43:49.759 [http-nio-8080-exec-3] INFO  com.forum.service.aspect.ControllerLogAspect - Request Parameter : [:]
2018-12-22 23:43:49.759 [http-nio-8080-exec-3] INFO  com.forum.service.aspect.ControllerLogAspect - Username : 未登录
2018-12-22 23:43:49.759 [http-nio-8080-exec-3] INFO  com.forum.service.aspect.ControllerLogAspect - Finish Method Spend Time : 1ms
2018-12-22 23:43:49.759 [http-nio-8080-exec-3] INFO  com.forum.service.aspect.ControllerLogAspect - Returning >>> response=index.html
2018-12-22 23:43:49.761 [http-nio-8080-exec-3] INFO  com.forum.service.aspect.ControllerLogAspect - Returning >>> {"id":0,"url":"http://192.168.31.179:8080/index","ip":"192.168.31.137","httpMethod":"GET","classMethod":"com.forum.controller.RedirectController.main","args":"Arg -> (0)execution(Object com.forum.controller.RedirectController.main())","reqParams":null,"respParams":"\"index.html\"","spendTime":1,"logType":"isJsonRequest:false","user":null}
2018-12-22 23:44:50.065 [http-nio-8080-exec-5] INFO  com.forum.service.aspect.ControllerLogAspect - Date : 2018-12-22 11:44:50
2018-12-22 23:44:50.065 [http-nio-8080-exec-5] INFO  com.forum.service.aspect.ControllerLogAspect - Request Parameter : [:]
2018-12-22 23:44:50.065 [http-nio-8080-exec-5] INFO  com.forum.service.aspect.ControllerLogAspect - Username : 未登录
2018-12-22 23:44:50.065 [http-nio-8080-exec-5] INFO  com.forum.service.aspect.ControllerLogAspect - Finish Method Spend Time : 0ms
2018-12-22 23:44:50.066 [http-nio-8080-exec-5] INFO  com.forum.service.aspect.ControllerLogAspect - Returning >>> response=index.html
2018-12-22 23:44:50.067 [http-nio-8080-exec-5] INFO  com.forum.service.aspect.ControllerLogAspect - Returning >>> {"id":0,"url":"http://192.168.31.179:8080/index","ip":"192.168.31.137","httpMethod":"GET","classMethod":"com.forum.controller.RedirectController.main","args":"Arg -> (0)execution(Object com.forum.controller.RedirectController.main())","reqParams":null,"respParams":"\"index.html\"","spendTime":1,"logType":"isJsonRequest:false","user":null}
2018-12-22 23:46:25.846 [http-nio-8080-exec-3] INFO  org.apache.tomcat.util.http.parser.Cookie - A cookie header was received [1535861272; CNZZDATA1260732280=1280659047-1535852488-%7C1535863730; UM_distinctid=16597f4aff7c1d-05ab067375a7708-49183707-1aeaa0-16597f4aff8a01] that contained an invalid cookie. That cookie will be ignored.Note: further occurrences of this error will be logged at DEBUG level.
2018-12-22 23:46:25.855 [http-nio-8080-exec-2] INFO  com.forum.service.aspect.ControllerLogAspect - Date : 2018-12-22 11:46:25
2018-12-22 23:46:25.855 [http-nio-8080-exec-2] INFO  com.forum.service.aspect.ControllerLogAspect - Request Parameter : [:]
2018-12-22 23:46:25.855 [http-nio-8080-exec-2] INFO  com.forum.service.aspect.ControllerLogAspect - Username : 未登录
2018-12-22 23:46:25.855 [http-nio-8080-exec-2] INFO  com.forum.service.aspect.ControllerLogAspect - Finish Method Spend Time : 0ms
2018-12-22 23:46:25.856 [http-nio-8080-exec-2] INFO  com.forum.service.aspect.ControllerLogAspect - Returning >>> response=null
2018-12-22 23:46:25.857 [http-nio-8080-exec-2] INFO  com.forum.service.aspect.ControllerLogAspect - Returning >>> {"id":0,"url":"http://localhost:8080/loginpage;JSESSIONID=a6a6e67f-c26b-47f8-9f51-b32584af1b91","ip":"0:0:0:0:0:0:0:1","httpMethod":"GET","classMethod":"com.forum.controller.RedirectController.loginPage","args":"Arg -> (0)execution(Object com.forum.controller.RedirectController.loginPage(HttpServletResponse))","reqParams":null,"respParams":"null","spendTime":1,"logType":"isJsonRequest:false","user":null}
2018-12-22 23:46:25.858 [http-nio-8080-exec-4] INFO  com.forum.service.aspect.ControllerLogAspect - Date : 2018-12-22 11:46:25
2018-12-22 23:46:25.858 [http-nio-8080-exec-4] INFO  com.forum.service.aspect.ControllerLogAspect - Request Parameter : [:]
2018-12-22 23:46:25.859 [http-nio-8080-exec-4] INFO  com.forum.service.aspect.ControllerLogAspect - Username : 未登录
2018-12-22 23:46:25.862 [http-nio-8080-exec-4] INFO  com.forum.service.aspect.ControllerLogAspect - Finish Method Spend Time : 5ms
2018-12-22 23:46:25.862 [http-nio-8080-exec-4] INFO  com.forum.service.aspect.ControllerLogAspect - Returning >>> response=setcookie.html
2018-12-22 23:46:25.863 [http-nio-8080-exec-4] INFO  com.forum.service.aspect.ControllerLogAspect - Returning >>> {"id":0,"url":"http://localhost:8080/cookie","ip":"0:0:0:0:0:0:0:1","httpMethod":"GET","classMethod":"com.forum.controller.RequestLimitExpController.cookieLimitRes","args":"Arg -> (0)execution(Object com.forum.controller.RequestLimitExpController.cookieLimitRes(HttpServletRequest,HttpServletResponse,Model))","reqParams":null,"respParams":"\"setcookie.html\"","spendTime":6,"logType":"isJsonRequest:false","user":null}
2018-12-22 23:46:25.865 [http-nio-8080-exec-7] INFO  com.forum.service.aspect.ControllerLogAspect - Date : 2018-12-22 11:46:25
2018-12-22 23:46:25.865 [http-nio-8080-exec-7] INFO  com.forum.service.aspect.ControllerLogAspect - Request Parameter : [:]
2018-12-22 23:46:25.865 [http-nio-8080-exec-7] INFO  com.forum.service.aspect.ControllerLogAspect - Username : 未登录
2018-12-22 23:46:25.865 [http-nio-8080-exec-7] INFO  com.forum.service.aspect.ControllerLogAspect - Finish Method Spend Time : 0ms
2018-12-22 23:46:25.866 [http-nio-8080-exec-7] INFO  com.forum.service.aspect.ControllerLogAspect - Returning >>> response=index.html
2018-12-22 23:46:25.867 [http-nio-8080-exec-7] INFO  com.forum.service.aspect.ControllerLogAspect - Returning >>> {"id":0,"url":"http://localhost:8080/index","ip":"0:0:0:0:0:0:0:1","httpMethod":"GET","classMethod":"com.forum.controller.RedirectController.main","args":"Arg -> (0)execution(Object com.forum.controller.RedirectController.main())","reqParams":null,"respParams":"\"index.html\"","spendTime":1,"logType":"isJsonRequest:false","user":null}
2018-12-22 23:46:26.578 [http-nio-8080-exec-8] INFO  com.forum.service.aspect.ControllerLogAspect - Date : 2018-12-22 11:46:26
2018-12-22 23:46:26.578 [http-nio-8080-exec-8] INFO  com.forum.service.aspect.ControllerLogAspect - Request Parameter : [:]
2018-12-22 23:46:26.578 [http-nio-8080-exec-8] INFO  com.forum.service.aspect.ControllerLogAspect - Username : 未登录
2018-12-22 23:46:26.578 [http-nio-8080-exec-8] INFO  com.forum.service.aspect.ControllerLogAspect - Finish Method Spend Time : 1ms
2018-12-22 23:46:26.579 [http-nio-8080-exec-8] INFO  com.forum.service.aspect.ControllerLogAspect - Returning >>> response=null
2018-12-22 23:46:26.582 [http-nio-8080-exec-8] INFO  com.forum.service.aspect.ControllerLogAspect - Returning >>> {"id":0,"url":"http://localhost:8080/loginpage","ip":"0:0:0:0:0:0:0:1","httpMethod":"GET","classMethod":"com.forum.controller.RedirectController.loginPage","args":"Arg -> (0)execution(Object com.forum.controller.RedirectController.loginPage(HttpServletResponse))","reqParams":null,"respParams":"null","spendTime":2,"logType":"isJsonRequest:false","user":null}
2018-12-22 23:46:26.586 [http-nio-8080-exec-5] INFO  com.forum.service.aspect.ControllerLogAspect - Date : 2018-12-22 11:46:26
2018-12-22 23:46:26.587 [http-nio-8080-exec-5] INFO  com.forum.service.aspect.ControllerLogAspect - Request Parameter : [:]
2018-12-22 23:46:26.587 [http-nio-8080-exec-5] INFO  com.forum.service.aspect.ControllerLogAspect - Username : 未登录
2018-12-22 23:46:26.587 [http-nio-8080-exec-5] INFO  com.forum.service.aspect.ControllerLogAspect - Finish Method Spend Time : 1ms
2018-12-22 23:46:26.587 [http-nio-8080-exec-5] INFO  com.forum.service.aspect.ControllerLogAspect - Returning >>> response=index.html
2018-12-22 23:46:26.588 [http-nio-8080-exec-5] INFO  com.forum.service.aspect.ControllerLogAspect - Returning >>> {"id":0,"url":"http://localhost:8080/index","ip":"0:0:0:0:0:0:0:1","httpMethod":"GET","classMethod":"com.forum.controller.RedirectController.main","args":"Arg -> (0)execution(Object com.forum.controller.RedirectController.main())","reqParams":null,"respParams":"\"index.html\"","spendTime":1,"logType":"isJsonRequest:false","user":null}
2018-12-22 23:53:01.151 [http-nio-8080-exec-5] INFO  com.forum.service.aspect.ControllerLogAspect - Date : 2018-12-22 11:53:01
2018-12-22 23:53:01.151 [http-nio-8080-exec-5] INFO  com.forum.service.aspect.ControllerLogAspect - Request Parameter : [:]
2018-12-22 23:53:01.152 [http-nio-8080-exec-5] INFO  com.forum.service.aspect.ControllerLogAspect - Username : 未登录
2018-12-22 23:53:01.152 [http-nio-8080-exec-5] INFO  com.forum.service.aspect.ControllerLogAspect - Finish Method Spend Time : 1ms
2018-12-22 23:53:01.152 [http-nio-8080-exec-5] INFO  com.forum.service.aspect.ControllerLogAspect - Returning >>> response=index.html
2018-12-22 23:53:01.153 [http-nio-8080-exec-5] INFO  com.forum.service.aspect.ControllerLogAspect - Returning >>> {"id":0,"url":"http://192.168.31.179:8080/index","ip":"192.168.31.137","httpMethod":"GET","classMethod":"com.forum.controller.RedirectController.main","args":"Arg -> (0)execution(Object com.forum.controller.RedirectController.main())","reqParams":null,"respParams":"\"index.html\"","spendTime":1,"logType":"isJsonRequest:false","user":null}
2018-12-22 23:53:06.715 [http-nio-8080-exec-3] INFO  com.forum.service.aspect.ControllerLogAspect - Date : 2018-12-22 11:53:06
2018-12-22 23:53:06.715 [http-nio-8080-exec-3] INFO  com.forum.service.aspect.ControllerLogAspect - Request Parameter : [:]
2018-12-22 23:53:06.715 [http-nio-8080-exec-3] INFO  com.forum.service.aspect.ControllerLogAspect - Username : 未登录
2018-12-22 23:53:06.716 [http-nio-8080-exec-3] INFO  com.forum.service.aspect.ControllerLogAspect - Finish Method Spend Time : 1ms
2018-12-22 23:53:06.716 [http-nio-8080-exec-3] INFO  com.forum.service.aspect.ControllerLogAspect - Returning >>> response=index.html
2018-12-22 23:53:06.717 [http-nio-8080-exec-3] INFO  com.forum.service.aspect.ControllerLogAspect - Returning >>> {"id":0,"url":"http://localhost:8080/index","ip":"0:0:0:0:0:0:0:1","httpMethod":"GET","classMethod":"com.forum.controller.RedirectController.main","args":"Arg -> (0)execution(Object com.forum.controller.RedirectController.main())","reqParams":null,"respParams":"\"index.html\"","spendTime":1,"logType":"isJsonRequest:false","user":null}
2018-12-22 23:53:26.336 [http-nio-8080-exec-2] INFO  com.forum.service.aspect.ControllerLogAspect - Date : 2018-12-22 11:53:26
2018-12-22 23:53:26.336 [http-nio-8080-exec-2] INFO  com.forum.service.aspect.ControllerLogAspect - Request Parameter : [:]
2018-12-22 23:53:26.336 [http-nio-8080-exec-2] INFO  com.forum.service.aspect.ControllerLogAspect - Username : 未登录
2018-12-22 23:53:26.336 [http-nio-8080-exec-2] INFO  com.forum.service.aspect.ControllerLogAspect - Finish Method Spend Time : 2ms
2018-12-22 23:53:26.336 [http-nio-8080-exec-2] INFO  com.forum.service.aspect.ControllerLogAspect - Returning >>> response=setcookie.html
2018-12-22 23:53:26.338 [http-nio-8080-exec-2] INFO  com.forum.service.aspect.ControllerLogAspect - Returning >>> {"id":0,"url":"http://localhost:8080/cookie","ip":"0:0:0:0:0:0:0:1","httpMethod":"GET","classMethod":"com.forum.controller.RequestLimitExpController.cookieLimitRes","args":"Arg -> (0)execution(Object com.forum.controller.RequestLimitExpController.cookieLimitRes(HttpServletRequest,HttpServletResponse,Model))","reqParams":null,"respParams":"\"setcookie.html\"","spendTime":3,"logType":"isJsonRequest:false","user":null}
2018-12-22 23:53:26.340 [http-nio-8080-exec-2] INFO  com.forum.service.aspect.ControllerLogAspect - Date : 2018-12-22 11:53:26
2018-12-22 23:53:26.340 [http-nio-8080-exec-2] INFO  com.forum.service.aspect.ControllerLogAspect - Request Parameter : [:]
2018-12-22 23:53:26.341 [http-nio-8080-exec-2] INFO  com.forum.service.aspect.ControllerLogAspect - Username : 未登录
2018-12-22 23:53:26.341 [http-nio-8080-exec-2] INFO  com.forum.service.aspect.ControllerLogAspect - Finish Method Spend Time : 1ms
2018-12-22 23:53:26.341 [http-nio-8080-exec-2] INFO  com.forum.service.aspect.ControllerLogAspect - Returning >>> response=index.html
2018-12-22 23:53:26.342 [http-nio-8080-exec-2] INFO  com.forum.service.aspect.ControllerLogAspect - Returning >>> {"id":0,"url":"http://localhost:8080/index","ip":"0:0:0:0:0:0:0:1","httpMethod":"GET","classMethod":"com.forum.controller.RedirectController.main","args":"Arg -> (0)execution(Object com.forum.controller.RedirectController.main())","reqParams":null,"respParams":"\"index.html\"","spendTime":1,"logType":"isJsonRequest:false","user":null}
2018-12-22 23:53:26.471 [http-nio-8080-exec-7] INFO  com.forum.service.aspect.ControllerLogAspect - Date : 2018-12-22 11:53:26
2018-12-22 23:53:26.471 [http-nio-8080-exec-7] INFO  com.forum.service.aspect.ControllerLogAspect - Request Parameter : [:]
2018-12-22 23:53:26.471 [http-nio-8080-exec-7] INFO  com.forum.service.aspect.ControllerLogAspect - Username : 未登录
2018-12-22 23:53:26.471 [http-nio-8080-exec-7] INFO  com.forum.service.aspect.ControllerLogAspect - Finish Method Spend Time : 0ms
2018-12-22 23:53:26.471 [http-nio-8080-exec-7] INFO  com.forum.service.aspect.ControllerLogAspect - Returning >>> response=index.html
2018-12-22 23:53:26.472 [http-nio-8080-exec-7] INFO  com.forum.service.aspect.ControllerLogAspect - Returning >>> {"id":0,"url":"http://localhost:8080/index","ip":"0:0:0:0:0:0:0:1","httpMethod":"GET","classMethod":"com.forum.controller.RedirectController.main","args":"Arg -> (0)execution(Object com.forum.controller.RedirectController.main())","reqParams":null,"respParams":"\"index.html\"","spendTime":1,"logType":"isJsonRequest:false","user":null}
2018-12-22 23:53:26.787 [http-nio-8080-exec-1] INFO  com.forum.service.aspect.ControllerLogAspect - Date : 2018-12-22 11:53:26
2018-12-22 23:53:26.787 [http-nio-8080-exec-1] INFO  com.forum.service.aspect.ControllerLogAspect - Request Parameter : [:]
2018-12-22 23:53:26.787 [http-nio-8080-exec-1] INFO  com.forum.service.aspect.ControllerLogAspect - Username : 未登录
2018-12-22 23:53:26.787 [http-nio-8080-exec-1] INFO  com.forum.service.aspect.ControllerLogAspect - Finish Method Spend Time : 0ms
2018-12-22 23:53:26.788 [http-nio-8080-exec-1] INFO  com.forum.service.aspect.ControllerLogAspect - Returning >>> response=null
2018-12-22 23:53:26.788 [http-nio-8080-exec-1] INFO  com.forum.service.aspect.ControllerLogAspect - Returning >>> {"id":0,"url":"http://localhost:8080/loginpage","ip":"0:0:0:0:0:0:0:1","httpMethod":"GET","classMethod":"com.forum.controller.RedirectController.loginPage","args":"Arg -> (0)execution(Object com.forum.controller.RedirectController.loginPage(HttpServletResponse))","reqParams":null,"respParams":"null","spendTime":1,"logType":"isJsonRequest:false","user":null}
2018-12-22 23:53:26.794 [http-nio-8080-exec-5] INFO  com.forum.service.aspect.ControllerLogAspect - Date : 2018-12-22 11:53:26
2018-12-22 23:53:26.795 [http-nio-8080-exec-5] INFO  com.forum.service.aspect.ControllerLogAspect - Request Parameter : [:]
2018-12-22 23:53:26.795 [http-nio-8080-exec-5] INFO  com.forum.service.aspect.ControllerLogAspect - Username : 未登录
2018-12-22 23:53:26.795 [http-nio-8080-exec-5] INFO  com.forum.service.aspect.ControllerLogAspect - Finish Method Spend Time : 1ms
2018-12-22 23:53:26.795 [http-nio-8080-exec-5] INFO  com.forum.service.aspect.ControllerLogAspect - Returning >>> response=index.html
2018-12-22 23:53:26.796 [http-nio-8080-exec-5] INFO  com.forum.service.aspect.ControllerLogAspect - Returning >>> {"id":0,"url":"http://localhost:8080/index","ip":"0:0:0:0:0:0:0:1","httpMethod":"GET","classMethod":"com.forum.controller.RedirectController.main","args":"Arg -> (0)execution(Object com.forum.controller.RedirectController.main())","reqParams":null,"respParams":"\"index.html\"","spendTime":1,"logType":"isJsonRequest:false","user":null}
2018-12-22 23:54:06.971 [http-nio-8080-exec-3] INFO  com.forum.service.aspect.ControllerLogAspect - Date : 2018-12-22 11:54:06
2018-12-22 23:54:06.971 [http-nio-8080-exec-3] INFO  com.forum.service.aspect.ControllerLogAspect - Request Parameter : [:]
2018-12-22 23:54:06.971 [http-nio-8080-exec-3] INFO  com.forum.service.aspect.ControllerLogAspect - Username : 未登录
2018-12-22 23:54:06.972 [http-nio-8080-exec-3] INFO  com.forum.service.aspect.ControllerLogAspect - Finish Method Spend Time : 2ms
2018-12-22 23:54:06.972 [http-nio-8080-exec-3] INFO  com.forum.service.aspect.ControllerLogAspect - Returning >>> response=setcookie.html
2018-12-22 23:54:06.973 [http-nio-8080-exec-3] INFO  com.forum.service.aspect.ControllerLogAspect - Returning >>> {"id":0,"url":"http://192.168.31.179:8080/cookie","ip":"192.168.31.137","httpMethod":"GET","classMethod":"com.forum.controller.RequestLimitExpController.cookieLimitRes","args":"Arg -> (0)execution(Object com.forum.controller.RequestLimitExpController.cookieLimitRes(HttpServletRequest,HttpServletResponse,Model))","reqParams":null,"respParams":"\"setcookie.html\"","spendTime":2,"logType":"isJsonRequest:false","user":null}
2018-12-22 23:54:06.975 [http-nio-8080-exec-3] INFO  com.forum.service.aspect.ControllerLogAspect - Date : 2018-12-22 11:54:06
2018-12-22 23:54:06.975 [http-nio-8080-exec-3] INFO  com.forum.service.aspect.ControllerLogAspect - Request Parameter : [:]
2018-12-22 23:54:06.975 [http-nio-8080-exec-3] INFO  com.forum.service.aspect.ControllerLogAspect - Username : 未登录
2018-12-22 23:54:06.975 [http-nio-8080-exec-3] INFO  com.forum.service.aspect.ControllerLogAspect - Finish Method Spend Time : 0ms
2018-12-22 23:54:06.975 [http-nio-8080-exec-3] INFO  com.forum.service.aspect.ControllerLogAspect - Returning >>> response=index.html
2018-12-22 23:54:06.976 [http-nio-8080-exec-3] INFO  com.forum.service.aspect.ControllerLogAspect - Returning >>> {"id":0,"url":"http://192.168.31.179:8080/index","ip":"192.168.31.137","httpMethod":"GET","classMethod":"com.forum.controller.RedirectController.main","args":"Arg -> (0)execution(Object com.forum.controller.RedirectController.main())","reqParams":null,"respParams":"\"index.html\"","spendTime":0,"logType":"isJsonRequest:false","user":null}
2018-12-22 23:54:07.028 [http-nio-8080-exec-8] INFO  com.forum.service.aspect.ControllerLogAspect - Date : 2018-12-22 11:54:07
2018-12-22 23:54:07.029 [http-nio-8080-exec-8] INFO  com.forum.service.aspect.ControllerLogAspect - Request Parameter : [:]
2018-12-22 23:54:07.029 [http-nio-8080-exec-8] INFO  com.forum.service.aspect.ControllerLogAspect - Username : 未登录
2018-12-22 23:54:07.029 [http-nio-8080-exec-8] INFO  com.forum.service.aspect.ControllerLogAspect - Finish Method Spend Time : 1ms
2018-12-22 23:54:07.029 [http-nio-8080-exec-8] INFO  com.forum.service.aspect.ControllerLogAspect - Returning >>> response=index.html
2018-12-22 23:54:07.030 [http-nio-8080-exec-8] INFO  com.forum.service.aspect.ControllerLogAspect - Returning >>> {"id":0,"url":"http://192.168.31.179:8080/index","ip":"192.168.31.137","httpMethod":"GET","classMethod":"com.forum.controller.RedirectController.main","args":"Arg -> (0)execution(Object com.forum.controller.RedirectController.main())","reqParams":null,"respParams":"\"index.html\"","spendTime":1,"logType":"isJsonRequest:false","user":null}
2018-12-22 23:54:07.249 [http-nio-8080-exec-2] INFO  com.forum.service.aspect.ControllerLogAspect - Date : 2018-12-22 11:54:07
2018-12-22 23:54:07.249 [http-nio-8080-exec-2] INFO  com.forum.service.aspect.ControllerLogAspect - Request Parameter : [:]
2018-12-22 23:54:07.249 [http-nio-8080-exec-2] INFO  com.forum.service.aspect.ControllerLogAspect - Username : 未登录
2018-12-22 23:54:07.249 [http-nio-8080-exec-2] INFO  com.forum.service.aspect.ControllerLogAspect - Finish Method Spend Time : 0ms
2018-12-22 23:54:07.249 [http-nio-8080-exec-2] INFO  com.forum.service.aspect.ControllerLogAspect - Returning >>> response=setcookie.html
2018-12-22 23:54:07.250 [http-nio-8080-exec-2] INFO  com.forum.service.aspect.ControllerLogAspect - Returning >>> {"id":0,"url":"http://192.168.31.179:8080/cookie","ip":"192.168.31.137","httpMethod":"GET","classMethod":"com.forum.controller.RequestLimitExpController.cookieLimitRes","args":"Arg -> (0)execution(Object com.forum.controller.RequestLimitExpController.cookieLimitRes(HttpServletRequest,HttpServletResponse,Model))","reqParams":null,"respParams":"\"setcookie.html\"","spendTime":1,"logType":"isJsonRequest:false","user":null}
2018-12-22 23:54:07.253 [http-nio-8080-exec-2] INFO  com.forum.service.aspect.ControllerLogAspect - Date : 2018-12-22 11:54:07
2018-12-22 23:54:07.254 [http-nio-8080-exec-2] INFO  com.forum.service.aspect.ControllerLogAspect - Request Parameter : [:]
2018-12-22 23:54:07.254 [http-nio-8080-exec-2] INFO  com.forum.service.aspect.ControllerLogAspect - Username : 未登录
2018-12-22 23:54:07.712 [http-nio-8080-exec-8] INFO  com.forum.service.aspect.ControllerLogAspect - Date : 2018-12-22 11:54:07
2018-12-22 23:54:07.713 [http-nio-8080-exec-8] INFO  com.forum.service.aspect.ControllerLogAspect - Request Parameter : [:]
2018-12-22 23:54:07.713 [http-nio-8080-exec-8] INFO  com.forum.service.aspect.ControllerLogAspect - Username : 未登录
2018-12-22 23:54:07.713 [http-nio-8080-exec-8] INFO  com.forum.service.aspect.ControllerLogAspect - Finish Method Spend Time : 1ms
2018-12-22 23:54:07.713 [http-nio-8080-exec-8] INFO  com.forum.service.aspect.ControllerLogAspect - Returning >>> response=setcookie.html
2018-12-22 23:54:07.714 [http-nio-8080-exec-8] INFO  com.forum.service.aspect.ControllerLogAspect - Returning >>> {"id":0,"url":"http://192.168.31.179:8080/cookie","ip":"192.168.31.137","httpMethod":"GET","classMethod":"com.forum.controller.RequestLimitExpController.cookieLimitRes","args":"Arg -> (0)execution(Object com.forum.controller.RequestLimitExpController.cookieLimitRes(HttpServletRequest,HttpServletResponse,Model))","reqParams":null,"respParams":"\"setcookie.html\"","spendTime":1,"logType":"isJsonRequest:false","user":null}
2018-12-22 23:54:07.716 [http-nio-8080-exec-8] INFO  com.forum.service.aspect.ControllerLogAspect - Date : 2018-12-22 11:54:07
2018-12-22 23:54:07.716 [http-nio-8080-exec-8] INFO  com.forum.service.aspect.ControllerLogAspect - Request Parameter : [:]
2018-12-22 23:54:07.717 [http-nio-8080-exec-8] INFO  com.forum.service.aspect.ControllerLogAspect - Username : 未登录
2018-12-22 23:54:45.992 [http-nio-8080-exec-8] INFO  com.forum.service.aspect.ControllerLogAspect - Date : 2018-12-22 11:54:45
2018-12-22 23:54:45.992 [http-nio-8080-exec-8] INFO  com.forum.service.aspect.ControllerLogAspect - Request Parameter : [:]
2018-12-22 23:54:45.992 [http-nio-8080-exec-8] INFO  com.forum.service.aspect.ControllerLogAspect - Username : 未登录
2018-12-22 23:54:45.992 [http-nio-8080-exec-8] INFO  com.forum.service.aspect.ControllerLogAspect - Finish Method Spend Time : 1ms
2018-12-22 23:54:45.992 [http-nio-8080-exec-8] INFO  com.forum.service.aspect.ControllerLogAspect - Returning >>> response=index.html
2018-12-22 23:54:45.993 [http-nio-8080-exec-8] INFO  com.forum.service.aspect.ControllerLogAspect - Returning >>> {"id":0,"url":"http://192.168.31.179:8080/index","ip":"192.168.31.137","httpMethod":"GET","classMethod":"com.forum.controller.RedirectController.main","args":"Arg -> (0)execution(Object com.forum.controller.RedirectController.main())","reqParams":null,"respParams":"\"index.html\"","spendTime":1,"logType":"isJsonRequest:false","user":null}
2018-12-22 23:54:46.400 [http-nio-8080-exec-2] INFO  com.forum.service.aspect.ControllerLogAspect - Date : 2018-12-22 11:54:46
2018-12-22 23:54:46.400 [http-nio-8080-exec-2] INFO  com.forum.service.aspect.ControllerLogAspect - Request Parameter : [:]
2018-12-22 23:54:46.400 [http-nio-8080-exec-2] INFO  com.forum.service.aspect.ControllerLogAspect - Username : 未登录
2018-12-22 23:54:46.400 [http-nio-8080-exec-2] INFO  com.forum.service.aspect.ControllerLogAspect - Finish Method Spend Time : 0ms
2018-12-22 23:54:46.400 [http-nio-8080-exec-2] INFO  com.forum.service.aspect.ControllerLogAspect - Returning >>> response=setcookie.html
2018-12-22 23:54:46.401 [http-nio-8080-exec-2] INFO  com.forum.service.aspect.ControllerLogAspect - Returning >>> {"id":0,"url":"http://192.168.31.179:8080/cookie","ip":"192.168.31.137","httpMethod":"GET","classMethod":"com.forum.controller.RequestLimitExpController.cookieLimitRes","args":"Arg -> (0)execution(Object com.forum.controller.RequestLimitExpController.cookieLimitRes(HttpServletRequest,HttpServletResponse,Model))","reqParams":null,"respParams":"\"setcookie.html\"","spendTime":1,"logType":"isJsonRequest:false","user":null}
2018-12-22 23:54:46.404 [http-nio-8080-exec-2] INFO  com.forum.service.aspect.ControllerLogAspect - Date : 2018-12-22 11:54:46
2018-12-22 23:54:46.404 [http-nio-8080-exec-2] INFO  com.forum.service.aspect.ControllerLogAspect - Request Parameter : [:]
2018-12-22 23:54:46.404 [http-nio-8080-exec-2] INFO  com.forum.service.aspect.ControllerLogAspect - Username : 未登录
2018-12-22 23:59:30.050 [http-nio-8080-exec-7] INFO  com.forum.service.aspect.ControllerLogAspect - Date : 2018-12-22 11:59:30
2018-12-22 23:59:30.050 [http-nio-8080-exec-7] INFO  com.forum.service.aspect.ControllerLogAspect - Request Parameter : [:]
2018-12-22 23:59:30.050 [http-nio-8080-exec-7] INFO  com.forum.service.aspect.ControllerLogAspect - Username : 未登录
2018-12-22 23:59:30.050 [http-nio-8080-exec-7] INFO  com.forum.service.aspect.ControllerLogAspect - Finish Method Spend Time : 1ms
2018-12-22 23:59:30.050 [http-nio-8080-exec-7] INFO  com.forum.service.aspect.ControllerLogAspect - Returning >>> response=index.html
2018-12-22 23:59:30.051 [http-nio-8080-exec-7] INFO  com.forum.service.aspect.ControllerLogAspect - Returning >>> {"id":0,"url":"http://192.168.31.179:8080/index","ip":"192.168.31.137","httpMethod":"GET","classMethod":"com.forum.controller.RedirectController.main","args":"Arg -> (0)execution(Object com.forum.controller.RedirectController.main())","reqParams":null,"respParams":"\"index.html\"","spendTime":1,"logType":"isJsonRequest:false","user":null}
2018-12-22 23:59:30.335 [http-nio-8080-exec-6] INFO  com.forum.service.aspect.ControllerLogAspect - Date : 2018-12-22 11:59:30
2018-12-22 23:59:30.335 [http-nio-8080-exec-6] INFO  com.forum.service.aspect.ControllerLogAspect - Request Parameter : [:]
2018-12-22 23:59:30.335 [http-nio-8080-exec-6] INFO  com.forum.service.aspect.ControllerLogAspect - Username : 未登录
2018-12-22 23:59:30.335 [http-nio-8080-exec-6] INFO  com.forum.service.aspect.ControllerLogAspect - Finish Method Spend Time : 0ms
2018-12-22 23:59:30.335 [http-nio-8080-exec-6] INFO  com.forum.service.aspect.ControllerLogAspect - Returning >>> response=setcookie.html
2018-12-22 23:59:30.336 [http-nio-8080-exec-6] INFO  com.forum.service.aspect.ControllerLogAspect - Returning >>> {"id":0,"url":"http://192.168.31.179:8080/cookie","ip":"192.168.31.137","httpMethod":"GET","classMethod":"com.forum.controller.RequestLimitExpController.cookieLimitRes","args":"Arg -> (0)execution(Object com.forum.controller.RequestLimitExpController.cookieLimitRes(HttpServletRequest,HttpServletResponse,Model))","reqParams":null,"respParams":"\"setcookie.html\"","spendTime":1,"logType":"isJsonRequest:false","user":null}
2018-12-22 23:59:30.339 [http-nio-8080-exec-6] INFO  com.forum.service.aspect.ControllerLogAspect - Date : 2018-12-22 11:59:30
2018-12-22 23:59:30.339 [http-nio-8080-exec-6] INFO  com.forum.service.aspect.ControllerLogAspect - Request Parameter : [:]
2018-12-22 23:59:30.339 [http-nio-8080-exec-6] INFO  com.forum.service.aspect.ControllerLogAspect - Username : 未登录
