2019-01-24 15:31:06.698 [main] INFO  com.forum.DemoApplication - Starting DemoApplication on lujialedeMacBook-Pro.local with PID 4837 (/Users/ljl/Documents/forum/target/classes started by ljl in /Users/ljl/Documents/forum)
2019-01-24 15:31:06.701 [main] INFO  com.forum.DemoApplication - No active profile set, falling back to default profiles: default
2019-01-24 15:31:07.986 [main] INFO  o.s.d.r.config.RepositoryConfigurationDelegate - Multiple Spring Data modules found, entering strict repository configuration mode!
2019-01-24 15:31:07.989 [main] INFO  o.s.d.r.config.RepositoryConfigurationDelegate - Bootstrapping Spring Data repositories in DEFAULT mode.
2019-01-24 15:31:08.034 [main] INFO  o.s.d.r.config.RepositoryConfigurationDelegate - Finished Spring Data repository scanning in 26ms. Found 0 repository interfaces.
2019-01-24 15:31:08.363 [main] INFO  o.s.c.s.PostProcessorRegistrationDelegate$BeanPostProcessorChecker - Bean 'webSecureConfig' of type [com.forum.service.config.WebSecureConfig$$EnhancerBySpringCGLIB$$53cc24e2] is not eligible for getting processed by all BeanPostProcessors (for example: not eligible for auto-proxying)
2019-01-24 15:31:08.461 [main] INFO  o.s.c.s.PostProcessorRegistrationDelegate$BeanPostProcessorChecker - Bean 'spring.redis-org.springframework.boot.autoconfigure.data.redis.RedisProperties' of type [org.springframework.boot.autoconfigure.data.redis.RedisProperties] is not eligible for getting processed by all BeanPostProcessors (for example: not eligible for auto-proxying)
2019-01-24 15:31:08.464 [main] INFO  o.s.c.s.PostProcessorRegistrationDelegate$BeanPostProcessorChecker - Bean 'org.springframework.boot.autoconfigure.data.redis.LettuceConnectionConfiguration' of type [org.springframework.boot.autoconfigure.data.redis.LettuceConnectionConfiguration$$EnhancerBySpringCGLIB$$d0a7c2f3] is not eligible for getting processed by all BeanPostProcessors (for example: not eligible for auto-proxying)
2019-01-24 15:31:08.629 [main] INFO  o.s.c.s.PostProcessorRegistrationDelegate$BeanPostProcessorChecker - Bean 'lettuceClientResources' of type [io.lettuce.core.resource.DefaultClientResources] is not eligible for getting processed by all BeanPostProcessors (for example: not eligible for auto-proxying)
2019-01-24 15:31:08.733 [main] INFO  o.s.c.s.PostProcessorRegistrationDelegate$BeanPostProcessorChecker - Bean 'redisConnectionFactory' of type [org.springframework.data.redis.connection.lettuce.LettuceConnectionFactory] is not eligible for getting processed by all BeanPostProcessors (for example: not eligible for auto-proxying)
2019-01-24 15:31:08.737 [main] INFO  o.s.c.s.PostProcessorRegistrationDelegate$BeanPostProcessorChecker - Bean 'redisConfig' of type [com.forum.redis.config.RedisConfig$$EnhancerBySpringCGLIB$$4b4aeb2c] is not eligible for getting processed by all BeanPostProcessors (for example: not eligible for auto-proxying)
2019-01-24 15:31:08.771 [main] INFO  o.s.c.s.PostProcessorRegistrationDelegate$BeanPostProcessorChecker - Bean 'jedisPool' of type [redis.clients.jedis.JedisPool] is not eligible for getting processed by all BeanPostProcessors (for example: not eligible for auto-proxying)
2019-01-24 15:31:08.775 [main] INFO  o.s.c.s.PostProcessorRegistrationDelegate$BeanPostProcessorChecker - Bean 'redisManager' of type [org.crazycake.shiro.RedisManager] is not eligible for getting processed by all BeanPostProcessors (for example: not eligible for auto-proxying)
2019-01-24 15:31:08.780 [main] INFO  o.s.c.s.PostProcessorRegistrationDelegate$BeanPostProcessorChecker - Bean 'redisCacheManager' of type [org.crazycake.shiro.RedisCacheManager] is not eligible for getting processed by all BeanPostProcessors (for example: not eligible for auto-proxying)
2019-01-24 15:31:08.884 [main] INFO  o.s.c.s.PostProcessorRegistrationDelegate$BeanPostProcessorChecker - Bean 'mybatis-tk.mybatis.mapper.autoconfigure.MybatisProperties' of type [tk.mybatis.mapper.autoconfigure.MybatisProperties] is not eligible for getting processed by all BeanPostProcessors (for example: not eligible for auto-proxying)
2019-01-24 15:31:08.890 [main] INFO  o.s.c.s.PostProcessorRegistrationDelegate$BeanPostProcessorChecker - Bean 'tk.mybatis.mapper.autoconfigure.MapperAutoConfiguration' of type [tk.mybatis.mapper.autoconfigure.MapperAutoConfiguration$$EnhancerBySpringCGLIB$$717eac42] is not eligible for getting processed by all BeanPostProcessors (for example: not eligible for auto-proxying)
2019-01-24 15:31:08.899 [main] INFO  o.s.c.s.PostProcessorRegistrationDelegate$BeanPostProcessorChecker - Bean 'druidConfiguration' of type [com.forum.service.config.DruidConfiguration$$EnhancerBySpringCGLIB$$ea31cf1b] is not eligible for getting processed by all BeanPostProcessors (for example: not eligible for auto-proxying)
2019-01-24 15:31:08.976 [main] INFO  o.s.c.s.PostProcessorRegistrationDelegate$BeanPostProcessorChecker - Bean 'dataSource' of type [com.alibaba.druid.pool.DruidDataSource] is not eligible for getting processed by all BeanPostProcessors (for example: not eligible for auto-proxying)
2019-01-24 15:31:08.991 [main] INFO  o.s.c.s.PostProcessorRegistrationDelegate$BeanPostProcessorChecker - Bean 'sqlSessionFactory' of type [org.apache.ibatis.session.defaults.DefaultSqlSessionFactory] is not eligible for getting processed by all BeanPostProcessors (for example: not eligible for auto-proxying)
2019-01-24 15:31:08.995 [main] INFO  o.s.c.s.PostProcessorRegistrationDelegate$BeanPostProcessorChecker - Bean 'sqlSessionTemplate' of type [org.mybatis.spring.SqlSessionTemplate] is not eligible for getting processed by all BeanPostProcessors (for example: not eligible for auto-proxying)
2019-01-24 15:31:09.167 [main] INFO  o.s.c.s.PostProcessorRegistrationDelegate$BeanPostProcessorChecker - Bean 'roleMapper' of type [tk.mybatis.spring.mapper.MapperFactoryBean] is not eligible for getting processed by all BeanPostProcessors (for example: not eligible for auto-proxying)
2019-01-24 15:31:09.168 [main] INFO  o.s.c.s.PostProcessorRegistrationDelegate$BeanPostProcessorChecker - Bean 'roleMapper' of type [com.sun.proxy.$Proxy84] is not eligible for getting processed by all BeanPostProcessors (for example: not eligible for auto-proxying)
2019-01-24 15:31:09.209 [main] INFO  o.s.c.s.PostProcessorRegistrationDelegate$BeanPostProcessorChecker - Bean 'userMapper' of type [tk.mybatis.spring.mapper.MapperFactoryBean] is not eligible for getting processed by all BeanPostProcessors (for example: not eligible for auto-proxying)
2019-01-24 15:31:09.210 [main] INFO  o.s.c.s.PostProcessorRegistrationDelegate$BeanPostProcessorChecker - Bean 'userMapper' of type [com.sun.proxy.$Proxy87] is not eligible for getting processed by all BeanPostProcessors (for example: not eligible for auto-proxying)
2019-01-24 15:31:09.240 [main] INFO  o.s.c.s.PostProcessorRegistrationDelegate$BeanPostProcessorChecker - Bean 'roleAuthorityMapper' of type [tk.mybatis.spring.mapper.MapperFactoryBean] is not eligible for getting processed by all BeanPostProcessors (for example: not eligible for auto-proxying)
2019-01-24 15:31:09.241 [main] INFO  o.s.c.s.PostProcessorRegistrationDelegate$BeanPostProcessorChecker - Bean 'roleAuthorityMapper' of type [com.sun.proxy.$Proxy88] is not eligible for getting processed by all BeanPostProcessors (for example: not eligible for auto-proxying)
2019-01-24 15:31:09.241 [main] INFO  o.s.c.s.PostProcessorRegistrationDelegate$BeanPostProcessorChecker - Bean 'realm' of type [com.forum.service.security.realm.PasswordRealm] is not eligible for getting processed by all BeanPostProcessors (for example: not eligible for auto-proxying)
2019-01-24 15:31:09.247 [main] INFO  o.s.c.s.PostProcessorRegistrationDelegate$BeanPostProcessorChecker - Bean 'redisSessionDAO' of type [org.crazycake.shiro.RedisSessionDAO] is not eligible for getting processed by all BeanPostProcessors (for example: not eligible for auto-proxying)
2019-01-24 15:31:09.257 [main] INFO  o.s.c.s.PostProcessorRegistrationDelegate$BeanPostProcessorChecker - Bean 'simpleCookie' of type [org.apache.shiro.web.servlet.SimpleCookie] is not eligible for getting processed by all BeanPostProcessors (for example: not eligible for auto-proxying)
2019-01-24 15:31:09.266 [main] INFO  o.s.c.s.PostProcessorRegistrationDelegate$BeanPostProcessorChecker - Bean 'sessionManager' of type [org.apache.shiro.web.session.mgt.DefaultWebSessionManager] is not eligible for getting processed by all BeanPostProcessors (for example: not eligible for auto-proxying)
2019-01-24 15:31:09.385 [main] INFO  o.s.c.s.PostProcessorRegistrationDelegate$BeanPostProcessorChecker - Bean 'rememberMeCookie' of type [org.apache.shiro.web.servlet.SimpleCookie] is not eligible for getting processed by all BeanPostProcessors (for example: not eligible for auto-proxying)
2019-01-24 15:31:09.390 [main] INFO  o.s.c.s.PostProcessorRegistrationDelegate$BeanPostProcessorChecker - Bean 'rememberMeManager' of type [org.apache.shiro.web.mgt.CookieRememberMeManager] is not eligible for getting processed by all BeanPostProcessors (for example: not eligible for auto-proxying)
2019-01-24 15:31:09.392 [main] INFO  o.s.c.s.PostProcessorRegistrationDelegate$BeanPostProcessorChecker - Bean 'securityManager' of type [org.apache.shiro.web.mgt.DefaultWebSecurityManager] is not eligible for getting processed by all BeanPostProcessors (for example: not eligible for auto-proxying)
2019-01-24 15:31:09.424 [main] INFO  o.s.c.s.PostProcessorRegistrationDelegate$BeanPostProcessorChecker - Bean 'authorityMapper' of type [tk.mybatis.spring.mapper.MapperFactoryBean] is not eligible for getting processed by all BeanPostProcessors (for example: not eligible for auto-proxying)
2019-01-24 15:31:09.425 [main] INFO  o.s.c.s.PostProcessorRegistrationDelegate$BeanPostProcessorChecker - Bean 'authorityMapper' of type [com.sun.proxy.$Proxy90] is not eligible for getting processed by all BeanPostProcessors (for example: not eligible for auto-proxying)
2019-01-24 15:31:09.453 [main] INFO  o.s.c.s.PostProcessorRegistrationDelegate$BeanPostProcessorChecker - Bean 'nonAuthemticateMapper' of type [tk.mybatis.spring.mapper.MapperFactoryBean] is not eligible for getting processed by all BeanPostProcessors (for example: not eligible for auto-proxying)
2019-01-24 15:31:09.454 [main] INFO  o.s.c.s.PostProcessorRegistrationDelegate$BeanPostProcessorChecker - Bean 'nonAuthemticateMapper' of type [com.sun.proxy.$Proxy91] is not eligible for getting processed by all BeanPostProcessors (for example: not eligible for auto-proxying)
2019-01-24 15:31:09.491 [main] INFO  o.s.c.s.PostProcessorRegistrationDelegate$BeanPostProcessorChecker - Bean 'sessionMapper' of type [tk.mybatis.spring.mapper.MapperFactoryBean] is not eligible for getting processed by all BeanPostProcessors (for example: not eligible for auto-proxying)
2019-01-24 15:31:09.492 [main] INFO  o.s.c.s.PostProcessorRegistrationDelegate$BeanPostProcessorChecker - Bean 'sessionMapper' of type [com.sun.proxy.$Proxy93] is not eligible for getting processed by all BeanPostProcessors (for example: not eligible for auto-proxying)
2019-01-24 15:31:09.493 [main] INFO  o.s.c.s.PostProcessorRegistrationDelegate$BeanPostProcessorChecker - Bean 'shiroService' of type [com.forum.service.impl.ShiroServiceImpl] is not eligible for getting processed by all BeanPostProcessors (for example: not eligible for auto-proxying)
2019-01-24 15:31:09.524 [main] INFO  o.s.c.s.PostProcessorRegistrationDelegate$BeanPostProcessorChecker - Bean 'messageCodeInfo' of type [com.forum.model.dto.MessageCodeInfo] is not eligible for getting processed by all BeanPostProcessors (for example: not eligible for auto-proxying)
2019-01-24 15:31:09.527 [main] INFO  o.s.c.s.PostProcessorRegistrationDelegate$BeanPostProcessorChecker - Bean 'commonInfo' of type [com.forum.model.dto.CommonInfo] is not eligible for getting processed by all BeanPostProcessors (for example: not eligible for auto-proxying)
2019-01-24 15:31:09.528 [main] INFO  o.s.c.s.PostProcessorRegistrationDelegate$BeanPostProcessorChecker - Bean 'rolesAuthorizationFilter' of type [com.forum.service.filter.CustomRolesAuthorizationFilter] is not eligible for getting processed by all BeanPostProcessors (for example: not eligible for auto-proxying)
2019-01-24 15:31:09.836 [main] INFO  com.alibaba.druid.pool.DruidDataSource - {dataSource-1} inited
2019-01-24 15:31:09.840 [main] DEBUG c.forum.mapper.AuthorityMapper.selectAllFromTable - ==>  Preparing: select * from f_authority 
2019-01-24 15:31:09.946 [main] DEBUG c.forum.mapper.AuthorityMapper.selectAllFromTable - ==> Parameters: 
2019-01-24 15:31:10.083 [main] DEBUG c.forum.mapper.AuthorityMapper.selectAllFromTable - <==      Total: 3
2019-01-24 15:31:10.093 [main] DEBUG c.f.m.NonAuthemticateMapper.selectAllFromTable - ==>  Preparing: select * from f_non_authemticate 
2019-01-24 15:31:10.093 [main] DEBUG c.f.m.NonAuthemticateMapper.selectAllFromTable - ==> Parameters: 
2019-01-24 15:31:10.103 [main] DEBUG c.f.m.NonAuthemticateMapper.selectAllFromTable - <==      Total: 31
2019-01-24 15:31:10.145 [main] INFO  o.s.c.s.PostProcessorRegistrationDelegate$BeanPostProcessorChecker - Bean 'org.springframework.amqp.rabbit.annotation.RabbitBootstrapConfiguration' of type [org.springframework.amqp.rabbit.annotation.RabbitBootstrapConfiguration$$EnhancerBySpringCGLIB$$81f9c2d7] is not eligible for getting processed by all BeanPostProcessors (for example: not eligible for auto-proxying)
2019-01-24 15:31:10.228 [main] INFO  o.s.c.s.PostProcessorRegistrationDelegate$BeanPostProcessorChecker - Bean 'org.springframework.transaction.annotation.ProxyTransactionManagementConfiguration' of type [org.springframework.transaction.annotation.ProxyTransactionManagementConfiguration$$EnhancerBySpringCGLIB$$bb8e04a9] is not eligible for getting processed by all BeanPostProcessors (for example: not eligible for auto-proxying)
2019-01-24 15:31:10.370 [main] INFO  o.s.c.s.PostProcessorRegistrationDelegate$BeanPostProcessorChecker - Bean 'org.springframework.boot.autoconfigure.transaction.TransactionAutoConfiguration' of type [org.springframework.boot.autoconfigure.transaction.TransactionAutoConfiguration$$EnhancerBySpringCGLIB$$5001ffb3] is not eligible for getting processed by all BeanPostProcessors (for example: not eligible for auto-proxying)
2019-01-24 15:31:10.379 [main] INFO  o.s.c.s.PostProcessorRegistrationDelegate$BeanPostProcessorChecker - Bean 'spring.transaction-org.springframework.boot.autoconfigure.transaction.TransactionProperties' of type [org.springframework.boot.autoconfigure.transaction.TransactionProperties] is not eligible for getting processed by all BeanPostProcessors (for example: not eligible for auto-proxying)
2019-01-24 15:31:10.383 [main] INFO  o.s.c.s.PostProcessorRegistrationDelegate$BeanPostProcessorChecker - Bean 'platformTransactionManagerCustomizers' of type [org.springframework.boot.autoconfigure.transaction.TransactionManagerCustomizers] is not eligible for getting processed by all BeanPostProcessors (for example: not eligible for auto-proxying)
2019-01-24 15:31:10.384 [main] INFO  o.s.c.s.PostProcessorRegistrationDelegate$BeanPostProcessorChecker - Bean 'org.springframework.boot.autoconfigure.jdbc.DataSourceTransactionManagerAutoConfiguration$DataSourceTransactionManagerConfiguration' of type [org.springframework.boot.autoconfigure.jdbc.DataSourceTransactionManagerAutoConfiguration$DataSourceTransactionManagerConfiguration$$EnhancerBySpringCGLIB$$688e9d18] is not eligible for getting processed by all BeanPostProcessors (for example: not eligible for auto-proxying)
2019-01-24 15:31:10.394 [main] INFO  o.s.c.s.PostProcessorRegistrationDelegate$BeanPostProcessorChecker - Bean 'spring.datasource-org.springframework.boot.autoconfigure.jdbc.DataSourceProperties' of type [org.springframework.boot.autoconfigure.jdbc.DataSourceProperties] is not eligible for getting processed by all BeanPostProcessors (for example: not eligible for auto-proxying)
2019-01-24 15:31:10.413 [main] INFO  o.s.c.s.PostProcessorRegistrationDelegate$BeanPostProcessorChecker - Bean 'transactionManager' of type [org.springframework.jdbc.datasource.DataSourceTransactionManager] is not eligible for getting processed by all BeanPostProcessors (for example: not eligible for auto-proxying)
2019-01-24 15:31:10.425 [main] INFO  o.s.c.s.PostProcessorRegistrationDelegate$BeanPostProcessorChecker - Bean 'transactionAspect' of type [com.forum.service.aspect.TransactionAspect$$EnhancerBySpringCGLIB$$e2993561] is not eligible for getting processed by all BeanPostProcessors (for example: not eligible for auto-proxying)
2019-01-24 15:31:10.459 [main] INFO  o.s.c.s.PostProcessorRegistrationDelegate$BeanPostProcessorChecker - Bean 'txAdvice' of type [org.springframework.transaction.interceptor.TransactionInterceptor] is not eligible for getting processed by all BeanPostProcessors (for example: not eligible for auto-proxying)
2019-01-24 15:31:10.462 [main] INFO  o.s.c.s.PostProcessorRegistrationDelegate$BeanPostProcessorChecker - Bean 'txAdviceAdvisor' of type [org.springframework.aop.support.DefaultPointcutAdvisor] is not eligible for getting processed by all BeanPostProcessors (for example: not eligible for auto-proxying)
2019-01-24 15:31:10.838 [main] INFO  o.s.boot.web.embedded.tomcat.TomcatWebServer - Tomcat initialized with port(s): 8080 (http)
2019-01-24 15:31:10.853 [main] INFO  org.apache.coyote.http11.Http11NioProtocol - Initializing ProtocolHandler ["http-nio-8080"]
2019-01-24 15:31:10.858 [main] INFO  org.apache.catalina.core.StandardService - Starting service [Tomcat]
2019-01-24 15:31:10.858 [main] INFO  org.apache.catalina.core.StandardEngine - Starting Servlet Engine: Apache Tomcat/9.0.12
2019-01-24 15:31:10.865 [main] INFO  org.apache.catalina.core.AprLifecycleListener - The APR based Apache Tomcat Native library which allows optimal performance in production environments was not found on the java.library.path: [/Users/ljl/Library/Java/Extensions:/Library/Java/Extensions:/Network/Library/Java/Extensions:/System/Library/Java/Extensions:/usr/lib/java:.]
2019-01-24 15:31:10.972 [main] INFO  o.a.c.core.ContainerBase.[Tomcat].[localhost].[/] - Initializing Spring embedded WebApplicationContext
2019-01-24 15:31:10.972 [main] INFO  org.springframework.web.context.ContextLoader - Root WebApplicationContext: initialization completed in 4175 ms
2019-01-24 15:31:10.982 [main] INFO  com.forum.service.config.DruidConfiguration - init Druid Servlet Configuration 
2019-01-24 15:31:11.092 [main] INFO  o.s.boot.web.servlet.ServletRegistrationBean - Servlet statViewServlet mapped to [/druid/*]
2019-01-24 15:31:11.094 [main] INFO  o.s.boot.web.servlet.ServletRegistrationBean - Servlet dispatcherServlet mapped to [/]
2019-01-24 15:31:11.094 [main] INFO  o.s.boot.web.servlet.ServletRegistrationBean - Servlet statViewServlet mapped to [/druid/*]
2019-01-24 15:31:11.094 [main] INFO  o.s.boot.web.servlet.RegistrationBean - Servlet statViewServlet was not registered (possibly already registered?)
2019-01-24 15:31:11.097 [main] INFO  o.s.boot.web.servlet.FilterRegistrationBean - Mapping filter: 'characterEncodingFilter' to: [/*]
2019-01-24 15:31:11.097 [main] INFO  o.s.boot.web.servlet.FilterRegistrationBean - Mapping filter: 'hiddenHttpMethodFilter' to: [/*]
2019-01-24 15:31:11.097 [main] INFO  o.s.boot.web.servlet.FilterRegistrationBean - Mapping filter: 'formContentFilter' to: [/*]
2019-01-24 15:31:11.097 [main] INFO  o.s.boot.web.servlet.FilterRegistrationBean - Mapping filter: 'requestContextFilter' to: [/*]
2019-01-24 15:31:11.097 [main] INFO  o.s.boot.web.servlet.FilterRegistrationBean - Mapping filter: 'webStatFilter' to urls: [/*]
2019-01-24 15:31:11.097 [main] INFO  o.s.boot.web.servlet.FilterRegistrationBean - Mapping filter: 'delegatingFilterProxy' to: [/*]
2019-01-24 15:31:11.097 [main] INFO  o.s.boot.web.servlet.FilterRegistrationBean - Mapping filter: 'shiroFilter' to: [/*]
2019-01-24 15:31:11.098 [main] INFO  o.s.boot.web.servlet.FilterRegistrationBean - Mapping filter: 'rolesAuthorizationFilter' to: [/*]
2019-01-24 15:31:11.098 [main] INFO  o.s.boot.web.servlet.FilterRegistrationBean - Mapping filter: 'formAuthenticationFilter' to: [/*]
2019-01-24 15:31:11.949 [main] INFO  java.lang.Class - Initializing Constant
2019-01-24 15:31:11.952 [main] DEBUG c.f.m.D.selectAllInTableWithoutParamType - ==>  Preparing: select param_name,value from f_dictionary where param_type <> ? 
2019-01-24 15:31:11.985 [main] DEBUG c.f.m.D.selectAllInTableWithoutParamType - ==> Parameters: 参数代码(String)
2019-01-24 15:31:12.013 [main] DEBUG c.f.m.D.selectAllInTableWithoutParamType - <==      Total: 45
2019-01-24 15:31:12.032 [main] INFO  java.lang.Class - Initializing GlobalCode
2019-01-24 15:31:12.033 [main] DEBUG c.f.m.D.selectAllInTableWithParamType - ==>  Preparing: select param_name,value from f_dictionary where param_type = ? 
2019-01-24 15:31:12.034 [main] DEBUG c.f.m.D.selectAllInTableWithParamType - ==> Parameters: 参数代码(String)
2019-01-24 15:31:12.038 [main] DEBUG c.f.m.D.selectAllInTableWithParamType - <==      Total: 3
2019-01-24 15:31:13.266 [main] INFO  o.s.scheduling.concurrent.ThreadPoolTaskExecutor - Initializing ExecutorService 'applicationTaskExecutor'
2019-01-24 15:31:13.555 [main] INFO  o.s.b.a.web.servlet.WelcomePageHandlerMapping - Adding welcome page template: index
2019-01-24 15:31:13.583 [main] INFO  t.mybatis.mapper.autoconfigure.MapperCacheDisabler - Clear tk.mybatis.mapper.util.MsUtil CLASS_CACHE cache.
2019-01-24 15:31:13.584 [main] INFO  t.mybatis.mapper.autoconfigure.MapperCacheDisabler - Clear tk.mybatis.mapper.genid.GenIdUtil CACHE cache.
2019-01-24 15:31:13.584 [main] INFO  t.mybatis.mapper.autoconfigure.MapperCacheDisabler - Clear tk.mybatis.mapper.version.VersionUtil CACHE cache.
2019-01-24 15:31:13.584 [main] INFO  t.mybatis.mapper.autoconfigure.MapperCacheDisabler - Clear EntityHelper entityTableMap cache.
2019-01-24 15:31:14.453 [main] INFO  s.d.s.web.plugins.DocumentationPluginsBootstrapper - Context refreshed
2019-01-24 15:31:14.483 [main] INFO  s.d.s.web.plugins.DocumentationPluginsBootstrapper - Found 1 custom documentation plugin(s)
2019-01-24 15:31:14.497 [main] INFO  s.d.spring.web.scanners.ApiListingReferenceScanner - Scanning for api listing references
2019-01-24 15:31:14.849 [main] INFO  o.s.a.rabbit.connection.CachingConnectionFactory - Attempting to connect to: [127.0.0.1:5672]
2019-01-24 15:31:14.900 [main] INFO  o.s.a.rabbit.connection.CachingConnectionFactory - Created new connection: rabbitConnectionFactory#41e8d917:0/SimpleConnection@72240290 [delegate=amqp://admin@127.0.0.1:5672/, localPort= 51495]
2019-01-24 15:31:14.987 [main] INFO  java.lang.Class - Initializing RSACryptoServiceProvider
2019-01-24 15:31:15.069 [main] INFO  org.apache.coyote.http11.Http11NioProtocol - Starting ProtocolHandler ["http-nio-8080"]
2019-01-24 15:31:15.086 [main] INFO  org.apache.tomcat.util.net.NioSelectorPool - Using a shared selector for servlet write/read
2019-01-24 15:31:15.100 [main] INFO  o.s.boot.web.embedded.tomcat.TomcatWebServer - Tomcat started on port(s): 8080 (http) with context path ''
2019-01-24 15:31:15.103 [main] INFO  com.forum.DemoApplication - Started DemoApplication in 9.214 seconds (JVM running for 11.147)
2019-01-24 15:31:30.903 [http-nio-8080-exec-1] INFO  o.a.c.core.ContainerBase.[Tomcat].[localhost].[/] - Initializing Spring DispatcherServlet 'dispatcherServlet'
2019-01-24 15:31:30.903 [http-nio-8080-exec-1] INFO  org.springframework.web.servlet.DispatcherServlet - Initializing Servlet 'dispatcherServlet'
2019-01-24 15:31:30.923 [http-nio-8080-exec-1] INFO  org.springframework.web.servlet.DispatcherServlet - Completed initialization in 20 ms
2019-01-24 15:31:30.941 [http-nio-8080-exec-1] INFO  o.a.s.session.mgt.AbstractValidatingSessionManager - Enabling session validation scheduler...
2019-01-24 15:31:31.120 [http-nio-8080-exec-1] INFO  io.lettuce.core.EpollProvider - Starting without optional epoll library
2019-01-24 15:31:31.122 [http-nio-8080-exec-1] INFO  io.lettuce.core.KqueueProvider - Starting without optional kqueue library
2019-01-24 15:31:31.757 [http-nio-8080-exec-5] INFO  com.forum.service.aspect.ControllerLogAspect - Date : 2019-01-24 03:31:31
2019-01-24 15:31:31.768 [http-nio-8080-exec-5] INFO  com.forum.service.aspect.ControllerLogAspect - Request Parameter : [:]
2019-01-24 15:31:31.768 [http-nio-8080-exec-5] INFO  com.forum.service.aspect.ControllerLogAspect - Username : 未登录
2019-01-24 15:31:31.785 [http-nio-8080-exec-5] INFO  com.forum.service.aspect.ControllerLogAspect - Finish Method Spend Time : 72ms
2019-01-24 15:31:31.789 [http-nio-8080-exec-5] INFO  com.forum.service.aspect.ControllerLogAspect - Returning >>> response=null
2019-01-24 15:31:31.815 [http-nio-8080-exec-5] INFO  com.forum.service.aspect.ControllerLogAspect - Returning >>> {"id":0,"url":"http://localhost:8080/loginpage;JSESSIONID=05350d59-cbc0-4c61-9fee-52e36427ed60","ip":"0:0:0:0:0:0:0:1","httpMethod":"GET","classMethod":"com.forum.controller.RedirectController.loginPage","args":"Arg -> (0)execution(Object com.forum.controller.RedirectController.loginPage(HttpServletResponse))","reqParams":null,"respParams":"null","spendTime":79,"logType":"isJsonRequest:false","user":null}
2019-01-24 15:31:31.821 [http-nio-8080-exec-10] INFO  com.forum.service.aspect.ControllerLogAspect - Date : 2019-01-24 03:31:31
2019-01-24 15:31:31.821 [http-nio-8080-exec-10] INFO  com.forum.service.aspect.ControllerLogAspect - Request Parameter : [:]
2019-01-24 15:31:31.822 [http-nio-8080-exec-10] INFO  com.forum.service.aspect.ControllerLogAspect - Username : 未登录
2019-01-24 15:31:31.822 [http-nio-8080-exec-10] INFO  com.forum.service.aspect.ControllerLogAspect - Finish Method Spend Time : 1ms
2019-01-24 15:31:31.822 [http-nio-8080-exec-10] INFO  com.forum.service.aspect.ControllerLogAspect - Returning >>> response=index.html
2019-01-24 15:31:31.824 [http-nio-8080-exec-10] INFO  com.forum.service.aspect.ControllerLogAspect - Returning >>> {"id":0,"url":"http://localhost:8080/index","ip":"0:0:0:0:0:0:0:1","httpMethod":"GET","classMethod":"com.forum.controller.RedirectController.main","args":"Arg -> (0)execution(Object com.forum.controller.RedirectController.main())","reqParams":null,"respParams":"\"index.html\"","spendTime":1,"logType":"isJsonRequest:false","user":null}
2019-01-24 15:31:35.392 [http-nio-8080-exec-9] INFO  com.forum.service.aspect.ControllerLogAspect - Date : 2019-01-24 03:31:35
2019-01-24 15:31:35.392 [http-nio-8080-exec-9] INFO  com.forum.service.aspect.ControllerLogAspect - Request Parameter : [:]
2019-01-24 15:31:35.392 [http-nio-8080-exec-9] INFO  com.forum.service.aspect.ControllerLogAspect - Username : 未登录
2019-01-24 15:31:35.414 [http-nio-8080-exec-9] INFO  com.forum.rabbit.util.RabbitUtil - Sender Date:2019-01-24 15:31:35
2019-01-24 15:31:35.433 [http-nio-8080-exec-9] INFO  com.forum.rabbit.util.RabbitUtil - Consumer response :  Message Handler Success
2019-01-24 15:31:35.449 [http-nio-8080-exec-9] INFO  com.forum.service.aspect.ControllerLogAspect - Finish Method Spend Time : 58ms
2019-01-24 15:31:35.450 [AMQP Connection 127.0.0.1:5672] INFO  com.forum.rabbit.util.RabbitUtil - Rabbit Message delivery Success CorrelationData [id=9febbb53-31ae-4ed8-b51d-2790b6ebfca5]
2019-01-24 15:31:35.453 [http-nio-8080-exec-9] INFO  com.forum.service.aspect.ControllerLogAspect - Returning >>> response=com.forum.model.dto.LoginInfo@189c8e7f
2019-01-24 15:31:35.457 [http-nio-8080-exec-9] INFO  com.forum.service.aspect.ControllerLogAspect - Returning >>> {"id":0,"url":"http://localhost:8080/token","ip":"0:0:0:0:0:0:0:1","httpMethod":"POST","classMethod":"com.forum.controller.LoginController.token","args":"Arg -> (0)execution(Object com.forum.controller.LoginController.token(HttpServletRequest,LoginInfo,MessageCodeInfo,CommonInfo))","reqParams":null,"respParams":"{\"username\":null,\"password\":null,\"token\":\"288061ff1fd146d3b6b59d4c4a48a72c\",\"publicKey\":\"MIGfMA0GCSqGSIb3DQEBAQUAA4GNADCBiQKBgQCCrBTBHsszMgxGNHBTl46xMPrftP/GLgWmTe+4gGEGEFmWK8ZA9fyFWTLc+VdUBToqH5mUg7ZNCtP87nQ62G6iv5iyIIx0xwyEyBfVWqGXzAWBqa739v0DfB2rnToBz1RRaygdfqnQc10KGVIhQ/CQ7cqYhDB3pG+v9IGtXfSdowIDAQAB\",\"rememberMe\":null,\"msg\":{\"msgCode\":\"200\",\"msgInfo\":\"验证通过\"}}","spendTime":65,"logType":"isJsonRequest:true","user":null}
2019-01-24 15:31:36.142 [http-nio-8080-exec-2] INFO  com.forum.service.aspect.ControllerLogAspect - Date : 2019-01-24 03:31:36
2019-01-24 15:31:36.143 [http-nio-8080-exec-2] INFO  com.forum.service.aspect.ControllerLogAspect - Request Parameter : [password:[Hmr9C9CHTahE6iw9EDP5qSQkAx8R6CsZcGE1zaA9Hego8DBphwI3yvu0iqgJDeZZrM7rTK+qy7iatKW/Q7GBDwtty3Nfk957UUlxTJJh1kH7w6EtE5Gg9htvoywHVUy5zTvkiSeyURREDiR698b0tOOuwOob+caDj6HR7mdxmXU=], rememberMe:[false], token:[288061ff1fd146d3b6b59d4c4a48a72c], username:[admin]]
2019-01-24 15:31:36.143 [http-nio-8080-exec-2] INFO  com.forum.service.aspect.ControllerLogAspect - Username : 未登录
2019-01-24 15:31:36.272 [http-nio-8080-exec-2] INFO  com.forum.rabbit.util.RabbitUtil - Sender Date:2019-01-24 15:31:36
2019-01-24 15:31:36.273 [http-nio-8080-exec-2] INFO  com.forum.rabbit.util.RabbitUtil - Consumer response :  Message Handler Success
2019-01-24 15:31:36.280 [http-nio-8080-exec-2] DEBUG com.forum.mapper.UserMapper.countNumberByUsername - ==>  Preparing: select count(username) from f_user where username = ? 
2019-01-24 15:31:36.283 [AMQP Connection 127.0.0.1:5672] INFO  com.forum.rabbit.util.RabbitUtil - Rabbit Message delivery Success CorrelationData [id=86a062c4-70b4-4fb5-8f3a-804d17ac621e]
2019-01-24 15:31:36.288 [http-nio-8080-exec-2] DEBUG com.forum.mapper.UserMapper.countNumberByUsername - ==> Parameters: admin(String)
2019-01-24 15:31:36.295 [http-nio-8080-exec-2] DEBUG com.forum.mapper.UserMapper.countNumberByUsername - <==      Total: 1
2019-01-24 15:31:36.296 [http-nio-8080-exec-2] DEBUG com.forum.mapper.UserMapper.isAccountBlock - ==>  Preparing: select enable from f_user where username = ? 
2019-01-24 15:31:36.296 [http-nio-8080-exec-2] DEBUG com.forum.mapper.UserMapper.isAccountBlock - ==> Parameters: admin(String)
2019-01-24 15:31:36.298 [http-nio-8080-exec-2] DEBUG com.forum.mapper.UserMapper.isAccountBlock - <==      Total: 1
2019-01-24 15:31:36.312 [http-nio-8080-exec-2] DEBUG com.forum.mapper.UserMapper.findUserByUserName - ==>  Preparing: select * from f_user where username=? 
2019-01-24 15:31:36.312 [http-nio-8080-exec-2] DEBUG com.forum.mapper.UserMapper.findUserByUserName - ==> Parameters: admin(String)
2019-01-24 15:31:36.316 [http-nio-8080-exec-2] DEBUG com.forum.mapper.UserMapper.findUserByUserName - <==      Total: 1
2019-01-24 15:31:36.326 [http-nio-8080-exec-2] INFO  com.forum.rabbit.util.RabbitUtil - Sender Date:2019-01-24 15:31:36
2019-01-24 15:31:36.328 [http-nio-8080-exec-2] INFO  com.forum.rabbit.util.RabbitUtil - Consumer response :  Message Handler Success
2019-01-24 15:31:36.330 [http-nio-8080-exec-2] INFO  com.forum.service.aspect.ControllerLogAspect - Finish Method Spend Time : 188ms
2019-01-24 15:31:36.333 [SimpleAsyncTaskExecutor-1] DEBUG c.f.m.SessionMapper.SelectCountByUsernameAndCookie - ==>  Preparing: select count(username) from f_session where username = ? and cookie = ? 
2019-01-24 15:31:36.340 [AMQP Connection 127.0.0.1:5672] INFO  com.forum.rabbit.util.RabbitUtil - Rabbit Message delivery Success CorrelationData [id=1f16acb8-4b58-43e0-ba07-a69f55e6663f]
2019-01-24 15:31:36.343 [http-nio-8080-exec-2] INFO  com.forum.service.aspect.ControllerLogAspect - Returning >>> response=com.forum.model.dto.CommonInfo@134f49d1
2019-01-24 15:31:36.346 [SimpleAsyncTaskExecutor-1] DEBUG c.f.m.SessionMapper.SelectCountByUsernameAndCookie - ==> Parameters: admin(String), 05350d59-cbc0-4c61-9fee-52e36427ed60(String)
2019-01-24 15:31:36.346 [http-nio-8080-exec-2] INFO  com.forum.service.aspect.ControllerLogAspect - Returning >>> {"id":0,"url":"http://localhost:8080/login","ip":"0:0:0:0:0:0:0:1","httpMethod":"POST","classMethod":"com.forum.controller.LoginController.login","args":"Arg -> (0)execution(Object com.forum.controller.LoginController.login(HttpServletRequest,LoginInfo,BindingResult,MessageCodeInfo,CommonInfo,SessionEntity))","reqParams":null,"respParams":"{\"msg\":{\"msgCode\":\"200\",\"msgInfo\":\"\"}}","spendTime":203,"logType":"isJsonRequest:true","user":null}
2019-01-24 15:31:36.351 [SimpleAsyncTaskExecutor-1] DEBUG c.f.m.SessionMapper.SelectCountByUsernameAndCookie - <==      Total: 1
2019-01-24 15:31:36.379 [http-nio-8080-exec-1] INFO  com.forum.service.aspect.ControllerLogAspect - Date : 2019-01-24 03:31:36
2019-01-24 15:31:36.380 [http-nio-8080-exec-1] INFO  com.forum.service.aspect.ControllerLogAspect - Request Parameter : [:]
2019-01-24 15:31:36.381 [http-nio-8080-exec-1] INFO  com.forum.service.aspect.ControllerLogAspect - Username : admin
2019-01-24 15:31:36.381 [http-nio-8080-exec-1] INFO  com.forum.service.aspect.ControllerLogAspect - Finish Method Spend Time : 8ms
2019-01-24 15:31:36.381 [http-nio-8080-exec-1] INFO  com.forum.service.aspect.ControllerLogAspect - Returning >>> response=index.html
2019-01-24 15:31:36.386 [http-nio-8080-exec-1] INFO  com.forum.service.aspect.ControllerLogAspect - Returning >>> {"id":0,"url":"http://localhost:8080/index","ip":"0:0:0:0:0:0:0:1","httpMethod":"GET","classMethod":"com.forum.controller.RedirectController.main","args":"Arg -> (0)execution(Object com.forum.controller.RedirectController.main())","reqParams":null,"respParams":"\"index.html\"","spendTime":8,"logType":"isJsonRequest:false","user":{"sid":"1068310406818304000","username":"admin","password":null,"nickname":"admin","roleId":1,"enable":true,"sex":"0","province":"海外","city":"","dist":"","userImg":"/images/userImg/cd2ff402d59640429134c94ae04ca2c4.jpg","userBackgroundImg":"/images/userBackgroundImg/6f0aa18fe37747518c21e65e8043ae8410683.jpg","authCacheKey":"admin"}}
2019-01-24 15:31:36.405 [http-nio-8080-exec-1] DEBUG com.forum.mapper.RoleMapper.findRoleById - ==>  Preparing: select * from f_role where role_id=? 
2019-01-24 15:31:36.407 [http-nio-8080-exec-1] DEBUG com.forum.mapper.RoleMapper.findRoleById - ==> Parameters: 1(Integer)
2019-01-24 15:31:36.412 [http-nio-8080-exec-1] DEBUG com.forum.mapper.RoleMapper.findRoleById - <==      Total: 1
2019-01-24 15:31:36.413 [SimpleAsyncTaskExecutor-1] DEBUG com.forum.mapper.SessionMapper.insert - ==>  Preparing: INSERT INTO f_session ( sessionid,username,cookie,updatetime,device ) VALUES( ?,?,?,?,? ) 
2019-01-24 15:31:36.417 [SimpleAsyncTaskExecutor-1] DEBUG com.forum.mapper.SessionMapper.insert - ==> Parameters: null, admin(String), 05350d59-cbc0-4c61-9fee-52e36427ed60(String), 2019-01-24 15:31:36(String), 电脑(String)
2019-01-24 15:31:36.420 [http-nio-8080-exec-1] DEBUG c.f.m.RoleAuthorityMapper.findAuthoritiesByRoleId - ==>  Preparing: select * from f_role_authority t1 INNER JOIN f_authority t2 on t1.authority_id = t2.authority_id where t1.role_id=? 
2019-01-24 15:31:36.425 [http-nio-8080-exec-1] DEBUG c.f.m.RoleAuthorityMapper.findAuthoritiesByRoleId - ==> Parameters: 1(Integer)
2019-01-24 15:31:36.426 [SimpleAsyncTaskExecutor-1] DEBUG com.forum.mapper.SessionMapper.insert - <==    Updates: 1
2019-01-24 15:31:36.432 [http-nio-8080-exec-1] DEBUG c.f.m.RoleAuthorityMapper.findAuthoritiesByRoleId - <==      Total: 3
2019-01-24 15:31:36.550 [http-nio-8080-exec-7] INFO  com.forum.service.aspect.ControllerLogAspect - Date : 2019-01-24 03:31:36
2019-01-24 15:31:36.550 [http-nio-8080-exec-7] INFO  com.forum.service.aspect.ControllerLogAspect - Request Parameter : [sid:[1068310406818304000]]
2019-01-24 15:31:36.551 [http-nio-8080-exec-7] INFO  com.forum.service.aspect.ControllerLogAspect - Username : admin
2019-01-24 15:31:36.571 [http-nio-8080-exec-7] DEBUG com.forum.mapper.UserMapper.findUserBySid - ==>  Preparing: select nickname,sex,province,city,dist,user_img,user_background_img,userinfo_follow_count.* from f_user,userinfo_follow_count where f_user.sid=? and f_user.sid = userinfo_follow_count.sid 
2019-01-24 15:31:36.573 [http-nio-8080-exec-7] DEBUG com.forum.mapper.UserMapper.findUserBySid - ==> Parameters: 1068310406818304000(String)
2019-01-24 15:31:36.584 [http-nio-8080-exec-7] DEBUG com.forum.mapper.UserMapper.findUserBySid - <==      Total: 1
2019-01-24 15:31:36.587 [http-nio-8080-exec-7] INFO  com.forum.service.aspect.ControllerLogAspect - Finish Method Spend Time : 37ms
2019-01-24 15:31:36.587 [http-nio-8080-exec-7] INFO  com.forum.service.aspect.ControllerLogAspect - Returning >>> response=com.forum.model.entity.UserFollowCountVOEntity@695e9eca
2019-01-24 15:31:36.595 [http-nio-8080-exec-7] INFO  com.forum.service.aspect.ControllerLogAspect - Returning >>> {"id":0,"url":"http://localhost:8080/user/user-info","ip":"0:0:0:0:0:0:0:1","httpMethod":"POST","classMethod":"com.forum.controller.UserController.findUserInfo","args":"Arg -> (0)execution(Object com.forum.controller.UserController.findUserInfo(String,MessageCodeInfo,CommonInfo))","reqParams":null,"respParams":"{\"sid\":\"1068310406818304000\",\"username\":null,\"nickname\":\"admin\",\"sex\":\"0\",\"province\":\"海外\",\"city\":\"\",\"dist\":\"\",\"userImg\":\"/images/userImg/cd2ff402d59640429134c94ae04ca2c4.jpg\",\"friendCount\":\"7\",\"followedCount\":\"1\",\"forumCount\":\"0\",\"userBackgroundImg\":\"/images/userBackgroundImg/6f0aa18fe37747518c21e65e8043ae8410683.jpg\"}","spendTime":39,"logType":"isJsonRequest:true","user":{"sid":"1068310406818304000","username":"admin","password":null,"nickname":"admin","roleId":1,"enable":true,"sex":"0","province":"海外","city":"","dist":"","userImg":"/images/userImg/cd2ff402d59640429134c94ae04ca2c4.jpg","userBackgroundImg":"/images/userBackgroundImg/6f0aa18fe37747518c21e65e8043ae8410683.jpg","authCacheKey":"admin"}}
2019-01-24 15:31:36.611 [http-nio-8080-exec-8] INFO  com.forum.service.aspect.ControllerLogAspect - Date : 2019-01-24 03:31:36
2019-01-24 15:31:36.611 [http-nio-8080-exec-8] INFO  com.forum.service.aspect.ControllerLogAspect - Request Parameter : [page:[1]]
2019-01-24 15:31:36.611 [http-nio-8080-exec-8] INFO  com.forum.service.aspect.ControllerLogAspect - Username : admin
2019-01-24 15:31:36.671 [http-nio-8080-exec-8] DEBUG c.f.m.U.userRecommendPostList_COUNT - ==>  Preparing: select count(0) from (select user_img,nickname,sid,f_post.postid,f_post.fid,f_post.type,f_post.title,f_post.text,f_post.lastupdatetime,f_post.video,f_post.img0,f_post.img1,f_post.img2,f_post.img3,f_post.img4,f_post.img5,f_post.img6,f_post.img7,f_post.img8,f_forumlist.fname,f_forumlist.img,f_forumlist.type as forum_type FROM f_user,f_forumlist,f_post where f_post.fid=f_forumlist.fid and f_post.creator=sid and f_post.enable=true and f_forumlist.enable=true and f_forumlist.authority=true order by lastupdatetime desc) tmp_count 
2019-01-24 15:31:36.678 [http-nio-8080-exec-8] DEBUG c.f.m.U.userRecommendPostList_COUNT - ==> Parameters: 
2019-01-24 15:31:36.686 [http-nio-8080-exec-8] DEBUG c.f.m.U.userRecommendPostList_COUNT - <==      Total: 1
2019-01-24 15:31:36.688 [http-nio-8080-exec-8] DEBUG c.f.m.U.userRecommendPostList - ==>  Preparing: select user_img,nickname,sid,f_post.postid,f_post.fid,f_post.type,f_post.title,f_post.text,f_post.lastupdatetime,f_post.video,f_post.img0,f_post.img1,f_post.img2,f_post.img3,f_post.img4,f_post.img5,f_post.img6,f_post.img7,f_post.img8,f_forumlist.fname,f_forumlist.img,f_forumlist.type as forum_type FROM f_user,f_forumlist,f_post where f_post.fid=f_forumlist.fid and f_post.creator=sid and f_post.enable=true and f_forumlist.enable=true and f_forumlist.authority=true order by lastupdatetime desc LIMIT ? 
2019-01-24 15:31:36.690 [http-nio-8080-exec-8] DEBUG c.f.m.U.userRecommendPostList - ==> Parameters: 5(Integer)
2019-01-24 15:31:36.699 [http-nio-8080-exec-8] DEBUG c.f.m.U.userRecommendPostList - <==      Total: 5
2019-01-24 15:31:36.708 [http-nio-8080-exec-8] DEBUG c.f.m.U.SelectMaxFavouriteReplyByPostIdGroup - ==>  Preparing: select user_img, f_post_reply.* from (select * from f_post_reply as a where favourite=(select max(b.favourite) from f_post_reply as b where a.postId = b.postId) and a.postId in ("64","61","60","59","57")) as f_post_reply, f_user where f_post_reply.creator = sid and f_post_reply.enable=true 
2019-01-24 15:31:36.710 [http-nio-8080-exec-8] DEBUG c.f.m.U.SelectMaxFavouriteReplyByPostIdGroup - ==> Parameters: 
2019-01-24 15:31:36.723 [http-nio-8080-exec-8] DEBUG c.f.m.U.SelectMaxFavouriteReplyByPostIdGroup - <==      Total: 1
2019-01-24 15:31:36.730 [http-nio-8080-exec-8] DEBUG c.f.m.R.SelectFavouriteByReplyIdGroupAndSid - ==>  Preparing: select replyId,favourite from f_reply_favourite where replyId in ("15") and sid = ? 
2019-01-24 15:31:36.731 [http-nio-8080-exec-8] DEBUG c.f.m.R.SelectFavouriteByReplyIdGroupAndSid - ==> Parameters: 1068310406818304000(String)
2019-01-24 15:31:36.734 [http-nio-8080-exec-8] DEBUG c.f.m.R.SelectFavouriteByReplyIdGroupAndSid - <==      Total: 0
2019-01-24 15:31:36.737 [http-nio-8080-exec-8] INFO  com.forum.service.aspect.ControllerLogAspect - Finish Method Spend Time : 126ms
2019-01-24 15:31:36.738 [http-nio-8080-exec-8] INFO  com.forum.service.aspect.ControllerLogAspect - Returning >>> response=Page{count=true, pageNum=1, pageSize=5, startRow=0, endRow=5, total=41, pages=9, reasonable=false, pageSizeZero=false}
2019-01-24 15:31:36.748 [http-nio-8080-exec-8] INFO  com.forum.service.aspect.ControllerLogAspect - Returning >>> {"id":0,"url":"http://localhost:8080/user-forum/recommend-post","ip":"0:0:0:0:0:0:0:1","httpMethod":"POST","classMethod":"com.forum.controller.ForumController.recommandPost","args":"Arg -> (0)execution(Object com.forum.controller.ForumController.recommandPost(String,MessageCodeInfo,CommonInfo))","reqParams":null,"respParams":"[{\"sid\":\"1068310406818304000\",\"nickname\":\"admin\",\"postid\":64,\"fid\":1,\"creator\":null,\"type\":\"0\",\"img0\":null,\"img1\":null,\"img2\":null,\"img3\":null,\"img4\":null,\"img5\":null,\"img6\":null,\"img7\":null,\"img8\":null,\"video\":null,\"date\":null,\"enable\":false,\"text\":\"的\",\"lastupdatetime\":\"2019-01-11 10:47:12.0\",\"title\":\"的\",\"fname\":\"灌水区\",\"img\":null,\"forumType\":null,\"userImg\":\"/images/userImg/cd2ff402d59640429134c94ae04ca2c4.jpg\",\"userPostReplyVOEntity\":null},{\"sid\":\"1068310406818304000\",\"nickname\":\"admin\",\"postid\":61,\"fid\":1,\"creator\":null,\"type\":\"0\",\"img0\":null,\"img1\":null,\"img2\":null,\"img3\":null,\"img4\":null,\"img5\":null,\"img6\":null,\"img7\":null,\"img8\":null,\"video\":null,\"date\":null,\"enable\":false,\"text\":\"123\",\"lastupdatetime\":\"2019-01-11 10:36:31.0\",\"title\":\"123232\",\"fname\":\"灌水区\",\"img\":null,\"forumType\":null,\"userImg\":\"/images/userImg/cd2ff402d59640429134c94ae04ca2c4.jpg\",\"userPostReplyVOEntity\":null},{\"sid\":\"1068310406881218560\",\"nickname\":\"guest\",\"postid\":60,\"fid\":1,\"creator\":null,\"type\":\"1\",\"img0\":\"/images/userPostImg/563124c14bab4027a02661ced7f34899.jpg\",\"img1\":null,\"img2\":null,\"img3\":null,\"img4\":null,\"img5\":null,\"img6\":null,\"img7\":null,\"img8\":null,\"video\":null,\"date\":null,\"enable\":false,\"text\":\"好的更好地规划\",\"lastupdatetime\":\"2019-01-10 17:15:27.0\",\"title\":\"好的更好地规划\",\"fname\":\"灌水区\",\"img\":null,\"forumType\":null,\"userImg\":null,\"userPostReplyVOEntity\":{\"replyid\":15,\"postid\":60,\"favourite\":0,\"creator\":\"1068310406818304000\",\"type\":\"0\",\"img0\":null,\"img1\":null,\"img2\":null,\"img3\":null,\"img4\":null,\"img5\":null,\"img6\":null,\"img7\":null,\"img8\":null,\"video\":null,\"date\":\"2019-01-14 16:35:41.0\",\"enable\":true,\"text\":\"@guest:Hello\",\"lastupdatetime\":\"2019-01-14 16:35:41.0\",\"userImg\":\"/images/userImg/cd2ff402d59640429134c94ae04ca2c4.jpg\",\"nickname\":null,\"replyFavouriteEntity\":null}},{\"sid\":\"1068310406881218560\",\"nickname\":\"guest\",\"postid\":59,\"fid\":1,\"creator\":null,\"type\":\"0\",\"img0\":null,\"img1\":null,\"img2\":null,\"img3\":null,\"img4\":null,\"img5\":null,\"img6\":null,\"img7\":null,\"img8\":null,\"video\":null,\"date\":null,\"enable\":false,\"text\":\"是大V\",\"lastupdatetime\":\"2019-01-10 16:37:43.0\",\"title\":\"阿斯顿\",\"fname\":\"灌水区\",\"img\":null,\"forumType\":null,\"userImg\":null,\"userPostReplyVOEntity\":null},{\"sid\":\"1068310406881218560\",\"nickname\":\"guest\",\"postid\":57,\"fid\":1,\"creator\":null,\"type\":\"0\",\"img0\":null,\"img1\":null,\"img2\":null,\"img3\":null,\"img4\":null,\"img5\":null,\"img6\":null,\"img7\":null,\"img8\":null,\"video\":null,\"date\":null,\"enable\":false,\"text\":\"打的费\",\"lastupdatetime\":\"2019-01-10 16:26:27.0\",\"title\":\"大富大贵\",\"fname\":\"灌水区\",\"img\":null,\"forumType\":null,\"userImg\":null,\"userPostReplyVOEntity\":null}]","spendTime":135,"logType":"isJsonRequest:true","user":{"sid":"1068310406818304000","username":"admin","password":null,"nickname":"admin","roleId":1,"enable":true,"sex":"0","province":"海外","city":"","dist":"","userImg":"/images/userImg/cd2ff402d59640429134c94ae04ca2c4.jpg","userBackgroundImg":"/images/userBackgroundImg/6f0aa18fe37747518c21e65e8043ae8410683.jpg","authCacheKey":"admin"}}
2019-01-24 15:35:06.831 [Thread-22] INFO  o.s.a.r.listener.SimpleMessageListenerContainer - Waiting for workers to finish.
2019-01-24 15:35:07.744 [Thread-22] INFO  o.s.a.r.listener.SimpleMessageListenerContainer - Successfully waited for workers to finish.
2019-01-24 15:35:07.746 [Thread-22] INFO  o.s.a.r.listener.SimpleMessageListenerContainer - Waiting for workers to finish.
2019-01-24 15:35:08.738 [Thread-22] INFO  o.s.a.r.listener.SimpleMessageListenerContainer - Successfully waited for workers to finish.
2019-01-24 15:35:08.741 [Thread-22] INFO  o.s.a.r.listener.SimpleMessageListenerContainer - Waiting for workers to finish.
2019-01-24 15:35:08.970 [Thread-22] INFO  o.s.a.r.listener.SimpleMessageListenerContainer - Successfully waited for workers to finish.
2019-01-24 15:35:08.971 [Thread-22] INFO  o.s.a.r.listener.SimpleMessageListenerContainer - Waiting for workers to finish.
2019-01-24 15:35:09.741 [Thread-22] INFO  o.s.a.r.listener.SimpleMessageListenerContainer - Successfully waited for workers to finish.
2019-01-24 15:35:09.743 [Thread-22] INFO  o.s.a.r.listener.SimpleMessageListenerContainer - Waiting for workers to finish.
2019-01-24 15:35:10.745 [Thread-22] INFO  o.s.a.r.listener.SimpleMessageListenerContainer - Successfully waited for workers to finish.
2019-01-24 15:35:10.746 [Thread-22] INFO  o.s.a.r.listener.SimpleMessageListenerContainer - Waiting for workers to finish.
2019-01-24 15:35:11.749 [Thread-22] INFO  o.s.a.r.listener.SimpleMessageListenerContainer - Successfully waited for workers to finish.
2019-01-24 15:35:11.750 [Thread-22] INFO  o.s.a.r.listener.SimpleMessageListenerContainer - Waiting for workers to finish.
2019-01-24 15:35:12.109 [Thread-22] INFO  o.s.a.r.listener.SimpleMessageListenerContainer - Successfully waited for workers to finish.
2019-01-24 15:35:12.111 [Thread-22] INFO  o.s.a.r.listener.SimpleMessageListenerContainer - Waiting for workers to finish.
2019-01-24 15:35:12.750 [Thread-22] INFO  o.s.a.r.listener.SimpleMessageListenerContainer - Successfully waited for workers to finish.
2019-01-24 15:35:12.751 [Thread-22] INFO  o.s.a.r.listener.SimpleMessageListenerContainer - Waiting for workers to finish.
2019-01-24 15:35:13.189 [Thread-22] INFO  o.s.a.r.listener.SimpleMessageListenerContainer - Successfully waited for workers to finish.
2019-01-24 15:35:13.199 [Thread-22] INFO  o.s.a.r.listener.SimpleMessageListenerContainer - Shutdown ignored - container is not active already
2019-01-24 15:35:13.200 [Thread-22] INFO  o.s.a.r.listener.SimpleMessageListenerContainer - Shutdown ignored - container is not active already
2019-01-24 15:35:13.200 [Thread-22] INFO  o.s.a.r.listener.SimpleMessageListenerContainer - Shutdown ignored - container is not active already
2019-01-24 15:35:13.200 [Thread-22] INFO  o.s.a.r.listener.SimpleMessageListenerContainer - Shutdown ignored - container is not active already
2019-01-24 15:35:13.200 [Thread-22] INFO  o.s.a.r.listener.SimpleMessageListenerContainer - Shutdown ignored - container is not active already
2019-01-24 15:35:13.200 [Thread-22] INFO  o.s.a.r.listener.SimpleMessageListenerContainer - Shutdown ignored - container is not active already
2019-01-24 15:35:13.200 [Thread-22] INFO  o.s.a.r.listener.SimpleMessageListenerContainer - Shutdown ignored - container is not active already
2019-01-24 15:35:13.200 [Thread-22] INFO  o.s.a.r.listener.SimpleMessageListenerContainer - Shutdown ignored - container is not active already
2019-01-24 15:35:13.200 [Thread-22] INFO  o.s.a.r.listener.SimpleMessageListenerContainer - Shutdown ignored - container is not active already
2019-01-24 15:35:13.201 [Thread-22] INFO  o.s.scheduling.concurrent.ThreadPoolTaskExecutor - Shutting down ExecutorService 'applicationTaskExecutor'
2019-01-24 15:35:13.209 [Thread-22] INFO  o.a.s.session.mgt.AbstractValidatingSessionManager - Disabled session validation scheduler.
2019-01-24 15:35:13.213 [Thread-22] INFO  com.alibaba.druid.pool.DruidDataSource - {dataSource-1} closed
