2019-03-22 16:31:32.119 [main] WARN  org.mybatis.spring.mapper.ClassPathMapperScanner - Skipping MapperFactoryBean with name 'areaMapper' and 'com.forum.mapper.AreaMapper' mapperInterface. Bean already defined with the same name!
2019-03-22 16:31:32.119 [main] WARN  org.mybatis.spring.mapper.ClassPathMapperScanner - Skipping MapperFactoryBean with name 'authorityMapper' and 'com.forum.mapper.AuthorityMapper' mapperInterface. Bean already defined with the same name!
2019-03-22 16:31:32.119 [main] WARN  org.mybatis.spring.mapper.ClassPathMapperScanner - Skipping MapperFactoryBean with name 'dictionaryMapper' and 'com.forum.mapper.DictionaryMapper' mapperInterface. Bean already defined with the same name!
2019-03-22 16:31:32.120 [main] WARN  org.mybatis.spring.mapper.ClassPathMapperScanner - Skipping MapperFactoryBean with name 'followForumMapper' and 'com.forum.mapper.FollowForumMapper' mapperInterface. Bean already defined with the same name!
2019-03-22 16:31:32.120 [main] WARN  org.mybatis.spring.mapper.ClassPathMapperScanner - Skipping MapperFactoryBean with name 'followFriendMapper' and 'com.forum.mapper.FollowFriendMapper' mapperInterface. Bean already defined with the same name!
2019-03-22 16:31:32.120 [main] WARN  org.mybatis.spring.mapper.ClassPathMapperScanner - Skipping MapperFactoryBean with name 'forumListMapper' and 'com.forum.mapper.ForumListMapper' mapperInterface. Bean already defined with the same name!
2019-03-22 16:31:32.120 [main] WARN  org.mybatis.spring.mapper.ClassPathMapperScanner - Skipping MapperFactoryBean with name 'forumTypeMapper' and 'com.forum.mapper.ForumTypeMapper' mapperInterface. Bean already defined with the same name!
2019-03-22 16:31:32.120 [main] WARN  org.mybatis.spring.mapper.ClassPathMapperScanner - Skipping MapperFactoryBean with name 'nonAuthemticateMapper' and 'com.forum.mapper.NonAuthemticateMapper' mapperInterface. Bean already defined with the same name!
2019-03-22 16:31:32.120 [main] WARN  org.mybatis.spring.mapper.ClassPathMapperScanner - Skipping MapperFactoryBean with name 'notificationMapper' and 'com.forum.mapper.NotificationMapper' mapperInterface. Bean already defined with the same name!
2019-03-22 16:31:32.120 [main] WARN  org.mybatis.spring.mapper.ClassPathMapperScanner - Skipping MapperFactoryBean with name 'postMapper' and 'com.forum.mapper.PostMapper' mapperInterface. Bean already defined with the same name!
2019-03-22 16:31:32.120 [main] WARN  org.mybatis.spring.mapper.ClassPathMapperScanner - Skipping MapperFactoryBean with name 'postReplyMapper' and 'com.forum.mapper.PostReplyMapper' mapperInterface. Bean already defined with the same name!
2019-03-22 16:31:32.120 [main] WARN  org.mybatis.spring.mapper.ClassPathMapperScanner - Skipping MapperFactoryBean with name 'replyFavouriteMapper' and 'com.forum.mapper.ReplyFavouriteMapper' mapperInterface. Bean already defined with the same name!
2019-03-22 16:31:32.121 [main] WARN  org.mybatis.spring.mapper.ClassPathMapperScanner - Skipping MapperFactoryBean with name 'roleAuthorityMapper' and 'com.forum.mapper.RoleAuthorityMapper' mapperInterface. Bean already defined with the same name!
2019-03-22 16:31:32.121 [main] WARN  org.mybatis.spring.mapper.ClassPathMapperScanner - Skipping MapperFactoryBean with name 'roleMapper' and 'com.forum.mapper.RoleMapper' mapperInterface. Bean already defined with the same name!
2019-03-22 16:31:32.121 [main] WARN  org.mybatis.spring.mapper.ClassPathMapperScanner - Skipping MapperFactoryBean with name 'sessionMapper' and 'com.forum.mapper.SessionMapper' mapperInterface. Bean already defined with the same name!
2019-03-22 16:31:32.121 [main] WARN  org.mybatis.spring.mapper.ClassPathMapperScanner - Skipping MapperFactoryBean with name 'userFollowMapper' and 'com.forum.mapper.UserFollowMapper' mapperInterface. Bean already defined with the same name!
2019-03-22 16:31:32.121 [main] WARN  org.mybatis.spring.mapper.ClassPathMapperScanner - Skipping MapperFactoryBean with name 'userForumListPostVOMapper' and 'com.forum.mapper.UserForumListPostVOMapper' mapperInterface. Bean already defined with the same name!
2019-03-22 16:31:32.121 [main] WARN  org.mybatis.spring.mapper.ClassPathMapperScanner - Skipping MapperFactoryBean with name 'userMapper' and 'com.forum.mapper.UserMapper' mapperInterface. Bean already defined with the same name!
2019-03-22 16:31:32.121 [main] WARN  org.mybatis.spring.mapper.ClassPathMapperScanner - Skipping MapperFactoryBean with name 'userPostReplyVOMapper' and 'com.forum.mapper.UserPostReplyVOMapper' mapperInterface. Bean already defined with the same name!
2019-03-22 16:31:32.121 [main] WARN  org.mybatis.spring.mapper.ClassPathMapperScanner - Skipping MapperFactoryBean with name 'userPostVOMapper' and 'com.forum.mapper.UserPostVOMapper' mapperInterface. Bean already defined with the same name!
2019-03-22 16:31:38.064 [main] WARN  org.thymeleaf.templatemode.TemplateMode - [THYMELEAF][main] Template Mode 'LEGACYHTML5' is deprecated. Using Template Mode 'HTML' instead.
2019-03-22 16:31:39.293 [main] WARN  s.d.s.w.readers.parameter.ParameterDataTypeReader - Trying to infer dataType java.lang.String[]
2019-03-22 16:31:39.296 [main] WARN  s.d.s.w.readers.parameter.ParameterDataTypeReader - Trying to infer dataType java.lang.String[]
2019-03-22 16:31:39.300 [main] WARN  s.d.s.w.readers.parameter.ParameterDataTypeReader - Trying to infer dataType java.lang.String[]
2019-03-22 16:31:39.304 [main] WARN  s.d.s.w.readers.parameter.ParameterDataTypeReader - Trying to infer dataType java.lang.String[]
2019-03-22 23:40:04.213 [AMQP Connection 127.0.0.1:5672] ERROR o.s.a.rabbit.connection.CachingConnectionFactory - Channel shutdown: connection error
2019-03-22 23:40:04.215 [AMQP Connection 127.0.0.1:5672] ERROR o.s.a.rabbit.connection.CachingConnectionFactory - Channel shutdown: connection error
2019-03-22 23:40:04.216 [AMQP Connection 127.0.0.1:5672] ERROR o.s.a.rabbit.connection.CachingConnectionFactory - Channel shutdown: connection error
2019-03-22 23:40:04.216 [AMQP Connection 127.0.0.1:5672] ERROR o.s.a.rabbit.connection.CachingConnectionFactory - Channel shutdown: connection error
2019-03-22 23:40:04.216 [AMQP Connection 127.0.0.1:5672] ERROR o.s.a.rabbit.connection.CachingConnectionFactory - Channel shutdown: connection error
2019-03-22 23:40:04.216 [AMQP Connection 127.0.0.1:5672] ERROR o.s.a.rabbit.connection.CachingConnectionFactory - Channel shutdown: connection error
2019-03-22 23:40:04.222 [AMQP Connection 127.0.0.1:5672] ERROR o.s.a.rabbit.connection.CachingConnectionFactory - Channel shutdown: connection error
2019-03-22 23:40:04.222 [AMQP Connection 127.0.0.1:5672] ERROR o.s.a.rabbit.connection.CachingConnectionFactory - Channel shutdown: connection error
2019-03-22 23:40:04.222 [AMQP Connection 127.0.0.1:5672] ERROR o.s.a.rabbit.connection.CachingConnectionFactory - Channel shutdown: connection error
2019-03-22 23:40:04.223 [AMQP Connection 127.0.0.1:5672] ERROR o.s.a.rabbit.connection.CachingConnectionFactory - Channel shutdown: connection error
2019-03-22 23:40:04.556 [SimpleAsyncTaskExecutor-2] ERROR o.s.a.r.listener.SimpleMessageListenerContainer - Failed to check/redeclare auto-delete queue(s).
org.springframework.amqp.AmqpConnectException: java.net.ConnectException: Connection refused (Connection refused)
	at org.springframework.amqp.rabbit.support.RabbitExceptionTranslator.convertRabbitAccessException(RabbitExceptionTranslator.java:62)
	at org.springframework.amqp.rabbit.connection.AbstractConnectionFactory.createBareConnection(AbstractConnectionFactory.java:504)
	at org.springframework.amqp.rabbit.connection.CachingConnectionFactory.createConnection(CachingConnectionFactory.java:658)
	at org.springframework.amqp.rabbit.connection.CachingConnectionFactory.createBareChannel(CachingConnectionFactory.java:608)
	at org.springframework.amqp.rabbit.connection.CachingConnectionFactory.getCachedChannelProxy(CachingConnectionFactory.java:582)
	at org.springframework.amqp.rabbit.connection.CachingConnectionFactory.getChannel(CachingConnectionFactory.java:564)
	at org.springframework.amqp.rabbit.connection.CachingConnectionFactory.access$1600(CachingConnectionFactory.java:99)
	at org.springframework.amqp.rabbit.connection.CachingConnectionFactory$ChannelCachingConnectionProxy.createChannel(CachingConnectionFactory.java:1287)
	at org.springframework.amqp.rabbit.core.RabbitTemplate.doExecute(RabbitTemplate.java:1843)
	at org.springframework.amqp.rabbit.core.RabbitTemplate.execute(RabbitTemplate.java:1811)
	at org.springframework.amqp.rabbit.core.RabbitTemplate.execute(RabbitTemplate.java:1792)
	at org.springframework.amqp.rabbit.core.RabbitAdmin.getQueueProperties(RabbitAdmin.java:391)
	at org.springframework.amqp.rabbit.listener.AbstractMessageListenerContainer.redeclareElementsIfNecessary(AbstractMessageListenerContainer.java:1678)
	at org.springframework.amqp.rabbit.listener.SimpleMessageListenerContainer$AsyncMessageProcessingConsumer.run(SimpleMessageListenerContainer.java:1026)
	at java.lang.Thread.run(Thread.java:745)
Caused by: java.net.ConnectException: Connection refused (Connection refused)
	at java.net.PlainSocketImpl.socketConnect(Native Method)
	at java.net.AbstractPlainSocketImpl.doConnect(AbstractPlainSocketImpl.java:350)
	at java.net.AbstractPlainSocketImpl.connectToAddress(AbstractPlainSocketImpl.java:206)
	at java.net.AbstractPlainSocketImpl.connect(AbstractPlainSocketImpl.java:188)
	at java.net.SocksSocketImpl.connect(SocksSocketImpl.java:392)
	at java.net.Socket.connect(Socket.java:589)
	at com.rabbitmq.client.impl.SocketFrameHandlerFactory.create(SocketFrameHandlerFactory.java:60)
	at com.rabbitmq.client.ConnectionFactory.newConnection(ConnectionFactory.java:1102)
	at com.rabbitmq.client.ConnectionFactory.newConnection(ConnectionFactory.java:1054)
	at com.rabbitmq.client.ConnectionFactory.newConnection(ConnectionFactory.java:994)
	at org.springframework.amqp.rabbit.connection.AbstractConnectionFactory.createBareConnection(AbstractConnectionFactory.java:457)
	... 13 common frames omitted
2019-03-22 23:40:04.556 [SimpleAsyncTaskExecutor-2] ERROR o.s.a.r.listener.SimpleMessageListenerContainer - Failed to check/redeclare auto-delete queue(s).
org.springframework.amqp.AmqpConnectException: java.net.ConnectException: Connection refused (Connection refused)
	at org.springframework.amqp.rabbit.support.RabbitExceptionTranslator.convertRabbitAccessException(RabbitExceptionTranslator.java:62)
	at org.springframework.amqp.rabbit.connection.AbstractConnectionFactory.createBareConnection(AbstractConnectionFactory.java:504)
	at org.springframework.amqp.rabbit.connection.CachingConnectionFactory.createConnection(CachingConnectionFactory.java:658)
	at org.springframework.amqp.rabbit.connection.ConnectionFactoryUtils.createConnection(ConnectionFactoryUtils.java:240)
	at org.springframework.amqp.rabbit.core.RabbitTemplate.doExecute(RabbitTemplate.java:1837)
	at org.springframework.amqp.rabbit.core.RabbitTemplate.execute(RabbitTemplate.java:1811)
	at org.springframework.amqp.rabbit.core.RabbitTemplate.execute(RabbitTemplate.java:1792)
	at org.springframework.amqp.rabbit.core.RabbitAdmin.getQueueProperties(RabbitAdmin.java:391)
	at org.springframework.amqp.rabbit.listener.AbstractMessageListenerContainer.redeclareElementsIfNecessary(AbstractMessageListenerContainer.java:1678)
	at org.springframework.amqp.rabbit.listener.SimpleMessageListenerContainer$AsyncMessageProcessingConsumer.run(SimpleMessageListenerContainer.java:1026)
	at java.lang.Thread.run(Thread.java:745)
Caused by: java.net.ConnectException: Connection refused (Connection refused)
	at java.net.PlainSocketImpl.socketConnect(Native Method)
	at java.net.AbstractPlainSocketImpl.doConnect(AbstractPlainSocketImpl.java:350)
	at java.net.AbstractPlainSocketImpl.connectToAddress(AbstractPlainSocketImpl.java:206)
	at java.net.AbstractPlainSocketImpl.connect(AbstractPlainSocketImpl.java:188)
	at java.net.SocksSocketImpl.connect(SocksSocketImpl.java:392)
	at java.net.Socket.connect(Socket.java:589)
	at com.rabbitmq.client.impl.SocketFrameHandlerFactory.create(SocketFrameHandlerFactory.java:60)
	at com.rabbitmq.client.ConnectionFactory.newConnection(ConnectionFactory.java:1102)
	at com.rabbitmq.client.ConnectionFactory.newConnection(ConnectionFactory.java:1054)
	at com.rabbitmq.client.ConnectionFactory.newConnection(ConnectionFactory.java:994)
	at org.springframework.amqp.rabbit.connection.AbstractConnectionFactory.createBareConnection(AbstractConnectionFactory.java:457)
	... 9 common frames omitted
2019-03-22 23:40:09.640 [SimpleAsyncTaskExecutor-2] WARN  o.s.a.r.listener.SimpleMessageListenerContainer - Consumer raised exception, processing can restart if the connection factory supports it. Exception summary: org.springframework.amqp.AmqpConnectException: java.net.ConnectException: Connection refused (Connection refused)
2019-03-22 23:40:09.653 [SimpleAsyncTaskExecutor-2] WARN  o.s.a.r.listener.SimpleMessageListenerContainer - Consumer raised exception, processing can restart if the connection factory supports it. Exception summary: org.springframework.amqp.AmqpConnectException: java.net.ConnectException: Connection refused (Connection refused)
2019-03-22 23:40:09.653 [SimpleAsyncTaskExecutor-2] WARN  o.s.a.r.listener.SimpleMessageListenerContainer - Consumer raised exception, processing can restart if the connection factory supports it. Exception summary: org.springframework.amqp.AmqpConnectException: java.net.ConnectException: Connection refused (Connection refused)
2019-03-22 23:40:09.655 [SimpleAsyncTaskExecutor-3] ERROR o.s.a.r.listener.SimpleMessageListenerContainer - Failed to check/redeclare auto-delete queue(s).
org.springframework.amqp.AmqpConnectException: java.net.ConnectException: Connection refused (Connection refused)
	at org.springframework.amqp.rabbit.support.RabbitExceptionTranslator.convertRabbitAccessException(RabbitExceptionTranslator.java:62)
	at org.springframework.amqp.rabbit.connection.AbstractConnectionFactory.createBareConnection(AbstractConnectionFactory.java:504)
	at org.springframework.amqp.rabbit.connection.CachingConnectionFactory.createConnection(CachingConnectionFactory.java:658)
	at org.springframework.amqp.rabbit.connection.ConnectionFactoryUtils.createConnection(ConnectionFactoryUtils.java:240)
	at org.springframework.amqp.rabbit.core.RabbitTemplate.doExecute(RabbitTemplate.java:1837)
	at org.springframework.amqp.rabbit.core.RabbitTemplate.execute(RabbitTemplate.java:1811)
	at org.springframework.amqp.rabbit.core.RabbitTemplate.execute(RabbitTemplate.java:1792)
	at org.springframework.amqp.rabbit.core.RabbitAdmin.getQueueProperties(RabbitAdmin.java:391)
	at org.springframework.amqp.rabbit.listener.AbstractMessageListenerContainer.redeclareElementsIfNecessary(AbstractMessageListenerContainer.java:1678)
	at org.springframework.amqp.rabbit.listener.SimpleMessageListenerContainer$AsyncMessageProcessingConsumer.run(SimpleMessageListenerContainer.java:1026)
	at java.lang.Thread.run(Thread.java:745)
Caused by: java.net.ConnectException: Connection refused (Connection refused)
	at java.net.PlainSocketImpl.socketConnect(Native Method)
	at java.net.AbstractPlainSocketImpl.doConnect(AbstractPlainSocketImpl.java:350)
	at java.net.AbstractPlainSocketImpl.connectToAddress(AbstractPlainSocketImpl.java:206)
	at java.net.AbstractPlainSocketImpl.connect(AbstractPlainSocketImpl.java:188)
	at java.net.SocksSocketImpl.connect(SocksSocketImpl.java:392)
	at java.net.Socket.connect(Socket.java:589)
	at com.rabbitmq.client.impl.SocketFrameHandlerFactory.create(SocketFrameHandlerFactory.java:60)
	at com.rabbitmq.client.ConnectionFactory.newConnection(ConnectionFactory.java:1102)
	at com.rabbitmq.client.ConnectionFactory.newConnection(ConnectionFactory.java:1054)
	at com.rabbitmq.client.ConnectionFactory.newConnection(ConnectionFactory.java:994)
	at org.springframework.amqp.rabbit.connection.AbstractConnectionFactory.createBareConnection(AbstractConnectionFactory.java:457)
	... 9 common frames omitted
2019-03-22 23:40:09.655 [SimpleAsyncTaskExecutor-3] ERROR o.s.a.r.listener.SimpleMessageListenerContainer - Failed to check/redeclare auto-delete queue(s).
org.springframework.amqp.AmqpConnectException: java.net.ConnectException: Connection refused (Connection refused)
	at org.springframework.amqp.rabbit.support.RabbitExceptionTranslator.convertRabbitAccessException(RabbitExceptionTranslator.java:62)
	at org.springframework.amqp.rabbit.connection.AbstractConnectionFactory.createBareConnection(AbstractConnectionFactory.java:504)
	at org.springframework.amqp.rabbit.connection.CachingConnectionFactory.createConnection(CachingConnectionFactory.java:658)
	at org.springframework.amqp.rabbit.connection.ConnectionFactoryUtils.createConnection(ConnectionFactoryUtils.java:240)
	at org.springframework.amqp.rabbit.core.RabbitTemplate.doExecute(RabbitTemplate.java:1837)
	at org.springframework.amqp.rabbit.core.RabbitTemplate.execute(RabbitTemplate.java:1811)
	at org.springframework.amqp.rabbit.core.RabbitTemplate.execute(RabbitTemplate.java:1792)
	at org.springframework.amqp.rabbit.core.RabbitAdmin.getQueueProperties(RabbitAdmin.java:391)
	at org.springframework.amqp.rabbit.listener.AbstractMessageListenerContainer.redeclareElementsIfNecessary(AbstractMessageListenerContainer.java:1678)
	at org.springframework.amqp.rabbit.listener.SimpleMessageListenerContainer$AsyncMessageProcessingConsumer.run(SimpleMessageListenerContainer.java:1026)
	at java.lang.Thread.run(Thread.java:745)
Caused by: java.net.ConnectException: Connection refused (Connection refused)
	at java.net.PlainSocketImpl.socketConnect(Native Method)
	at java.net.AbstractPlainSocketImpl.doConnect(AbstractPlainSocketImpl.java:350)
	at java.net.AbstractPlainSocketImpl.connectToAddress(AbstractPlainSocketImpl.java:206)
	at java.net.AbstractPlainSocketImpl.connect(AbstractPlainSocketImpl.java:188)
	at java.net.SocksSocketImpl.connect(SocksSocketImpl.java:392)
	at java.net.Socket.connect(Socket.java:589)
	at com.rabbitmq.client.impl.SocketFrameHandlerFactory.create(SocketFrameHandlerFactory.java:60)
	at com.rabbitmq.client.ConnectionFactory.newConnection(ConnectionFactory.java:1102)
	at com.rabbitmq.client.ConnectionFactory.newConnection(ConnectionFactory.java:1054)
	at com.rabbitmq.client.ConnectionFactory.newConnection(ConnectionFactory.java:994)
	at org.springframework.amqp.rabbit.connection.AbstractConnectionFactory.createBareConnection(AbstractConnectionFactory.java:457)
	... 9 common frames omitted
2019-03-22 23:40:09.772 [SimpleAsyncTaskExecutor-2] WARN  o.s.a.r.listener.SimpleMessageListenerContainer - Consumer raised exception, processing can restart if the connection factory supports it. Exception summary: org.springframework.amqp.AmqpConnectException: java.net.ConnectException: Connection refused (Connection refused)
2019-03-22 23:40:09.772 [SimpleAsyncTaskExecutor-2] WARN  o.s.a.r.listener.SimpleMessageListenerContainer - Consumer raised exception, processing can restart if the connection factory supports it. Exception summary: org.springframework.amqp.AmqpConnectException: java.net.ConnectException: Connection refused (Connection refused)
2019-03-22 23:40:10.185 [SimpleAsyncTaskExecutor-2] WARN  o.s.a.r.listener.SimpleMessageListenerContainer - Consumer raised exception, processing can restart if the connection factory supports it. Exception summary: org.springframework.amqp.AmqpConnectException: java.net.ConnectException: Connection refused (Connection refused)
2019-03-22 23:40:10.184 [SimpleAsyncTaskExecutor-2] WARN  o.s.a.r.listener.SimpleMessageListenerContainer - Consumer raised exception, processing can restart if the connection factory supports it. Exception summary: org.springframework.amqp.AmqpConnectException: java.net.ConnectException: Connection refused (Connection refused)
2019-03-22 23:40:10.192 [SimpleAsyncTaskExecutor-2] WARN  o.s.a.r.listener.SimpleMessageListenerContainer - Consumer raised exception, processing can restart if the connection factory supports it. Exception summary: org.springframework.amqp.AmqpConnectException: java.net.ConnectException: Connection refused (Connection refused)
2019-03-22 23:40:10.192 [SimpleAsyncTaskExecutor-2] WARN  o.s.a.r.listener.SimpleMessageListenerContainer - Consumer raised exception, processing can restart if the connection factory supports it. Exception summary: org.springframework.amqp.AmqpConnectException: java.net.ConnectException: Connection refused (Connection refused)
2019-03-22 23:40:14.736 [SimpleAsyncTaskExecutor-3] WARN  o.s.a.r.listener.SimpleMessageListenerContainer - Consumer raised exception, processing can restart if the connection factory supports it. Exception summary: org.springframework.amqp.AmqpConnectException: java.net.ConnectException: Connection refused (Connection refused)
2019-03-22 23:40:14.753 [SimpleAsyncTaskExecutor-3] WARN  o.s.a.r.listener.SimpleMessageListenerContainer - Consumer raised exception, processing can restart if the connection factory supports it. Exception summary: org.springframework.amqp.AmqpConnectException: java.net.ConnectException: Connection refused (Connection refused)
2019-03-22 23:40:14.753 [SimpleAsyncTaskExecutor-3] WARN  o.s.a.r.listener.SimpleMessageListenerContainer - Consumer raised exception, processing can restart if the connection factory supports it. Exception summary: org.springframework.amqp.AmqpConnectException: java.net.ConnectException: Connection refused (Connection refused)
2019-03-22 23:40:14.757 [SimpleAsyncTaskExecutor-4] ERROR o.s.a.r.listener.SimpleMessageListenerContainer - Failed to check/redeclare auto-delete queue(s).
org.springframework.amqp.AmqpConnectException: java.net.ConnectException: Connection refused (Connection refused)
	at org.springframework.amqp.rabbit.support.RabbitExceptionTranslator.convertRabbitAccessException(RabbitExceptionTranslator.java:62)
	at org.springframework.amqp.rabbit.connection.AbstractConnectionFactory.createBareConnection(AbstractConnectionFactory.java:504)
	at org.springframework.amqp.rabbit.connection.CachingConnectionFactory.createConnection(CachingConnectionFactory.java:658)
	at org.springframework.amqp.rabbit.connection.ConnectionFactoryUtils.createConnection(ConnectionFactoryUtils.java:240)
	at org.springframework.amqp.rabbit.core.RabbitTemplate.doExecute(RabbitTemplate.java:1837)
	at org.springframework.amqp.rabbit.core.RabbitTemplate.execute(RabbitTemplate.java:1811)
	at org.springframework.amqp.rabbit.core.RabbitTemplate.execute(RabbitTemplate.java:1792)
	at org.springframework.amqp.rabbit.core.RabbitAdmin.getQueueProperties(RabbitAdmin.java:391)
	at org.springframework.amqp.rabbit.listener.AbstractMessageListenerContainer.redeclareElementsIfNecessary(AbstractMessageListenerContainer.java:1678)
	at org.springframework.amqp.rabbit.listener.SimpleMessageListenerContainer$AsyncMessageProcessingConsumer.run(SimpleMessageListenerContainer.java:1026)
	at java.lang.Thread.run(Thread.java:745)
Caused by: java.net.ConnectException: Connection refused (Connection refused)
	at java.net.PlainSocketImpl.socketConnect(Native Method)
	at java.net.AbstractPlainSocketImpl.doConnect(AbstractPlainSocketImpl.java:350)
	at java.net.AbstractPlainSocketImpl.connectToAddress(AbstractPlainSocketImpl.java:206)
	at java.net.AbstractPlainSocketImpl.connect(AbstractPlainSocketImpl.java:188)
	at java.net.SocksSocketImpl.connect(SocksSocketImpl.java:392)
	at java.net.Socket.connect(Socket.java:589)
	at com.rabbitmq.client.impl.SocketFrameHandlerFactory.create(SocketFrameHandlerFactory.java:60)
	at com.rabbitmq.client.ConnectionFactory.newConnection(ConnectionFactory.java:1102)
	at com.rabbitmq.client.ConnectionFactory.newConnection(ConnectionFactory.java:1054)
	at com.rabbitmq.client.ConnectionFactory.newConnection(ConnectionFactory.java:994)
	at org.springframework.amqp.rabbit.connection.AbstractConnectionFactory.createBareConnection(AbstractConnectionFactory.java:457)
	... 9 common frames omitted
2019-03-22 23:40:14.757 [SimpleAsyncTaskExecutor-4] ERROR o.s.a.r.listener.SimpleMessageListenerContainer - Failed to check/redeclare auto-delete queue(s).
org.springframework.amqp.AmqpConnectException: java.net.ConnectException: Connection refused (Connection refused)
	at org.springframework.amqp.rabbit.support.RabbitExceptionTranslator.convertRabbitAccessException(RabbitExceptionTranslator.java:62)
	at org.springframework.amqp.rabbit.connection.AbstractConnectionFactory.createBareConnection(AbstractConnectionFactory.java:504)
	at org.springframework.amqp.rabbit.connection.CachingConnectionFactory.createConnection(CachingConnectionFactory.java:658)
	at org.springframework.amqp.rabbit.connection.ConnectionFactoryUtils.createConnection(ConnectionFactoryUtils.java:240)
	at org.springframework.amqp.rabbit.core.RabbitTemplate.doExecute(RabbitTemplate.java:1837)
	at org.springframework.amqp.rabbit.core.RabbitTemplate.execute(RabbitTemplate.java:1811)
	at org.springframework.amqp.rabbit.core.RabbitTemplate.execute(RabbitTemplate.java:1792)
	at org.springframework.amqp.rabbit.core.RabbitAdmin.getQueueProperties(RabbitAdmin.java:391)
	at org.springframework.amqp.rabbit.listener.AbstractMessageListenerContainer.redeclareElementsIfNecessary(AbstractMessageListenerContainer.java:1678)
	at org.springframework.amqp.rabbit.listener.SimpleMessageListenerContainer$AsyncMessageProcessingConsumer.run(SimpleMessageListenerContainer.java:1026)
	at java.lang.Thread.run(Thread.java:745)
Caused by: java.net.ConnectException: Connection refused (Connection refused)
	at java.net.PlainSocketImpl.socketConnect(Native Method)
	at java.net.AbstractPlainSocketImpl.doConnect(AbstractPlainSocketImpl.java:350)
	at java.net.AbstractPlainSocketImpl.connectToAddress(AbstractPlainSocketImpl.java:206)
	at java.net.AbstractPlainSocketImpl.connect(AbstractPlainSocketImpl.java:188)
	at java.net.SocksSocketImpl.connect(SocksSocketImpl.java:392)
	at java.net.Socket.connect(Socket.java:589)
	at com.rabbitmq.client.impl.SocketFrameHandlerFactory.create(SocketFrameHandlerFactory.java:60)
	at com.rabbitmq.client.ConnectionFactory.newConnection(ConnectionFactory.java:1102)
	at com.rabbitmq.client.ConnectionFactory.newConnection(ConnectionFactory.java:1054)
	at com.rabbitmq.client.ConnectionFactory.newConnection(ConnectionFactory.java:994)
	at org.springframework.amqp.rabbit.connection.AbstractConnectionFactory.createBareConnection(AbstractConnectionFactory.java:457)
	... 9 common frames omitted
2019-03-22 23:40:14.862 [SimpleAsyncTaskExecutor-3] WARN  o.s.a.r.listener.SimpleMessageListenerContainer - Consumer raised exception, processing can restart if the connection factory supports it. Exception summary: org.springframework.amqp.AmqpConnectException: java.net.ConnectException: Connection refused (Connection refused)
2019-03-22 23:40:14.862 [SimpleAsyncTaskExecutor-3] WARN  o.s.a.r.listener.SimpleMessageListenerContainer - Consumer raised exception, processing can restart if the connection factory supports it. Exception summary: org.springframework.amqp.AmqpConnectException: java.net.ConnectException: Connection refused (Connection refused)
2019-03-22 23:40:15.286 [SimpleAsyncTaskExecutor-3] WARN  o.s.a.r.listener.SimpleMessageListenerContainer - Consumer raised exception, processing can restart if the connection factory supports it. Exception summary: org.springframework.amqp.AmqpConnectException: java.net.ConnectException: Connection refused (Connection refused)
2019-03-22 23:40:15.286 [SimpleAsyncTaskExecutor-3] WARN  o.s.a.r.listener.SimpleMessageListenerContainer - Consumer raised exception, processing can restart if the connection factory supports it. Exception summary: org.springframework.amqp.AmqpConnectException: java.net.ConnectException: Connection refused (Connection refused)
2019-03-22 23:40:15.286 [SimpleAsyncTaskExecutor-3] WARN  o.s.a.r.listener.SimpleMessageListenerContainer - Consumer raised exception, processing can restart if the connection factory supports it. Exception summary: org.springframework.amqp.AmqpConnectException: java.net.ConnectException: Connection refused (Connection refused)
2019-03-22 23:40:15.286 [SimpleAsyncTaskExecutor-3] WARN  o.s.a.r.listener.SimpleMessageListenerContainer - Consumer raised exception, processing can restart if the connection factory supports it. Exception summary: org.springframework.amqp.AmqpConnectException: java.net.ConnectException: Connection refused (Connection refused)
