2019-02-04 00:53:58.996 [AMQP Connection 127.0.0.1:5672] ERROR o.s.a.rabbit.connection.CachingConnectionFactory - Channel shutdown: connection error
2019-02-04 00:53:58.999 [AMQP Connection 127.0.0.1:5672] ERROR o.s.a.rabbit.connection.CachingConnectionFactory - Channel shutdown: connection error
2019-02-04 00:53:58.999 [AMQP Connection 127.0.0.1:5672] ERROR o.s.a.rabbit.connection.CachingConnectionFactory - Channel shutdown: connection error
2019-02-04 00:53:58.999 [AMQP Connection 127.0.0.1:5672] ERROR o.s.a.rabbit.connection.CachingConnectionFactory - Channel shutdown: connection error
2019-02-04 00:53:59.000 [AMQP Connection 127.0.0.1:5672] ERROR o.s.a.rabbit.connection.CachingConnectionFactory - Channel shutdown: connection error
2019-02-04 00:53:59.000 [AMQP Connection 127.0.0.1:5672] ERROR o.s.a.rabbit.connection.CachingConnectionFactory - Channel shutdown: connection error
2019-02-04 00:53:59.001 [AMQP Connection 127.0.0.1:5672] ERROR o.s.a.rabbit.connection.CachingConnectionFactory - Channel shutdown: connection error
2019-02-04 00:53:59.001 [AMQP Connection 127.0.0.1:5672] ERROR o.s.a.rabbit.connection.CachingConnectionFactory - Channel shutdown: connection error
2019-02-04 00:53:59.001 [AMQP Connection 127.0.0.1:5672] ERROR o.s.a.rabbit.connection.CachingConnectionFactory - Channel shutdown: connection error
2019-02-04 00:53:59.287 [SimpleAsyncTaskExecutor-5] ERROR o.s.a.r.listener.SimpleMessageListenerContainer - Failed to check/redeclare auto-delete queue(s).
org.springframework.amqp.AmqpConnectException: java.net.ConnectException: Connection refused (Connection refused)
	at org.springframework.amqp.rabbit.support.RabbitExceptionTranslator.convertRabbitAccessException(RabbitExceptionTranslator.java:62)
	at org.springframework.amqp.rabbit.connection.AbstractConnectionFactory.createBareConnection(AbstractConnectionFactory.java:504)
	at org.springframework.amqp.rabbit.connection.CachingConnectionFactory.createConnection(CachingConnectionFactory.java:658)
	at org.springframework.amqp.rabbit.connection.ConnectionFactoryUtils.createConnection(ConnectionFactoryUtils.java:240)
	at org.springframework.amqp.rabbit.core.RabbitTemplate.doExecute(RabbitTemplate.java:1837)
	at org.springframework.amqp.rabbit.core.RabbitTemplate.execute(RabbitTemplate.java:1811)
	at org.springframework.amqp.rabbit.core.RabbitTemplate.execute(RabbitTemplate.java:1792)
	at org.springframework.amqp.rabbit.core.RabbitAdmin.getQueueProperties(RabbitAdmin.java:391)
	at org.springframework.amqp.rabbit.listener.AbstractMessageListenerContainer.redeclareElementsIfNecessary(AbstractMessageListenerContainer.java:1678)
	at org.springframework.amqp.rabbit.listener.SimpleMessageListenerContainer$AsyncMessageProcessingConsumer.run(SimpleMessageListenerContainer.java:1026)
	at java.lang.Thread.run(Thread.java:745)
Caused by: java.net.ConnectException: Connection refused (Connection refused)
	at java.net.PlainSocketImpl.socketConnect(Native Method)
	at java.net.AbstractPlainSocketImpl.doConnect(AbstractPlainSocketImpl.java:350)
	at java.net.AbstractPlainSocketImpl.connectToAddress(AbstractPlainSocketImpl.java:206)
	at java.net.AbstractPlainSocketImpl.connect(AbstractPlainSocketImpl.java:188)
	at java.net.SocksSocketImpl.connect(SocksSocketImpl.java:392)
	at java.net.Socket.connect(Socket.java:589)
	at com.rabbitmq.client.impl.SocketFrameHandlerFactory.create(SocketFrameHandlerFactory.java:60)
	at com.rabbitmq.client.ConnectionFactory.newConnection(ConnectionFactory.java:1102)
	at com.rabbitmq.client.ConnectionFactory.newConnection(ConnectionFactory.java:1054)
	at com.rabbitmq.client.ConnectionFactory.newConnection(ConnectionFactory.java:994)
	at org.springframework.amqp.rabbit.connection.AbstractConnectionFactory.createBareConnection(AbstractConnectionFactory.java:457)
	... 9 common frames omitted
2019-02-04 00:53:59.288 [SimpleAsyncTaskExecutor-5] ERROR o.s.a.r.listener.SimpleMessageListenerContainer - Failed to check/redeclare auto-delete queue(s).
org.springframework.amqp.AmqpConnectException: java.net.ConnectException: Connection refused (Connection refused)
	at org.springframework.amqp.rabbit.support.RabbitExceptionTranslator.convertRabbitAccessException(RabbitExceptionTranslator.java:62)
	at org.springframework.amqp.rabbit.connection.AbstractConnectionFactory.createBareConnection(AbstractConnectionFactory.java:504)
	at org.springframework.amqp.rabbit.connection.CachingConnectionFactory.createConnection(CachingConnectionFactory.java:658)
	at org.springframework.amqp.rabbit.connection.ConnectionFactoryUtils.createConnection(ConnectionFactoryUtils.java:240)
	at org.springframework.amqp.rabbit.core.RabbitTemplate.doExecute(RabbitTemplate.java:1837)
	at org.springframework.amqp.rabbit.core.RabbitTemplate.execute(RabbitTemplate.java:1811)
	at org.springframework.amqp.rabbit.core.RabbitTemplate.execute(RabbitTemplate.java:1792)
	at org.springframework.amqp.rabbit.core.RabbitAdmin.getQueueProperties(RabbitAdmin.java:391)
	at org.springframework.amqp.rabbit.listener.AbstractMessageListenerContainer.redeclareElementsIfNecessary(AbstractMessageListenerContainer.java:1678)
	at org.springframework.amqp.rabbit.listener.SimpleMessageListenerContainer$AsyncMessageProcessingConsumer.run(SimpleMessageListenerContainer.java:1026)
	at java.lang.Thread.run(Thread.java:745)
Caused by: java.net.ConnectException: Connection refused (Connection refused)
	at java.net.PlainSocketImpl.socketConnect(Native Method)
	at java.net.AbstractPlainSocketImpl.doConnect(AbstractPlainSocketImpl.java:350)
	at java.net.AbstractPlainSocketImpl.connectToAddress(AbstractPlainSocketImpl.java:206)
	at java.net.AbstractPlainSocketImpl.connect(AbstractPlainSocketImpl.java:188)
	at java.net.SocksSocketImpl.connect(SocksSocketImpl.java:392)
	at java.net.Socket.connect(Socket.java:589)
	at com.rabbitmq.client.impl.SocketFrameHandlerFactory.create(SocketFrameHandlerFactory.java:60)
	at com.rabbitmq.client.ConnectionFactory.newConnection(ConnectionFactory.java:1102)
	at com.rabbitmq.client.ConnectionFactory.newConnection(ConnectionFactory.java:1054)
	at com.rabbitmq.client.ConnectionFactory.newConnection(ConnectionFactory.java:994)
	at org.springframework.amqp.rabbit.connection.AbstractConnectionFactory.createBareConnection(AbstractConnectionFactory.java:457)
	... 9 common frames omitted
