2019-01-31 23:05:51.586 [main] INFO  com.forum.DemoApplication - Starting DemoApplication on lujialedeMacBook-Pro.local with PID 3464 (/Users/ljl/Documents/forum/target/classes started by ljl in /Users/ljl/Documents/forum)
2019-01-31 23:05:51.590 [main] INFO  com.forum.DemoApplication - No active profile set, falling back to default profiles: default
2019-01-31 23:05:53.143 [main] INFO  o.s.d.r.config.RepositoryConfigurationDelegate - Multiple Spring Data modules found, entering strict repository configuration mode!
2019-01-31 23:05:53.146 [main] INFO  o.s.d.r.config.RepositoryConfigurationDelegate - Bootstrapping Spring Data repositories in DEFAULT mode.
2019-01-31 23:05:53.196 [main] INFO  o.s.d.r.config.RepositoryConfigurationDelegate - Finished Spring Data repository scanning in 29ms. Found 0 repository interfaces.
2019-01-31 23:05:53.563 [main] INFO  o.s.c.s.PostProcessorRegistrationDelegate$BeanPostProcessorChecker - Bean 'webSecureConfig' of type [com.forum.service.config.WebSecureConfig$$EnhancerBySpringCGLIB$$cc8086da] is not eligible for getting processed by all BeanPostProcessors (for example: not eligible for auto-proxying)
2019-01-31 23:05:53.751 [main] INFO  o.s.c.s.PostProcessorRegistrationDelegate$BeanPostProcessorChecker - Bean 'spring.redis-org.springframework.boot.autoconfigure.data.redis.RedisProperties' of type [org.springframework.boot.autoconfigure.data.redis.RedisProperties] is not eligible for getting processed by all BeanPostProcessors (for example: not eligible for auto-proxying)
2019-01-31 23:05:53.755 [main] INFO  o.s.c.s.PostProcessorRegistrationDelegate$BeanPostProcessorChecker - Bean 'org.springframework.boot.autoconfigure.data.redis.LettuceConnectionConfiguration' of type [org.springframework.boot.autoconfigure.data.redis.LettuceConnectionConfiguration$$EnhancerBySpringCGLIB$$495c24eb] is not eligible for getting processed by all BeanPostProcessors (for example: not eligible for auto-proxying)
2019-01-31 23:05:53.859 [main] INFO  o.s.c.s.PostProcessorRegistrationDelegate$BeanPostProcessorChecker - Bean 'lettuceClientResources' of type [io.lettuce.core.resource.DefaultClientResources] is not eligible for getting processed by all BeanPostProcessors (for example: not eligible for auto-proxying)
2019-01-31 23:05:53.941 [main] INFO  o.s.c.s.PostProcessorRegistrationDelegate$BeanPostProcessorChecker - Bean 'redisConnectionFactory' of type [org.springframework.data.redis.connection.lettuce.LettuceConnectionFactory] is not eligible for getting processed by all BeanPostProcessors (for example: not eligible for auto-proxying)
2019-01-31 23:05:53.945 [main] INFO  o.s.c.s.PostProcessorRegistrationDelegate$BeanPostProcessorChecker - Bean 'redisConfig' of type [com.forum.redis.config.RedisConfig$$EnhancerBySpringCGLIB$$c3ff4d24] is not eligible for getting processed by all BeanPostProcessors (for example: not eligible for auto-proxying)
2019-01-31 23:05:53.985 [main] INFO  o.s.c.s.PostProcessorRegistrationDelegate$BeanPostProcessorChecker - Bean 'jedisPool' of type [redis.clients.jedis.JedisPool] is not eligible for getting processed by all BeanPostProcessors (for example: not eligible for auto-proxying)
2019-01-31 23:05:53.989 [main] INFO  o.s.c.s.PostProcessorRegistrationDelegate$BeanPostProcessorChecker - Bean 'redisManager' of type [org.crazycake.shiro.RedisManager] is not eligible for getting processed by all BeanPostProcessors (for example: not eligible for auto-proxying)
2019-01-31 23:05:53.995 [main] INFO  o.s.c.s.PostProcessorRegistrationDelegate$BeanPostProcessorChecker - Bean 'redisCacheManager' of type [org.crazycake.shiro.RedisCacheManager] is not eligible for getting processed by all BeanPostProcessors (for example: not eligible for auto-proxying)
2019-01-31 23:05:54.099 [main] INFO  o.s.c.s.PostProcessorRegistrationDelegate$BeanPostProcessorChecker - Bean 'mybatis-tk.mybatis.mapper.autoconfigure.MybatisProperties' of type [tk.mybatis.mapper.autoconfigure.MybatisProperties] is not eligible for getting processed by all BeanPostProcessors (for example: not eligible for auto-proxying)
2019-01-31 23:05:54.106 [main] INFO  o.s.c.s.PostProcessorRegistrationDelegate$BeanPostProcessorChecker - Bean 'tk.mybatis.mapper.autoconfigure.MapperAutoConfiguration' of type [tk.mybatis.mapper.autoconfigure.MapperAutoConfiguration$$EnhancerBySpringCGLIB$$ea330e3a] is not eligible for getting processed by all BeanPostProcessors (for example: not eligible for auto-proxying)
2019-01-31 23:05:54.118 [main] INFO  o.s.c.s.PostProcessorRegistrationDelegate$BeanPostProcessorChecker - Bean 'druidConfiguration' of type [com.forum.service.config.DruidConfiguration$$EnhancerBySpringCGLIB$$62e63113] is not eligible for getting processed by all BeanPostProcessors (for example: not eligible for auto-proxying)
2019-01-31 23:05:54.195 [main] INFO  o.s.c.s.PostProcessorRegistrationDelegate$BeanPostProcessorChecker - Bean 'dataSource' of type [com.alibaba.druid.pool.DruidDataSource] is not eligible for getting processed by all BeanPostProcessors (for example: not eligible for auto-proxying)
2019-01-31 23:05:54.211 [main] INFO  o.s.c.s.PostProcessorRegistrationDelegate$BeanPostProcessorChecker - Bean 'sqlSessionFactory' of type [org.apache.ibatis.session.defaults.DefaultSqlSessionFactory] is not eligible for getting processed by all BeanPostProcessors (for example: not eligible for auto-proxying)
2019-01-31 23:05:54.216 [main] INFO  o.s.c.s.PostProcessorRegistrationDelegate$BeanPostProcessorChecker - Bean 'sqlSessionTemplate' of type [org.mybatis.spring.SqlSessionTemplate] is not eligible for getting processed by all BeanPostProcessors (for example: not eligible for auto-proxying)
2019-01-31 23:05:54.395 [main] INFO  o.s.c.s.PostProcessorRegistrationDelegate$BeanPostProcessorChecker - Bean 'roleMapper' of type [tk.mybatis.spring.mapper.MapperFactoryBean] is not eligible for getting processed by all BeanPostProcessors (for example: not eligible for auto-proxying)
2019-01-31 23:05:54.397 [main] INFO  o.s.c.s.PostProcessorRegistrationDelegate$BeanPostProcessorChecker - Bean 'roleMapper' of type [com.sun.proxy.$Proxy84] is not eligible for getting processed by all BeanPostProcessors (for example: not eligible for auto-proxying)
2019-01-31 23:05:54.446 [main] INFO  o.s.c.s.PostProcessorRegistrationDelegate$BeanPostProcessorChecker - Bean 'userMapper' of type [tk.mybatis.spring.mapper.MapperFactoryBean] is not eligible for getting processed by all BeanPostProcessors (for example: not eligible for auto-proxying)
2019-01-31 23:05:54.447 [main] INFO  o.s.c.s.PostProcessorRegistrationDelegate$BeanPostProcessorChecker - Bean 'userMapper' of type [com.sun.proxy.$Proxy87] is not eligible for getting processed by all BeanPostProcessors (for example: not eligible for auto-proxying)
2019-01-31 23:05:54.478 [main] INFO  o.s.c.s.PostProcessorRegistrationDelegate$BeanPostProcessorChecker - Bean 'roleAuthorityMapper' of type [tk.mybatis.spring.mapper.MapperFactoryBean] is not eligible for getting processed by all BeanPostProcessors (for example: not eligible for auto-proxying)
2019-01-31 23:05:54.479 [main] INFO  o.s.c.s.PostProcessorRegistrationDelegate$BeanPostProcessorChecker - Bean 'roleAuthorityMapper' of type [com.sun.proxy.$Proxy88] is not eligible for getting processed by all BeanPostProcessors (for example: not eligible for auto-proxying)
2019-01-31 23:05:54.480 [main] INFO  o.s.c.s.PostProcessorRegistrationDelegate$BeanPostProcessorChecker - Bean 'realm' of type [com.forum.service.security.realm.PasswordRealm] is not eligible for getting processed by all BeanPostProcessors (for example: not eligible for auto-proxying)
2019-01-31 23:05:54.487 [main] INFO  o.s.c.s.PostProcessorRegistrationDelegate$BeanPostProcessorChecker - Bean 'redisSessionDAO' of type [org.crazycake.shiro.RedisSessionDAO] is not eligible for getting processed by all BeanPostProcessors (for example: not eligible for auto-proxying)
2019-01-31 23:05:54.498 [main] INFO  o.s.c.s.PostProcessorRegistrationDelegate$BeanPostProcessorChecker - Bean 'simpleCookie' of type [org.apache.shiro.web.servlet.SimpleCookie] is not eligible for getting processed by all BeanPostProcessors (for example: not eligible for auto-proxying)
2019-01-31 23:05:54.509 [main] INFO  o.s.c.s.PostProcessorRegistrationDelegate$BeanPostProcessorChecker - Bean 'sessionManager' of type [org.apache.shiro.web.session.mgt.DefaultWebSessionManager] is not eligible for getting processed by all BeanPostProcessors (for example: not eligible for auto-proxying)
2019-01-31 23:05:54.645 [main] INFO  o.s.c.s.PostProcessorRegistrationDelegate$BeanPostProcessorChecker - Bean 'rememberMeCookie' of type [org.apache.shiro.web.servlet.SimpleCookie] is not eligible for getting processed by all BeanPostProcessors (for example: not eligible for auto-proxying)
2019-01-31 23:05:54.650 [main] INFO  o.s.c.s.PostProcessorRegistrationDelegate$BeanPostProcessorChecker - Bean 'rememberMeManager' of type [org.apache.shiro.web.mgt.CookieRememberMeManager] is not eligible for getting processed by all BeanPostProcessors (for example: not eligible for auto-proxying)
2019-01-31 23:05:54.653 [main] INFO  o.s.c.s.PostProcessorRegistrationDelegate$BeanPostProcessorChecker - Bean 'securityManager' of type [org.apache.shiro.web.mgt.DefaultWebSecurityManager] is not eligible for getting processed by all BeanPostProcessors (for example: not eligible for auto-proxying)
2019-01-31 23:05:54.698 [main] INFO  o.s.c.s.PostProcessorRegistrationDelegate$BeanPostProcessorChecker - Bean 'authorityMapper' of type [tk.mybatis.spring.mapper.MapperFactoryBean] is not eligible for getting processed by all BeanPostProcessors (for example: not eligible for auto-proxying)
2019-01-31 23:05:54.700 [main] INFO  o.s.c.s.PostProcessorRegistrationDelegate$BeanPostProcessorChecker - Bean 'authorityMapper' of type [com.sun.proxy.$Proxy90] is not eligible for getting processed by all BeanPostProcessors (for example: not eligible for auto-proxying)
2019-01-31 23:05:54.745 [main] INFO  o.s.c.s.PostProcessorRegistrationDelegate$BeanPostProcessorChecker - Bean 'nonAuthemticateMapper' of type [tk.mybatis.spring.mapper.MapperFactoryBean] is not eligible for getting processed by all BeanPostProcessors (for example: not eligible for auto-proxying)
2019-01-31 23:05:54.746 [main] INFO  o.s.c.s.PostProcessorRegistrationDelegate$BeanPostProcessorChecker - Bean 'nonAuthemticateMapper' of type [com.sun.proxy.$Proxy91] is not eligible for getting processed by all BeanPostProcessors (for example: not eligible for auto-proxying)
2019-01-31 23:05:54.792 [main] INFO  o.s.c.s.PostProcessorRegistrationDelegate$BeanPostProcessorChecker - Bean 'sessionMapper' of type [tk.mybatis.spring.mapper.MapperFactoryBean] is not eligible for getting processed by all BeanPostProcessors (for example: not eligible for auto-proxying)
2019-01-31 23:05:54.793 [main] INFO  o.s.c.s.PostProcessorRegistrationDelegate$BeanPostProcessorChecker - Bean 'sessionMapper' of type [com.sun.proxy.$Proxy93] is not eligible for getting processed by all BeanPostProcessors (for example: not eligible for auto-proxying)
2019-01-31 23:05:54.794 [main] INFO  o.s.c.s.PostProcessorRegistrationDelegate$BeanPostProcessorChecker - Bean 'shiroService' of type [com.forum.service.impl.ShiroServiceImpl] is not eligible for getting processed by all BeanPostProcessors (for example: not eligible for auto-proxying)
2019-01-31 23:05:54.821 [main] INFO  o.s.c.s.PostProcessorRegistrationDelegate$BeanPostProcessorChecker - Bean 'messageCodeInfo' of type [com.forum.model.dto.MessageCodeInfo] is not eligible for getting processed by all BeanPostProcessors (for example: not eligible for auto-proxying)
2019-01-31 23:05:54.824 [main] INFO  o.s.c.s.PostProcessorRegistrationDelegate$BeanPostProcessorChecker - Bean 'commonInfo' of type [com.forum.model.dto.CommonInfo] is not eligible for getting processed by all BeanPostProcessors (for example: not eligible for auto-proxying)
2019-01-31 23:05:54.824 [main] INFO  o.s.c.s.PostProcessorRegistrationDelegate$BeanPostProcessorChecker - Bean 'rolesAuthorizationFilter' of type [com.forum.service.filter.CustomRolesAuthorizationFilter] is not eligible for getting processed by all BeanPostProcessors (for example: not eligible for auto-proxying)
2019-01-31 23:05:55.162 [main] INFO  com.alibaba.druid.pool.DruidDataSource - {dataSource-1} inited
2019-01-31 23:05:55.166 [main] DEBUG c.forum.mapper.AuthorityMapper.selectAllFromTable - ==>  Preparing: select * from f_authority 
2019-01-31 23:05:55.274 [main] DEBUG c.forum.mapper.AuthorityMapper.selectAllFromTable - ==> Parameters: 
2019-01-31 23:05:55.416 [main] DEBUG c.forum.mapper.AuthorityMapper.selectAllFromTable - <==      Total: 3
2019-01-31 23:05:55.424 [main] DEBUG c.f.m.NonAuthemticateMapper.selectAllFromTable - ==>  Preparing: select * from f_non_authemticate 
2019-01-31 23:05:55.424 [main] DEBUG c.f.m.NonAuthemticateMapper.selectAllFromTable - ==> Parameters: 
2019-01-31 23:05:55.437 [main] DEBUG c.f.m.NonAuthemticateMapper.selectAllFromTable - <==      Total: 31
2019-01-31 23:05:55.497 [main] INFO  o.s.c.s.PostProcessorRegistrationDelegate$BeanPostProcessorChecker - Bean 'org.springframework.amqp.rabbit.annotation.RabbitBootstrapConfiguration' of type [org.springframework.amqp.rabbit.annotation.RabbitBootstrapConfiguration$$EnhancerBySpringCGLIB$$faae24cf] is not eligible for getting processed by all BeanPostProcessors (for example: not eligible for auto-proxying)
2019-01-31 23:05:55.588 [main] INFO  o.s.c.s.PostProcessorRegistrationDelegate$BeanPostProcessorChecker - Bean 'org.springframework.transaction.annotation.ProxyTransactionManagementConfiguration' of type [org.springframework.transaction.annotation.ProxyTransactionManagementConfiguration$$EnhancerBySpringCGLIB$$344266a1] is not eligible for getting processed by all BeanPostProcessors (for example: not eligible for auto-proxying)
2019-01-31 23:05:55.721 [main] INFO  o.s.c.s.PostProcessorRegistrationDelegate$BeanPostProcessorChecker - Bean 'org.springframework.boot.autoconfigure.transaction.TransactionAutoConfiguration' of type [org.springframework.boot.autoconfigure.transaction.TransactionAutoConfiguration$$EnhancerBySpringCGLIB$$c8b661ab] is not eligible for getting processed by all BeanPostProcessors (for example: not eligible for auto-proxying)
2019-01-31 23:05:55.730 [main] INFO  o.s.c.s.PostProcessorRegistrationDelegate$BeanPostProcessorChecker - Bean 'spring.transaction-org.springframework.boot.autoconfigure.transaction.TransactionProperties' of type [org.springframework.boot.autoconfigure.transaction.TransactionProperties] is not eligible for getting processed by all BeanPostProcessors (for example: not eligible for auto-proxying)
2019-01-31 23:05:55.734 [main] INFO  o.s.c.s.PostProcessorRegistrationDelegate$BeanPostProcessorChecker - Bean 'platformTransactionManagerCustomizers' of type [org.springframework.boot.autoconfigure.transaction.TransactionManagerCustomizers] is not eligible for getting processed by all BeanPostProcessors (for example: not eligible for auto-proxying)
2019-01-31 23:05:55.736 [main] INFO  o.s.c.s.PostProcessorRegistrationDelegate$BeanPostProcessorChecker - Bean 'org.springframework.boot.autoconfigure.jdbc.DataSourceTransactionManagerAutoConfiguration$DataSourceTransactionManagerConfiguration' of type [org.springframework.boot.autoconfigure.jdbc.DataSourceTransactionManagerAutoConfiguration$DataSourceTransactionManagerConfiguration$$EnhancerBySpringCGLIB$$e142ff10] is not eligible for getting processed by all BeanPostProcessors (for example: not eligible for auto-proxying)
2019-01-31 23:05:55.747 [main] INFO  o.s.c.s.PostProcessorRegistrationDelegate$BeanPostProcessorChecker - Bean 'spring.datasource-org.springframework.boot.autoconfigure.jdbc.DataSourceProperties' of type [org.springframework.boot.autoconfigure.jdbc.DataSourceProperties] is not eligible for getting processed by all BeanPostProcessors (for example: not eligible for auto-proxying)
2019-01-31 23:05:55.767 [main] INFO  o.s.c.s.PostProcessorRegistrationDelegate$BeanPostProcessorChecker - Bean 'transactionManager' of type [org.springframework.jdbc.datasource.DataSourceTransactionManager] is not eligible for getting processed by all BeanPostProcessors (for example: not eligible for auto-proxying)
2019-01-31 23:05:55.778 [main] INFO  o.s.c.s.PostProcessorRegistrationDelegate$BeanPostProcessorChecker - Bean 'transactionAspect' of type [com.forum.service.aspect.TransactionAspect$$EnhancerBySpringCGLIB$$5b4d9759] is not eligible for getting processed by all BeanPostProcessors (for example: not eligible for auto-proxying)
2019-01-31 23:05:55.797 [main] INFO  o.s.c.s.PostProcessorRegistrationDelegate$BeanPostProcessorChecker - Bean 'txAdvice' of type [org.springframework.transaction.interceptor.TransactionInterceptor] is not eligible for getting processed by all BeanPostProcessors (for example: not eligible for auto-proxying)
2019-01-31 23:05:55.801 [main] INFO  o.s.c.s.PostProcessorRegistrationDelegate$BeanPostProcessorChecker - Bean 'txAdviceAdvisor' of type [org.springframework.aop.support.DefaultPointcutAdvisor] is not eligible for getting processed by all BeanPostProcessors (for example: not eligible for auto-proxying)
2019-01-31 23:05:56.228 [main] INFO  o.s.boot.web.embedded.tomcat.TomcatWebServer - Tomcat initialized with port(s): 8080 (http)
2019-01-31 23:05:56.243 [main] INFO  org.apache.coyote.http11.Http11NioProtocol - Initializing ProtocolHandler ["http-nio-8080"]
2019-01-31 23:05:56.248 [main] INFO  org.apache.catalina.core.StandardService - Starting service [Tomcat]
2019-01-31 23:05:56.248 [main] INFO  org.apache.catalina.core.StandardEngine - Starting Servlet Engine: Apache Tomcat/9.0.12
2019-01-31 23:05:56.255 [main] INFO  org.apache.catalina.core.AprLifecycleListener - The APR based Apache Tomcat Native library which allows optimal performance in production environments was not found on the java.library.path: [/Users/ljl/Library/Java/Extensions:/Library/Java/Extensions:/Network/Library/Java/Extensions:/System/Library/Java/Extensions:/usr/lib/java:.]
2019-01-31 23:05:56.382 [main] INFO  o.a.c.core.ContainerBase.[Tomcat].[localhost].[/] - Initializing Spring embedded WebApplicationContext
2019-01-31 23:05:56.382 [main] INFO  org.springframework.web.context.ContextLoader - Root WebApplicationContext: initialization completed in 4678 ms
2019-01-31 23:05:56.393 [main] INFO  com.forum.service.config.DruidConfiguration - init Druid Servlet Configuration 
2019-01-31 23:05:56.527 [main] INFO  o.s.boot.web.servlet.ServletRegistrationBean - Servlet statViewServlet mapped to [/druid/*]
2019-01-31 23:05:56.528 [main] INFO  o.s.boot.web.servlet.ServletRegistrationBean - Servlet dispatcherServlet mapped to [/]
2019-01-31 23:05:56.529 [main] INFO  o.s.boot.web.servlet.ServletRegistrationBean - Servlet statViewServlet mapped to [/druid/*]
2019-01-31 23:05:56.529 [main] INFO  o.s.boot.web.servlet.RegistrationBean - Servlet statViewServlet was not registered (possibly already registered?)
2019-01-31 23:05:56.532 [main] INFO  o.s.boot.web.servlet.FilterRegistrationBean - Mapping filter: 'characterEncodingFilter' to: [/*]
2019-01-31 23:05:56.532 [main] INFO  o.s.boot.web.servlet.FilterRegistrationBean - Mapping filter: 'hiddenHttpMethodFilter' to: [/*]
2019-01-31 23:05:56.532 [main] INFO  o.s.boot.web.servlet.FilterRegistrationBean - Mapping filter: 'formContentFilter' to: [/*]
2019-01-31 23:05:56.532 [main] INFO  o.s.boot.web.servlet.FilterRegistrationBean - Mapping filter: 'requestContextFilter' to: [/*]
2019-01-31 23:05:56.532 [main] INFO  o.s.boot.web.servlet.FilterRegistrationBean - Mapping filter: 'webStatFilter' to urls: [/*]
2019-01-31 23:05:56.533 [main] INFO  o.s.boot.web.servlet.FilterRegistrationBean - Mapping filter: 'delegatingFilterProxy' to: [/*]
2019-01-31 23:05:56.533 [main] INFO  o.s.boot.web.servlet.FilterRegistrationBean - Mapping filter: 'shiroFilter' to: [/*]
2019-01-31 23:05:56.533 [main] INFO  o.s.boot.web.servlet.FilterRegistrationBean - Mapping filter: 'rolesAuthorizationFilter' to: [/*]
2019-01-31 23:05:56.533 [main] INFO  o.s.boot.web.servlet.FilterRegistrationBean - Mapping filter: 'formAuthenticationFilter' to: [/*]
2019-01-31 23:05:57.414 [main] INFO  java.lang.Class - Initializing Constant
2019-01-31 23:05:57.417 [main] DEBUG c.f.m.D.selectAllInTableWithoutParamType - ==>  Preparing: select param_name,value from f_dictionary where param_type <> ? 
2019-01-31 23:05:57.440 [main] DEBUG c.f.m.D.selectAllInTableWithoutParamType - ==> Parameters: 参数代码(String)
2019-01-31 23:05:57.471 [main] DEBUG c.f.m.D.selectAllInTableWithoutParamType - <==      Total: 45
2019-01-31 23:05:57.487 [main] INFO  java.lang.Class - Initializing GlobalCode
2019-01-31 23:05:57.488 [main] DEBUG c.f.m.D.selectAllInTableWithParamType - ==>  Preparing: select param_name,value from f_dictionary where param_type = ? 
2019-01-31 23:05:57.489 [main] DEBUG c.f.m.D.selectAllInTableWithParamType - ==> Parameters: 参数代码(String)
2019-01-31 23:05:57.493 [main] DEBUG c.f.m.D.selectAllInTableWithParamType - <==      Total: 3
2019-01-31 23:05:58.654 [main] INFO  o.s.scheduling.concurrent.ThreadPoolTaskExecutor - Initializing ExecutorService 'applicationTaskExecutor'
2019-01-31 23:05:58.901 [main] INFO  o.s.b.a.web.servlet.WelcomePageHandlerMapping - Adding welcome page template: index
2019-01-31 23:05:58.925 [main] INFO  t.mybatis.mapper.autoconfigure.MapperCacheDisabler - Clear tk.mybatis.mapper.util.MsUtil CLASS_CACHE cache.
2019-01-31 23:05:58.926 [main] INFO  t.mybatis.mapper.autoconfigure.MapperCacheDisabler - Clear tk.mybatis.mapper.genid.GenIdUtil CACHE cache.
2019-01-31 23:05:58.926 [main] INFO  t.mybatis.mapper.autoconfigure.MapperCacheDisabler - Clear tk.mybatis.mapper.version.VersionUtil CACHE cache.
2019-01-31 23:05:58.926 [main] INFO  t.mybatis.mapper.autoconfigure.MapperCacheDisabler - Clear EntityHelper entityTableMap cache.
2019-01-31 23:05:59.767 [main] INFO  s.d.s.web.plugins.DocumentationPluginsBootstrapper - Context refreshed
2019-01-31 23:05:59.791 [main] INFO  s.d.s.web.plugins.DocumentationPluginsBootstrapper - Found 1 custom documentation plugin(s)
2019-01-31 23:05:59.804 [main] INFO  s.d.spring.web.scanners.ApiListingReferenceScanner - Scanning for api listing references
2019-01-31 23:06:00.167 [main] INFO  o.s.a.rabbit.connection.CachingConnectionFactory - Attempting to connect to: [127.0.0.1:5672]
2019-01-31 23:06:00.210 [main] INFO  o.s.a.rabbit.connection.CachingConnectionFactory - Created new connection: rabbitConnectionFactory#40016ce1:0/SimpleConnection@6ee186f3 [delegate=amqp://admin@127.0.0.1:5672/, localPort= 51164]
2019-01-31 23:06:00.290 [main] INFO  java.lang.Class - Initializing RSACryptoServiceProvider
2019-01-31 23:06:00.366 [main] INFO  org.apache.coyote.http11.Http11NioProtocol - Starting ProtocolHandler ["http-nio-8080"]
2019-01-31 23:06:00.384 [main] INFO  org.apache.tomcat.util.net.NioSelectorPool - Using a shared selector for servlet write/read
2019-01-31 23:06:00.396 [main] INFO  o.s.boot.web.embedded.tomcat.TomcatWebServer - Tomcat started on port(s): 8080 (http) with context path ''
2019-01-31 23:06:00.399 [main] INFO  com.forum.DemoApplication - Started DemoApplication in 9.681 seconds (JVM running for 11.637)
2019-01-31 23:10:03.474 [http-nio-8080-exec-1] INFO  o.a.c.core.ContainerBase.[Tomcat].[localhost].[/] - Initializing Spring DispatcherServlet 'dispatcherServlet'
2019-01-31 23:10:03.475 [http-nio-8080-exec-1] INFO  org.springframework.web.servlet.DispatcherServlet - Initializing Servlet 'dispatcherServlet'
2019-01-31 23:10:03.492 [http-nio-8080-exec-1] INFO  org.springframework.web.servlet.DispatcherServlet - Completed initialization in 17 ms
2019-01-31 23:10:03.506 [http-nio-8080-exec-1] INFO  o.a.s.session.mgt.AbstractValidatingSessionManager - Enabling session validation scheduler...
2019-01-31 23:10:03.680 [http-nio-8080-exec-1] INFO  io.lettuce.core.EpollProvider - Starting without optional epoll library
2019-01-31 23:10:03.681 [http-nio-8080-exec-1] INFO  io.lettuce.core.KqueueProvider - Starting without optional kqueue library
2019-01-31 23:10:10.367 [http-nio-8080-exec-10] INFO  com.forum.service.aspect.ControllerLogAspect - Date : 2019-01-31 11:10:10
2019-01-31 23:10:10.377 [http-nio-8080-exec-10] INFO  com.forum.service.aspect.ControllerLogAspect - Request Parameter : [:]
2019-01-31 23:10:10.378 [http-nio-8080-exec-10] INFO  com.forum.service.aspect.ControllerLogAspect - Username : 未登录
2019-01-31 23:10:10.405 [http-nio-8080-exec-10] INFO  com.forum.rabbit.util.RabbitUtil - Sender Date:2019-01-31 23:10:10
2019-01-31 23:10:10.425 [http-nio-8080-exec-10] INFO  com.forum.rabbit.util.RabbitUtil - Consumer response :  Message Handler Success
2019-01-31 23:10:10.439 [AMQP Connection 127.0.0.1:5672] INFO  com.forum.rabbit.util.RabbitUtil - Rabbit Message delivery Success CorrelationData [id=dcbb51c0-a0b4-4eba-a288-f87440b91a92]
2019-01-31 23:10:10.452 [http-nio-8080-exec-10] INFO  com.forum.service.aspect.ControllerLogAspect - Finish Method Spend Time : 151ms
2019-01-31 23:10:10.453 [http-nio-8080-exec-10] INFO  com.forum.service.aspect.ControllerLogAspect - Returning >>> response=com.forum.model.dto.LoginInfo@291e0bca
2019-01-31 23:10:10.484 [http-nio-8080-exec-10] INFO  com.forum.service.aspect.ControllerLogAspect - Returning >>> {"id":0,"url":"http://localhost:8080/token","ip":"0:0:0:0:0:0:0:1","httpMethod":"POST","classMethod":"com.forum.controller.LoginController.token","args":"Arg -> (0)execution(Object com.forum.controller.LoginController.token(HttpServletRequest,LoginInfo,MessageCodeInfo,CommonInfo))","reqParams":null,"respParams":"{\"username\":null,\"password\":null,\"token\":\"9611241e698549d880e994fe98dffbbc\",\"publicKey\":\"MIGfMA0GCSqGSIb3DQEBAQUAA4GNADCBiQKBgQCj+6jeP9DHwaKQ647ZaHnlZIToT6ByUr+K+CL6z6bkRWevBP2Od/sPUG4CyQadF/j0kt4BqgRMgvzbjVof9VpBAjtVZ/fRF88pVPfGGM7DWIhhHZf05b2md9Lrpfmu7gSWbZntT7k4uXPBIwVl34ZZNg1fOa372v37T+3ki2rAaQIDAQAB\",\"rememberMe\":null,\"msg\":{\"msgCode\":\"200\",\"msgInfo\":\"验证通过\"}}","spendTime":183,"logType":"isJsonRequest:true","user":null}
2019-01-31 23:10:11.055 [http-nio-8080-exec-1] INFO  com.forum.service.aspect.ControllerLogAspect - Date : 2019-01-31 11:10:11
2019-01-31 23:10:11.056 [http-nio-8080-exec-1] INFO  com.forum.service.aspect.ControllerLogAspect - Request Parameter : [password:[mJHqtbpvYXDceQdi01eoPlmYPgj2mbOxmS4ADBl9LIImGahdC/1dMK/nlMOOvsRC8Df4C54XPDMjSBIMCx9FoXGemYFsM0Wn6lwCiW2DXF/X2HgAMwWsBg7gCNN7hoCmPu/jrTrAzVbCsng9IAcTJG3R3hrFGADY4loL7c09gEI=], rememberMe:[false], token:[9611241e698549d880e994fe98dffbbc], username:[10101@qq.com]]
2019-01-31 23:10:11.056 [http-nio-8080-exec-1] INFO  com.forum.service.aspect.ControllerLogAspect - Username : 未登录
2019-01-31 23:10:11.216 [http-nio-8080-exec-1] INFO  com.forum.service.aspect.ControllerLogAspect - Finish Method Spend Time : 161ms
2019-01-31 23:10:11.216 [http-nio-8080-exec-1] INFO  com.forum.service.aspect.ControllerLogAspect - Returning >>> response=com.forum.model.dto.CommonInfo@1a1940f6
2019-01-31 23:10:11.220 [http-nio-8080-exec-1] INFO  com.forum.service.aspect.ControllerLogAspect - Returning >>> {"id":0,"url":"http://localhost:8080/login","ip":"0:0:0:0:0:0:0:1","httpMethod":"POST","classMethod":"com.forum.controller.LoginController.login","args":"Arg -> (0)execution(Object com.forum.controller.LoginController.login(HttpServletRequest,LoginInfo,BindingResult,MessageCodeInfo,CommonInfo,SessionEntity))","reqParams":null,"respParams":"{\"msg\":{\"msgCode\":\"300\",\"msgInfo\":\"验证超时，请重新认证\"}}","spendTime":162,"logType":"isJsonRequest:true","user":null}
2019-01-31 23:10:12.668 [http-nio-8080-exec-3] INFO  com.forum.service.aspect.ControllerLogAspect - Date : 2019-01-31 11:10:12
2019-01-31 23:10:12.668 [http-nio-8080-exec-3] INFO  com.forum.service.aspect.ControllerLogAspect - Request Parameter : [:]
2019-01-31 23:10:12.668 [http-nio-8080-exec-3] INFO  com.forum.service.aspect.ControllerLogAspect - Username : 未登录
2019-01-31 23:10:12.671 [http-nio-8080-exec-3] INFO  com.forum.rabbit.util.RabbitUtil - Sender Date:2019-01-31 23:10:12
2019-01-31 23:10:12.671 [http-nio-8080-exec-3] INFO  com.forum.rabbit.util.RabbitUtil - Consumer response :  Message Handler Success
2019-01-31 23:10:12.674 [http-nio-8080-exec-3] INFO  com.forum.service.aspect.ControllerLogAspect - Finish Method Spend Time : 7ms
2019-01-31 23:10:12.674 [http-nio-8080-exec-3] INFO  com.forum.service.aspect.ControllerLogAspect - Returning >>> response=com.forum.model.dto.LoginInfo@78baac06
2019-01-31 23:10:12.676 [http-nio-8080-exec-3] INFO  com.forum.service.aspect.ControllerLogAspect - Returning >>> {"id":0,"url":"http://localhost:8080/token","ip":"0:0:0:0:0:0:0:1","httpMethod":"POST","classMethod":"com.forum.controller.LoginController.token","args":"Arg -> (0)execution(Object com.forum.controller.LoginController.token(HttpServletRequest,LoginInfo,MessageCodeInfo,CommonInfo))","reqParams":null,"respParams":"{\"username\":null,\"password\":null,\"token\":\"ef08469414664ecb979b9953343c638b\",\"publicKey\":\"MIGfMA0GCSqGSIb3DQEBAQUAA4GNADCBiQKBgQCj+6jeP9DHwaKQ647ZaHnlZIToT6ByUr+K+CL6z6bkRWevBP2Od/sPUG4CyQadF/j0kt4BqgRMgvzbjVof9VpBAjtVZ/fRF88pVPfGGM7DWIhhHZf05b2md9Lrpfmu7gSWbZntT7k4uXPBIwVl34ZZNg1fOa372v37T+3ki2rAaQIDAQAB\",\"rememberMe\":null,\"msg\":{\"msgCode\":\"200\",\"msgInfo\":\"验证通过\"}}","spendTime":8,"logType":"isJsonRequest:true","user":null}
2019-01-31 23:10:12.687 [AMQP Connection 127.0.0.1:5672] INFO  com.forum.rabbit.util.RabbitUtil - Rabbit Message delivery Success CorrelationData [id=effe5288-e89e-48be-9313-cdad545cee46]
2019-01-31 23:10:13.305 [http-nio-8080-exec-5] INFO  com.forum.service.aspect.ControllerLogAspect - Date : 2019-01-31 11:10:13
2019-01-31 23:10:13.316 [http-nio-8080-exec-5] INFO  com.forum.service.aspect.ControllerLogAspect - Request Parameter : [password:[VUEm9BcJU59gM8VCETTAJrhFn17w67PHshWY9MOCTfW+XxvjrvaFAV+xgITDQkhWY7rJ3qxCxKrOgK0WSjx6H5+4qXUJXSWV0yLr19DHyNVukvFIC08xbjIwydyA4VVFS7z2R9BnEYB3/E7iYklhkjKKB8SLPBaldJAREElsKtU=], rememberMe:[false], token:[ef08469414664ecb979b9953343c638b], username:[10101@qq.com]]
2019-01-31 23:10:13.316 [http-nio-8080-exec-5] INFO  com.forum.service.aspect.ControllerLogAspect - Username : 未登录
2019-01-31 23:10:13.323 [http-nio-8080-exec-5] INFO  com.forum.rabbit.util.RabbitUtil - Sender Date:2019-01-31 23:10:13
2019-01-31 23:10:13.323 [http-nio-8080-exec-5] INFO  com.forum.rabbit.util.RabbitUtil - Consumer response :  Message Handler Success
2019-01-31 23:10:13.332 [AMQP Connection 127.0.0.1:5672] INFO  com.forum.rabbit.util.RabbitUtil - Rabbit Message delivery Success CorrelationData [id=079317e9-5ecf-4790-bf8d-5d9f4376091a]
2019-01-31 23:10:13.333 [http-nio-8080-exec-5] DEBUG com.forum.mapper.UserMapper.countNumberByUsername - ==>  Preparing: select count(username) from f_user where username = ? 
2019-01-31 23:10:13.362 [http-nio-8080-exec-5] DEBUG com.forum.mapper.UserMapper.countNumberByUsername - ==> Parameters: 10101@qq.com(String)
2019-01-31 23:10:13.368 [http-nio-8080-exec-5] DEBUG com.forum.mapper.UserMapper.countNumberByUsername - <==      Total: 1
2019-01-31 23:10:13.369 [http-nio-8080-exec-5] DEBUG com.forum.mapper.UserMapper.isAccountBlock - ==>  Preparing: select enable from f_user where username = ? 
2019-01-31 23:10:13.370 [http-nio-8080-exec-5] DEBUG com.forum.mapper.UserMapper.isAccountBlock - ==> Parameters: 10101@qq.com(String)
2019-01-31 23:10:13.372 [http-nio-8080-exec-5] DEBUG com.forum.mapper.UserMapper.isAccountBlock - <==      Total: 1
2019-01-31 23:10:13.386 [http-nio-8080-exec-5] DEBUG com.forum.mapper.UserMapper.findUserByUserName - ==>  Preparing: select * from f_user where username=? 
2019-01-31 23:10:13.386 [http-nio-8080-exec-5] DEBUG com.forum.mapper.UserMapper.findUserByUserName - ==> Parameters: 10101@qq.com(String)
2019-01-31 23:10:13.390 [http-nio-8080-exec-5] DEBUG com.forum.mapper.UserMapper.findUserByUserName - <==      Total: 1
2019-01-31 23:10:13.401 [http-nio-8080-exec-5] INFO  com.forum.rabbit.util.RabbitUtil - Sender Date:2019-01-31 23:10:13
2019-01-31 23:10:13.403 [http-nio-8080-exec-5] INFO  com.forum.rabbit.util.RabbitUtil - Consumer response :  Message Handler Success
2019-01-31 23:10:13.405 [http-nio-8080-exec-5] INFO  com.forum.service.aspect.ControllerLogAspect - Finish Method Spend Time : 100ms
2019-01-31 23:10:13.409 [SimpleAsyncTaskExecutor-1] DEBUG c.f.m.SessionMapper.SelectCountByUsernameAndCookie - ==>  Preparing: select count(username) from f_session where username = ? and cookie = ? 
2019-01-31 23:10:13.414 [AMQP Connection 127.0.0.1:5672] INFO  com.forum.rabbit.util.RabbitUtil - Rabbit Message delivery Success CorrelationData [id=c0e3caac-1eb6-4113-9c25-cd455bc62c82]
2019-01-31 23:10:13.422 [http-nio-8080-exec-5] INFO  com.forum.service.aspect.ControllerLogAspect - Returning >>> response=com.forum.model.dto.CommonInfo@32f53eb8
2019-01-31 23:10:13.424 [http-nio-8080-exec-5] INFO  com.forum.service.aspect.ControllerLogAspect - Returning >>> {"id":0,"url":"http://localhost:8080/login","ip":"0:0:0:0:0:0:0:1","httpMethod":"POST","classMethod":"com.forum.controller.LoginController.login","args":"Arg -> (0)execution(Object com.forum.controller.LoginController.login(HttpServletRequest,LoginInfo,BindingResult,MessageCodeInfo,CommonInfo,SessionEntity))","reqParams":null,"respParams":"{\"msg\":{\"msgCode\":\"200\",\"msgInfo\":\"\"}}","spendTime":118,"logType":"isJsonRequest:true","user":null}
2019-01-31 23:10:13.425 [SimpleAsyncTaskExecutor-1] DEBUG c.f.m.SessionMapper.SelectCountByUsernameAndCookie - ==> Parameters: 10101@qq.com(String), a91a28f4-535f-4cd6-995b-31d1d1381e54(String)
2019-01-31 23:10:13.431 [SimpleAsyncTaskExecutor-1] DEBUG c.f.m.SessionMapper.SelectCountByUsernameAndCookie - <==      Total: 1
2019-01-31 23:10:13.446 [http-nio-8080-exec-6] INFO  com.forum.service.aspect.ControllerLogAspect - Date : 2019-01-31 11:10:13
2019-01-31 23:10:13.446 [http-nio-8080-exec-6] INFO  com.forum.service.aspect.ControllerLogAspect - Request Parameter : [:]
2019-01-31 23:10:13.447 [http-nio-8080-exec-6] INFO  com.forum.service.aspect.ControllerLogAspect - Username : 10101@qq.com
2019-01-31 23:10:13.451 [http-nio-8080-exec-6] INFO  com.forum.service.aspect.ControllerLogAspect - Finish Method Spend Time : 12ms
2019-01-31 23:10:13.451 [http-nio-8080-exec-6] INFO  com.forum.service.aspect.ControllerLogAspect - Returning >>> response=index.html
2019-01-31 23:10:13.457 [http-nio-8080-exec-6] INFO  com.forum.service.aspect.ControllerLogAspect - Returning >>> {"id":0,"url":"http://localhost:8080/index","ip":"0:0:0:0:0:0:0:1","httpMethod":"GET","classMethod":"com.forum.controller.RedirectController.main","args":"Arg -> (0)execution(Object com.forum.controller.RedirectController.main())","reqParams":null,"respParams":"\"index.html\"","spendTime":12,"logType":"isJsonRequest:false","user":{"sid":"1076741554460299264","username":"10101@qq.com","password":null,"nickname":"hihihih","roleId":1000,"enable":true,"sex":"0","province":"山西省","city":"太原市","dist":"市辖区","userImg":null,"userBackgroundImg":null,"authCacheKey":"10101@qq.com"}}
2019-01-31 23:10:13.487 [SimpleAsyncTaskExecutor-1] DEBUG com.forum.mapper.SessionMapper.insert - ==>  Preparing: INSERT INTO f_session ( sessionid,username,cookie,updatetime,device ) VALUES( ?,?,?,?,? ) 
2019-01-31 23:10:13.490 [SimpleAsyncTaskExecutor-1] DEBUG com.forum.mapper.SessionMapper.insert - ==> Parameters: null, 10101@qq.com(String), a91a28f4-535f-4cd6-995b-31d1d1381e54(String), 2019-01-31 23:10:13(String), 电脑(String)
2019-01-31 23:10:13.501 [SimpleAsyncTaskExecutor-1] DEBUG com.forum.mapper.SessionMapper.insert - <==    Updates: 1
2019-01-31 23:10:13.797 [http-nio-8080-exec-6] DEBUG com.forum.mapper.RoleMapper.findRoleById - ==>  Preparing: select * from f_role where role_id=? 
2019-01-31 23:10:13.805 [http-nio-8080-exec-6] DEBUG com.forum.mapper.RoleMapper.findRoleById - ==> Parameters: 1000(Integer)
2019-01-31 23:10:13.810 [http-nio-8080-exec-6] DEBUG com.forum.mapper.RoleMapper.findRoleById - <==      Total: 1
2019-01-31 23:10:13.814 [http-nio-8080-exec-6] DEBUG c.f.m.RoleAuthorityMapper.findAuthoritiesByRoleId - ==>  Preparing: select * from f_role_authority t1 INNER JOIN f_authority t2 on t1.authority_id = t2.authority_id where t1.role_id=? 
2019-01-31 23:10:13.817 [http-nio-8080-exec-6] DEBUG c.f.m.RoleAuthorityMapper.findAuthoritiesByRoleId - ==> Parameters: 1000(Integer)
2019-01-31 23:10:13.822 [http-nio-8080-exec-6] DEBUG c.f.m.RoleAuthorityMapper.findAuthoritiesByRoleId - <==      Total: 1
2019-01-31 23:10:13.920 [http-nio-8080-exec-4] INFO  com.forum.service.aspect.ControllerLogAspect - Date : 2019-01-31 11:10:13
2019-01-31 23:10:13.920 [http-nio-8080-exec-4] INFO  com.forum.service.aspect.ControllerLogAspect - Request Parameter : [sid:[1076741554460299264]]
2019-01-31 23:10:13.920 [http-nio-8080-exec-4] INFO  com.forum.service.aspect.ControllerLogAspect - Username : 10101@qq.com
2019-01-31 23:10:13.937 [http-nio-8080-exec-4] DEBUG com.forum.mapper.UserMapper.findUserBySid - ==>  Preparing: select nickname,sex,province,city,dist,user_img,user_background_img,userinfo_follow_count.* from f_user,userinfo_follow_count where f_user.sid=? and f_user.sid = userinfo_follow_count.sid 
2019-01-31 23:10:13.938 [http-nio-8080-exec-4] DEBUG com.forum.mapper.UserMapper.findUserBySid - ==> Parameters: 1076741554460299264(String)
2019-01-31 23:10:13.949 [http-nio-8080-exec-4] DEBUG com.forum.mapper.UserMapper.findUserBySid - <==      Total: 1
2019-01-31 23:10:13.953 [http-nio-8080-exec-4] INFO  com.forum.service.aspect.ControllerLogAspect - Finish Method Spend Time : 33ms
2019-01-31 23:10:13.954 [http-nio-8080-exec-4] INFO  com.forum.service.aspect.ControllerLogAspect - Returning >>> response=com.forum.model.entity.UserFollowCountVOEntity@14c6afa0
2019-01-31 23:10:13.960 [http-nio-8080-exec-8] INFO  com.forum.service.aspect.ControllerLogAspect - Date : 2019-01-31 11:10:13
2019-01-31 23:10:13.960 [http-nio-8080-exec-8] INFO  com.forum.service.aspect.ControllerLogAspect - Request Parameter : [page:[1]]
2019-01-31 23:10:13.960 [http-nio-8080-exec-8] INFO  com.forum.service.aspect.ControllerLogAspect - Username : 10101@qq.com
2019-01-31 23:10:13.961 [http-nio-8080-exec-4] INFO  com.forum.service.aspect.ControllerLogAspect - Returning >>> {"id":0,"url":"http://localhost:8080/user/user-info","ip":"0:0:0:0:0:0:0:1","httpMethod":"POST","classMethod":"com.forum.controller.UserController.findUserInfo","args":"Arg -> (0)execution(Object com.forum.controller.UserController.findUserInfo(String,MessageCodeInfo,CommonInfo))","reqParams":null,"respParams":"{\"sid\":\"1076741554460299264\",\"username\":null,\"nickname\":\"hihihih\",\"sex\":\"0\",\"province\":\"山西省\",\"city\":\"太原市\",\"dist\":\"市辖区\",\"userImg\":\"\",\"friendCount\":\"0\",\"followedCount\":\"1\",\"forumCount\":\"0\",\"userBackgroundImg\":\"\"}","spendTime":36,"logType":"isJsonRequest:true","user":{"sid":"1076741554460299264","username":"10101@qq.com","password":null,"nickname":"hihihih","roleId":1000,"enable":true,"sex":"0","province":"山西省","city":"太原市","dist":"市辖区","userImg":null,"userBackgroundImg":null,"authCacheKey":"10101@qq.com"}}
2019-01-31 23:10:14.029 [http-nio-8080-exec-8] DEBUG c.f.m.U.userRecommendPostList_COUNT - ==>  Preparing: select count(0) from (select user_img,nickname,sid,f_post.postid,f_post.fid,f_post.type,f_post.title,f_post.text,f_post.lastupdatetime,f_post.video,f_post.img0,f_post.img1,f_post.img2,f_post.img3,f_post.img4,f_post.img5,f_post.img6,f_post.img7,f_post.img8,f_forumlist.fname,f_forumlist.img,f_forumlist.type as forum_type FROM f_user,f_forumlist,f_post where f_post.fid=f_forumlist.fid and f_post.creator=sid and f_post.enable=true and f_forumlist.enable=true and f_forumlist.authority=true order by lastupdatetime desc) tmp_count 
2019-01-31 23:10:14.037 [http-nio-8080-exec-8] DEBUG c.f.m.U.userRecommendPostList_COUNT - ==> Parameters: 
2019-01-31 23:10:14.047 [http-nio-8080-exec-8] DEBUG c.f.m.U.userRecommendPostList_COUNT - <==      Total: 1
2019-01-31 23:10:14.048 [http-nio-8080-exec-8] DEBUG c.f.m.U.userRecommendPostList - ==>  Preparing: select user_img,nickname,sid,f_post.postid,f_post.fid,f_post.type,f_post.title,f_post.text,f_post.lastupdatetime,f_post.video,f_post.img0,f_post.img1,f_post.img2,f_post.img3,f_post.img4,f_post.img5,f_post.img6,f_post.img7,f_post.img8,f_forumlist.fname,f_forumlist.img,f_forumlist.type as forum_type FROM f_user,f_forumlist,f_post where f_post.fid=f_forumlist.fid and f_post.creator=sid and f_post.enable=true and f_forumlist.enable=true and f_forumlist.authority=true order by lastupdatetime desc LIMIT ? 
2019-01-31 23:10:14.050 [http-nio-8080-exec-8] DEBUG c.f.m.U.userRecommendPostList - ==> Parameters: 5(Integer)
2019-01-31 23:10:14.062 [http-nio-8080-exec-8] DEBUG c.f.m.U.userRecommendPostList - <==      Total: 5
2019-01-31 23:10:14.073 [http-nio-8080-exec-8] DEBUG c.f.m.U.SelectMaxFavouriteReplyByPostIdGroup - ==>  Preparing: select user_img, f_post_reply.* from (select * from f_post_reply as a where favourite=(select max(b.favourite) from f_post_reply as b where a.postId = b.postId) and a.postId in ("64","61","60","59","57")) as f_post_reply, f_user where f_post_reply.creator = sid and f_post_reply.enable=true 
2019-01-31 23:10:14.075 [http-nio-8080-exec-8] DEBUG c.f.m.U.SelectMaxFavouriteReplyByPostIdGroup - ==> Parameters: 
2019-01-31 23:10:14.090 [http-nio-8080-exec-8] DEBUG c.f.m.U.SelectMaxFavouriteReplyByPostIdGroup - <==      Total: 1
2019-01-31 23:10:14.097 [http-nio-8080-exec-8] DEBUG c.f.m.R.SelectFavouriteByReplyIdGroupAndSid - ==>  Preparing: select replyId,favourite from f_reply_favourite where replyId in ("15") and sid = ? 
2019-01-31 23:10:14.099 [http-nio-8080-exec-8] DEBUG c.f.m.R.SelectFavouriteByReplyIdGroupAndSid - ==> Parameters: 1076741554460299264(String)
2019-01-31 23:10:14.102 [http-nio-8080-exec-8] DEBUG c.f.m.R.SelectFavouriteByReplyIdGroupAndSid - <==      Total: 0
2019-01-31 23:10:14.105 [http-nio-8080-exec-8] INFO  com.forum.service.aspect.ControllerLogAspect - Finish Method Spend Time : 146ms
2019-01-31 23:10:14.106 [http-nio-8080-exec-8] INFO  com.forum.service.aspect.ControllerLogAspect - Returning >>> response=Page{count=true, pageNum=1, pageSize=5, startRow=0, endRow=5, total=41, pages=9, reasonable=false, pageSizeZero=false}
2019-01-31 23:10:14.114 [http-nio-8080-exec-8] INFO  com.forum.service.aspect.ControllerLogAspect - Returning >>> {"id":0,"url":"http://localhost:8080/user-forum/recommend-post","ip":"0:0:0:0:0:0:0:1","httpMethod":"POST","classMethod":"com.forum.controller.ForumController.recommandPost","args":"Arg -> (0)execution(Object com.forum.controller.ForumController.recommandPost(String,MessageCodeInfo,CommonInfo))","reqParams":null,"respParams":"[{\"sid\":\"1068310406818304000\",\"nickname\":\"admin\",\"postid\":64,\"fid\":1,\"creator\":null,\"type\":\"0\",\"img0\":null,\"img1\":null,\"img2\":null,\"img3\":null,\"img4\":null,\"img5\":null,\"img6\":null,\"img7\":null,\"img8\":null,\"video\":null,\"date\":null,\"enable\":false,\"text\":\"的\",\"lastupdatetime\":\"2019-01-11 10:47:12.0\",\"title\":\"的\",\"fname\":\"灌水区\",\"img\":null,\"forumType\":null,\"userImg\":\"/images/userImg/cd2ff402d59640429134c94ae04ca2c4.jpg\",\"userPostReplyVOEntity\":null},{\"sid\":\"1068310406818304000\",\"nickname\":\"admin\",\"postid\":61,\"fid\":1,\"creator\":null,\"type\":\"0\",\"img0\":null,\"img1\":null,\"img2\":null,\"img3\":null,\"img4\":null,\"img5\":null,\"img6\":null,\"img7\":null,\"img8\":null,\"video\":null,\"date\":null,\"enable\":false,\"text\":\"123\",\"lastupdatetime\":\"2019-01-11 10:36:31.0\",\"title\":\"123232\",\"fname\":\"灌水区\",\"img\":null,\"forumType\":null,\"userImg\":\"/images/userImg/cd2ff402d59640429134c94ae04ca2c4.jpg\",\"userPostReplyVOEntity\":null},{\"sid\":\"1068310406881218560\",\"nickname\":\"guest\",\"postid\":60,\"fid\":1,\"creator\":null,\"type\":\"1\",\"img0\":\"/images/userPostImg/563124c14bab4027a02661ced7f34899.jpg\",\"img1\":null,\"img2\":null,\"img3\":null,\"img4\":null,\"img5\":null,\"img6\":null,\"img7\":null,\"img8\":null,\"video\":null,\"date\":null,\"enable\":false,\"text\":\"好的更好地规划\",\"lastupdatetime\":\"2019-01-10 17:15:27.0\",\"title\":\"好的更好地规划\",\"fname\":\"灌水区\",\"img\":null,\"forumType\":null,\"userImg\":null,\"userPostReplyVOEntity\":{\"replyid\":15,\"postid\":60,\"favourite\":0,\"creator\":\"1068310406818304000\",\"type\":\"0\",\"img0\":null,\"img1\":null,\"img2\":null,\"img3\":null,\"img4\":null,\"img5\":null,\"img6\":null,\"img7\":null,\"img8\":null,\"video\":null,\"date\":\"2019-01-14 16:35:41.0\",\"enable\":true,\"text\":\"@guest:Hello\",\"lastupdatetime\":\"2019-01-14 16:35:41.0\",\"userImg\":\"/images/userImg/cd2ff402d59640429134c94ae04ca2c4.jpg\",\"nickname\":null,\"replyFavouriteEntity\":null}},{\"sid\":\"1068310406881218560\",\"nickname\":\"guest\",\"postid\":59,\"fid\":1,\"creator\":null,\"type\":\"0\",\"img0\":null,\"img1\":null,\"img2\":null,\"img3\":null,\"img4\":null,\"img5\":null,\"img6\":null,\"img7\":null,\"img8\":null,\"video\":null,\"date\":null,\"enable\":false,\"text\":\"是大V\",\"lastupdatetime\":\"2019-01-10 16:37:43.0\",\"title\":\"阿斯顿\",\"fname\":\"灌水区\",\"img\":null,\"forumType\":null,\"userImg\":null,\"userPostReplyVOEntity\":null},{\"sid\":\"1068310406881218560\",\"nickname\":\"guest\",\"postid\":57,\"fid\":1,\"creator\":null,\"type\":\"0\",\"img0\":null,\"img1\":null,\"img2\":null,\"img3\":null,\"img4\":null,\"img5\":null,\"img6\":null,\"img7\":null,\"img8\":null,\"video\":null,\"date\":null,\"enable\":false,\"text\":\"打的费\",\"lastupdatetime\":\"2019-01-10 16:26:27.0\",\"title\":\"大富大贵\",\"fname\":\"灌水区\",\"img\":null,\"forumType\":null,\"userImg\":null,\"userPostReplyVOEntity\":null}]","spendTime":153,"logType":"isJsonRequest:true","user":{"sid":"1076741554460299264","username":"10101@qq.com","password":null,"nickname":"hihihih","roleId":1000,"enable":true,"sex":"0","province":"山西省","city":"太原市","dist":"市辖区","userImg":null,"userBackgroundImg":null,"authCacheKey":"10101@qq.com"}}
2019-01-31 23:10:15.337 [http-nio-8080-exec-3] INFO  com.forum.service.aspect.ControllerLogAspect - Date : 2019-01-31 11:10:15
2019-01-31 23:10:15.337 [http-nio-8080-exec-3] INFO  com.forum.service.aspect.ControllerLogAspect - Request Parameter : [page:[2]]
2019-01-31 23:10:15.337 [http-nio-8080-exec-3] INFO  com.forum.service.aspect.ControllerLogAspect - Username : 10101@qq.com
2019-01-31 23:10:15.341 [http-nio-8080-exec-3] DEBUG c.f.m.U.userRecommendPostList_COUNT - ==>  Preparing: select count(0) from (select user_img,nickname,sid,f_post.postid,f_post.fid,f_post.type,f_post.title,f_post.text,f_post.lastupdatetime,f_post.video,f_post.img0,f_post.img1,f_post.img2,f_post.img3,f_post.img4,f_post.img5,f_post.img6,f_post.img7,f_post.img8,f_forumlist.fname,f_forumlist.img,f_forumlist.type as forum_type FROM f_user,f_forumlist,f_post where f_post.fid=f_forumlist.fid and f_post.creator=sid and f_post.enable=true and f_forumlist.enable=true and f_forumlist.authority=true order by lastupdatetime desc) tmp_count 
2019-01-31 23:10:15.341 [http-nio-8080-exec-3] DEBUG c.f.m.U.userRecommendPostList_COUNT - ==> Parameters: 
2019-01-31 23:10:15.346 [http-nio-8080-exec-3] DEBUG c.f.m.U.userRecommendPostList_COUNT - <==      Total: 1
2019-01-31 23:10:15.348 [http-nio-8080-exec-3] DEBUG c.f.m.U.userRecommendPostList - ==>  Preparing: select user_img,nickname,sid,f_post.postid,f_post.fid,f_post.type,f_post.title,f_post.text,f_post.lastupdatetime,f_post.video,f_post.img0,f_post.img1,f_post.img2,f_post.img3,f_post.img4,f_post.img5,f_post.img6,f_post.img7,f_post.img8,f_forumlist.fname,f_forumlist.img,f_forumlist.type as forum_type FROM f_user,f_forumlist,f_post where f_post.fid=f_forumlist.fid and f_post.creator=sid and f_post.enable=true and f_forumlist.enable=true and f_forumlist.authority=true order by lastupdatetime desc LIMIT ?, ? 
2019-01-31 23:10:15.350 [http-nio-8080-exec-3] DEBUG c.f.m.U.userRecommendPostList - ==> Parameters: 5(Integer), 5(Integer)
2019-01-31 23:10:15.355 [http-nio-8080-exec-3] DEBUG c.f.m.U.userRecommendPostList - <==      Total: 5
2019-01-31 23:10:15.357 [http-nio-8080-exec-3] DEBUG c.f.m.U.SelectMaxFavouriteReplyByPostIdGroup - ==>  Preparing: select user_img, f_post_reply.* from (select * from f_post_reply as a where favourite=(select max(b.favourite) from f_post_reply as b where a.postId = b.postId) and a.postId in ("56","55","54","53","52")) as f_post_reply, f_user where f_post_reply.creator = sid and f_post_reply.enable=true 
2019-01-31 23:10:15.358 [http-nio-8080-exec-3] DEBUG c.f.m.U.SelectMaxFavouriteReplyByPostIdGroup - ==> Parameters: 
2019-01-31 23:10:15.363 [http-nio-8080-exec-3] DEBUG c.f.m.U.SelectMaxFavouriteReplyByPostIdGroup - <==      Total: 1
2019-01-31 23:10:15.364 [http-nio-8080-exec-3] DEBUG c.f.m.R.SelectFavouriteByReplyIdGroupAndSid - ==>  Preparing: select replyId,favourite from f_reply_favourite where replyId in ("16") and sid = ? 
2019-01-31 23:10:15.365 [http-nio-8080-exec-3] DEBUG c.f.m.R.SelectFavouriteByReplyIdGroupAndSid - ==> Parameters: 1076741554460299264(String)
2019-01-31 23:10:15.367 [http-nio-8080-exec-3] DEBUG c.f.m.R.SelectFavouriteByReplyIdGroupAndSid - <==      Total: 0
2019-01-31 23:10:15.369 [http-nio-8080-exec-3] INFO  com.forum.service.aspect.ControllerLogAspect - Finish Method Spend Time : 32ms
2019-01-31 23:10:15.369 [http-nio-8080-exec-3] INFO  com.forum.service.aspect.ControllerLogAspect - Returning >>> response=Page{count=true, pageNum=2, pageSize=5, startRow=5, endRow=10, total=41, pages=9, reasonable=false, pageSizeZero=false}
2019-01-31 23:10:15.378 [http-nio-8080-exec-3] INFO  com.forum.service.aspect.ControllerLogAspect - Returning >>> {"id":0,"url":"http://localhost:8080/user-forum/recommend-post","ip":"0:0:0:0:0:0:0:1","httpMethod":"POST","classMethod":"com.forum.controller.ForumController.recommandPost","args":"Arg -> (0)execution(Object com.forum.controller.ForumController.recommandPost(String,MessageCodeInfo,CommonInfo))","reqParams":null,"respParams":"[{\"sid\":\"1068310406881218560\",\"nickname\":\"guest\",\"postid\":56,\"fid\":1,\"creator\":null,\"type\":\"0\",\"img0\":null,\"img1\":null,\"img2\":null,\"img3\":null,\"img4\":null,\"img5\":null,\"img6\":null,\"img7\":null,\"img8\":null,\"video\":null,\"date\":null,\"enable\":false,\"text\":\"艾斯德斯\",\"lastupdatetime\":\"2019-01-10 16:24:16.0\",\"title\":\"阿斯顿\",\"fname\":\"灌水区\",\"img\":null,\"forumType\":null,\"userImg\":null,\"userPostReplyVOEntity\":null},{\"sid\":\"1068310406881218560\",\"nickname\":\"guest\",\"postid\":55,\"fid\":1,\"creator\":null,\"type\":\"0\",\"img0\":null,\"img1\":null,\"img2\":null,\"img3\":null,\"img4\":null,\"img5\":null,\"img6\":null,\"img7\":null,\"img8\":null,\"video\":null,\"date\":null,\"enable\":false,\"text\":\"2311234\",\"lastupdatetime\":\"2019-01-10 16:19:43.0\",\"title\":\"123444444\",\"fname\":\"灌水区\",\"img\":null,\"forumType\":null,\"userImg\":null,\"userPostReplyVOEntity\":{\"replyid\":16,\"postid\":55,\"favourite\":0,\"creator\":\"1068310406818304000\",\"type\":\"0\",\"img0\":null,\"img1\":null,\"img2\":null,\"img3\":null,\"img4\":null,\"img5\":null,\"img6\":null,\"img7\":null,\"img8\":null,\"video\":null,\"date\":\"2019-01-14 16:36:36.0\",\"enable\":true,\"text\":\"@guest:Hello\",\"lastupdatetime\":\"2019-01-14 16:36:36.0\",\"userImg\":\"/images/userImg/cd2ff402d59640429134c94ae04ca2c4.jpg\",\"nickname\":null,\"replyFavouriteEntity\":null}},{\"sid\":\"1068310406881218560\",\"nickname\":\"guest\",\"postid\":54,\"fid\":1,\"creator\":null,\"type\":\"0\",\"img0\":null,\"img1\":null,\"img2\":null,\"img3\":null,\"img4\":null,\"img5\":null,\"img6\":null,\"img7\":null,\"img8\":null,\"video\":null,\"date\":null,\"enable\":false,\"text\":\"123\",\"lastupdatetime\":\"2019-01-10 16:16:18.0\",\"title\":\"123\",\"fname\":\"灌水区\",\"img\":null,\"forumType\":null,\"userImg\":null,\"userPostReplyVOEntity\":null},{\"sid\":\"1068310406881218560\",\"nickname\":\"guest\",\"postid\":53,\"fid\":1,\"creator\":null,\"type\":\"0\",\"img0\":null,\"img1\":null,\"img2\":null,\"img3\":null,\"img4\":null,\"img5\":null,\"img6\":null,\"img7\":null,\"img8\":null,\"video\":null,\"date\":null,\"enable\":false,\"text\":\"啊啊啊\",\"lastupdatetime\":\"2019-01-10 16:15:21.0\",\"title\":\"AA啊\",\"fname\":\"灌水区\",\"img\":null,\"forumType\":null,\"userImg\":null,\"userPostReplyVOEntity\":null},{\"sid\":\"1068310406881218560\",\"nickname\":\"guest\",\"postid\":52,\"fid\":1,\"creator\":null,\"type\":\"0\",\"img0\":null,\"img1\":null,\"img2\":null,\"img3\":null,\"img4\":null,\"img5\":null,\"img6\":null,\"img7\":null,\"img8\":null,\"video\":null,\"date\":null,\"enable\":false,\"text\":\"阿斯顿\",\"lastupdatetime\":\"2019-01-10 16:13:58.0\",\"title\":\"阿萨德\",\"fname\":\"灌水区\",\"img\":null,\"forumType\":null,\"userImg\":null,\"userPostReplyVOEntity\":null}]","spendTime":39,"logType":"isJsonRequest:true","user":{"sid":"1076741554460299264","username":"10101@qq.com","password":null,"nickname":"hihihih","roleId":1000,"enable":true,"sex":"0","province":"山西省","city":"太原市","dist":"市辖区","userImg":null,"userBackgroundImg":null,"authCacheKey":"10101@qq.com"}}
2019-01-31 23:10:42.342 [http-nio-8080-exec-5] INFO  com.forum.service.aspect.ControllerLogAspect - Date : 2019-01-31 11:10:42
2019-01-31 23:10:42.342 [http-nio-8080-exec-5] INFO  com.forum.service.aspect.ControllerLogAspect - Request Parameter : [:]
2019-01-31 23:10:42.342 [http-nio-8080-exec-5] INFO  com.forum.service.aspect.ControllerLogAspect - Username : 10101@qq.com
2019-01-31 23:10:42.342 [http-nio-8080-exec-5] INFO  com.forum.service.aspect.ControllerLogAspect - Finish Method Spend Time : 0ms
2019-01-31 23:10:42.342 [http-nio-8080-exec-5] INFO  com.forum.service.aspect.ControllerLogAspect - Returning >>> response=index.html
2019-01-31 23:10:42.345 [http-nio-8080-exec-5] INFO  com.forum.service.aspect.ControllerLogAspect - Returning >>> {"id":0,"url":"http://localhost:8080/index","ip":"0:0:0:0:0:0:0:1","httpMethod":"GET","classMethod":"com.forum.controller.RedirectController.main","args":"Arg -> (0)execution(Object com.forum.controller.RedirectController.main())","reqParams":null,"respParams":"\"index.html\"","spendTime":1,"logType":"isJsonRequest:false","user":{"sid":"1076741554460299264","username":"10101@qq.com","password":null,"nickname":"hihihih","roleId":1000,"enable":true,"sex":"0","province":"山西省","city":"太原市","dist":"市辖区","userImg":null,"userBackgroundImg":null,"authCacheKey":"10101@qq.com"}}
2019-01-31 23:10:42.426 [http-nio-8080-exec-6] INFO  com.forum.service.aspect.ControllerLogAspect - Date : 2019-01-31 11:10:42
2019-01-31 23:10:42.427 [http-nio-8080-exec-6] INFO  com.forum.service.aspect.ControllerLogAspect - Request Parameter : [sid:[1076741554460299264]]
2019-01-31 23:10:42.427 [http-nio-8080-exec-6] INFO  com.forum.service.aspect.ControllerLogAspect - Username : 10101@qq.com
2019-01-31 23:10:42.428 [http-nio-8080-exec-6] DEBUG com.forum.mapper.UserMapper.findUserBySid - ==>  Preparing: select nickname,sex,province,city,dist,user_img,user_background_img,userinfo_follow_count.* from f_user,userinfo_follow_count where f_user.sid=? and f_user.sid = userinfo_follow_count.sid 
2019-01-31 23:10:42.428 [http-nio-8080-exec-6] DEBUG com.forum.mapper.UserMapper.findUserBySid - ==> Parameters: 1076741554460299264(String)
2019-01-31 23:10:42.431 [http-nio-8080-exec-6] DEBUG com.forum.mapper.UserMapper.findUserBySid - <==      Total: 1
2019-01-31 23:10:42.432 [http-nio-8080-exec-6] INFO  com.forum.service.aspect.ControllerLogAspect - Finish Method Spend Time : 6ms
2019-01-31 23:10:42.433 [http-nio-8080-exec-6] INFO  com.forum.service.aspect.ControllerLogAspect - Returning >>> response=com.forum.model.entity.UserFollowCountVOEntity@345330d2
2019-01-31 23:10:42.436 [http-nio-8080-exec-6] INFO  com.forum.service.aspect.ControllerLogAspect - Returning >>> {"id":0,"url":"http://localhost:8080/user/user-info","ip":"0:0:0:0:0:0:0:1","httpMethod":"POST","classMethod":"com.forum.controller.UserController.findUserInfo","args":"Arg -> (0)execution(Object com.forum.controller.UserController.findUserInfo(String,MessageCodeInfo,CommonInfo))","reqParams":null,"respParams":"{\"sid\":\"1076741554460299264\",\"username\":null,\"nickname\":\"hihihih\",\"sex\":\"0\",\"province\":\"山西省\",\"city\":\"太原市\",\"dist\":\"市辖区\",\"userImg\":\"\",\"friendCount\":\"0\",\"followedCount\":\"1\",\"forumCount\":\"0\",\"userBackgroundImg\":\"\"}","spendTime":8,"logType":"isJsonRequest:true","user":{"sid":"1076741554460299264","username":"10101@qq.com","password":null,"nickname":"hihihih","roleId":1000,"enable":true,"sex":"0","province":"山西省","city":"太原市","dist":"市辖区","userImg":null,"userBackgroundImg":null,"authCacheKey":"10101@qq.com"}}
2019-01-31 23:10:42.451 [http-nio-8080-exec-7] INFO  com.forum.service.aspect.ControllerLogAspect - Date : 2019-01-31 11:10:42
2019-01-31 23:10:42.451 [http-nio-8080-exec-7] INFO  com.forum.service.aspect.ControllerLogAspect - Request Parameter : [page:[1]]
2019-01-31 23:10:42.451 [http-nio-8080-exec-7] INFO  com.forum.service.aspect.ControllerLogAspect - Username : 10101@qq.com
2019-01-31 23:10:42.454 [http-nio-8080-exec-7] DEBUG c.f.m.U.userRecommendPostList_COUNT - ==>  Preparing: select count(0) from (select user_img,nickname,sid,f_post.postid,f_post.fid,f_post.type,f_post.title,f_post.text,f_post.lastupdatetime,f_post.video,f_post.img0,f_post.img1,f_post.img2,f_post.img3,f_post.img4,f_post.img5,f_post.img6,f_post.img7,f_post.img8,f_forumlist.fname,f_forumlist.img,f_forumlist.type as forum_type FROM f_user,f_forumlist,f_post where f_post.fid=f_forumlist.fid and f_post.creator=sid and f_post.enable=true and f_forumlist.enable=true and f_forumlist.authority=true order by lastupdatetime desc) tmp_count 
2019-01-31 23:10:42.454 [http-nio-8080-exec-7] DEBUG c.f.m.U.userRecommendPostList_COUNT - ==> Parameters: 
2019-01-31 23:10:42.457 [http-nio-8080-exec-7] DEBUG c.f.m.U.userRecommendPostList_COUNT - <==      Total: 1
2019-01-31 23:10:42.457 [http-nio-8080-exec-7] DEBUG c.f.m.U.userRecommendPostList - ==>  Preparing: select user_img,nickname,sid,f_post.postid,f_post.fid,f_post.type,f_post.title,f_post.text,f_post.lastupdatetime,f_post.video,f_post.img0,f_post.img1,f_post.img2,f_post.img3,f_post.img4,f_post.img5,f_post.img6,f_post.img7,f_post.img8,f_forumlist.fname,f_forumlist.img,f_forumlist.type as forum_type FROM f_user,f_forumlist,f_post where f_post.fid=f_forumlist.fid and f_post.creator=sid and f_post.enable=true and f_forumlist.enable=true and f_forumlist.authority=true order by lastupdatetime desc LIMIT ? 
2019-01-31 23:10:42.458 [http-nio-8080-exec-7] DEBUG c.f.m.U.userRecommendPostList - ==> Parameters: 5(Integer)
2019-01-31 23:10:42.461 [http-nio-8080-exec-7] DEBUG c.f.m.U.userRecommendPostList - <==      Total: 5
2019-01-31 23:10:42.462 [http-nio-8080-exec-7] DEBUG c.f.m.U.SelectMaxFavouriteReplyByPostIdGroup - ==>  Preparing: select user_img, f_post_reply.* from (select * from f_post_reply as a where favourite=(select max(b.favourite) from f_post_reply as b where a.postId = b.postId) and a.postId in ("64","61","60","59","57")) as f_post_reply, f_user where f_post_reply.creator = sid and f_post_reply.enable=true 
2019-01-31 23:10:42.463 [http-nio-8080-exec-7] DEBUG c.f.m.U.SelectMaxFavouriteReplyByPostIdGroup - ==> Parameters: 
2019-01-31 23:10:42.466 [http-nio-8080-exec-7] DEBUG c.f.m.U.SelectMaxFavouriteReplyByPostIdGroup - <==      Total: 1
2019-01-31 23:10:42.467 [http-nio-8080-exec-7] DEBUG c.f.m.R.SelectFavouriteByReplyIdGroupAndSid - ==>  Preparing: select replyId,favourite from f_reply_favourite where replyId in ("15") and sid = ? 
2019-01-31 23:10:42.467 [http-nio-8080-exec-7] DEBUG c.f.m.R.SelectFavouriteByReplyIdGroupAndSid - ==> Parameters: 1076741554460299264(String)
2019-01-31 23:10:42.469 [http-nio-8080-exec-7] DEBUG c.f.m.R.SelectFavouriteByReplyIdGroupAndSid - <==      Total: 0
2019-01-31 23:10:42.470 [http-nio-8080-exec-7] INFO  com.forum.service.aspect.ControllerLogAspect - Finish Method Spend Time : 20ms
2019-01-31 23:10:42.470 [http-nio-8080-exec-7] INFO  com.forum.service.aspect.ControllerLogAspect - Returning >>> response=Page{count=true, pageNum=1, pageSize=5, startRow=0, endRow=5, total=41, pages=9, reasonable=false, pageSizeZero=false}
2019-01-31 23:10:42.475 [http-nio-8080-exec-7] INFO  com.forum.service.aspect.ControllerLogAspect - Returning >>> {"id":0,"url":"http://localhost:8080/user-forum/recommend-post","ip":"0:0:0:0:0:0:0:1","httpMethod":"POST","classMethod":"com.forum.controller.ForumController.recommandPost","args":"Arg -> (0)execution(Object com.forum.controller.ForumController.recommandPost(String,MessageCodeInfo,CommonInfo))","reqParams":null,"respParams":"[{\"sid\":\"1068310406818304000\",\"nickname\":\"admin\",\"postid\":64,\"fid\":1,\"creator\":null,\"type\":\"0\",\"img0\":null,\"img1\":null,\"img2\":null,\"img3\":null,\"img4\":null,\"img5\":null,\"img6\":null,\"img7\":null,\"img8\":null,\"video\":null,\"date\":null,\"enable\":false,\"text\":\"的\",\"lastupdatetime\":\"2019-01-11 10:47:12.0\",\"title\":\"的\",\"fname\":\"灌水区\",\"img\":null,\"forumType\":null,\"userImg\":null,\"userPostReplyVOEntity\":null},{\"sid\":\"1068310406818304000\",\"nickname\":\"admin\",\"postid\":61,\"fid\":1,\"creator\":null,\"type\":\"0\",\"img0\":null,\"img1\":null,\"img2\":null,\"img3\":null,\"img4\":null,\"img5\":null,\"img6\":null,\"img7\":null,\"img8\":null,\"video\":null,\"date\":null,\"enable\":false,\"text\":\"123\",\"lastupdatetime\":\"2019-01-11 10:36:31.0\",\"title\":\"123232\",\"fname\":\"灌水区\",\"img\":null,\"forumType\":null,\"userImg\":null,\"userPostReplyVOEntity\":null},{\"sid\":\"1068310406881218560\",\"nickname\":\"guest\",\"postid\":60,\"fid\":1,\"creator\":null,\"type\":\"1\",\"img0\":\"/images/userPostImg/563124c14bab4027a02661ced7f34899.jpg\",\"img1\":null,\"img2\":null,\"img3\":null,\"img4\":null,\"img5\":null,\"img6\":null,\"img7\":null,\"img8\":null,\"video\":null,\"date\":null,\"enable\":false,\"text\":\"好的更好地规划\",\"lastupdatetime\":\"2019-01-10 17:15:27.0\",\"title\":\"好的更好地规划\",\"fname\":\"灌水区\",\"img\":null,\"forumType\":null,\"userImg\":null,\"userPostReplyVOEntity\":{\"replyid\":15,\"postid\":60,\"favourite\":0,\"creator\":\"1068310406818304000\",\"type\":\"0\",\"img0\":null,\"img1\":null,\"img2\":null,\"img3\":null,\"img4\":null,\"img5\":null,\"img6\":null,\"img7\":null,\"img8\":null,\"video\":null,\"date\":\"2019-01-14 16:35:41.0\",\"enable\":true,\"text\":\"@guest:Hello\",\"lastupdatetime\":\"2019-01-14 16:35:41.0\",\"userImg\":null,\"nickname\":null,\"replyFavouriteEntity\":null}},{\"sid\":\"1068310406881218560\",\"nickname\":\"guest\",\"postid\":59,\"fid\":1,\"creator\":null,\"type\":\"0\",\"img0\":null,\"img1\":null,\"img2\":null,\"img3\":null,\"img4\":null,\"img5\":null,\"img6\":null,\"img7\":null,\"img8\":null,\"video\":null,\"date\":null,\"enable\":false,\"text\":\"是大V\",\"lastupdatetime\":\"2019-01-10 16:37:43.0\",\"title\":\"阿斯顿\",\"fname\":\"灌水区\",\"img\":null,\"forumType\":null,\"userImg\":null,\"userPostReplyVOEntity\":null},{\"sid\":\"1068310406881218560\",\"nickname\":\"guest\",\"postid\":57,\"fid\":1,\"creator\":null,\"type\":\"0\",\"img0\":null,\"img1\":null,\"img2\":null,\"img3\":null,\"img4\":null,\"img5\":null,\"img6\":null,\"img7\":null,\"img8\":null,\"video\":null,\"date\":null,\"enable\":false,\"text\":\"打的费\",\"lastupdatetime\":\"2019-01-10 16:26:27.0\",\"title\":\"大富大贵\",\"fname\":\"灌水区\",\"img\":null,\"forumType\":null,\"userImg\":null,\"userPostReplyVOEntity\":null}]","spendTime":24,"logType":"isJsonRequest:true","user":{"sid":"1076741554460299264","username":"10101@qq.com","password":null,"nickname":"hihihih","roleId":1000,"enable":true,"sex":"0","province":"山西省","city":"太原市","dist":"市辖区","userImg":null,"userBackgroundImg":null,"authCacheKey":"10101@qq.com"}}
2019-01-31 23:10:57.336 [http-nio-8080-exec-9] INFO  com.forum.service.aspect.ControllerLogAspect - Date : 2019-01-31 11:10:57
2019-01-31 23:10:57.336 [http-nio-8080-exec-9] INFO  com.forum.service.aspect.ControllerLogAspect - Request Parameter : [:]
2019-01-31 23:10:57.336 [http-nio-8080-exec-9] INFO  com.forum.service.aspect.ControllerLogAspect - Username : 10101@qq.com
2019-01-31 23:10:57.349 [http-nio-8080-exec-9] INFO  com.forum.service.aspect.ControllerLogAspect - Finish Method Spend Time : 14ms
2019-01-31 23:10:57.352 [http-nio-8080-exec-9] INFO  com.forum.service.aspect.ControllerLogAspect - Returning >>> response=null
2019-01-31 23:10:57.354 [http-nio-8080-exec-9] INFO  com.forum.service.aspect.ControllerLogAspect - Returning >>> {"id":0,"url":"http://localhost:8080/logout","ip":"0:0:0:0:0:0:0:1","httpMethod":"GET","classMethod":"com.forum.controller.LoginController.logout","args":"Arg -> (0)execution(Object com.forum.controller.LoginController.logout(HttpServletResponse))","reqParams":null,"respParams":"null","spendTime":17,"logType":"isJsonRequest:false","user":{"sid":"1076741554460299264","username":"10101@qq.com","password":null,"nickname":"hihihih","roleId":1000,"enable":true,"sex":"0","province":"山西省","city":"太原市","dist":"市辖区","userImg":null,"userBackgroundImg":null,"authCacheKey":"10101@qq.com"}}
2019-01-31 23:10:57.360 [http-nio-8080-exec-10] INFO  com.forum.service.aspect.ControllerLogAspect - Date : 2019-01-31 11:10:57
2019-01-31 23:10:57.361 [http-nio-8080-exec-10] INFO  com.forum.service.aspect.ControllerLogAspect - Request Parameter : [:]
2019-01-31 23:10:57.361 [http-nio-8080-exec-10] INFO  com.forum.service.aspect.ControllerLogAspect - Username : 未登录
2019-01-31 23:10:57.361 [http-nio-8080-exec-10] INFO  com.forum.service.aspect.ControllerLogAspect - Finish Method Spend Time : 2ms
2019-01-31 23:10:57.361 [http-nio-8080-exec-10] INFO  com.forum.service.aspect.ControllerLogAspect - Returning >>> response=index.html
2019-01-31 23:10:57.362 [http-nio-8080-exec-10] INFO  com.forum.service.aspect.ControllerLogAspect - Returning >>> {"id":0,"url":"http://localhost:8080/index","ip":"0:0:0:0:0:0:0:1","httpMethod":"GET","classMethod":"com.forum.controller.RedirectController.main","args":"Arg -> (0)execution(Object com.forum.controller.RedirectController.main())","reqParams":null,"respParams":"\"index.html\"","spendTime":3,"logType":"isJsonRequest:false","user":null}
2019-01-31 23:10:57.520 [http-nio-8080-exec-10] INFO  com.forum.service.aspect.ControllerLogAspect - Date : 2019-01-31 11:10:57
2019-01-31 23:10:57.521 [http-nio-8080-exec-10] INFO  com.forum.service.aspect.ControllerLogAspect - Request Parameter : [page:[1]]
2019-01-31 23:10:57.521 [http-nio-8080-exec-10] INFO  com.forum.service.aspect.ControllerLogAspect - Username : 未登录
2019-01-31 23:10:57.525 [http-nio-8080-exec-10] DEBUG c.f.m.U.userRecommendPostList_COUNT - ==>  Preparing: select count(0) from (select user_img,nickname,sid,f_post.postid,f_post.fid,f_post.type,f_post.title,f_post.text,f_post.lastupdatetime,f_post.video,f_post.img0,f_post.img1,f_post.img2,f_post.img3,f_post.img4,f_post.img5,f_post.img6,f_post.img7,f_post.img8,f_forumlist.fname,f_forumlist.img,f_forumlist.type as forum_type FROM f_user,f_forumlist,f_post where f_post.fid=f_forumlist.fid and f_post.creator=sid and f_post.enable=true and f_forumlist.enable=true and f_forumlist.authority=true order by lastupdatetime desc) tmp_count 
2019-01-31 23:10:57.525 [http-nio-8080-exec-10] DEBUG c.f.m.U.userRecommendPostList_COUNT - ==> Parameters: 
2019-01-31 23:10:57.528 [http-nio-8080-exec-10] DEBUG c.f.m.U.userRecommendPostList_COUNT - <==      Total: 1
2019-01-31 23:10:57.529 [http-nio-8080-exec-10] DEBUG c.f.m.U.userRecommendPostList - ==>  Preparing: select user_img,nickname,sid,f_post.postid,f_post.fid,f_post.type,f_post.title,f_post.text,f_post.lastupdatetime,f_post.video,f_post.img0,f_post.img1,f_post.img2,f_post.img3,f_post.img4,f_post.img5,f_post.img6,f_post.img7,f_post.img8,f_forumlist.fname,f_forumlist.img,f_forumlist.type as forum_type FROM f_user,f_forumlist,f_post where f_post.fid=f_forumlist.fid and f_post.creator=sid and f_post.enable=true and f_forumlist.enable=true and f_forumlist.authority=true order by lastupdatetime desc LIMIT ? 
2019-01-31 23:10:57.529 [http-nio-8080-exec-10] DEBUG c.f.m.U.userRecommendPostList - ==> Parameters: 5(Integer)
2019-01-31 23:10:57.536 [http-nio-8080-exec-10] DEBUG c.f.m.U.userRecommendPostList - <==      Total: 5
2019-01-31 23:10:57.537 [http-nio-8080-exec-10] DEBUG c.f.m.U.SelectMaxFavouriteReplyByPostIdGroup - ==>  Preparing: select user_img, f_post_reply.* from (select * from f_post_reply as a where favourite=(select max(b.favourite) from f_post_reply as b where a.postId = b.postId) and a.postId in ("64","61","60","59","57")) as f_post_reply, f_user where f_post_reply.creator = sid and f_post_reply.enable=true 
2019-01-31 23:10:57.537 [http-nio-8080-exec-10] DEBUG c.f.m.U.SelectMaxFavouriteReplyByPostIdGroup - ==> Parameters: 
2019-01-31 23:10:57.541 [http-nio-8080-exec-10] DEBUG c.f.m.U.SelectMaxFavouriteReplyByPostIdGroup - <==      Total: 1
2019-01-31 23:10:57.543 [http-nio-8080-exec-10] INFO  com.forum.service.aspect.ControllerLogAspect - Finish Method Spend Time : 23ms
2019-01-31 23:10:57.543 [http-nio-8080-exec-10] INFO  com.forum.service.aspect.ControllerLogAspect - Returning >>> response=Page{count=true, pageNum=1, pageSize=5, startRow=0, endRow=5, total=41, pages=9, reasonable=false, pageSizeZero=false}
2019-01-31 23:10:57.554 [http-nio-8080-exec-10] INFO  com.forum.service.aspect.ControllerLogAspect - Returning >>> {"id":0,"url":"http://localhost:8080/user-forum/recommend-post","ip":"0:0:0:0:0:0:0:1","httpMethod":"POST","classMethod":"com.forum.controller.ForumController.recommandPost","args":"Arg -> (0)execution(Object com.forum.controller.ForumController.recommandPost(String,MessageCodeInfo,CommonInfo))","reqParams":null,"respParams":"[{\"sid\":\"1068310406818304000\",\"nickname\":\"admin\",\"postid\":64,\"fid\":1,\"creator\":null,\"type\":\"0\",\"img0\":null,\"img1\":null,\"img2\":null,\"img3\":null,\"img4\":null,\"img5\":null,\"img6\":null,\"img7\":null,\"img8\":null,\"video\":null,\"date\":null,\"enable\":false,\"text\":\"的\",\"lastupdatetime\":\"2019-01-11 10:47:12.0\",\"title\":\"的\",\"fname\":\"灌水区\",\"img\":null,\"forumType\":null,\"userImg\":null,\"userPostReplyVOEntity\":null},{\"sid\":\"1068310406818304000\",\"nickname\":\"admin\",\"postid\":61,\"fid\":1,\"creator\":null,\"type\":\"0\",\"img0\":null,\"img1\":null,\"img2\":null,\"img3\":null,\"img4\":null,\"img5\":null,\"img6\":null,\"img7\":null,\"img8\":null,\"video\":null,\"date\":null,\"enable\":false,\"text\":\"123\",\"lastupdatetime\":\"2019-01-11 10:36:31.0\",\"title\":\"123232\",\"fname\":\"灌水区\",\"img\":null,\"forumType\":null,\"userImg\":null,\"userPostReplyVOEntity\":null},{\"sid\":\"1068310406881218560\",\"nickname\":\"guest\",\"postid\":60,\"fid\":1,\"creator\":null,\"type\":\"1\",\"img0\":\"/images/userPostImg/563124c14bab4027a02661ced7f34899.jpg\",\"img1\":null,\"img2\":null,\"img3\":null,\"img4\":null,\"img5\":null,\"img6\":null,\"img7\":null,\"img8\":null,\"video\":null,\"date\":null,\"enable\":false,\"text\":\"好的更好地规划\",\"lastupdatetime\":\"2019-01-10 17:15:27.0\",\"title\":\"好的更好地规划\",\"fname\":\"灌水区\",\"img\":null,\"forumType\":null,\"userImg\":null,\"userPostReplyVOEntity\":{\"replyid\":15,\"postid\":60,\"favourite\":0,\"creator\":\"1068310406818304000\",\"type\":\"0\",\"img0\":null,\"img1\":null,\"img2\":null,\"img3\":null,\"img4\":null,\"img5\":null,\"img6\":null,\"img7\":null,\"img8\":null,\"video\":null,\"date\":\"2019-01-14 16:35:41.0\",\"enable\":true,\"text\":\"@guest:Hello\",\"lastupdatetime\":\"2019-01-14 16:35:41.0\",\"userImg\":null,\"nickname\":null,\"replyFavouriteEntity\":null}},{\"sid\":\"1068310406881218560\",\"nickname\":\"guest\",\"postid\":59,\"fid\":1,\"creator\":null,\"type\":\"0\",\"img0\":null,\"img1\":null,\"img2\":null,\"img3\":null,\"img4\":null,\"img5\":null,\"img6\":null,\"img7\":null,\"img8\":null,\"video\":null,\"date\":null,\"enable\":false,\"text\":\"是大V\",\"lastupdatetime\":\"2019-01-10 16:37:43.0\",\"title\":\"阿斯顿\",\"fname\":\"灌水区\",\"img\":null,\"forumType\":null,\"userImg\":null,\"userPostReplyVOEntity\":null},{\"sid\":\"1068310406881218560\",\"nickname\":\"guest\",\"postid\":57,\"fid\":1,\"creator\":null,\"type\":\"0\",\"img0\":null,\"img1\":null,\"img2\":null,\"img3\":null,\"img4\":null,\"img5\":null,\"img6\":null,\"img7\":null,\"img8\":null,\"video\":null,\"date\":null,\"enable\":false,\"text\":\"打的费\",\"lastupdatetime\":\"2019-01-10 16:26:27.0\",\"title\":\"大富大贵\",\"fname\":\"灌水区\",\"img\":null,\"forumType\":null,\"userImg\":null,\"userPostReplyVOEntity\":null}]","spendTime":33,"logType":"isJsonRequest:true","user":null}
2019-01-31 23:11:01.763 [http-nio-8080-exec-1] INFO  com.forum.service.aspect.ControllerLogAspect - Date : 2019-01-31 11:11:01
2019-01-31 23:11:01.764 [http-nio-8080-exec-1] INFO  com.forum.service.aspect.ControllerLogAspect - Request Parameter : [:]
2019-01-31 23:11:01.764 [http-nio-8080-exec-1] INFO  com.forum.service.aspect.ControllerLogAspect - Username : 未登录
2019-01-31 23:11:01.766 [http-nio-8080-exec-1] INFO  com.forum.rabbit.util.RabbitUtil - Sender Date:2019-01-31 23:11:01
2019-01-31 23:11:01.767 [http-nio-8080-exec-1] INFO  com.forum.rabbit.util.RabbitUtil - Consumer response :  Message Handler Success
2019-01-31 23:11:01.769 [http-nio-8080-exec-1] INFO  com.forum.service.aspect.ControllerLogAspect - Finish Method Spend Time : 6ms
2019-01-31 23:11:01.770 [http-nio-8080-exec-1] INFO  com.forum.service.aspect.ControllerLogAspect - Returning >>> response=com.forum.model.dto.LoginInfo@7f264d09
2019-01-31 23:11:01.771 [http-nio-8080-exec-1] INFO  com.forum.service.aspect.ControllerLogAspect - Returning >>> {"id":0,"url":"http://localhost:8080/token","ip":"0:0:0:0:0:0:0:1","httpMethod":"POST","classMethod":"com.forum.controller.LoginController.token","args":"Arg -> (0)execution(Object com.forum.controller.LoginController.token(HttpServletRequest,LoginInfo,MessageCodeInfo,CommonInfo))","reqParams":null,"respParams":"{\"username\":null,\"password\":null,\"token\":\"6dfec1ed2df14892ae59a301ca88130a\",\"publicKey\":\"MIGfMA0GCSqGSIb3DQEBAQUAA4GNADCBiQKBgQCj+6jeP9DHwaKQ647ZaHnlZIToT6ByUr+K+CL6z6bkRWevBP2Od/sPUG4CyQadF/j0kt4BqgRMgvzbjVof9VpBAjtVZ/fRF88pVPfGGM7DWIhhHZf05b2md9Lrpfmu7gSWbZntT7k4uXPBIwVl34ZZNg1fOa372v37T+3ki2rAaQIDAQAB\",\"rememberMe\":null,\"msg\":{\"msgCode\":\"200\",\"msgInfo\":\"验证通过\"}}","spendTime":8,"logType":"isJsonRequest:true","user":null}
2019-01-31 23:11:01.785 [AMQP Connection 127.0.0.1:5672] INFO  com.forum.rabbit.util.RabbitUtil - Rabbit Message delivery Success CorrelationData [id=4a3f5a00-b4f6-4a86-b528-534dd170a0f7]
2019-01-31 23:11:02.350 [http-nio-8080-exec-5] INFO  com.forum.service.aspect.ControllerLogAspect - Date : 2019-01-31 11:11:02
2019-01-31 23:11:02.360 [http-nio-8080-exec-5] INFO  com.forum.service.aspect.ControllerLogAspect - Request Parameter : [password:[IJSIvHxuJKTO7WzUzdmQXjWBuLmf9IuSU+akLF7yDyWBcQjsAfhRYAHRGctzylijJs4P+7EacXRKaORjP11e5nChZ+jo4MBdx/CsRfjvTA9AEyHM7y5sCKToV811prLWngRl67vsKpBi6b07CUAVP+touwq1+5HOEbbbY+nTvsA=], rememberMe:[false], token:[6dfec1ed2df14892ae59a301ca88130a], username:[admin]]
2019-01-31 23:11:02.360 [http-nio-8080-exec-5] INFO  com.forum.service.aspect.ControllerLogAspect - Username : 未登录
2019-01-31 23:11:02.366 [http-nio-8080-exec-5] INFO  com.forum.rabbit.util.RabbitUtil - Sender Date:2019-01-31 23:11:02
2019-01-31 23:11:02.366 [http-nio-8080-exec-5] INFO  com.forum.rabbit.util.RabbitUtil - Consumer response :  Message Handler Success
2019-01-31 23:11:02.367 [http-nio-8080-exec-5] DEBUG com.forum.mapper.UserMapper.countNumberByUsername - ==>  Preparing: select count(username) from f_user where username = ? 
2019-01-31 23:11:02.367 [http-nio-8080-exec-5] DEBUG com.forum.mapper.UserMapper.countNumberByUsername - ==> Parameters: admin(String)
2019-01-31 23:11:02.369 [http-nio-8080-exec-5] DEBUG com.forum.mapper.UserMapper.countNumberByUsername - <==      Total: 1
2019-01-31 23:11:02.377 [AMQP Connection 127.0.0.1:5672] INFO  com.forum.rabbit.util.RabbitUtil - Rabbit Message delivery Success CorrelationData [id=bfe3ca12-7353-4ade-a343-eff3c5e98410]
2019-01-31 23:11:02.380 [http-nio-8080-exec-5] DEBUG com.forum.mapper.UserMapper.isAccountBlock - ==>  Preparing: select enable from f_user where username = ? 
2019-01-31 23:11:02.380 [http-nio-8080-exec-5] DEBUG com.forum.mapper.UserMapper.isAccountBlock - ==> Parameters: admin(String)
2019-01-31 23:11:02.382 [http-nio-8080-exec-5] DEBUG com.forum.mapper.UserMapper.isAccountBlock - <==      Total: 1
2019-01-31 23:11:02.383 [http-nio-8080-exec-5] DEBUG com.forum.mapper.UserMapper.findUserByUserName - ==>  Preparing: select * from f_user where username=? 
2019-01-31 23:11:02.383 [http-nio-8080-exec-5] DEBUG com.forum.mapper.UserMapper.findUserByUserName - ==> Parameters: admin(String)
2019-01-31 23:11:02.385 [http-nio-8080-exec-5] DEBUG com.forum.mapper.UserMapper.findUserByUserName - <==      Total: 1
2019-01-31 23:11:02.386 [http-nio-8080-exec-5] INFO  com.forum.rabbit.util.RabbitUtil - Sender Date:2019-01-31 23:11:02
2019-01-31 23:11:02.387 [http-nio-8080-exec-5] INFO  com.forum.rabbit.util.RabbitUtil - Consumer response :  Message Handler Success
2019-01-31 23:11:02.388 [http-nio-8080-exec-5] INFO  com.forum.service.aspect.ControllerLogAspect - Finish Method Spend Time : 39ms
2019-01-31 23:11:02.388 [SimpleAsyncTaskExecutor-1] DEBUG c.f.m.SessionMapper.SelectCountByUsernameAndCookie - ==>  Preparing: select count(username) from f_session where username = ? and cookie = ? 
2019-01-31 23:11:02.396 [AMQP Connection 127.0.0.1:5672] INFO  com.forum.rabbit.util.RabbitUtil - Rabbit Message delivery Success CorrelationData [id=88a282ca-9525-4966-a8a8-e670b00e1d9f]
2019-01-31 23:11:02.412 [SimpleAsyncTaskExecutor-1] DEBUG c.f.m.SessionMapper.SelectCountByUsernameAndCookie - ==> Parameters: admin(String), 972f7c9b-bf64-456d-93e3-26c4ef4d69e2(String)
2019-01-31 23:11:02.412 [http-nio-8080-exec-5] INFO  com.forum.service.aspect.ControllerLogAspect - Returning >>> response=com.forum.model.dto.CommonInfo@59e92ba1
2019-01-31 23:11:02.415 [SimpleAsyncTaskExecutor-1] DEBUG c.f.m.SessionMapper.SelectCountByUsernameAndCookie - <==      Total: 1
2019-01-31 23:11:02.416 [SimpleAsyncTaskExecutor-1] DEBUG com.forum.mapper.SessionMapper.insert - ==>  Preparing: INSERT INTO f_session ( sessionid,username,cookie,updatetime,device ) VALUES( ?,?,?,?,? ) 
2019-01-31 23:11:02.416 [SimpleAsyncTaskExecutor-1] DEBUG com.forum.mapper.SessionMapper.insert - ==> Parameters: null, admin(String), 972f7c9b-bf64-456d-93e3-26c4ef4d69e2(String), 2019-01-31 23:11:02(String), 电脑(String)
2019-01-31 23:11:02.416 [http-nio-8080-exec-5] INFO  com.forum.service.aspect.ControllerLogAspect - Returning >>> {"id":0,"url":"http://localhost:8080/login","ip":"0:0:0:0:0:0:0:1","httpMethod":"POST","classMethod":"com.forum.controller.LoginController.login","args":"Arg -> (0)execution(Object com.forum.controller.LoginController.login(HttpServletRequest,LoginInfo,BindingResult,MessageCodeInfo,CommonInfo,SessionEntity))","reqParams":null,"respParams":"{\"msg\":{\"msgCode\":\"200\",\"msgInfo\":\"\"}}","spendTime":65,"logType":"isJsonRequest:true","user":null}
2019-01-31 23:11:02.418 [SimpleAsyncTaskExecutor-1] DEBUG com.forum.mapper.SessionMapper.insert - <==    Updates: 1
2019-01-31 23:11:02.426 [http-nio-8080-exec-6] INFO  com.forum.service.aspect.ControllerLogAspect - Date : 2019-01-31 11:11:02
2019-01-31 23:11:02.427 [http-nio-8080-exec-6] INFO  com.forum.service.aspect.ControllerLogAspect - Request Parameter : [:]
2019-01-31 23:11:02.427 [http-nio-8080-exec-6] INFO  com.forum.service.aspect.ControllerLogAspect - Username : admin
2019-01-31 23:11:02.427 [http-nio-8080-exec-6] INFO  com.forum.service.aspect.ControllerLogAspect - Finish Method Spend Time : 1ms
2019-01-31 23:11:02.427 [http-nio-8080-exec-6] INFO  com.forum.service.aspect.ControllerLogAspect - Returning >>> response=index.html
2019-01-31 23:11:02.429 [http-nio-8080-exec-6] INFO  com.forum.service.aspect.ControllerLogAspect - Returning >>> {"id":0,"url":"http://localhost:8080/index","ip":"0:0:0:0:0:0:0:1","httpMethod":"GET","classMethod":"com.forum.controller.RedirectController.main","args":"Arg -> (0)execution(Object com.forum.controller.RedirectController.main())","reqParams":null,"respParams":"\"index.html\"","spendTime":1,"logType":"isJsonRequest:false","user":{"sid":"1068310406818304000","username":"admin","password":null,"nickname":"admin","roleId":1,"enable":true,"sex":"0","province":"海外","city":"","dist":"","userImg":null,"userBackgroundImg":"/images/userBackgroundImg/6f0aa18fe37747518c21e65e8043ae8410683.jpg","authCacheKey":"admin"}}
2019-01-31 23:11:02.434 [http-nio-8080-exec-6] DEBUG com.forum.mapper.RoleMapper.findRoleById - ==>  Preparing: select * from f_role where role_id=? 
2019-01-31 23:11:02.435 [http-nio-8080-exec-6] DEBUG com.forum.mapper.RoleMapper.findRoleById - ==> Parameters: 1(Integer)
2019-01-31 23:11:02.437 [http-nio-8080-exec-6] DEBUG com.forum.mapper.RoleMapper.findRoleById - <==      Total: 1
2019-01-31 23:11:02.438 [http-nio-8080-exec-6] DEBUG c.f.m.RoleAuthorityMapper.findAuthoritiesByRoleId - ==>  Preparing: select * from f_role_authority t1 INNER JOIN f_authority t2 on t1.authority_id = t2.authority_id where t1.role_id=? 
2019-01-31 23:11:02.438 [http-nio-8080-exec-6] DEBUG c.f.m.RoleAuthorityMapper.findAuthoritiesByRoleId - ==> Parameters: 1(Integer)
2019-01-31 23:11:02.441 [http-nio-8080-exec-6] DEBUG c.f.m.RoleAuthorityMapper.findAuthoritiesByRoleId - <==      Total: 3
2019-01-31 23:11:02.514 [http-nio-8080-exec-3] INFO  com.forum.service.aspect.ControllerLogAspect - Date : 2019-01-31 11:11:02
2019-01-31 23:11:02.514 [http-nio-8080-exec-3] INFO  com.forum.service.aspect.ControllerLogAspect - Request Parameter : [sid:[1068310406818304000]]
2019-01-31 23:11:02.514 [http-nio-8080-exec-3] INFO  com.forum.service.aspect.ControllerLogAspect - Username : admin
2019-01-31 23:11:02.515 [http-nio-8080-exec-3] DEBUG com.forum.mapper.UserMapper.findUserBySid - ==>  Preparing: select nickname,sex,province,city,dist,user_img,user_background_img,userinfo_follow_count.* from f_user,userinfo_follow_count where f_user.sid=? and f_user.sid = userinfo_follow_count.sid 
2019-01-31 23:11:02.515 [http-nio-8080-exec-3] DEBUG com.forum.mapper.UserMapper.findUserBySid - ==> Parameters: 1068310406818304000(String)
2019-01-31 23:11:02.518 [http-nio-8080-exec-3] DEBUG com.forum.mapper.UserMapper.findUserBySid - <==      Total: 1
2019-01-31 23:11:02.521 [http-nio-8080-exec-3] INFO  com.forum.service.aspect.ControllerLogAspect - Finish Method Spend Time : 8ms
2019-01-31 23:11:02.521 [http-nio-8080-exec-3] INFO  com.forum.service.aspect.ControllerLogAspect - Returning >>> response=com.forum.model.entity.UserFollowCountVOEntity@43787ca1
2019-01-31 23:11:02.523 [http-nio-8080-exec-3] INFO  com.forum.service.aspect.ControllerLogAspect - Returning >>> {"id":0,"url":"http://localhost:8080/user/user-info","ip":"0:0:0:0:0:0:0:1","httpMethod":"POST","classMethod":"com.forum.controller.UserController.findUserInfo","args":"Arg -> (0)execution(Object com.forum.controller.UserController.findUserInfo(String,MessageCodeInfo,CommonInfo))","reqParams":null,"respParams":"{\"sid\":\"1068310406818304000\",\"username\":null,\"nickname\":\"admin\",\"sex\":\"0\",\"province\":\"海外\",\"city\":\"\",\"dist\":\"\",\"userImg\":\"\",\"friendCount\":\"7\",\"followedCount\":\"1\",\"forumCount\":\"0\",\"userBackgroundImg\":\"/images/userBackgroundImg/6f0aa18fe37747518c21e65e8043ae8410683.jpg\"}","spendTime":8,"logType":"isJsonRequest:true","user":{"sid":"1068310406818304000","username":"admin","password":null,"nickname":"admin","roleId":1,"enable":true,"sex":"0","province":"海外","city":"","dist":"","userImg":null,"userBackgroundImg":"/images/userBackgroundImg/6f0aa18fe37747518c21e65e8043ae8410683.jpg","authCacheKey":"admin"}}
2019-01-31 23:11:02.585 [http-nio-8080-exec-2] INFO  com.forum.service.aspect.ControllerLogAspect - Date : 2019-01-31 11:11:02
2019-01-31 23:11:02.608 [http-nio-8080-exec-2] INFO  com.forum.service.aspect.ControllerLogAspect - Request Parameter : [page:[1]]
2019-01-31 23:11:02.608 [http-nio-8080-exec-2] INFO  com.forum.service.aspect.ControllerLogAspect - Username : admin
2019-01-31 23:11:02.613 [http-nio-8080-exec-2] DEBUG c.f.m.U.userRecommendPostList_COUNT - ==>  Preparing: select count(0) from (select user_img,nickname,sid,f_post.postid,f_post.fid,f_post.type,f_post.title,f_post.text,f_post.lastupdatetime,f_post.video,f_post.img0,f_post.img1,f_post.img2,f_post.img3,f_post.img4,f_post.img5,f_post.img6,f_post.img7,f_post.img8,f_forumlist.fname,f_forumlist.img,f_forumlist.type as forum_type FROM f_user,f_forumlist,f_post where f_post.fid=f_forumlist.fid and f_post.creator=sid and f_post.enable=true and f_forumlist.enable=true and f_forumlist.authority=true order by lastupdatetime desc) tmp_count 
2019-01-31 23:11:02.613 [http-nio-8080-exec-2] DEBUG c.f.m.U.userRecommendPostList_COUNT - ==> Parameters: 
2019-01-31 23:11:02.616 [http-nio-8080-exec-2] DEBUG c.f.m.U.userRecommendPostList_COUNT - <==      Total: 1
2019-01-31 23:11:02.617 [http-nio-8080-exec-2] DEBUG c.f.m.U.userRecommendPostList - ==>  Preparing: select user_img,nickname,sid,f_post.postid,f_post.fid,f_post.type,f_post.title,f_post.text,f_post.lastupdatetime,f_post.video,f_post.img0,f_post.img1,f_post.img2,f_post.img3,f_post.img4,f_post.img5,f_post.img6,f_post.img7,f_post.img8,f_forumlist.fname,f_forumlist.img,f_forumlist.type as forum_type FROM f_user,f_forumlist,f_post where f_post.fid=f_forumlist.fid and f_post.creator=sid and f_post.enable=true and f_forumlist.enable=true and f_forumlist.authority=true order by lastupdatetime desc LIMIT ? 
2019-01-31 23:11:02.617 [http-nio-8080-exec-2] DEBUG c.f.m.U.userRecommendPostList - ==> Parameters: 5(Integer)
2019-01-31 23:11:02.621 [http-nio-8080-exec-2] DEBUG c.f.m.U.userRecommendPostList - <==      Total: 5
2019-01-31 23:11:02.635 [http-nio-8080-exec-2] DEBUG c.f.m.U.SelectMaxFavouriteReplyByPostIdGroup - ==>  Preparing: select user_img, f_post_reply.* from (select * from f_post_reply as a where favourite=(select max(b.favourite) from f_post_reply as b where a.postId = b.postId) and a.postId in ("64","61","60","59","57")) as f_post_reply, f_user where f_post_reply.creator = sid and f_post_reply.enable=true 
2019-01-31 23:11:02.636 [http-nio-8080-exec-2] DEBUG c.f.m.U.SelectMaxFavouriteReplyByPostIdGroup - ==> Parameters: 
2019-01-31 23:11:02.638 [http-nio-8080-exec-2] DEBUG c.f.m.U.SelectMaxFavouriteReplyByPostIdGroup - <==      Total: 1
2019-01-31 23:11:02.640 [http-nio-8080-exec-2] DEBUG c.f.m.R.SelectFavouriteByReplyIdGroupAndSid - ==>  Preparing: select replyId,favourite from f_reply_favourite where replyId in ("15") and sid = ? 
2019-01-31 23:11:02.640 [http-nio-8080-exec-2] DEBUG c.f.m.R.SelectFavouriteByReplyIdGroupAndSid - ==> Parameters: 1068310406818304000(String)
2019-01-31 23:11:02.643 [http-nio-8080-exec-2] DEBUG c.f.m.R.SelectFavouriteByReplyIdGroupAndSid - <==      Total: 0
2019-01-31 23:11:02.645 [http-nio-8080-exec-2] INFO  com.forum.service.aspect.ControllerLogAspect - Finish Method Spend Time : 61ms
2019-01-31 23:11:02.645 [http-nio-8080-exec-2] INFO  com.forum.service.aspect.ControllerLogAspect - Returning >>> response=Page{count=true, pageNum=1, pageSize=5, startRow=0, endRow=5, total=41, pages=9, reasonable=false, pageSizeZero=false}
2019-01-31 23:11:02.649 [http-nio-8080-exec-2] INFO  com.forum.service.aspect.ControllerLogAspect - Returning >>> {"id":0,"url":"http://localhost:8080/user-forum/recommend-post","ip":"0:0:0:0:0:0:0:1","httpMethod":"POST","classMethod":"com.forum.controller.ForumController.recommandPost","args":"Arg -> (0)execution(Object com.forum.controller.ForumController.recommandPost(String,MessageCodeInfo,CommonInfo))","reqParams":null,"respParams":"[{\"sid\":\"1068310406818304000\",\"nickname\":\"admin\",\"postid\":64,\"fid\":1,\"creator\":null,\"type\":\"0\",\"img0\":null,\"img1\":null,\"img2\":null,\"img3\":null,\"img4\":null,\"img5\":null,\"img6\":null,\"img7\":null,\"img8\":null,\"video\":null,\"date\":null,\"enable\":false,\"text\":\"的\",\"lastupdatetime\":\"2019-01-11 10:47:12.0\",\"title\":\"的\",\"fname\":\"灌水区\",\"img\":null,\"forumType\":null,\"userImg\":null,\"userPostReplyVOEntity\":null},{\"sid\":\"1068310406818304000\",\"nickname\":\"admin\",\"postid\":61,\"fid\":1,\"creator\":null,\"type\":\"0\",\"img0\":null,\"img1\":null,\"img2\":null,\"img3\":null,\"img4\":null,\"img5\":null,\"img6\":null,\"img7\":null,\"img8\":null,\"video\":null,\"date\":null,\"enable\":false,\"text\":\"123\",\"lastupdatetime\":\"2019-01-11 10:36:31.0\",\"title\":\"123232\",\"fname\":\"灌水区\",\"img\":null,\"forumType\":null,\"userImg\":null,\"userPostReplyVOEntity\":null},{\"sid\":\"1068310406881218560\",\"nickname\":\"guest\",\"postid\":60,\"fid\":1,\"creator\":null,\"type\":\"1\",\"img0\":\"/images/userPostImg/563124c14bab4027a02661ced7f34899.jpg\",\"img1\":null,\"img2\":null,\"img3\":null,\"img4\":null,\"img5\":null,\"img6\":null,\"img7\":null,\"img8\":null,\"video\":null,\"date\":null,\"enable\":false,\"text\":\"好的更好地规划\",\"lastupdatetime\":\"2019-01-10 17:15:27.0\",\"title\":\"好的更好地规划\",\"fname\":\"灌水区\",\"img\":null,\"forumType\":null,\"userImg\":null,\"userPostReplyVOEntity\":{\"replyid\":15,\"postid\":60,\"favourite\":0,\"creator\":\"1068310406818304000\",\"type\":\"0\",\"img0\":null,\"img1\":null,\"img2\":null,\"img3\":null,\"img4\":null,\"img5\":null,\"img6\":null,\"img7\":null,\"img8\":null,\"video\":null,\"date\":\"2019-01-14 16:35:41.0\",\"enable\":true,\"text\":\"@guest:Hello\",\"lastupdatetime\":\"2019-01-14 16:35:41.0\",\"userImg\":null,\"nickname\":null,\"replyFavouriteEntity\":null}},{\"sid\":\"1068310406881218560\",\"nickname\":\"guest\",\"postid\":59,\"fid\":1,\"creator\":null,\"type\":\"0\",\"img0\":null,\"img1\":null,\"img2\":null,\"img3\":null,\"img4\":null,\"img5\":null,\"img6\":null,\"img7\":null,\"img8\":null,\"video\":null,\"date\":null,\"enable\":false,\"text\":\"是大V\",\"lastupdatetime\":\"2019-01-10 16:37:43.0\",\"title\":\"阿斯顿\",\"fname\":\"灌水区\",\"img\":null,\"forumType\":null,\"userImg\":null,\"userPostReplyVOEntity\":null},{\"sid\":\"1068310406881218560\",\"nickname\":\"guest\",\"postid\":57,\"fid\":1,\"creator\":null,\"type\":\"0\",\"img0\":null,\"img1\":null,\"img2\":null,\"img3\":null,\"img4\":null,\"img5\":null,\"img6\":null,\"img7\":null,\"img8\":null,\"video\":null,\"date\":null,\"enable\":false,\"text\":\"打的费\",\"lastupdatetime\":\"2019-01-10 16:26:27.0\",\"title\":\"大富大贵\",\"fname\":\"灌水区\",\"img\":null,\"forumType\":null,\"userImg\":null,\"userPostReplyVOEntity\":null}]","spendTime":63,"logType":"isJsonRequest:true","user":{"sid":"1068310406818304000","username":"admin","password":null,"nickname":"admin","roleId":1,"enable":true,"sex":"0","province":"海外","city":"","dist":"","userImg":null,"userBackgroundImg":"/images/userBackgroundImg/6f0aa18fe37747518c21e65e8043ae8410683.jpg","authCacheKey":"admin"}}
2019-01-31 23:16:11.486 [Thread-24] INFO  o.s.a.r.listener.SimpleMessageListenerContainer - Waiting for workers to finish.
