2019-02-05 15:31:31.743 [main] WARN  org.mybatis.spring.mapper.ClassPathMapperScanner - Skipping MapperFactoryBean with name 'areaMapper' and 'com.forum.mapper.AreaMapper' mapperInterface. Bean already defined with the same name!
2019-02-05 15:31:31.744 [main] WARN  org.mybatis.spring.mapper.ClassPathMapperScanner - Skipping MapperFactoryBean with name 'authorityMapper' and 'com.forum.mapper.AuthorityMapper' mapperInterface. Bean already defined with the same name!
2019-02-05 15:31:31.744 [main] WARN  org.mybatis.spring.mapper.ClassPathMapperScanner - Skipping MapperFactoryBean with name 'dictionaryMapper' and 'com.forum.mapper.DictionaryMapper' mapperInterface. Bean already defined with the same name!
2019-02-05 15:31:31.744 [main] WARN  org.mybatis.spring.mapper.ClassPathMapperScanner - Skipping MapperFactoryBean with name 'followForumMapper' and 'com.forum.mapper.FollowForumMapper' mapperInterface. Bean already defined with the same name!
2019-02-05 15:31:31.744 [main] WARN  org.mybatis.spring.mapper.ClassPathMapperScanner - Skipping MapperFactoryBean with name 'followFriendMapper' and 'com.forum.mapper.FollowFriendMapper' mapperInterface. Bean already defined with the same name!
2019-02-05 15:31:31.744 [main] WARN  org.mybatis.spring.mapper.ClassPathMapperScanner - Skipping MapperFactoryBean with name 'forumListMapper' and 'com.forum.mapper.ForumListMapper' mapperInterface. Bean already defined with the same name!
2019-02-05 15:31:31.744 [main] WARN  org.mybatis.spring.mapper.ClassPathMapperScanner - Skipping MapperFactoryBean with name 'forumTypeMapper' and 'com.forum.mapper.ForumTypeMapper' mapperInterface. Bean already defined with the same name!
2019-02-05 15:31:31.744 [main] WARN  org.mybatis.spring.mapper.ClassPathMapperScanner - Skipping MapperFactoryBean with name 'nonAuthemticateMapper' and 'com.forum.mapper.NonAuthemticateMapper' mapperInterface. Bean already defined with the same name!
2019-02-05 15:31:31.744 [main] WARN  org.mybatis.spring.mapper.ClassPathMapperScanner - Skipping MapperFactoryBean with name 'notificationMapper' and 'com.forum.mapper.NotificationMapper' mapperInterface. Bean already defined with the same name!
2019-02-05 15:31:31.745 [main] WARN  org.mybatis.spring.mapper.ClassPathMapperScanner - Skipping MapperFactoryBean with name 'postMapper' and 'com.forum.mapper.PostMapper' mapperInterface. Bean already defined with the same name!
2019-02-05 15:31:31.745 [main] WARN  org.mybatis.spring.mapper.ClassPathMapperScanner - Skipping MapperFactoryBean with name 'postReplyMapper' and 'com.forum.mapper.PostReplyMapper' mapperInterface. Bean already defined with the same name!
2019-02-05 15:31:31.745 [main] WARN  org.mybatis.spring.mapper.ClassPathMapperScanner - Skipping MapperFactoryBean with name 'replyFavouriteMapper' and 'com.forum.mapper.ReplyFavouriteMapper' mapperInterface. Bean already defined with the same name!
2019-02-05 15:31:31.745 [main] WARN  org.mybatis.spring.mapper.ClassPathMapperScanner - Skipping MapperFactoryBean with name 'roleAuthorityMapper' and 'com.forum.mapper.RoleAuthorityMapper' mapperInterface. Bean already defined with the same name!
2019-02-05 15:31:31.745 [main] WARN  org.mybatis.spring.mapper.ClassPathMapperScanner - Skipping MapperFactoryBean with name 'roleMapper' and 'com.forum.mapper.RoleMapper' mapperInterface. Bean already defined with the same name!
2019-02-05 15:31:31.745 [main] WARN  org.mybatis.spring.mapper.ClassPathMapperScanner - Skipping MapperFactoryBean with name 'sessionMapper' and 'com.forum.mapper.SessionMapper' mapperInterface. Bean already defined with the same name!
2019-02-05 15:31:31.745 [main] WARN  org.mybatis.spring.mapper.ClassPathMapperScanner - Skipping MapperFactoryBean with name 'userFollowMapper' and 'com.forum.mapper.UserFollowMapper' mapperInterface. Bean already defined with the same name!
2019-02-05 15:31:31.745 [main] WARN  org.mybatis.spring.mapper.ClassPathMapperScanner - Skipping MapperFactoryBean with name 'userForumListPostVOMapper' and 'com.forum.mapper.UserForumListPostVOMapper' mapperInterface. Bean already defined with the same name!
2019-02-05 15:31:31.745 [main] WARN  org.mybatis.spring.mapper.ClassPathMapperScanner - Skipping MapperFactoryBean with name 'userMapper' and 'com.forum.mapper.UserMapper' mapperInterface. Bean already defined with the same name!
2019-02-05 15:31:31.745 [main] WARN  org.mybatis.spring.mapper.ClassPathMapperScanner - Skipping MapperFactoryBean with name 'userPostReplyVOMapper' and 'com.forum.mapper.UserPostReplyVOMapper' mapperInterface. Bean already defined with the same name!
2019-02-05 15:31:31.746 [main] WARN  org.mybatis.spring.mapper.ClassPathMapperScanner - Skipping MapperFactoryBean with name 'userPostVOMapper' and 'com.forum.mapper.UserPostVOMapper' mapperInterface. Bean already defined with the same name!
2019-02-05 15:31:39.156 [main] WARN  org.thymeleaf.templatemode.TemplateMode - [THYMELEAF][main] Template Mode 'LEGACYHTML5' is deprecated. Using Template Mode 'HTML' instead.
2019-02-05 15:31:41.784 [main] WARN  s.d.s.w.readers.parameter.ParameterDataTypeReader - Trying to infer dataType java.lang.String[]
2019-02-05 15:31:41.790 [main] WARN  s.d.s.w.readers.parameter.ParameterDataTypeReader - Trying to infer dataType java.lang.String[]
2019-02-05 15:31:41.796 [main] WARN  s.d.s.w.readers.parameter.ParameterDataTypeReader - Trying to infer dataType java.lang.String[]
2019-02-05 15:31:41.801 [main] WARN  s.d.s.w.readers.parameter.ParameterDataTypeReader - Trying to infer dataType java.lang.String[]
2019-02-05 15:47:07.857 [main] WARN  org.mybatis.spring.mapper.ClassPathMapperScanner - Skipping MapperFactoryBean with name 'areaMapper' and 'com.forum.mapper.AreaMapper' mapperInterface. Bean already defined with the same name!
2019-02-05 15:47:07.858 [main] WARN  org.mybatis.spring.mapper.ClassPathMapperScanner - Skipping MapperFactoryBean with name 'authorityMapper' and 'com.forum.mapper.AuthorityMapper' mapperInterface. Bean already defined with the same name!
2019-02-05 15:47:07.858 [main] WARN  org.mybatis.spring.mapper.ClassPathMapperScanner - Skipping MapperFactoryBean with name 'dictionaryMapper' and 'com.forum.mapper.DictionaryMapper' mapperInterface. Bean already defined with the same name!
2019-02-05 15:47:07.858 [main] WARN  org.mybatis.spring.mapper.ClassPathMapperScanner - Skipping MapperFactoryBean with name 'followForumMapper' and 'com.forum.mapper.FollowForumMapper' mapperInterface. Bean already defined with the same name!
2019-02-05 15:47:07.858 [main] WARN  org.mybatis.spring.mapper.ClassPathMapperScanner - Skipping MapperFactoryBean with name 'followFriendMapper' and 'com.forum.mapper.FollowFriendMapper' mapperInterface. Bean already defined with the same name!
2019-02-05 15:47:07.858 [main] WARN  org.mybatis.spring.mapper.ClassPathMapperScanner - Skipping MapperFactoryBean with name 'forumListMapper' and 'com.forum.mapper.ForumListMapper' mapperInterface. Bean already defined with the same name!
2019-02-05 15:47:07.858 [main] WARN  org.mybatis.spring.mapper.ClassPathMapperScanner - Skipping MapperFactoryBean with name 'forumTypeMapper' and 'com.forum.mapper.ForumTypeMapper' mapperInterface. Bean already defined with the same name!
2019-02-05 15:47:07.858 [main] WARN  org.mybatis.spring.mapper.ClassPathMapperScanner - Skipping MapperFactoryBean with name 'nonAuthemticateMapper' and 'com.forum.mapper.NonAuthemticateMapper' mapperInterface. Bean already defined with the same name!
2019-02-05 15:47:07.859 [main] WARN  org.mybatis.spring.mapper.ClassPathMapperScanner - Skipping MapperFactoryBean with name 'notificationMapper' and 'com.forum.mapper.NotificationMapper' mapperInterface. Bean already defined with the same name!
2019-02-05 15:47:07.859 [main] WARN  org.mybatis.spring.mapper.ClassPathMapperScanner - Skipping MapperFactoryBean with name 'postMapper' and 'com.forum.mapper.PostMapper' mapperInterface. Bean already defined with the same name!
2019-02-05 15:47:07.859 [main] WARN  org.mybatis.spring.mapper.ClassPathMapperScanner - Skipping MapperFactoryBean with name 'postReplyMapper' and 'com.forum.mapper.PostReplyMapper' mapperInterface. Bean already defined with the same name!
2019-02-05 15:47:07.859 [main] WARN  org.mybatis.spring.mapper.ClassPathMapperScanner - Skipping MapperFactoryBean with name 'replyFavouriteMapper' and 'com.forum.mapper.ReplyFavouriteMapper' mapperInterface. Bean already defined with the same name!
2019-02-05 15:47:07.859 [main] WARN  org.mybatis.spring.mapper.ClassPathMapperScanner - Skipping MapperFactoryBean with name 'roleAuthorityMapper' and 'com.forum.mapper.RoleAuthorityMapper' mapperInterface. Bean already defined with the same name!
2019-02-05 15:47:07.859 [main] WARN  org.mybatis.spring.mapper.ClassPathMapperScanner - Skipping MapperFactoryBean with name 'roleMapper' and 'com.forum.mapper.RoleMapper' mapperInterface. Bean already defined with the same name!
2019-02-05 15:47:07.860 [main] WARN  org.mybatis.spring.mapper.ClassPathMapperScanner - Skipping MapperFactoryBean with name 'sessionMapper' and 'com.forum.mapper.SessionMapper' mapperInterface. Bean already defined with the same name!
2019-02-05 15:47:07.860 [main] WARN  org.mybatis.spring.mapper.ClassPathMapperScanner - Skipping MapperFactoryBean with name 'userFollowMapper' and 'com.forum.mapper.UserFollowMapper' mapperInterface. Bean already defined with the same name!
2019-02-05 15:47:07.860 [main] WARN  org.mybatis.spring.mapper.ClassPathMapperScanner - Skipping MapperFactoryBean with name 'userForumListPostVOMapper' and 'com.forum.mapper.UserForumListPostVOMapper' mapperInterface. Bean already defined with the same name!
2019-02-05 15:47:07.860 [main] WARN  org.mybatis.spring.mapper.ClassPathMapperScanner - Skipping MapperFactoryBean with name 'userMapper' and 'com.forum.mapper.UserMapper' mapperInterface. Bean already defined with the same name!
2019-02-05 15:47:07.860 [main] WARN  org.mybatis.spring.mapper.ClassPathMapperScanner - Skipping MapperFactoryBean with name 'userPostReplyVOMapper' and 'com.forum.mapper.UserPostReplyVOMapper' mapperInterface. Bean already defined with the same name!
2019-02-05 15:47:07.860 [main] WARN  org.mybatis.spring.mapper.ClassPathMapperScanner - Skipping MapperFactoryBean with name 'userPostVOMapper' and 'com.forum.mapper.UserPostVOMapper' mapperInterface. Bean already defined with the same name!
2019-02-05 15:47:12.210 [main] WARN  o.s.b.w.s.c.AnnotationConfigServletWebServerApplicationContext - Exception encountered during context initialization - cancelling refresh attempt: org.springframework.beans.factory.UnsatisfiedDependencyException: Error creating bean with name 'documentationPluginsBootstrapper' defined in URL [jar:file:/Users/ljl/.m2/repository/io/springfox/springfox-spring-web/2.6.1/springfox-spring-web-2.6.1.jar!/springfox/documentation/spring/web/plugins/DocumentationPluginsBootstrapper.class]: Unsatisfied dependency expressed through constructor parameter 1; nested exception is org.springframework.beans.factory.UnsatisfiedDependencyException: Error creating bean with name 'webMvcRequestHandlerProvider' defined in URL [jar:file:/Users/ljl/.m2/repository/io/springfox/springfox-spring-web/2.6.1/springfox-spring-web-2.6.1.jar!/springfox/documentation/spring/web/plugins/WebMvcRequestHandlerProvider.class]: Unsatisfied dependency expressed through constructor parameter 0; nested exception is org.springframework.beans.factory.BeanCreationException: Error creating bean with name 'requestMappingHandlerMapping' defined in class path resource [org/springframework/boot/autoconfigure/web/servlet/WebMvcAutoConfiguration$EnableWebMvcConfiguration.class]: Invocation of init method failed; nested exception is java.lang.IllegalStateException: Ambiguous mapping. Cannot map 'adminController' method 
public java.lang.Object com.forum.controller.AdminController.editForumType(java.lang.String,java.lang.String)
to {[/admin/getForumType],methods=[POST]}: There is already 'adminController' bean method
public java.lang.Object com.forum.controller.AdminController.getForumType() mapped.
2019-02-05 15:47:12.430 [main] ERROR org.springframework.boot.SpringApplication - Application run failed
org.springframework.beans.factory.UnsatisfiedDependencyException: Error creating bean with name 'documentationPluginsBootstrapper' defined in URL [jar:file:/Users/ljl/.m2/repository/io/springfox/springfox-spring-web/2.6.1/springfox-spring-web-2.6.1.jar!/springfox/documentation/spring/web/plugins/DocumentationPluginsBootstrapper.class]: Unsatisfied dependency expressed through constructor parameter 1; nested exception is org.springframework.beans.factory.UnsatisfiedDependencyException: Error creating bean with name 'webMvcRequestHandlerProvider' defined in URL [jar:file:/Users/ljl/.m2/repository/io/springfox/springfox-spring-web/2.6.1/springfox-spring-web-2.6.1.jar!/springfox/documentation/spring/web/plugins/WebMvcRequestHandlerProvider.class]: Unsatisfied dependency expressed through constructor parameter 0; nested exception is org.springframework.beans.factory.BeanCreationException: Error creating bean with name 'requestMappingHandlerMapping' defined in class path resource [org/springframework/boot/autoconfigure/web/servlet/WebMvcAutoConfiguration$EnableWebMvcConfiguration.class]: Invocation of init method failed; nested exception is java.lang.IllegalStateException: Ambiguous mapping. Cannot map 'adminController' method 
public java.lang.Object com.forum.controller.AdminController.editForumType(java.lang.String,java.lang.String)
to {[/admin/getForumType],methods=[POST]}: There is already 'adminController' bean method
public java.lang.Object com.forum.controller.AdminController.getForumType() mapped.
	at org.springframework.beans.factory.support.ConstructorResolver.createArgumentArray(ConstructorResolver.java:767)
	at org.springframework.beans.factory.support.ConstructorResolver.autowireConstructor(ConstructorResolver.java:218)
	at org.springframework.beans.factory.support.AbstractAutowireCapableBeanFactory.autowireConstructor(AbstractAutowireCapableBeanFactory.java:1308)
	at org.springframework.beans.factory.support.AbstractAutowireCapableBeanFactory.createBeanInstance(AbstractAutowireCapableBeanFactory.java:1154)
	at org.springframework.beans.factory.support.AbstractAutowireCapableBeanFactory.doCreateBean(AbstractAutowireCapableBeanFactory.java:538)
	at org.springframework.beans.factory.support.AbstractAutowireCapableBeanFactory.createBean(AbstractAutowireCapableBeanFactory.java:498)
	at org.springframework.beans.factory.support.AbstractBeanFactory.lambda$doGetBean$0(AbstractBeanFactory.java:320)
	at org.springframework.beans.factory.support.DefaultSingletonBeanRegistry.getSingleton(DefaultSingletonBeanRegistry.java:222)
	at org.springframework.beans.factory.support.AbstractBeanFactory.doGetBean(AbstractBeanFactory.java:318)
	at org.springframework.beans.factory.support.AbstractBeanFactory.getBean(AbstractBeanFactory.java:199)
	at org.springframework.beans.factory.support.DefaultListableBeanFactory.preInstantiateSingletons(DefaultListableBeanFactory.java:846)
	at org.springframework.context.support.AbstractApplicationContext.finishBeanFactoryInitialization(AbstractApplicationContext.java:863)
	at org.springframework.context.support.AbstractApplicationContext.refresh(AbstractApplicationContext.java:546)
	at org.springframework.boot.web.servlet.context.ServletWebServerApplicationContext.refresh(ServletWebServerApplicationContext.java:140)
	at org.springframework.boot.SpringApplication.refresh(SpringApplication.java:775)
	at org.springframework.boot.SpringApplication.refreshContext(SpringApplication.java:397)
	at org.springframework.boot.SpringApplication.run(SpringApplication.java:316)
	at com.forum.DemoApplication.main(DemoApplication.java:23)
Caused by: org.springframework.beans.factory.UnsatisfiedDependencyException: Error creating bean with name 'webMvcRequestHandlerProvider' defined in URL [jar:file:/Users/ljl/.m2/repository/io/springfox/springfox-spring-web/2.6.1/springfox-spring-web-2.6.1.jar!/springfox/documentation/spring/web/plugins/WebMvcRequestHandlerProvider.class]: Unsatisfied dependency expressed through constructor parameter 0; nested exception is org.springframework.beans.factory.BeanCreationException: Error creating bean with name 'requestMappingHandlerMapping' defined in class path resource [org/springframework/boot/autoconfigure/web/servlet/WebMvcAutoConfiguration$EnableWebMvcConfiguration.class]: Invocation of init method failed; nested exception is java.lang.IllegalStateException: Ambiguous mapping. Cannot map 'adminController' method 
public java.lang.Object com.forum.controller.AdminController.editForumType(java.lang.String,java.lang.String)
to {[/admin/getForumType],methods=[POST]}: There is already 'adminController' bean method
public java.lang.Object com.forum.controller.AdminController.getForumType() mapped.
	at org.springframework.beans.factory.support.ConstructorResolver.createArgumentArray(ConstructorResolver.java:767)
	at org.springframework.beans.factory.support.ConstructorResolver.autowireConstructor(ConstructorResolver.java:218)
	at org.springframework.beans.factory.support.AbstractAutowireCapableBeanFactory.autowireConstructor(AbstractAutowireCapableBeanFactory.java:1308)
	at org.springframework.beans.factory.support.AbstractAutowireCapableBeanFactory.createBeanInstance(AbstractAutowireCapableBeanFactory.java:1154)
	at org.springframework.beans.factory.support.AbstractAutowireCapableBeanFactory.doCreateBean(AbstractAutowireCapableBeanFactory.java:538)
	at org.springframework.beans.factory.support.AbstractAutowireCapableBeanFactory.createBean(AbstractAutowireCapableBeanFactory.java:498)
	at org.springframework.beans.factory.support.AbstractBeanFactory.lambda$doGetBean$0(AbstractBeanFactory.java:320)
	at org.springframework.beans.factory.support.DefaultSingletonBeanRegistry.getSingleton(DefaultSingletonBeanRegistry.java:222)
	at org.springframework.beans.factory.support.AbstractBeanFactory.doGetBean(AbstractBeanFactory.java:318)
	at org.springframework.beans.factory.support.AbstractBeanFactory.getBean(AbstractBeanFactory.java:199)
	at org.springframework.beans.factory.config.DependencyDescriptor.resolveCandidate(DependencyDescriptor.java:273)
	at org.springframework.beans.factory.support.DefaultListableBeanFactory.addCandidateEntry(DefaultListableBeanFactory.java:1455)
	at org.springframework.beans.factory.support.DefaultListableBeanFactory.findAutowireCandidates(DefaultListableBeanFactory.java:1419)
	at org.springframework.beans.factory.support.DefaultListableBeanFactory.resolveMultipleBeans(DefaultListableBeanFactory.java:1310)
	at org.springframework.beans.factory.support.DefaultListableBeanFactory.doResolveDependency(DefaultListableBeanFactory.java:1197)
	at org.springframework.beans.factory.support.DefaultListableBeanFactory.resolveDependency(DefaultListableBeanFactory.java:1166)
	at org.springframework.beans.factory.support.ConstructorResolver.resolveAutowiredArgument(ConstructorResolver.java:855)
	at org.springframework.beans.factory.support.ConstructorResolver.createArgumentArray(ConstructorResolver.java:758)
	... 17 common frames omitted
Caused by: org.springframework.beans.factory.BeanCreationException: Error creating bean with name 'requestMappingHandlerMapping' defined in class path resource [org/springframework/boot/autoconfigure/web/servlet/WebMvcAutoConfiguration$EnableWebMvcConfiguration.class]: Invocation of init method failed; nested exception is java.lang.IllegalStateException: Ambiguous mapping. Cannot map 'adminController' method 
public java.lang.Object com.forum.controller.AdminController.editForumType(java.lang.String,java.lang.String)
to {[/admin/getForumType],methods=[POST]}: There is already 'adminController' bean method
public java.lang.Object com.forum.controller.AdminController.getForumType() mapped.
	at org.springframework.beans.factory.support.AbstractAutowireCapableBeanFactory.initializeBean(AbstractAutowireCapableBeanFactory.java:1745)
	at org.springframework.beans.factory.support.AbstractAutowireCapableBeanFactory.doCreateBean(AbstractAutowireCapableBeanFactory.java:576)
	at org.springframework.beans.factory.support.AbstractAutowireCapableBeanFactory.createBean(AbstractAutowireCapableBeanFactory.java:498)
	at org.springframework.beans.factory.support.AbstractBeanFactory.lambda$doGetBean$0(AbstractBeanFactory.java:320)
	at org.springframework.beans.factory.support.DefaultSingletonBeanRegistry.getSingleton(DefaultSingletonBeanRegistry.java:222)
	at org.springframework.beans.factory.support.AbstractBeanFactory.doGetBean(AbstractBeanFactory.java:318)
	at org.springframework.beans.factory.support.AbstractBeanFactory.getBean(AbstractBeanFactory.java:199)
	at org.springframework.beans.factory.config.DependencyDescriptor.resolveCandidate(DependencyDescriptor.java:273)
	at org.springframework.beans.factory.support.DefaultListableBeanFactory.addCandidateEntry(DefaultListableBeanFactory.java:1455)
	at org.springframework.beans.factory.support.DefaultListableBeanFactory.findAutowireCandidates(DefaultListableBeanFactory.java:1419)
	at org.springframework.beans.factory.support.DefaultListableBeanFactory.resolveMultipleBeans(DefaultListableBeanFactory.java:1310)
	at org.springframework.beans.factory.support.DefaultListableBeanFactory.doResolveDependency(DefaultListableBeanFactory.java:1197)
	at org.springframework.beans.factory.support.DefaultListableBeanFactory.resolveDependency(DefaultListableBeanFactory.java:1166)
	at org.springframework.beans.factory.support.ConstructorResolver.resolveAutowiredArgument(ConstructorResolver.java:855)
	at org.springframework.beans.factory.support.ConstructorResolver.createArgumentArray(ConstructorResolver.java:758)
	... 34 common frames omitted
Caused by: java.lang.IllegalStateException: Ambiguous mapping. Cannot map 'adminController' method 
public java.lang.Object com.forum.controller.AdminController.editForumType(java.lang.String,java.lang.String)
to {[/admin/getForumType],methods=[POST]}: There is already 'adminController' bean method
public java.lang.Object com.forum.controller.AdminController.getForumType() mapped.
	at org.springframework.web.servlet.handler.AbstractHandlerMethodMapping$MappingRegistry.assertUniqueMethodMapping(AbstractHandlerMethodMapping.java:599)
	at org.springframework.web.servlet.handler.AbstractHandlerMethodMapping$MappingRegistry.register(AbstractHandlerMethodMapping.java:567)
	at org.springframework.web.servlet.handler.AbstractHandlerMethodMapping.registerHandlerMethod(AbstractHandlerMethodMapping.java:294)
	at org.springframework.web.servlet.handler.AbstractHandlerMethodMapping.lambda$detectHandlerMethods$1(AbstractHandlerMethodMapping.java:279)
	at java.util.LinkedHashMap.forEach(LinkedHashMap.java:684)
	at org.springframework.web.servlet.handler.AbstractHandlerMethodMapping.detectHandlerMethods(AbstractHandlerMethodMapping.java:277)
	at org.springframework.web.servlet.handler.AbstractHandlerMethodMapping.processCandidateBean(AbstractHandlerMethodMapping.java:249)
	at org.springframework.web.servlet.handler.AbstractHandlerMethodMapping.initHandlerMethods(AbstractHandlerMethodMapping.java:208)
	at org.springframework.web.servlet.handler.AbstractHandlerMethodMapping.afterPropertiesSet(AbstractHandlerMethodMapping.java:196)
	at org.springframework.web.servlet.mvc.method.annotation.RequestMappingHandlerMapping.afterPropertiesSet(RequestMappingHandlerMapping.java:164)
	at org.springframework.beans.factory.support.AbstractAutowireCapableBeanFactory.invokeInitMethods(AbstractAutowireCapableBeanFactory.java:1804)
	at org.springframework.beans.factory.support.AbstractAutowireCapableBeanFactory.initializeBean(AbstractAutowireCapableBeanFactory.java:1741)
	... 48 common frames omitted
2019-02-05 15:48:39.644 [main] WARN  org.mybatis.spring.mapper.ClassPathMapperScanner - Skipping MapperFactoryBean with name 'areaMapper' and 'com.forum.mapper.AreaMapper' mapperInterface. Bean already defined with the same name!
2019-02-05 15:48:39.644 [main] WARN  org.mybatis.spring.mapper.ClassPathMapperScanner - Skipping MapperFactoryBean with name 'authorityMapper' and 'com.forum.mapper.AuthorityMapper' mapperInterface. Bean already defined with the same name!
2019-02-05 15:48:39.645 [main] WARN  org.mybatis.spring.mapper.ClassPathMapperScanner - Skipping MapperFactoryBean with name 'dictionaryMapper' and 'com.forum.mapper.DictionaryMapper' mapperInterface. Bean already defined with the same name!
2019-02-05 15:48:39.645 [main] WARN  org.mybatis.spring.mapper.ClassPathMapperScanner - Skipping MapperFactoryBean with name 'followForumMapper' and 'com.forum.mapper.FollowForumMapper' mapperInterface. Bean already defined with the same name!
2019-02-05 15:48:39.645 [main] WARN  org.mybatis.spring.mapper.ClassPathMapperScanner - Skipping MapperFactoryBean with name 'followFriendMapper' and 'com.forum.mapper.FollowFriendMapper' mapperInterface. Bean already defined with the same name!
2019-02-05 15:48:39.645 [main] WARN  org.mybatis.spring.mapper.ClassPathMapperScanner - Skipping MapperFactoryBean with name 'forumListMapper' and 'com.forum.mapper.ForumListMapper' mapperInterface. Bean already defined with the same name!
2019-02-05 15:48:39.645 [main] WARN  org.mybatis.spring.mapper.ClassPathMapperScanner - Skipping MapperFactoryBean with name 'forumTypeMapper' and 'com.forum.mapper.ForumTypeMapper' mapperInterface. Bean already defined with the same name!
2019-02-05 15:48:39.645 [main] WARN  org.mybatis.spring.mapper.ClassPathMapperScanner - Skipping MapperFactoryBean with name 'nonAuthemticateMapper' and 'com.forum.mapper.NonAuthemticateMapper' mapperInterface. Bean already defined with the same name!
2019-02-05 15:48:39.645 [main] WARN  org.mybatis.spring.mapper.ClassPathMapperScanner - Skipping MapperFactoryBean with name 'notificationMapper' and 'com.forum.mapper.NotificationMapper' mapperInterface. Bean already defined with the same name!
2019-02-05 15:48:39.645 [main] WARN  org.mybatis.spring.mapper.ClassPathMapperScanner - Skipping MapperFactoryBean with name 'postMapper' and 'com.forum.mapper.PostMapper' mapperInterface. Bean already defined with the same name!
2019-02-05 15:48:39.646 [main] WARN  org.mybatis.spring.mapper.ClassPathMapperScanner - Skipping MapperFactoryBean with name 'postReplyMapper' and 'com.forum.mapper.PostReplyMapper' mapperInterface. Bean already defined with the same name!
2019-02-05 15:48:39.646 [main] WARN  org.mybatis.spring.mapper.ClassPathMapperScanner - Skipping MapperFactoryBean with name 'replyFavouriteMapper' and 'com.forum.mapper.ReplyFavouriteMapper' mapperInterface. Bean already defined with the same name!
2019-02-05 15:48:39.646 [main] WARN  org.mybatis.spring.mapper.ClassPathMapperScanner - Skipping MapperFactoryBean with name 'roleAuthorityMapper' and 'com.forum.mapper.RoleAuthorityMapper' mapperInterface. Bean already defined with the same name!
2019-02-05 15:48:39.646 [main] WARN  org.mybatis.spring.mapper.ClassPathMapperScanner - Skipping MapperFactoryBean with name 'roleMapper' and 'com.forum.mapper.RoleMapper' mapperInterface. Bean already defined with the same name!
2019-02-05 15:48:39.646 [main] WARN  org.mybatis.spring.mapper.ClassPathMapperScanner - Skipping MapperFactoryBean with name 'sessionMapper' and 'com.forum.mapper.SessionMapper' mapperInterface. Bean already defined with the same name!
2019-02-05 15:48:39.646 [main] WARN  org.mybatis.spring.mapper.ClassPathMapperScanner - Skipping MapperFactoryBean with name 'userFollowMapper' and 'com.forum.mapper.UserFollowMapper' mapperInterface. Bean already defined with the same name!
2019-02-05 15:48:39.646 [main] WARN  org.mybatis.spring.mapper.ClassPathMapperScanner - Skipping MapperFactoryBean with name 'userForumListPostVOMapper' and 'com.forum.mapper.UserForumListPostVOMapper' mapperInterface. Bean already defined with the same name!
2019-02-05 15:48:39.646 [main] WARN  org.mybatis.spring.mapper.ClassPathMapperScanner - Skipping MapperFactoryBean with name 'userMapper' and 'com.forum.mapper.UserMapper' mapperInterface. Bean already defined with the same name!
2019-02-05 15:48:39.646 [main] WARN  org.mybatis.spring.mapper.ClassPathMapperScanner - Skipping MapperFactoryBean with name 'userPostReplyVOMapper' and 'com.forum.mapper.UserPostReplyVOMapper' mapperInterface. Bean already defined with the same name!
2019-02-05 15:48:39.646 [main] WARN  org.mybatis.spring.mapper.ClassPathMapperScanner - Skipping MapperFactoryBean with name 'userPostVOMapper' and 'com.forum.mapper.UserPostVOMapper' mapperInterface. Bean already defined with the same name!
2019-02-05 15:48:44.074 [main] WARN  org.thymeleaf.templatemode.TemplateMode - [THYMELEAF][main] Template Mode 'LEGACYHTML5' is deprecated. Using Template Mode 'HTML' instead.
2019-02-05 15:48:45.099 [main] WARN  s.d.s.w.readers.parameter.ParameterDataTypeReader - Trying to infer dataType java.lang.String[]
2019-02-05 15:48:45.102 [main] WARN  s.d.s.w.readers.parameter.ParameterDataTypeReader - Trying to infer dataType java.lang.String[]
2019-02-05 15:48:45.107 [main] WARN  s.d.s.w.readers.parameter.ParameterDataTypeReader - Trying to infer dataType java.lang.String[]
2019-02-05 15:48:45.110 [main] WARN  s.d.s.w.readers.parameter.ParameterDataTypeReader - Trying to infer dataType java.lang.String[]
2019-02-05 15:48:53.936 [http-nio-8080-exec-5] ERROR com.forum.service.aspect.ControllerLogAspect - >>>>>>>>>>>>>>>>>>>>>>>>>>>>>>>>>>>>开始异常捕捉<<<<<<<<<<<<<<<<<<<<<<<<<<<<<<<<<<<<<<<<<<<<<<<<

2019-02-05 15:48:53.936 [http-nio-8080-exec-5] ERROR com.forum.service.aspect.ControllerLogAspect - 异常时间 : 2019-02-05 15:48:53
2019-02-05 15:48:53.936 [http-nio-8080-exec-5] ERROR com.forum.service.aspect.ControllerLogAspect - 请求方法 : POST
2019-02-05 15:48:53.936 [http-nio-8080-exec-5] ERROR com.forum.service.aspect.ControllerLogAspect - 类方法 : com.forum.controller.AdminController.editForumType
2019-02-05 15:48:53.936 [http-nio-8080-exec-5] ERROR com.forum.service.aspect.ControllerLogAspect - 请求URL: http://localhost:8080/admin/editForumType
2019-02-05 15:48:53.936 [http-nio-8080-exec-5] ERROR com.forum.service.aspect.ControllerLogAspect - 获得IP: 0:0:0:0:0:0:0:1
2019-02-05 15:48:53.937 [http-nio-8080-exec-5] ERROR com.forum.service.aspect.ControllerLogAspect - 参数: Arg -> (0)execution(Object com.forum.controller.AdminController.editForumType(String,String))
2019-02-05 15:48:53.937 [http-nio-8080-exec-5] ERROR com.forum.service.aspect.ControllerLogAspect - 请求参数: [fid:[3], type:[公益]]
2019-02-05 15:48:53.937 [http-nio-8080-exec-5] ERROR com.forum.service.aspect.ControllerLogAspect - 用户名: admin
2019-02-05 15:48:53.937 [http-nio-8080-exec-5] ERROR com.forum.service.aspect.ControllerLogAspect - 异常:org.codehaus.groovy.runtime.typehandling.GroovyCastException: Cannot cast object 'com.forum.model.entity.ForumTypeEntity@667f5faf' with class 'com.forum.model.entity.ForumTypeEntity' to class 'java.lang.Integer'
2019-02-05 15:48:53.937 [http-nio-8080-exec-5] ERROR com.forum.service.aspect.ControllerLogAspect - 异常所在类：com.forum.controller.AdminController
2019-02-05 15:48:53.937 [http-nio-8080-exec-5] ERROR com.forum.service.aspect.ControllerLogAspect - 异常所在方法：editForumType
2019-02-05 15:48:53.937 [http-nio-8080-exec-5] ERROR com.forum.service.aspect.ControllerLogAspect - 访问类型:Json
2019-02-05 15:48:53.937 [http-nio-8080-exec-5] ERROR com.forum.service.aspect.ControllerLogAspect - >>>>>>>>>>>>>>>>>>>>>>>>>>>>>>>>>>>>异常捕捉完成<<<<<<<<<<<<<<<<<<<<<<<<<<<<<<<<<<<<<<<<<<<<<<<<

2019-02-05 15:48:53.951 [http-nio-8080-exec-5] ERROR o.a.c.c.C.[.[localhost].[/].[dispatcherServlet] - Servlet.service() for servlet [dispatcherServlet] in context with path [] threw exception [Request processing failed; nested exception is org.codehaus.groovy.runtime.typehandling.GroovyCastException: Cannot cast object 'com.forum.model.entity.ForumTypeEntity@667f5faf' with class 'com.forum.model.entity.ForumTypeEntity' to class 'java.lang.Integer'] with root cause
org.codehaus.groovy.runtime.typehandling.GroovyCastException: Cannot cast object 'com.forum.model.entity.ForumTypeEntity@667f5faf' with class 'com.forum.model.entity.ForumTypeEntity' to class 'java.lang.Integer'
	at org.codehaus.groovy.runtime.typehandling.DefaultTypeTransformation.castToNumber(DefaultTypeTransformation.java:176)
	at org.codehaus.groovy.runtime.typehandling.DefaultTypeTransformation.continueCastOnNumber(DefaultTypeTransformation.java:285)
	at org.codehaus.groovy.runtime.typehandling.DefaultTypeTransformation.castToType(DefaultTypeTransformation.java:245)
	at org.codehaus.groovy.runtime.ScriptBytecodeAdapter.castToType(ScriptBytecodeAdapter.java:616)
	at com.forum.service.impl.AdminServiceImpl.editForumType(AdminServiceImpl.groovy:47)
	at com.forum.service.impl.AdminServiceImpl$$FastClassBySpringCGLIB$$d801a561.invoke(<generated>)
	at org.springframework.cglib.proxy.MethodProxy.invoke(MethodProxy.java:218)
	at org.springframework.aop.framework.CglibAopProxy$CglibMethodInvocation.invokeJoinpoint(CglibAopProxy.java:746)
	at org.springframework.aop.framework.ReflectiveMethodInvocation.proceed(ReflectiveMethodInvocation.java:163)
	at org.springframework.transaction.interceptor.TransactionAspectSupport.invokeWithinTransaction(TransactionAspectSupport.java:294)
	at org.springframework.transaction.interceptor.TransactionInterceptor.invoke(TransactionInterceptor.java:98)
	at org.springframework.aop.framework.ReflectiveMethodInvocation.proceed(ReflectiveMethodInvocation.java:186)
	at org.springframework.aop.interceptor.ExposeInvocationInterceptor.invoke(ExposeInvocationInterceptor.java:93)
	at org.springframework.aop.framework.ReflectiveMethodInvocation.proceed(ReflectiveMethodInvocation.java:186)
	at org.springframework.aop.framework.CglibAopProxy$DynamicAdvisedInterceptor.intercept(CglibAopProxy.java:688)
	at com.forum.service.impl.AdminServiceImpl$$EnhancerBySpringCGLIB$$ae08efba.editForumType(<generated>)
	at com.forum.service.impl.AdminServiceImpl$$FastClassBySpringCGLIB$$d801a561.invoke(<generated>)
	at org.springframework.cglib.proxy.MethodProxy.invoke(MethodProxy.java:218)
	at org.springframework.aop.framework.CglibAopProxy$CglibMethodInvocation.invokeJoinpoint(CglibAopProxy.java:746)
	at org.springframework.aop.framework.ReflectiveMethodInvocation.proceed(ReflectiveMethodInvocation.java:163)
	at org.springframework.transaction.interceptor.TransactionAspectSupport.invokeWithinTransaction(TransactionAspectSupport.java:294)
	at org.springframework.transaction.interceptor.TransactionInterceptor.invoke(TransactionInterceptor.java:98)
	at org.springframework.aop.framework.ReflectiveMethodInvocation.proceed(ReflectiveMethodInvocation.java:186)
	at org.springframework.aop.framework.CglibAopProxy$DynamicAdvisedInterceptor.intercept(CglibAopProxy.java:688)
	at com.forum.service.impl.AdminServiceImpl$$EnhancerBySpringCGLIB$$5763d475.editForumType(<generated>)
	at com.forum.service.AdminService$editForumType$1.call(Unknown Source)
	at org.codehaus.groovy.runtime.callsite.CallSiteArray.defaultCall(CallSiteArray.java:47)
	at org.codehaus.groovy.runtime.callsite.AbstractCallSite.call(AbstractCallSite.java:116)
	at org.codehaus.groovy.runtime.callsite.AbstractCallSite.call(AbstractCallSite.java:136)
	at com.forum.controller.AdminController.editForumType(AdminController.groovy:39)
	at com.forum.controller.AdminController$$FastClassBySpringCGLIB$$aa7f7193.invoke(<generated>)
	at org.springframework.cglib.proxy.MethodProxy.invoke(MethodProxy.java:218)
	at org.springframework.aop.framework.CglibAopProxy$CglibMethodInvocation.invokeJoinpoint(CglibAopProxy.java:746)
	at org.springframework.aop.framework.ReflectiveMethodInvocation.proceed(ReflectiveMethodInvocation.java:163)
	at org.springframework.aop.framework.adapter.MethodBeforeAdviceInterceptor.invoke(MethodBeforeAdviceInterceptor.java:56)
	at org.springframework.aop.framework.ReflectiveMethodInvocation.proceed(ReflectiveMethodInvocation.java:186)
	at org.springframework.aop.aspectj.MethodInvocationProceedingJoinPoint.proceed(MethodInvocationProceedingJoinPoint.java:88)
	at org.aspectj.lang.ProceedingJoinPoint$proceed.call(Unknown Source)
	at com.forum.service.aspect.ControllerLogAspect.doAround(ControllerLogAspect.groovy:70)
	at sun.reflect.NativeMethodAccessorImpl.invoke0(Native Method)
	at sun.reflect.NativeMethodAccessorImpl.invoke(NativeMethodAccessorImpl.java:62)
	at sun.reflect.DelegatingMethodAccessorImpl.invoke(DelegatingMethodAccessorImpl.java:43)
	at java.lang.reflect.Method.invoke(Method.java:498)
	at org.springframework.aop.aspectj.AbstractAspectJAdvice.invokeAdviceMethodWithGivenArgs(AbstractAspectJAdvice.java:644)
	at org.springframework.aop.aspectj.AbstractAspectJAdvice.invokeAdviceMethod(AbstractAspectJAdvice.java:633)
	at org.springframework.aop.aspectj.AspectJAroundAdvice.invoke(AspectJAroundAdvice.java:70)
	at org.springframework.aop.framework.ReflectiveMethodInvocation.proceed(ReflectiveMethodInvocation.java:186)
	at org.springframework.aop.framework.adapter.AfterReturningAdviceInterceptor.invoke(AfterReturningAdviceInterceptor.java:55)
	at org.springframework.aop.framework.ReflectiveMethodInvocation.proceed(ReflectiveMethodInvocation.java:186)
	at org.springframework.aop.aspectj.AspectJAfterThrowingAdvice.invoke(AspectJAfterThrowingAdvice.java:62)
	at org.springframework.aop.framework.ReflectiveMethodInvocation.proceed(ReflectiveMethodInvocation.java:186)
	at org.springframework.aop.interceptor.ExposeInvocationInterceptor.invoke(ExposeInvocationInterceptor.java:93)
	at org.springframework.aop.framework.ReflectiveMethodInvocation.proceed(ReflectiveMethodInvocation.java:186)
	at org.springframework.aop.framework.CglibAopProxy$DynamicAdvisedInterceptor.intercept(CglibAopProxy.java:688)
	at com.forum.controller.AdminController$$EnhancerBySpringCGLIB$$a7ce37fd.editForumType(<generated>)
	at sun.reflect.NativeMethodAccessorImpl.invoke0(Native Method)
	at sun.reflect.NativeMethodAccessorImpl.invoke(NativeMethodAccessorImpl.java:62)
	at sun.reflect.DelegatingMethodAccessorImpl.invoke(DelegatingMethodAccessorImpl.java:43)
	at java.lang.reflect.Method.invoke(Method.java:498)
	at org.springframework.web.method.support.InvocableHandlerMethod.doInvoke(InvocableHandlerMethod.java:215)
	at org.springframework.web.method.support.InvocableHandlerMethod.invokeForRequest(InvocableHandlerMethod.java:142)
	at org.springframework.web.servlet.mvc.method.annotation.ServletInvocableHandlerMethod.invokeAndHandle(ServletInvocableHandlerMethod.java:102)
	at org.springframework.web.servlet.mvc.method.annotation.RequestMappingHandlerAdapter.invokeHandlerMethod(RequestMappingHandlerAdapter.java:895)
	at org.springframework.web.servlet.mvc.method.annotation.RequestMappingHandlerAdapter.handleInternal(RequestMappingHandlerAdapter.java:800)
	at org.springframework.web.servlet.mvc.method.AbstractHandlerMethodAdapter.handle(AbstractHandlerMethodAdapter.java:87)
	at org.springframework.web.servlet.DispatcherServlet.doDispatch(DispatcherServlet.java:1038)
	at org.springframework.web.servlet.DispatcherServlet.doService(DispatcherServlet.java:942)
	at org.springframework.web.servlet.FrameworkServlet.processRequest(FrameworkServlet.java:998)
	at org.springframework.web.servlet.FrameworkServlet.doPost(FrameworkServlet.java:901)
	at javax.servlet.http.HttpServlet.service(HttpServlet.java:660)
	at org.springframework.web.servlet.FrameworkServlet.service(FrameworkServlet.java:875)
	at javax.servlet.http.HttpServlet.service(HttpServlet.java:741)
	at org.apache.catalina.core.ApplicationFilterChain.internalDoFilter(ApplicationFilterChain.java:231)
	at org.apache.catalina.core.ApplicationFilterChain.doFilter(ApplicationFilterChain.java:166)
	at org.apache.tomcat.websocket.server.WsFilter.doFilter(WsFilter.java:53)
	at org.apache.catalina.core.ApplicationFilterChain.internalDoFilter(ApplicationFilterChain.java:193)
	at org.apache.catalina.core.ApplicationFilterChain.doFilter(ApplicationFilterChain.java:166)
	at org.apache.shiro.web.servlet.AdviceFilter.executeChain(AdviceFilter.java:108)
	at org.apache.shiro.web.servlet.AdviceFilter.doFilterInternal(AdviceFilter.java:137)
	at org.apache.shiro.web.servlet.OncePerRequestFilter.doFilter(OncePerRequestFilter.java:125)
	at org.apache.catalina.core.ApplicationFilterChain.internalDoFilter(ApplicationFilterChain.java:193)
	at org.apache.catalina.core.ApplicationFilterChain.doFilter(ApplicationFilterChain.java:166)
	at org.apache.shiro.web.servlet.AdviceFilter.executeChain(AdviceFilter.java:108)
	at org.apache.shiro.web.servlet.AdviceFilter.doFilterInternal(AdviceFilter.java:137)
	at org.apache.shiro.web.servlet.OncePerRequestFilter.doFilter(OncePerRequestFilter.java:125)
	at org.apache.catalina.core.ApplicationFilterChain.internalDoFilter(ApplicationFilterChain.java:193)
	at org.apache.catalina.core.ApplicationFilterChain.doFilter(ApplicationFilterChain.java:166)
	at org.apache.shiro.web.servlet.OncePerRequestFilter.doFilter(OncePerRequestFilter.java:112)
	at org.apache.catalina.core.ApplicationFilterChain.internalDoFilter(ApplicationFilterChain.java:193)
	at org.apache.catalina.core.ApplicationFilterChain.doFilter(ApplicationFilterChain.java:166)
	at org.apache.shiro.web.servlet.ProxiedFilterChain.doFilter(ProxiedFilterChain.java:61)
	at org.apache.shiro.web.servlet.AdviceFilter.executeChain(AdviceFilter.java:108)
	at org.apache.shiro.web.servlet.AdviceFilter.doFilterInternal(AdviceFilter.java:137)
	at org.apache.shiro.web.servlet.OncePerRequestFilter.doFilter(OncePerRequestFilter.java:125)
	at org.apache.shiro.web.servlet.ProxiedFilterChain.doFilter(ProxiedFilterChain.java:66)
	at org.apache.shiro.web.servlet.AbstractShiroFilter.executeChain(AbstractShiroFilter.java:449)
	at org.apache.shiro.web.servlet.AbstractShiroFilter$1.call(AbstractShiroFilter.java:365)
	at org.apache.shiro.subject.support.SubjectCallable.doCall(SubjectCallable.java:90)
	at org.apache.shiro.subject.support.SubjectCallable.call(SubjectCallable.java:83)
	at org.apache.shiro.subject.support.DelegatingSubject.execute(DelegatingSubject.java:387)
	at org.apache.shiro.web.servlet.AbstractShiroFilter.doFilterInternal(AbstractShiroFilter.java:362)
	at org.apache.shiro.web.servlet.OncePerRequestFilter.doFilter(OncePerRequestFilter.java:125)
	at org.springframework.web.filter.DelegatingFilterProxy.invokeDelegate(DelegatingFilterProxy.java:357)
	at org.springframework.web.filter.DelegatingFilterProxy.doFilter(DelegatingFilterProxy.java:270)
	at org.apache.catalina.core.ApplicationFilterChain.internalDoFilter(ApplicationFilterChain.java:193)
	at org.apache.catalina.core.ApplicationFilterChain.doFilter(ApplicationFilterChain.java:166)
	at com.alibaba.druid.support.http.WebStatFilter.doFilter(WebStatFilter.java:123)
	at org.apache.catalina.core.ApplicationFilterChain.internalDoFilter(ApplicationFilterChain.java:193)
	at org.apache.catalina.core.ApplicationFilterChain.doFilter(ApplicationFilterChain.java:166)
	at org.springframework.web.filter.RequestContextFilter.doFilterInternal(RequestContextFilter.java:99)
	at org.springframework.web.filter.OncePerRequestFilter.doFilter(OncePerRequestFilter.java:107)
	at org.apache.catalina.core.ApplicationFilterChain.internalDoFilter(ApplicationFilterChain.java:193)
	at org.apache.catalina.core.ApplicationFilterChain.doFilter(ApplicationFilterChain.java:166)
	at org.springframework.web.filter.FormContentFilter.doFilterInternal(FormContentFilter.java:92)
	at org.springframework.web.filter.OncePerRequestFilter.doFilter(OncePerRequestFilter.java:107)
	at org.apache.catalina.core.ApplicationFilterChain.internalDoFilter(ApplicationFilterChain.java:193)
	at org.apache.catalina.core.ApplicationFilterChain.doFilter(ApplicationFilterChain.java:166)
	at org.springframework.web.filter.HiddenHttpMethodFilter.doFilterInternal(HiddenHttpMethodFilter.java:93)
	at org.springframework.web.filter.OncePerRequestFilter.doFilter(OncePerRequestFilter.java:107)
	at org.apache.catalina.core.ApplicationFilterChain.internalDoFilter(ApplicationFilterChain.java:193)
	at org.apache.catalina.core.ApplicationFilterChain.doFilter(ApplicationFilterChain.java:166)
	at org.springframework.web.filter.CharacterEncodingFilter.doFilterInternal(CharacterEncodingFilter.java:200)
	at org.springframework.web.filter.OncePerRequestFilter.doFilter(OncePerRequestFilter.java:107)
	at org.apache.catalina.core.ApplicationFilterChain.internalDoFilter(ApplicationFilterChain.java:193)
	at org.apache.catalina.core.ApplicationFilterChain.doFilter(ApplicationFilterChain.java:166)
	at org.apache.catalina.core.StandardWrapperValve.invoke(StandardWrapperValve.java:199)
	at org.apache.catalina.core.StandardContextValve.invoke(StandardContextValve.java:96)
	at org.apache.catalina.authenticator.AuthenticatorBase.invoke(AuthenticatorBase.java:490)
	at org.apache.catalina.core.StandardHostValve.invoke(StandardHostValve.java:139)
	at org.apache.catalina.valves.ErrorReportValve.invoke(ErrorReportValve.java:92)
	at org.apache.catalina.core.StandardEngineValve.invoke(StandardEngineValve.java:74)
	at org.apache.catalina.connector.CoyoteAdapter.service(CoyoteAdapter.java:343)
	at org.apache.coyote.http11.Http11Processor.service(Http11Processor.java:408)
	at org.apache.coyote.AbstractProcessorLight.process(AbstractProcessorLight.java:66)
	at org.apache.coyote.AbstractProtocol$ConnectionHandler.process(AbstractProtocol.java:770)
	at org.apache.tomcat.util.net.NioEndpoint$SocketProcessor.doRun(NioEndpoint.java:1415)
	at org.apache.tomcat.util.net.SocketProcessorBase.run(SocketProcessorBase.java:49)
	at java.util.concurrent.ThreadPoolExecutor.runWorker(ThreadPoolExecutor.java:1142)
	at java.util.concurrent.ThreadPoolExecutor$Worker.run(ThreadPoolExecutor.java:617)
	at org.apache.tomcat.util.threads.TaskThread$WrappingRunnable.run(TaskThread.java:61)
	at java.lang.Thread.run(Thread.java:745)
2019-02-05 15:49:45.592 [main] WARN  org.mybatis.spring.mapper.ClassPathMapperScanner - Skipping MapperFactoryBean with name 'areaMapper' and 'com.forum.mapper.AreaMapper' mapperInterface. Bean already defined with the same name!
2019-02-05 15:49:45.592 [main] WARN  org.mybatis.spring.mapper.ClassPathMapperScanner - Skipping MapperFactoryBean with name 'authorityMapper' and 'com.forum.mapper.AuthorityMapper' mapperInterface. Bean already defined with the same name!
2019-02-05 15:49:45.592 [main] WARN  org.mybatis.spring.mapper.ClassPathMapperScanner - Skipping MapperFactoryBean with name 'dictionaryMapper' and 'com.forum.mapper.DictionaryMapper' mapperInterface. Bean already defined with the same name!
2019-02-05 15:49:45.592 [main] WARN  org.mybatis.spring.mapper.ClassPathMapperScanner - Skipping MapperFactoryBean with name 'followForumMapper' and 'com.forum.mapper.FollowForumMapper' mapperInterface. Bean already defined with the same name!
2019-02-05 15:49:45.592 [main] WARN  org.mybatis.spring.mapper.ClassPathMapperScanner - Skipping MapperFactoryBean with name 'followFriendMapper' and 'com.forum.mapper.FollowFriendMapper' mapperInterface. Bean already defined with the same name!
2019-02-05 15:49:45.592 [main] WARN  org.mybatis.spring.mapper.ClassPathMapperScanner - Skipping MapperFactoryBean with name 'forumListMapper' and 'com.forum.mapper.ForumListMapper' mapperInterface. Bean already defined with the same name!
2019-02-05 15:49:45.593 [main] WARN  org.mybatis.spring.mapper.ClassPathMapperScanner - Skipping MapperFactoryBean with name 'forumTypeMapper' and 'com.forum.mapper.ForumTypeMapper' mapperInterface. Bean already defined with the same name!
2019-02-05 15:49:45.593 [main] WARN  org.mybatis.spring.mapper.ClassPathMapperScanner - Skipping MapperFactoryBean with name 'nonAuthemticateMapper' and 'com.forum.mapper.NonAuthemticateMapper' mapperInterface. Bean already defined with the same name!
2019-02-05 15:49:45.593 [main] WARN  org.mybatis.spring.mapper.ClassPathMapperScanner - Skipping MapperFactoryBean with name 'notificationMapper' and 'com.forum.mapper.NotificationMapper' mapperInterface. Bean already defined with the same name!
2019-02-05 15:49:45.593 [main] WARN  org.mybatis.spring.mapper.ClassPathMapperScanner - Skipping MapperFactoryBean with name 'postMapper' and 'com.forum.mapper.PostMapper' mapperInterface. Bean already defined with the same name!
2019-02-05 15:49:45.593 [main] WARN  org.mybatis.spring.mapper.ClassPathMapperScanner - Skipping MapperFactoryBean with name 'postReplyMapper' and 'com.forum.mapper.PostReplyMapper' mapperInterface. Bean already defined with the same name!
2019-02-05 15:49:45.593 [main] WARN  org.mybatis.spring.mapper.ClassPathMapperScanner - Skipping MapperFactoryBean with name 'replyFavouriteMapper' and 'com.forum.mapper.ReplyFavouriteMapper' mapperInterface. Bean already defined with the same name!
2019-02-05 15:49:45.593 [main] WARN  org.mybatis.spring.mapper.ClassPathMapperScanner - Skipping MapperFactoryBean with name 'roleAuthorityMapper' and 'com.forum.mapper.RoleAuthorityMapper' mapperInterface. Bean already defined with the same name!
2019-02-05 15:49:45.594 [main] WARN  org.mybatis.spring.mapper.ClassPathMapperScanner - Skipping MapperFactoryBean with name 'roleMapper' and 'com.forum.mapper.RoleMapper' mapperInterface. Bean already defined with the same name!
2019-02-05 15:49:45.594 [main] WARN  org.mybatis.spring.mapper.ClassPathMapperScanner - Skipping MapperFactoryBean with name 'sessionMapper' and 'com.forum.mapper.SessionMapper' mapperInterface. Bean already defined with the same name!
2019-02-05 15:49:45.594 [main] WARN  org.mybatis.spring.mapper.ClassPathMapperScanner - Skipping MapperFactoryBean with name 'userFollowMapper' and 'com.forum.mapper.UserFollowMapper' mapperInterface. Bean already defined with the same name!
2019-02-05 15:49:45.594 [main] WARN  org.mybatis.spring.mapper.ClassPathMapperScanner - Skipping MapperFactoryBean with name 'userForumListPostVOMapper' and 'com.forum.mapper.UserForumListPostVOMapper' mapperInterface. Bean already defined with the same name!
2019-02-05 15:49:45.594 [main] WARN  org.mybatis.spring.mapper.ClassPathMapperScanner - Skipping MapperFactoryBean with name 'userMapper' and 'com.forum.mapper.UserMapper' mapperInterface. Bean already defined with the same name!
2019-02-05 15:49:45.595 [main] WARN  org.mybatis.spring.mapper.ClassPathMapperScanner - Skipping MapperFactoryBean with name 'userPostReplyVOMapper' and 'com.forum.mapper.UserPostReplyVOMapper' mapperInterface. Bean already defined with the same name!
2019-02-05 15:49:45.595 [main] WARN  org.mybatis.spring.mapper.ClassPathMapperScanner - Skipping MapperFactoryBean with name 'userPostVOMapper' and 'com.forum.mapper.UserPostVOMapper' mapperInterface. Bean already defined with the same name!
2019-02-05 15:49:50.946 [main] WARN  org.thymeleaf.templatemode.TemplateMode - [THYMELEAF][main] Template Mode 'LEGACYHTML5' is deprecated. Using Template Mode 'HTML' instead.
2019-02-05 15:49:52.030 [main] WARN  s.d.s.w.readers.parameter.ParameterDataTypeReader - Trying to infer dataType java.lang.String[]
2019-02-05 15:49:52.033 [main] WARN  s.d.s.w.readers.parameter.ParameterDataTypeReader - Trying to infer dataType java.lang.String[]
2019-02-05 15:49:52.037 [main] WARN  s.d.s.w.readers.parameter.ParameterDataTypeReader - Trying to infer dataType java.lang.String[]
2019-02-05 15:49:52.040 [main] WARN  s.d.s.w.readers.parameter.ParameterDataTypeReader - Trying to infer dataType java.lang.String[]
2019-02-05 19:48:32.339 [main] WARN  org.mybatis.spring.mapper.ClassPathMapperScanner - Skipping MapperFactoryBean with name 'areaMapper' and 'com.forum.mapper.AreaMapper' mapperInterface. Bean already defined with the same name!
2019-02-05 19:48:32.340 [main] WARN  org.mybatis.spring.mapper.ClassPathMapperScanner - Skipping MapperFactoryBean with name 'authorityMapper' and 'com.forum.mapper.AuthorityMapper' mapperInterface. Bean already defined with the same name!
2019-02-05 19:48:32.340 [main] WARN  org.mybatis.spring.mapper.ClassPathMapperScanner - Skipping MapperFactoryBean with name 'dictionaryMapper' and 'com.forum.mapper.DictionaryMapper' mapperInterface. Bean already defined with the same name!
2019-02-05 19:48:32.341 [main] WARN  org.mybatis.spring.mapper.ClassPathMapperScanner - Skipping MapperFactoryBean with name 'followForumMapper' and 'com.forum.mapper.FollowForumMapper' mapperInterface. Bean already defined with the same name!
2019-02-05 19:48:32.341 [main] WARN  org.mybatis.spring.mapper.ClassPathMapperScanner - Skipping MapperFactoryBean with name 'followFriendMapper' and 'com.forum.mapper.FollowFriendMapper' mapperInterface. Bean already defined with the same name!
2019-02-05 19:48:32.341 [main] WARN  org.mybatis.spring.mapper.ClassPathMapperScanner - Skipping MapperFactoryBean with name 'forumListMapper' and 'com.forum.mapper.ForumListMapper' mapperInterface. Bean already defined with the same name!
2019-02-05 19:48:32.341 [main] WARN  org.mybatis.spring.mapper.ClassPathMapperScanner - Skipping MapperFactoryBean with name 'forumTypeMapper' and 'com.forum.mapper.ForumTypeMapper' mapperInterface. Bean already defined with the same name!
2019-02-05 19:48:32.342 [main] WARN  org.mybatis.spring.mapper.ClassPathMapperScanner - Skipping MapperFactoryBean with name 'nonAuthemticateMapper' and 'com.forum.mapper.NonAuthemticateMapper' mapperInterface. Bean already defined with the same name!
2019-02-05 19:48:32.342 [main] WARN  org.mybatis.spring.mapper.ClassPathMapperScanner - Skipping MapperFactoryBean with name 'notificationMapper' and 'com.forum.mapper.NotificationMapper' mapperInterface. Bean already defined with the same name!
2019-02-05 19:48:32.342 [main] WARN  org.mybatis.spring.mapper.ClassPathMapperScanner - Skipping MapperFactoryBean with name 'postMapper' and 'com.forum.mapper.PostMapper' mapperInterface. Bean already defined with the same name!
2019-02-05 19:48:32.342 [main] WARN  org.mybatis.spring.mapper.ClassPathMapperScanner - Skipping MapperFactoryBean with name 'postReplyMapper' and 'com.forum.mapper.PostReplyMapper' mapperInterface. Bean already defined with the same name!
2019-02-05 19:48:32.343 [main] WARN  org.mybatis.spring.mapper.ClassPathMapperScanner - Skipping MapperFactoryBean with name 'replyFavouriteMapper' and 'com.forum.mapper.ReplyFavouriteMapper' mapperInterface. Bean already defined with the same name!
2019-02-05 19:48:32.343 [main] WARN  org.mybatis.spring.mapper.ClassPathMapperScanner - Skipping MapperFactoryBean with name 'roleAuthorityMapper' and 'com.forum.mapper.RoleAuthorityMapper' mapperInterface. Bean already defined with the same name!
2019-02-05 19:48:32.343 [main] WARN  org.mybatis.spring.mapper.ClassPathMapperScanner - Skipping MapperFactoryBean with name 'roleMapper' and 'com.forum.mapper.RoleMapper' mapperInterface. Bean already defined with the same name!
2019-02-05 19:48:32.343 [main] WARN  org.mybatis.spring.mapper.ClassPathMapperScanner - Skipping MapperFactoryBean with name 'sessionMapper' and 'com.forum.mapper.SessionMapper' mapperInterface. Bean already defined with the same name!
2019-02-05 19:48:32.343 [main] WARN  org.mybatis.spring.mapper.ClassPathMapperScanner - Skipping MapperFactoryBean with name 'userFollowMapper' and 'com.forum.mapper.UserFollowMapper' mapperInterface. Bean already defined with the same name!
2019-02-05 19:48:32.343 [main] WARN  org.mybatis.spring.mapper.ClassPathMapperScanner - Skipping MapperFactoryBean with name 'userForumListPostVOMapper' and 'com.forum.mapper.UserForumListPostVOMapper' mapperInterface. Bean already defined with the same name!
2019-02-05 19:48:32.344 [main] WARN  org.mybatis.spring.mapper.ClassPathMapperScanner - Skipping MapperFactoryBean with name 'userMapper' and 'com.forum.mapper.UserMapper' mapperInterface. Bean already defined with the same name!
2019-02-05 19:48:32.344 [main] WARN  org.mybatis.spring.mapper.ClassPathMapperScanner - Skipping MapperFactoryBean with name 'userPostReplyVOMapper' and 'com.forum.mapper.UserPostReplyVOMapper' mapperInterface. Bean already defined with the same name!
2019-02-05 19:48:32.344 [main] WARN  org.mybatis.spring.mapper.ClassPathMapperScanner - Skipping MapperFactoryBean with name 'userPostVOMapper' and 'com.forum.mapper.UserPostVOMapper' mapperInterface. Bean already defined with the same name!
2019-02-05 19:48:38.628 [main] WARN  org.thymeleaf.templatemode.TemplateMode - [THYMELEAF][main] Template Mode 'LEGACYHTML5' is deprecated. Using Template Mode 'HTML' instead.
2019-02-05 19:48:40.113 [main] WARN  s.d.s.w.readers.parameter.ParameterDataTypeReader - Trying to infer dataType java.lang.String[]
2019-02-05 19:48:40.119 [main] WARN  s.d.s.w.readers.parameter.ParameterDataTypeReader - Trying to infer dataType java.lang.String[]
2019-02-05 19:48:40.126 [main] WARN  s.d.s.w.readers.parameter.ParameterDataTypeReader - Trying to infer dataType java.lang.String[]
2019-02-05 19:48:40.133 [main] WARN  s.d.s.w.readers.parameter.ParameterDataTypeReader - Trying to infer dataType java.lang.String[]
2019-02-05 23:02:09.454 [main] WARN  org.mybatis.spring.mapper.ClassPathMapperScanner - Skipping MapperFactoryBean with name 'areaMapper' and 'com.forum.mapper.AreaMapper' mapperInterface. Bean already defined with the same name!
2019-02-05 23:02:09.454 [main] WARN  org.mybatis.spring.mapper.ClassPathMapperScanner - Skipping MapperFactoryBean with name 'authorityMapper' and 'com.forum.mapper.AuthorityMapper' mapperInterface. Bean already defined with the same name!
2019-02-05 23:02:09.454 [main] WARN  org.mybatis.spring.mapper.ClassPathMapperScanner - Skipping MapperFactoryBean with name 'dictionaryMapper' and 'com.forum.mapper.DictionaryMapper' mapperInterface. Bean already defined with the same name!
2019-02-05 23:02:09.454 [main] WARN  org.mybatis.spring.mapper.ClassPathMapperScanner - Skipping MapperFactoryBean with name 'followForumMapper' and 'com.forum.mapper.FollowForumMapper' mapperInterface. Bean already defined with the same name!
2019-02-05 23:02:09.455 [main] WARN  org.mybatis.spring.mapper.ClassPathMapperScanner - Skipping MapperFactoryBean with name 'followFriendMapper' and 'com.forum.mapper.FollowFriendMapper' mapperInterface. Bean already defined with the same name!
2019-02-05 23:02:09.455 [main] WARN  org.mybatis.spring.mapper.ClassPathMapperScanner - Skipping MapperFactoryBean with name 'forumListMapper' and 'com.forum.mapper.ForumListMapper' mapperInterface. Bean already defined with the same name!
2019-02-05 23:02:09.455 [main] WARN  org.mybatis.spring.mapper.ClassPathMapperScanner - Skipping MapperFactoryBean with name 'forumTypeMapper' and 'com.forum.mapper.ForumTypeMapper' mapperInterface. Bean already defined with the same name!
2019-02-05 23:02:09.455 [main] WARN  org.mybatis.spring.mapper.ClassPathMapperScanner - Skipping MapperFactoryBean with name 'nonAuthemticateMapper' and 'com.forum.mapper.NonAuthemticateMapper' mapperInterface. Bean already defined with the same name!
2019-02-05 23:02:09.455 [main] WARN  org.mybatis.spring.mapper.ClassPathMapperScanner - Skipping MapperFactoryBean with name 'notificationMapper' and 'com.forum.mapper.NotificationMapper' mapperInterface. Bean already defined with the same name!
2019-02-05 23:02:09.455 [main] WARN  org.mybatis.spring.mapper.ClassPathMapperScanner - Skipping MapperFactoryBean with name 'postMapper' and 'com.forum.mapper.PostMapper' mapperInterface. Bean already defined with the same name!
2019-02-05 23:02:09.455 [main] WARN  org.mybatis.spring.mapper.ClassPathMapperScanner - Skipping MapperFactoryBean with name 'postReplyMapper' and 'com.forum.mapper.PostReplyMapper' mapperInterface. Bean already defined with the same name!
2019-02-05 23:02:09.455 [main] WARN  org.mybatis.spring.mapper.ClassPathMapperScanner - Skipping MapperFactoryBean with name 'replyFavouriteMapper' and 'com.forum.mapper.ReplyFavouriteMapper' mapperInterface. Bean already defined with the same name!
2019-02-05 23:02:09.456 [main] WARN  org.mybatis.spring.mapper.ClassPathMapperScanner - Skipping MapperFactoryBean with name 'roleAuthorityMapper' and 'com.forum.mapper.RoleAuthorityMapper' mapperInterface. Bean already defined with the same name!
2019-02-05 23:02:09.456 [main] WARN  org.mybatis.spring.mapper.ClassPathMapperScanner - Skipping MapperFactoryBean with name 'roleMapper' and 'com.forum.mapper.RoleMapper' mapperInterface. Bean already defined with the same name!
2019-02-05 23:02:09.456 [main] WARN  org.mybatis.spring.mapper.ClassPathMapperScanner - Skipping MapperFactoryBean with name 'sessionMapper' and 'com.forum.mapper.SessionMapper' mapperInterface. Bean already defined with the same name!
2019-02-05 23:02:09.456 [main] WARN  org.mybatis.spring.mapper.ClassPathMapperScanner - Skipping MapperFactoryBean with name 'userFollowMapper' and 'com.forum.mapper.UserFollowMapper' mapperInterface. Bean already defined with the same name!
2019-02-05 23:02:09.456 [main] WARN  org.mybatis.spring.mapper.ClassPathMapperScanner - Skipping MapperFactoryBean with name 'userForumListPostVOMapper' and 'com.forum.mapper.UserForumListPostVOMapper' mapperInterface. Bean already defined with the same name!
2019-02-05 23:02:09.456 [main] WARN  org.mybatis.spring.mapper.ClassPathMapperScanner - Skipping MapperFactoryBean with name 'userMapper' and 'com.forum.mapper.UserMapper' mapperInterface. Bean already defined with the same name!
2019-02-05 23:02:09.456 [main] WARN  org.mybatis.spring.mapper.ClassPathMapperScanner - Skipping MapperFactoryBean with name 'userPostReplyVOMapper' and 'com.forum.mapper.UserPostReplyVOMapper' mapperInterface. Bean already defined with the same name!
2019-02-05 23:02:09.457 [main] WARN  org.mybatis.spring.mapper.ClassPathMapperScanner - Skipping MapperFactoryBean with name 'userPostVOMapper' and 'com.forum.mapper.UserPostVOMapper' mapperInterface. Bean already defined with the same name!
2019-02-05 23:02:14.803 [main] WARN  org.thymeleaf.templatemode.TemplateMode - [THYMELEAF][main] Template Mode 'LEGACYHTML5' is deprecated. Using Template Mode 'HTML' instead.
2019-02-05 23:02:15.852 [main] WARN  s.d.s.w.readers.parameter.ParameterDataTypeReader - Trying to infer dataType java.lang.String[]
2019-02-05 23:02:15.855 [main] WARN  s.d.s.w.readers.parameter.ParameterDataTypeReader - Trying to infer dataType java.lang.String[]
2019-02-05 23:02:15.859 [main] WARN  s.d.s.w.readers.parameter.ParameterDataTypeReader - Trying to infer dataType java.lang.String[]
2019-02-05 23:02:15.863 [main] WARN  s.d.s.w.readers.parameter.ParameterDataTypeReader - Trying to infer dataType java.lang.String[]
2019-02-05 23:04:26.955 [main] WARN  org.mybatis.spring.mapper.ClassPathMapperScanner - Skipping MapperFactoryBean with name 'areaMapper' and 'com.forum.mapper.AreaMapper' mapperInterface. Bean already defined with the same name!
2019-02-05 23:04:26.955 [main] WARN  org.mybatis.spring.mapper.ClassPathMapperScanner - Skipping MapperFactoryBean with name 'authorityMapper' and 'com.forum.mapper.AuthorityMapper' mapperInterface. Bean already defined with the same name!
2019-02-05 23:04:26.956 [main] WARN  org.mybatis.spring.mapper.ClassPathMapperScanner - Skipping MapperFactoryBean with name 'dictionaryMapper' and 'com.forum.mapper.DictionaryMapper' mapperInterface. Bean already defined with the same name!
2019-02-05 23:04:26.956 [main] WARN  org.mybatis.spring.mapper.ClassPathMapperScanner - Skipping MapperFactoryBean with name 'followForumMapper' and 'com.forum.mapper.FollowForumMapper' mapperInterface. Bean already defined with the same name!
2019-02-05 23:04:26.956 [main] WARN  org.mybatis.spring.mapper.ClassPathMapperScanner - Skipping MapperFactoryBean with name 'followFriendMapper' and 'com.forum.mapper.FollowFriendMapper' mapperInterface. Bean already defined with the same name!
2019-02-05 23:04:26.956 [main] WARN  org.mybatis.spring.mapper.ClassPathMapperScanner - Skipping MapperFactoryBean with name 'forumListMapper' and 'com.forum.mapper.ForumListMapper' mapperInterface. Bean already defined with the same name!
2019-02-05 23:04:26.956 [main] WARN  org.mybatis.spring.mapper.ClassPathMapperScanner - Skipping MapperFactoryBean with name 'forumTypeMapper' and 'com.forum.mapper.ForumTypeMapper' mapperInterface. Bean already defined with the same name!
2019-02-05 23:04:26.957 [main] WARN  org.mybatis.spring.mapper.ClassPathMapperScanner - Skipping MapperFactoryBean with name 'nonAuthemticateMapper' and 'com.forum.mapper.NonAuthemticateMapper' mapperInterface. Bean already defined with the same name!
2019-02-05 23:04:26.957 [main] WARN  org.mybatis.spring.mapper.ClassPathMapperScanner - Skipping MapperFactoryBean with name 'notificationMapper' and 'com.forum.mapper.NotificationMapper' mapperInterface. Bean already defined with the same name!
2019-02-05 23:04:26.957 [main] WARN  org.mybatis.spring.mapper.ClassPathMapperScanner - Skipping MapperFactoryBean with name 'postMapper' and 'com.forum.mapper.PostMapper' mapperInterface. Bean already defined with the same name!
2019-02-05 23:04:26.957 [main] WARN  org.mybatis.spring.mapper.ClassPathMapperScanner - Skipping MapperFactoryBean with name 'postReplyMapper' and 'com.forum.mapper.PostReplyMapper' mapperInterface. Bean already defined with the same name!
2019-02-05 23:04:26.957 [main] WARN  org.mybatis.spring.mapper.ClassPathMapperScanner - Skipping MapperFactoryBean with name 'replyFavouriteMapper' and 'com.forum.mapper.ReplyFavouriteMapper' mapperInterface. Bean already defined with the same name!
2019-02-05 23:04:26.958 [main] WARN  org.mybatis.spring.mapper.ClassPathMapperScanner - Skipping MapperFactoryBean with name 'roleAuthorityMapper' and 'com.forum.mapper.RoleAuthorityMapper' mapperInterface. Bean already defined with the same name!
2019-02-05 23:04:26.958 [main] WARN  org.mybatis.spring.mapper.ClassPathMapperScanner - Skipping MapperFactoryBean with name 'roleMapper' and 'com.forum.mapper.RoleMapper' mapperInterface. Bean already defined with the same name!
2019-02-05 23:04:26.958 [main] WARN  org.mybatis.spring.mapper.ClassPathMapperScanner - Skipping MapperFactoryBean with name 'sessionMapper' and 'com.forum.mapper.SessionMapper' mapperInterface. Bean already defined with the same name!
2019-02-05 23:04:26.958 [main] WARN  org.mybatis.spring.mapper.ClassPathMapperScanner - Skipping MapperFactoryBean with name 'userFollowMapper' and 'com.forum.mapper.UserFollowMapper' mapperInterface. Bean already defined with the same name!
2019-02-05 23:04:26.958 [main] WARN  org.mybatis.spring.mapper.ClassPathMapperScanner - Skipping MapperFactoryBean with name 'userForumListPostVOMapper' and 'com.forum.mapper.UserForumListPostVOMapper' mapperInterface. Bean already defined with the same name!
2019-02-05 23:04:26.959 [main] WARN  org.mybatis.spring.mapper.ClassPathMapperScanner - Skipping MapperFactoryBean with name 'userMapper' and 'com.forum.mapper.UserMapper' mapperInterface. Bean already defined with the same name!
2019-02-05 23:04:26.959 [main] WARN  org.mybatis.spring.mapper.ClassPathMapperScanner - Skipping MapperFactoryBean with name 'userPostReplyVOMapper' and 'com.forum.mapper.UserPostReplyVOMapper' mapperInterface. Bean already defined with the same name!
2019-02-05 23:04:26.959 [main] WARN  org.mybatis.spring.mapper.ClassPathMapperScanner - Skipping MapperFactoryBean with name 'userPostVOMapper' and 'com.forum.mapper.UserPostVOMapper' mapperInterface. Bean already defined with the same name!
2019-02-05 23:04:32.654 [main] WARN  org.thymeleaf.templatemode.TemplateMode - [THYMELEAF][main] Template Mode 'LEGACYHTML5' is deprecated. Using Template Mode 'HTML' instead.
2019-02-05 23:04:33.764 [main] WARN  s.d.s.w.readers.parameter.ParameterDataTypeReader - Trying to infer dataType java.lang.String[]
2019-02-05 23:04:33.768 [main] WARN  s.d.s.w.readers.parameter.ParameterDataTypeReader - Trying to infer dataType java.lang.String[]
2019-02-05 23:04:33.772 [main] WARN  s.d.s.w.readers.parameter.ParameterDataTypeReader - Trying to infer dataType java.lang.String[]
2019-02-05 23:04:33.775 [main] WARN  s.d.s.w.readers.parameter.ParameterDataTypeReader - Trying to infer dataType java.lang.String[]
