2019-01-21 23:16:01.676 [main] INFO  com.forum.DemoApplication - Starting DemoApplication on lujialedeMacBook-Pro.local with PID 3534 (/Users/ljl/Documents/forum/target/classes started by ljl in /Users/ljl/Documents/forum)
2019-01-21 23:16:01.721 [main] INFO  com.forum.DemoApplication - No active profile set, falling back to default profiles: default
2019-01-21 23:16:03.046 [main] INFO  o.s.d.r.config.RepositoryConfigurationDelegate - Multiple Spring Data modules found, entering strict repository configuration mode!
2019-01-21 23:16:03.049 [main] INFO  o.s.d.r.config.RepositoryConfigurationDelegate - Bootstrapping Spring Data repositories in DEFAULT mode.
2019-01-21 23:16:03.112 [main] INFO  o.s.d.r.config.RepositoryConfigurationDelegate - Finished Spring Data repository scanning in 41ms. Found 0 repository interfaces.
2019-01-21 23:16:03.518 [main] INFO  o.s.c.s.PostProcessorRegistrationDelegate$BeanPostProcessorChecker - Bean 'webSecureConfig' of type [com.forum.service.config.WebSecureConfig$$EnhancerBySpringCGLIB$$1432fdd9] is not eligible for getting processed by all BeanPostProcessors (for example: not eligible for auto-proxying)
2019-01-21 23:16:03.717 [main] INFO  o.s.c.s.PostProcessorRegistrationDelegate$BeanPostProcessorChecker - Bean 'spring.redis-org.springframework.boot.autoconfigure.data.redis.RedisProperties' of type [org.springframework.boot.autoconfigure.data.redis.RedisProperties] is not eligible for getting processed by all BeanPostProcessors (for example: not eligible for auto-proxying)
2019-01-21 23:16:03.720 [main] INFO  o.s.c.s.PostProcessorRegistrationDelegate$BeanPostProcessorChecker - Bean 'org.springframework.boot.autoconfigure.data.redis.LettuceConnectionConfiguration' of type [org.springframework.boot.autoconfigure.data.redis.LettuceConnectionConfiguration$$EnhancerBySpringCGLIB$$910e9bea] is not eligible for getting processed by all BeanPostProcessors (for example: not eligible for auto-proxying)
2019-01-21 23:16:03.827 [main] INFO  o.s.c.s.PostProcessorRegistrationDelegate$BeanPostProcessorChecker - Bean 'lettuceClientResources' of type [io.lettuce.core.resource.DefaultClientResources] is not eligible for getting processed by all BeanPostProcessors (for example: not eligible for auto-proxying)
2019-01-21 23:16:03.917 [main] INFO  o.s.c.s.PostProcessorRegistrationDelegate$BeanPostProcessorChecker - Bean 'redisConnectionFactory' of type [org.springframework.data.redis.connection.lettuce.LettuceConnectionFactory] is not eligible for getting processed by all BeanPostProcessors (for example: not eligible for auto-proxying)
2019-01-21 23:16:03.923 [main] INFO  o.s.c.s.PostProcessorRegistrationDelegate$BeanPostProcessorChecker - Bean 'redisConfig' of type [com.forum.redis.config.RedisConfig$$EnhancerBySpringCGLIB$$bb1c423] is not eligible for getting processed by all BeanPostProcessors (for example: not eligible for auto-proxying)
2019-01-21 23:16:03.967 [main] INFO  o.s.c.s.PostProcessorRegistrationDelegate$BeanPostProcessorChecker - Bean 'jedisPool' of type [redis.clients.jedis.JedisPool] is not eligible for getting processed by all BeanPostProcessors (for example: not eligible for auto-proxying)
2019-01-21 23:16:03.972 [main] INFO  o.s.c.s.PostProcessorRegistrationDelegate$BeanPostProcessorChecker - Bean 'redisManager' of type [org.crazycake.shiro.RedisManager] is not eligible for getting processed by all BeanPostProcessors (for example: not eligible for auto-proxying)
2019-01-21 23:16:03.979 [main] INFO  o.s.c.s.PostProcessorRegistrationDelegate$BeanPostProcessorChecker - Bean 'redisCacheManager' of type [org.crazycake.shiro.RedisCacheManager] is not eligible for getting processed by all BeanPostProcessors (for example: not eligible for auto-proxying)
2019-01-21 23:16:04.082 [main] INFO  o.s.c.s.PostProcessorRegistrationDelegate$BeanPostProcessorChecker - Bean 'mybatis-tk.mybatis.mapper.autoconfigure.MybatisProperties' of type [tk.mybatis.mapper.autoconfigure.MybatisProperties] is not eligible for getting processed by all BeanPostProcessors (for example: not eligible for auto-proxying)
2019-01-21 23:16:04.089 [main] INFO  o.s.c.s.PostProcessorRegistrationDelegate$BeanPostProcessorChecker - Bean 'tk.mybatis.mapper.autoconfigure.MapperAutoConfiguration' of type [tk.mybatis.mapper.autoconfigure.MapperAutoConfiguration$$EnhancerBySpringCGLIB$$31e58539] is not eligible for getting processed by all BeanPostProcessors (for example: not eligible for auto-proxying)
2019-01-21 23:16:04.099 [main] INFO  o.s.c.s.PostProcessorRegistrationDelegate$BeanPostProcessorChecker - Bean 'druidConfiguration' of type [com.forum.service.config.DruidConfiguration$$EnhancerBySpringCGLIB$$aa98a812] is not eligible for getting processed by all BeanPostProcessors (for example: not eligible for auto-proxying)
2019-01-21 23:16:04.173 [main] INFO  o.s.c.s.PostProcessorRegistrationDelegate$BeanPostProcessorChecker - Bean 'dataSource' of type [com.alibaba.druid.pool.DruidDataSource] is not eligible for getting processed by all BeanPostProcessors (for example: not eligible for auto-proxying)
2019-01-21 23:16:04.189 [main] INFO  o.s.c.s.PostProcessorRegistrationDelegate$BeanPostProcessorChecker - Bean 'sqlSessionFactory' of type [org.apache.ibatis.session.defaults.DefaultSqlSessionFactory] is not eligible for getting processed by all BeanPostProcessors (for example: not eligible for auto-proxying)
2019-01-21 23:16:04.194 [main] INFO  o.s.c.s.PostProcessorRegistrationDelegate$BeanPostProcessorChecker - Bean 'sqlSessionTemplate' of type [org.mybatis.spring.SqlSessionTemplate] is not eligible for getting processed by all BeanPostProcessors (for example: not eligible for auto-proxying)
2019-01-21 23:16:04.350 [main] INFO  o.s.c.s.PostProcessorRegistrationDelegate$BeanPostProcessorChecker - Bean 'roleMapper' of type [tk.mybatis.spring.mapper.MapperFactoryBean] is not eligible for getting processed by all BeanPostProcessors (for example: not eligible for auto-proxying)
2019-01-21 23:16:04.352 [main] INFO  o.s.c.s.PostProcessorRegistrationDelegate$BeanPostProcessorChecker - Bean 'roleMapper' of type [com.sun.proxy.$Proxy84] is not eligible for getting processed by all BeanPostProcessors (for example: not eligible for auto-proxying)
2019-01-21 23:16:04.410 [main] INFO  o.s.c.s.PostProcessorRegistrationDelegate$BeanPostProcessorChecker - Bean 'userMapper' of type [tk.mybatis.spring.mapper.MapperFactoryBean] is not eligible for getting processed by all BeanPostProcessors (for example: not eligible for auto-proxying)
2019-01-21 23:16:04.412 [main] INFO  o.s.c.s.PostProcessorRegistrationDelegate$BeanPostProcessorChecker - Bean 'userMapper' of type [com.sun.proxy.$Proxy87] is not eligible for getting processed by all BeanPostProcessors (for example: not eligible for auto-proxying)
2019-01-21 23:16:04.451 [main] INFO  o.s.c.s.PostProcessorRegistrationDelegate$BeanPostProcessorChecker - Bean 'roleAuthorityMapper' of type [tk.mybatis.spring.mapper.MapperFactoryBean] is not eligible for getting processed by all BeanPostProcessors (for example: not eligible for auto-proxying)
2019-01-21 23:16:04.453 [main] INFO  o.s.c.s.PostProcessorRegistrationDelegate$BeanPostProcessorChecker - Bean 'roleAuthorityMapper' of type [com.sun.proxy.$Proxy88] is not eligible for getting processed by all BeanPostProcessors (for example: not eligible for auto-proxying)
2019-01-21 23:16:04.453 [main] INFO  o.s.c.s.PostProcessorRegistrationDelegate$BeanPostProcessorChecker - Bean 'realm' of type [com.forum.service.security.realm.PasswordRealm] is not eligible for getting processed by all BeanPostProcessors (for example: not eligible for auto-proxying)
2019-01-21 23:16:04.462 [main] INFO  o.s.c.s.PostProcessorRegistrationDelegate$BeanPostProcessorChecker - Bean 'redisSessionDAO' of type [org.crazycake.shiro.RedisSessionDAO] is not eligible for getting processed by all BeanPostProcessors (for example: not eligible for auto-proxying)
2019-01-21 23:16:04.475 [main] INFO  o.s.c.s.PostProcessorRegistrationDelegate$BeanPostProcessorChecker - Bean 'simpleCookie' of type [org.apache.shiro.web.servlet.SimpleCookie] is not eligible for getting processed by all BeanPostProcessors (for example: not eligible for auto-proxying)
2019-01-21 23:16:04.487 [main] INFO  o.s.c.s.PostProcessorRegistrationDelegate$BeanPostProcessorChecker - Bean 'sessionManager' of type [org.apache.shiro.web.session.mgt.DefaultWebSessionManager] is not eligible for getting processed by all BeanPostProcessors (for example: not eligible for auto-proxying)
2019-01-21 23:16:04.626 [main] INFO  o.s.c.s.PostProcessorRegistrationDelegate$BeanPostProcessorChecker - Bean 'rememberMeCookie' of type [org.apache.shiro.web.servlet.SimpleCookie] is not eligible for getting processed by all BeanPostProcessors (for example: not eligible for auto-proxying)
2019-01-21 23:16:04.632 [main] INFO  o.s.c.s.PostProcessorRegistrationDelegate$BeanPostProcessorChecker - Bean 'rememberMeManager' of type [org.apache.shiro.web.mgt.CookieRememberMeManager] is not eligible for getting processed by all BeanPostProcessors (for example: not eligible for auto-proxying)
2019-01-21 23:16:04.634 [main] INFO  o.s.c.s.PostProcessorRegistrationDelegate$BeanPostProcessorChecker - Bean 'securityManager' of type [org.apache.shiro.web.mgt.DefaultWebSecurityManager] is not eligible for getting processed by all BeanPostProcessors (for example: not eligible for auto-proxying)
2019-01-21 23:16:04.691 [main] INFO  o.s.c.s.PostProcessorRegistrationDelegate$BeanPostProcessorChecker - Bean 'authorityMapper' of type [tk.mybatis.spring.mapper.MapperFactoryBean] is not eligible for getting processed by all BeanPostProcessors (for example: not eligible for auto-proxying)
2019-01-21 23:16:04.692 [main] INFO  o.s.c.s.PostProcessorRegistrationDelegate$BeanPostProcessorChecker - Bean 'authorityMapper' of type [com.sun.proxy.$Proxy90] is not eligible for getting processed by all BeanPostProcessors (for example: not eligible for auto-proxying)
2019-01-21 23:16:04.739 [main] INFO  o.s.c.s.PostProcessorRegistrationDelegate$BeanPostProcessorChecker - Bean 'nonAuthemticateMapper' of type [tk.mybatis.spring.mapper.MapperFactoryBean] is not eligible for getting processed by all BeanPostProcessors (for example: not eligible for auto-proxying)
2019-01-21 23:16:04.740 [main] INFO  o.s.c.s.PostProcessorRegistrationDelegate$BeanPostProcessorChecker - Bean 'nonAuthemticateMapper' of type [com.sun.proxy.$Proxy91] is not eligible for getting processed by all BeanPostProcessors (for example: not eligible for auto-proxying)
2019-01-21 23:16:04.772 [main] INFO  o.s.c.s.PostProcessorRegistrationDelegate$BeanPostProcessorChecker - Bean 'sessionMapper' of type [tk.mybatis.spring.mapper.MapperFactoryBean] is not eligible for getting processed by all BeanPostProcessors (for example: not eligible for auto-proxying)
2019-01-21 23:16:04.773 [main] INFO  o.s.c.s.PostProcessorRegistrationDelegate$BeanPostProcessorChecker - Bean 'sessionMapper' of type [com.sun.proxy.$Proxy93] is not eligible for getting processed by all BeanPostProcessors (for example: not eligible for auto-proxying)
2019-01-21 23:16:04.774 [main] INFO  o.s.c.s.PostProcessorRegistrationDelegate$BeanPostProcessorChecker - Bean 'shiroService' of type [com.forum.service.impl.ShiroServiceImpl] is not eligible for getting processed by all BeanPostProcessors (for example: not eligible for auto-proxying)
2019-01-21 23:16:04.806 [main] INFO  o.s.c.s.PostProcessorRegistrationDelegate$BeanPostProcessorChecker - Bean 'messageCodeInfo' of type [com.forum.model.dto.MessageCodeInfo] is not eligible for getting processed by all BeanPostProcessors (for example: not eligible for auto-proxying)
2019-01-21 23:16:04.811 [main] INFO  o.s.c.s.PostProcessorRegistrationDelegate$BeanPostProcessorChecker - Bean 'commonInfo' of type [com.forum.model.dto.CommonInfo] is not eligible for getting processed by all BeanPostProcessors (for example: not eligible for auto-proxying)
2019-01-21 23:16:04.812 [main] INFO  o.s.c.s.PostProcessorRegistrationDelegate$BeanPostProcessorChecker - Bean 'rolesAuthorizationFilter' of type [com.forum.service.filter.CustomRolesAuthorizationFilter] is not eligible for getting processed by all BeanPostProcessors (for example: not eligible for auto-proxying)
2019-01-21 23:16:05.122 [main] INFO  com.alibaba.druid.pool.DruidDataSource - {dataSource-1} inited
2019-01-21 23:16:05.126 [main] DEBUG c.forum.mapper.AuthorityMapper.selectAllFromTable - ==>  Preparing: select * from f_authority 
2019-01-21 23:16:05.207 [main] DEBUG c.forum.mapper.AuthorityMapper.selectAllFromTable - ==> Parameters: 
2019-01-21 23:16:05.337 [main] DEBUG c.forum.mapper.AuthorityMapper.selectAllFromTable - <==      Total: 3
2019-01-21 23:16:05.344 [main] DEBUG c.f.m.NonAuthemticateMapper.selectAllFromTable - ==>  Preparing: select * from f_non_authemticate 
2019-01-21 23:16:05.345 [main] DEBUG c.f.m.NonAuthemticateMapper.selectAllFromTable - ==> Parameters: 
2019-01-21 23:16:05.356 [main] DEBUG c.f.m.NonAuthemticateMapper.selectAllFromTable - <==      Total: 30
2019-01-21 23:16:05.395 [main] INFO  o.s.c.s.PostProcessorRegistrationDelegate$BeanPostProcessorChecker - Bean 'org.springframework.amqp.rabbit.annotation.RabbitBootstrapConfiguration' of type [org.springframework.amqp.rabbit.annotation.RabbitBootstrapConfiguration$$EnhancerBySpringCGLIB$$42609bce] is not eligible for getting processed by all BeanPostProcessors (for example: not eligible for auto-proxying)
2019-01-21 23:16:05.471 [main] INFO  o.s.c.s.PostProcessorRegistrationDelegate$BeanPostProcessorChecker - Bean 'org.springframework.transaction.annotation.ProxyTransactionManagementConfiguration' of type [org.springframework.transaction.annotation.ProxyTransactionManagementConfiguration$$EnhancerBySpringCGLIB$$7bf4dda0] is not eligible for getting processed by all BeanPostProcessors (for example: not eligible for auto-proxying)
2019-01-21 23:16:05.597 [main] INFO  o.s.c.s.PostProcessorRegistrationDelegate$BeanPostProcessorChecker - Bean 'org.springframework.boot.autoconfigure.transaction.TransactionAutoConfiguration' of type [org.springframework.boot.autoconfigure.transaction.TransactionAutoConfiguration$$EnhancerBySpringCGLIB$$1068d8aa] is not eligible for getting processed by all BeanPostProcessors (for example: not eligible for auto-proxying)
2019-01-21 23:16:05.607 [main] INFO  o.s.c.s.PostProcessorRegistrationDelegate$BeanPostProcessorChecker - Bean 'spring.transaction-org.springframework.boot.autoconfigure.transaction.TransactionProperties' of type [org.springframework.boot.autoconfigure.transaction.TransactionProperties] is not eligible for getting processed by all BeanPostProcessors (for example: not eligible for auto-proxying)
2019-01-21 23:16:05.612 [main] INFO  o.s.c.s.PostProcessorRegistrationDelegate$BeanPostProcessorChecker - Bean 'platformTransactionManagerCustomizers' of type [org.springframework.boot.autoconfigure.transaction.TransactionManagerCustomizers] is not eligible for getting processed by all BeanPostProcessors (for example: not eligible for auto-proxying)
2019-01-21 23:16:05.613 [main] INFO  o.s.c.s.PostProcessorRegistrationDelegate$BeanPostProcessorChecker - Bean 'org.springframework.boot.autoconfigure.jdbc.DataSourceTransactionManagerAutoConfiguration$DataSourceTransactionManagerConfiguration' of type [org.springframework.boot.autoconfigure.jdbc.DataSourceTransactionManagerAutoConfiguration$DataSourceTransactionManagerConfiguration$$EnhancerBySpringCGLIB$$28f5760f] is not eligible for getting processed by all BeanPostProcessors (for example: not eligible for auto-proxying)
2019-01-21 23:16:05.623 [main] INFO  o.s.c.s.PostProcessorRegistrationDelegate$BeanPostProcessorChecker - Bean 'spring.datasource-org.springframework.boot.autoconfigure.jdbc.DataSourceProperties' of type [org.springframework.boot.autoconfigure.jdbc.DataSourceProperties] is not eligible for getting processed by all BeanPostProcessors (for example: not eligible for auto-proxying)
2019-01-21 23:16:05.644 [main] INFO  o.s.c.s.PostProcessorRegistrationDelegate$BeanPostProcessorChecker - Bean 'transactionManager' of type [org.springframework.jdbc.datasource.DataSourceTransactionManager] is not eligible for getting processed by all BeanPostProcessors (for example: not eligible for auto-proxying)
2019-01-21 23:16:05.656 [main] INFO  o.s.c.s.PostProcessorRegistrationDelegate$BeanPostProcessorChecker - Bean 'transactionAspect' of type [com.forum.service.aspect.TransactionAspect$$EnhancerBySpringCGLIB$$a3000e58] is not eligible for getting processed by all BeanPostProcessors (for example: not eligible for auto-proxying)
2019-01-21 23:16:05.677 [main] INFO  o.s.c.s.PostProcessorRegistrationDelegate$BeanPostProcessorChecker - Bean 'txAdvice' of type [org.springframework.transaction.interceptor.TransactionInterceptor] is not eligible for getting processed by all BeanPostProcessors (for example: not eligible for auto-proxying)
2019-01-21 23:16:05.681 [main] INFO  o.s.c.s.PostProcessorRegistrationDelegate$BeanPostProcessorChecker - Bean 'txAdviceAdvisor' of type [org.springframework.aop.support.DefaultPointcutAdvisor] is not eligible for getting processed by all BeanPostProcessors (for example: not eligible for auto-proxying)
2019-01-21 23:16:06.144 [main] INFO  o.s.boot.web.embedded.tomcat.TomcatWebServer - Tomcat initialized with port(s): 8080 (http)
2019-01-21 23:16:06.160 [main] INFO  org.apache.coyote.http11.Http11NioProtocol - Initializing ProtocolHandler ["http-nio-8080"]
2019-01-21 23:16:06.165 [main] INFO  org.apache.catalina.core.StandardService - Starting service [Tomcat]
2019-01-21 23:16:06.165 [main] INFO  org.apache.catalina.core.StandardEngine - Starting Servlet Engine: Apache Tomcat/9.0.12
2019-01-21 23:16:06.172 [main] INFO  org.apache.catalina.core.AprLifecycleListener - The APR based Apache Tomcat Native library which allows optimal performance in production environments was not found on the java.library.path: [/Users/ljl/Library/Java/Extensions:/Library/Java/Extensions:/Network/Library/Java/Extensions:/System/Library/Java/Extensions:/usr/lib/java:.]
2019-01-21 23:16:06.285 [main] INFO  o.a.c.core.ContainerBase.[Tomcat].[localhost].[/] - Initializing Spring embedded WebApplicationContext
2019-01-21 23:16:06.285 [main] INFO  org.springframework.web.context.ContextLoader - Root WebApplicationContext: initialization completed in 4478 ms
2019-01-21 23:16:06.296 [main] INFO  com.forum.service.config.DruidConfiguration - init Druid Servlet Configuration 
2019-01-21 23:16:06.447 [main] INFO  o.s.boot.web.servlet.ServletRegistrationBean - Servlet statViewServlet mapped to [/druid/*]
2019-01-21 23:16:06.449 [main] INFO  o.s.boot.web.servlet.ServletRegistrationBean - Servlet dispatcherServlet mapped to [/]
2019-01-21 23:16:06.450 [main] INFO  o.s.boot.web.servlet.ServletRegistrationBean - Servlet statViewServlet mapped to [/druid/*]
2019-01-21 23:16:06.450 [main] INFO  o.s.boot.web.servlet.RegistrationBean - Servlet statViewServlet was not registered (possibly already registered?)
2019-01-21 23:16:06.452 [main] INFO  o.s.boot.web.servlet.FilterRegistrationBean - Mapping filter: 'characterEncodingFilter' to: [/*]
2019-01-21 23:16:06.452 [main] INFO  o.s.boot.web.servlet.FilterRegistrationBean - Mapping filter: 'hiddenHttpMethodFilter' to: [/*]
2019-01-21 23:16:06.452 [main] INFO  o.s.boot.web.servlet.FilterRegistrationBean - Mapping filter: 'formContentFilter' to: [/*]
2019-01-21 23:16:06.452 [main] INFO  o.s.boot.web.servlet.FilterRegistrationBean - Mapping filter: 'requestContextFilter' to: [/*]
2019-01-21 23:16:06.453 [main] INFO  o.s.boot.web.servlet.FilterRegistrationBean - Mapping filter: 'webStatFilter' to urls: [/*]
2019-01-21 23:16:06.453 [main] INFO  o.s.boot.web.servlet.FilterRegistrationBean - Mapping filter: 'delegatingFilterProxy' to: [/*]
2019-01-21 23:16:06.453 [main] INFO  o.s.boot.web.servlet.FilterRegistrationBean - Mapping filter: 'shiroFilter' to: [/*]
2019-01-21 23:16:06.453 [main] INFO  o.s.boot.web.servlet.FilterRegistrationBean - Mapping filter: 'rolesAuthorizationFilter' to: [/*]
2019-01-21 23:16:06.453 [main] INFO  o.s.boot.web.servlet.FilterRegistrationBean - Mapping filter: 'formAuthenticationFilter' to: [/*]
2019-01-21 23:16:07.556 [main] INFO  java.lang.Class - Initializing Constant
2019-01-21 23:16:07.565 [main] DEBUG c.f.m.D.selectAllInTableWithoutParamType - ==>  Preparing: select param_name,value from f_dictionary where param_type <> ? 
2019-01-21 23:16:07.589 [main] DEBUG c.f.m.D.selectAllInTableWithoutParamType - ==> Parameters: 参数代码(String)
2019-01-21 23:16:07.621 [main] DEBUG c.f.m.D.selectAllInTableWithoutParamType - <==      Total: 45
2019-01-21 23:16:07.637 [main] INFO  java.lang.Class - Initializing GlobalCode
2019-01-21 23:16:07.637 [main] DEBUG c.f.m.D.selectAllInTableWithParamType - ==>  Preparing: select param_name,value from f_dictionary where param_type = ? 
2019-01-21 23:16:07.638 [main] DEBUG c.f.m.D.selectAllInTableWithParamType - ==> Parameters: 参数代码(String)
2019-01-21 23:16:07.642 [main] DEBUG c.f.m.D.selectAllInTableWithParamType - <==      Total: 3
2019-01-21 23:16:08.981 [main] INFO  o.s.scheduling.concurrent.ThreadPoolTaskExecutor - Initializing ExecutorService 'applicationTaskExecutor'
2019-01-21 23:16:09.242 [main] INFO  o.s.b.a.web.servlet.WelcomePageHandlerMapping - Adding welcome page template: index
2019-01-21 23:16:09.266 [main] INFO  t.mybatis.mapper.autoconfigure.MapperCacheDisabler - Clear tk.mybatis.mapper.util.MsUtil CLASS_CACHE cache.
2019-01-21 23:16:09.266 [main] INFO  t.mybatis.mapper.autoconfigure.MapperCacheDisabler - Clear tk.mybatis.mapper.genid.GenIdUtil CACHE cache.
2019-01-21 23:16:09.267 [main] INFO  t.mybatis.mapper.autoconfigure.MapperCacheDisabler - Clear tk.mybatis.mapper.version.VersionUtil CACHE cache.
2019-01-21 23:16:09.267 [main] INFO  t.mybatis.mapper.autoconfigure.MapperCacheDisabler - Clear EntityHelper entityTableMap cache.
2019-01-21 23:16:10.350 [main] INFO  s.d.s.web.plugins.DocumentationPluginsBootstrapper - Context refreshed
2019-01-21 23:16:10.368 [main] INFO  s.d.s.web.plugins.DocumentationPluginsBootstrapper - Found 1 custom documentation plugin(s)
2019-01-21 23:16:10.383 [main] INFO  s.d.spring.web.scanners.ApiListingReferenceScanner - Scanning for api listing references
2019-01-21 23:16:10.794 [main] INFO  o.s.a.rabbit.connection.CachingConnectionFactory - Attempting to connect to: [127.0.0.1:5672]
2019-01-21 23:16:10.836 [main] INFO  o.s.a.rabbit.connection.CachingConnectionFactory - Created new connection: rabbitConnectionFactory#15c16f19:0/SimpleConnection@7ce4498f [delegate=amqp://admin@127.0.0.1:5672/, localPort= 52036]
2019-01-21 23:16:10.922 [main] INFO  java.lang.Class - Initializing RSACryptoServiceProvider
2019-01-21 23:16:10.995 [main] INFO  org.apache.coyote.http11.Http11NioProtocol - Starting ProtocolHandler ["http-nio-8080"]
2019-01-21 23:16:11.016 [main] INFO  org.apache.tomcat.util.net.NioSelectorPool - Using a shared selector for servlet write/read
2019-01-21 23:16:11.030 [main] INFO  o.s.boot.web.embedded.tomcat.TomcatWebServer - Tomcat started on port(s): 8080 (http) with context path ''
2019-01-21 23:16:11.034 [main] INFO  com.forum.DemoApplication - Started DemoApplication in 9.878 seconds (JVM running for 11.272)
2019-01-21 23:16:39.686 [http-nio-8080-exec-1] INFO  o.a.c.core.ContainerBase.[Tomcat].[localhost].[/] - Initializing Spring DispatcherServlet 'dispatcherServlet'
2019-01-21 23:16:39.687 [http-nio-8080-exec-1] INFO  org.springframework.web.servlet.DispatcherServlet - Initializing Servlet 'dispatcherServlet'
2019-01-21 23:16:39.709 [http-nio-8080-exec-1] INFO  org.springframework.web.servlet.DispatcherServlet - Completed initialization in 22 ms
2019-01-21 23:16:39.728 [http-nio-8080-exec-1] INFO  o.a.s.session.mgt.AbstractValidatingSessionManager - Enabling session validation scheduler...
2019-01-21 23:16:39.919 [http-nio-8080-exec-2] INFO  io.lettuce.core.EpollProvider - Starting without optional epoll library
2019-01-21 23:16:39.920 [http-nio-8080-exec-2] INFO  io.lettuce.core.KqueueProvider - Starting without optional kqueue library
2019-01-21 23:16:40.214 [http-nio-8080-exec-2] INFO  com.forum.service.aspect.ControllerLogAspect - Date : 2019-01-21 11:16:40
2019-01-21 23:16:40.226 [http-nio-8080-exec-2] INFO  com.forum.service.aspect.ControllerLogAspect - Request Parameter : [:]
2019-01-21 23:16:40.226 [http-nio-8080-exec-2] INFO  com.forum.service.aspect.ControllerLogAspect - Username : 未登录
2019-01-21 23:16:40.244 [http-nio-8080-exec-2] INFO  com.forum.service.aspect.ControllerLogAspect - Finish Method Spend Time : 72ms
2019-01-21 23:16:40.249 [http-nio-8080-exec-2] INFO  com.forum.service.aspect.ControllerLogAspect - Returning >>> response=null
2019-01-21 23:16:40.280 [http-nio-8080-exec-2] INFO  com.forum.service.aspect.ControllerLogAspect - Returning >>> {"id":0,"url":"http://localhost:8080/loginpage;JSESSIONID=33906e3d-f5a1-4e1f-aa86-f6c3cd9e8e02","ip":"0:0:0:0:0:0:0:1","httpMethod":"GET","classMethod":"com.forum.controller.RedirectController.loginPage","args":"Arg -> (0)execution(Object com.forum.controller.RedirectController.loginPage(HttpServletResponse))","reqParams":null,"respParams":"null","spendTime":83,"logType":"isJsonRequest:false","user":null}
2019-01-21 23:16:40.290 [http-nio-8080-exec-3] INFO  com.forum.service.aspect.ControllerLogAspect - Date : 2019-01-21 11:16:40
2019-01-21 23:16:40.291 [http-nio-8080-exec-3] INFO  com.forum.service.aspect.ControllerLogAspect - Request Parameter : [:]
2019-01-21 23:16:40.291 [http-nio-8080-exec-3] INFO  com.forum.service.aspect.ControllerLogAspect - Username : 未登录
2019-01-21 23:16:40.291 [http-nio-8080-exec-3] INFO  com.forum.service.aspect.ControllerLogAspect - Finish Method Spend Time : 1ms
2019-01-21 23:16:40.291 [http-nio-8080-exec-3] INFO  com.forum.service.aspect.ControllerLogAspect - Returning >>> response=index.html
2019-01-21 23:16:40.294 [http-nio-8080-exec-3] INFO  com.forum.service.aspect.ControllerLogAspect - Returning >>> {"id":0,"url":"http://localhost:8080/index","ip":"0:0:0:0:0:0:0:1","httpMethod":"GET","classMethod":"com.forum.controller.RedirectController.main","args":"Arg -> (0)execution(Object com.forum.controller.RedirectController.main())","reqParams":null,"respParams":"\"index.html\"","spendTime":1,"logType":"isJsonRequest:false","user":null}
2019-01-21 23:16:41.058 [http-nio-8080-exec-9] INFO  com.forum.service.aspect.ControllerLogAspect - Date : 2019-01-21 11:16:41
2019-01-21 23:16:41.059 [http-nio-8080-exec-9] INFO  com.forum.service.aspect.ControllerLogAspect - Request Parameter : [:]
2019-01-21 23:16:41.059 [http-nio-8080-exec-9] INFO  com.forum.service.aspect.ControllerLogAspect - Username : 未登录
2019-01-21 23:16:41.059 [http-nio-8080-exec-9] INFO  com.forum.service.aspect.ControllerLogAspect - Finish Method Spend Time : 1ms
2019-01-21 23:16:41.059 [http-nio-8080-exec-9] INFO  com.forum.service.aspect.ControllerLogAspect - Returning >>> response=null
2019-01-21 23:16:41.060 [http-nio-8080-exec-9] INFO  com.forum.service.aspect.ControllerLogAspect - Returning >>> {"id":0,"url":"http://localhost:8080/loginpage","ip":"0:0:0:0:0:0:0:1","httpMethod":"GET","classMethod":"com.forum.controller.RedirectController.loginPage","args":"Arg -> (0)execution(Object com.forum.controller.RedirectController.loginPage(HttpServletResponse))","reqParams":null,"respParams":"null","spendTime":1,"logType":"isJsonRequest:false","user":null}
2019-01-21 23:16:41.069 [http-nio-8080-exec-7] INFO  com.forum.service.aspect.ControllerLogAspect - Date : 2019-01-21 11:16:41
2019-01-21 23:16:41.070 [http-nio-8080-exec-7] INFO  com.forum.service.aspect.ControllerLogAspect - Request Parameter : [page:[1]]
2019-01-21 23:16:41.070 [http-nio-8080-exec-7] INFO  com.forum.service.aspect.ControllerLogAspect - Username : 未登录
2019-01-21 23:16:41.084 [http-nio-8080-exec-3] INFO  com.forum.service.aspect.ControllerLogAspect - Date : 2019-01-21 11:16:41
2019-01-21 23:16:41.084 [http-nio-8080-exec-3] INFO  com.forum.service.aspect.ControllerLogAspect - Request Parameter : [:]
2019-01-21 23:16:41.084 [http-nio-8080-exec-3] INFO  com.forum.service.aspect.ControllerLogAspect - Username : 未登录
2019-01-21 23:16:41.084 [http-nio-8080-exec-3] INFO  com.forum.service.aspect.ControllerLogAspect - Finish Method Spend Time : 1ms
2019-01-21 23:16:41.085 [http-nio-8080-exec-3] INFO  com.forum.service.aspect.ControllerLogAspect - Returning >>> response=index.html
2019-01-21 23:16:41.087 [http-nio-8080-exec-3] INFO  com.forum.service.aspect.ControllerLogAspect - Returning >>> {"id":0,"url":"http://localhost:8080/index","ip":"0:0:0:0:0:0:0:1","httpMethod":"GET","classMethod":"com.forum.controller.RedirectController.main","args":"Arg -> (0)execution(Object com.forum.controller.RedirectController.main())","reqParams":null,"respParams":"\"index.html\"","spendTime":2,"logType":"isJsonRequest:false","user":null}
2019-01-21 23:16:41.184 [http-nio-8080-exec-7] DEBUG c.f.m.U.userRecommendPostList_COUNT - ==>  Preparing: select count(0) from (select user_img,nickname,sid,f_post.postid,f_post.fid,f_post.type,f_post.title,f_post.text,f_post.lastupdatetime,f_post.video,f_post.img0,f_post.img1,f_post.img2,f_post.img3,f_post.img4,f_post.img5,f_post.img6,f_post.img7,f_post.img8,f_forumlist.fname,f_forumlist.img,f_forumlist.type as forum_type FROM f_user,f_forumlist,f_post where f_post.fid=f_forumlist.fid and f_post.creator=sid and f_post.enable=true and f_forumlist.enable=true and f_forumlist.authority=true order by lastupdatetime desc) tmp_count 
2019-01-21 23:16:41.196 [http-nio-8080-exec-7] DEBUG c.f.m.U.userRecommendPostList_COUNT - ==> Parameters: 
2019-01-21 23:16:41.214 [http-nio-8080-exec-7] DEBUG c.f.m.U.userRecommendPostList_COUNT - <==      Total: 1
2019-01-21 23:16:41.215 [http-nio-8080-exec-7] DEBUG c.f.m.U.userRecommendPostList - ==>  Preparing: select user_img,nickname,sid,f_post.postid,f_post.fid,f_post.type,f_post.title,f_post.text,f_post.lastupdatetime,f_post.video,f_post.img0,f_post.img1,f_post.img2,f_post.img3,f_post.img4,f_post.img5,f_post.img6,f_post.img7,f_post.img8,f_forumlist.fname,f_forumlist.img,f_forumlist.type as forum_type FROM f_user,f_forumlist,f_post where f_post.fid=f_forumlist.fid and f_post.creator=sid and f_post.enable=true and f_forumlist.enable=true and f_forumlist.authority=true order by lastupdatetime desc LIMIT ? 
2019-01-21 23:16:41.218 [http-nio-8080-exec-7] DEBUG c.f.m.U.userRecommendPostList - ==> Parameters: 5(Integer)
2019-01-21 23:16:41.229 [http-nio-8080-exec-7] DEBUG c.f.m.U.userRecommendPostList - <==      Total: 5
2019-01-21 23:16:41.281 [http-nio-8080-exec-7] DEBUG c.f.m.U.SelectMaxFavouriteReplyByPostIdGroup - ==>  Preparing: select user_img, f_post_reply.* from (select * from f_post_reply as a where favourite=(select max(b.favourite) from f_post_reply as b where a.postId = b.postId) and a.postId in ("64","61","60","59","57")) as f_post_reply, f_user where f_post_reply.creator = sid and f_post_reply.enable=true 
2019-01-21 23:16:41.284 [http-nio-8080-exec-7] DEBUG c.f.m.U.SelectMaxFavouriteReplyByPostIdGroup - ==> Parameters: 
2019-01-21 23:16:41.305 [http-nio-8080-exec-7] DEBUG c.f.m.U.SelectMaxFavouriteReplyByPostIdGroup - <==      Total: 1
2019-01-21 23:16:41.313 [http-nio-8080-exec-7] INFO  com.forum.service.aspect.ControllerLogAspect - Finish Method Spend Time : 244ms
2019-01-21 23:16:41.314 [http-nio-8080-exec-7] INFO  com.forum.service.aspect.ControllerLogAspect - Returning >>> response=Page{count=true, pageNum=1, pageSize=5, startRow=0, endRow=5, total=41, pages=9, reasonable=false, pageSizeZero=false}
2019-01-21 23:16:41.326 [http-nio-8080-exec-7] INFO  com.forum.service.aspect.ControllerLogAspect - Returning >>> {"id":0,"url":"http://localhost:8080/user-forum/recommend-post","ip":"0:0:0:0:0:0:0:1","httpMethod":"POST","classMethod":"com.forum.controller.ForumController.recommandPost","args":"Arg -> (0)execution(Object com.forum.controller.ForumController.recommandPost(String,MessageCodeInfo,CommonInfo))","reqParams":null,"respParams":"[{\"sid\":\"1068310406818304000\",\"nickname\":\"admin\",\"postid\":64,\"fid\":1,\"creator\":null,\"type\":\"0\",\"img0\":null,\"img1\":null,\"img2\":null,\"img3\":null,\"img4\":null,\"img5\":null,\"img6\":null,\"img7\":null,\"img8\":null,\"video\":null,\"date\":null,\"enable\":false,\"text\":\"的\",\"lastupdatetime\":\"2019-01-11 10:47:12.0\",\"title\":\"的\",\"fname\":\"灌水区\",\"img\":null,\"forumType\":null,\"userImg\":\"/images/userImg/cd2ff402d59640429134c94ae04ca2c4.jpg\",\"userPostReplyVOEntity\":null},{\"sid\":\"1068310406818304000\",\"nickname\":\"admin\",\"postid\":61,\"fid\":1,\"creator\":null,\"type\":\"0\",\"img0\":null,\"img1\":null,\"img2\":null,\"img3\":null,\"img4\":null,\"img5\":null,\"img6\":null,\"img7\":null,\"img8\":null,\"video\":null,\"date\":null,\"enable\":false,\"text\":\"123\",\"lastupdatetime\":\"2019-01-11 10:36:31.0\",\"title\":\"123232\",\"fname\":\"灌水区\",\"img\":null,\"forumType\":null,\"userImg\":\"/images/userImg/cd2ff402d59640429134c94ae04ca2c4.jpg\",\"userPostReplyVOEntity\":null},{\"sid\":\"1068310406881218560\",\"nickname\":\"guest\",\"postid\":60,\"fid\":1,\"creator\":null,\"type\":\"1\",\"img0\":\"/images/userPostImg/563124c14bab4027a02661ced7f34899.jpg\",\"img1\":null,\"img2\":null,\"img3\":null,\"img4\":null,\"img5\":null,\"img6\":null,\"img7\":null,\"img8\":null,\"video\":null,\"date\":null,\"enable\":false,\"text\":\"好的更好地规划\",\"lastupdatetime\":\"2019-01-10 17:15:27.0\",\"title\":\"好的更好地规划\",\"fname\":\"灌水区\",\"img\":null,\"forumType\":null,\"userImg\":null,\"userPostReplyVOEntity\":{\"replyid\":15,\"postid\":60,\"favourite\":0,\"creator\":\"1068310406818304000\",\"type\":\"0\",\"img0\":null,\"img1\":null,\"img2\":null,\"img3\":null,\"img4\":null,\"img5\":null,\"img6\":null,\"img7\":null,\"img8\":null,\"video\":null,\"date\":\"2019-01-14 16:35:41.0\",\"enable\":true,\"text\":\"@guest:Hello\",\"lastupdatetime\":\"2019-01-14 16:35:41.0\",\"userImg\":\"/images/userImg/cd2ff402d59640429134c94ae04ca2c4.jpg\",\"nickname\":null,\"replyFavouriteEntity\":null}},{\"sid\":\"1068310406881218560\",\"nickname\":\"guest\",\"postid\":59,\"fid\":1,\"creator\":null,\"type\":\"0\",\"img0\":null,\"img1\":null,\"img2\":null,\"img3\":null,\"img4\":null,\"img5\":null,\"img6\":null,\"img7\":null,\"img8\":null,\"video\":null,\"date\":null,\"enable\":false,\"text\":\"是大V\",\"lastupdatetime\":\"2019-01-10 16:37:43.0\",\"title\":\"阿斯顿\",\"fname\":\"灌水区\",\"img\":null,\"forumType\":null,\"userImg\":null,\"userPostReplyVOEntity\":null},{\"sid\":\"1068310406881218560\",\"nickname\":\"guest\",\"postid\":57,\"fid\":1,\"creator\":null,\"type\":\"0\",\"img0\":null,\"img1\":null,\"img2\":null,\"img3\":null,\"img4\":null,\"img5\":null,\"img6\":null,\"img7\":null,\"img8\":null,\"video\":null,\"date\":null,\"enable\":false,\"text\":\"打的费\",\"lastupdatetime\":\"2019-01-10 16:26:27.0\",\"title\":\"大富大贵\",\"fname\":\"灌水区\",\"img\":null,\"forumType\":null,\"userImg\":null,\"userPostReplyVOEntity\":null}]","spendTime":256,"logType":"isJsonRequest:true","user":null}
2019-01-21 23:17:24.397 [Thread-24] INFO  o.s.a.r.listener.SimpleMessageListenerContainer - Waiting for workers to finish.
2019-01-21 23:17:25.189 [Thread-24] INFO  o.s.a.r.listener.SimpleMessageListenerContainer - Successfully waited for workers to finish.
2019-01-21 23:17:25.191 [Thread-24] INFO  o.s.a.r.listener.SimpleMessageListenerContainer - Waiting for workers to finish.
2019-01-21 23:17:26.188 [Thread-24] INFO  o.s.a.r.listener.SimpleMessageListenerContainer - Successfully waited for workers to finish.
2019-01-21 23:17:26.199 [Thread-24] INFO  o.s.a.r.listener.SimpleMessageListenerContainer - Waiting for workers to finish.
2019-01-21 23:17:27.191 [Thread-24] INFO  o.s.a.r.listener.SimpleMessageListenerContainer - Successfully waited for workers to finish.
2019-01-21 23:17:27.192 [Thread-24] INFO  o.s.a.r.listener.SimpleMessageListenerContainer - Waiting for workers to finish.
2019-01-21 23:17:28.196 [Thread-24] INFO  o.s.a.r.listener.SimpleMessageListenerContainer - Successfully waited for workers to finish.
2019-01-21 23:17:28.196 [Thread-24] INFO  o.s.a.r.listener.SimpleMessageListenerContainer - Waiting for workers to finish.
2019-01-21 23:17:29.198 [Thread-24] INFO  o.s.a.r.listener.SimpleMessageListenerContainer - Successfully waited for workers to finish.
2019-01-21 23:17:29.199 [Thread-24] INFO  o.s.a.r.listener.SimpleMessageListenerContainer - Waiting for workers to finish.
2019-01-21 23:17:30.201 [Thread-24] INFO  o.s.a.r.listener.SimpleMessageListenerContainer - Successfully waited for workers to finish.
2019-01-21 23:17:30.202 [Thread-24] INFO  o.s.a.r.listener.SimpleMessageListenerContainer - Waiting for workers to finish.
2019-01-21 23:17:31.206 [Thread-24] INFO  o.s.a.r.listener.SimpleMessageListenerContainer - Successfully waited for workers to finish.
2019-01-21 23:17:31.208 [Thread-24] INFO  o.s.a.r.listener.SimpleMessageListenerContainer - Waiting for workers to finish.
2019-01-21 23:17:31.220 [Thread-24] INFO  o.s.a.r.listener.SimpleMessageListenerContainer - Successfully waited for workers to finish.
2019-01-21 23:17:31.221 [Thread-24] INFO  o.s.a.r.listener.SimpleMessageListenerContainer - Waiting for workers to finish.
2019-01-21 23:17:31.237 [Thread-24] INFO  o.s.a.r.listener.SimpleMessageListenerContainer - Successfully waited for workers to finish.
2019-01-21 23:17:31.245 [Thread-24] INFO  o.s.a.r.listener.SimpleMessageListenerContainer - Shutdown ignored - container is not active already
2019-01-21 23:17:31.246 [Thread-24] INFO  o.s.a.r.listener.SimpleMessageListenerContainer - Shutdown ignored - container is not active already
2019-01-21 23:17:31.246 [Thread-24] INFO  o.s.a.r.listener.SimpleMessageListenerContainer - Shutdown ignored - container is not active already
2019-01-21 23:17:31.246 [Thread-24] INFO  o.s.a.r.listener.SimpleMessageListenerContainer - Shutdown ignored - container is not active already
2019-01-21 23:17:31.246 [Thread-24] INFO  o.s.a.r.listener.SimpleMessageListenerContainer - Shutdown ignored - container is not active already
2019-01-21 23:17:31.246 [Thread-24] INFO  o.s.a.r.listener.SimpleMessageListenerContainer - Shutdown ignored - container is not active already
2019-01-21 23:17:31.246 [Thread-24] INFO  o.s.a.r.listener.SimpleMessageListenerContainer - Shutdown ignored - container is not active already
2019-01-21 23:17:31.246 [Thread-24] INFO  o.s.a.r.listener.SimpleMessageListenerContainer - Shutdown ignored - container is not active already
2019-01-21 23:17:31.246 [Thread-24] INFO  o.s.a.r.listener.SimpleMessageListenerContainer - Shutdown ignored - container is not active already
2019-01-21 23:17:31.247 [Thread-24] INFO  o.s.scheduling.concurrent.ThreadPoolTaskExecutor - Shutting down ExecutorService 'applicationTaskExecutor'
2019-01-21 23:17:31.254 [Thread-24] INFO  o.a.s.session.mgt.AbstractValidatingSessionManager - Disabled session validation scheduler.
2019-01-21 23:17:31.258 [Thread-24] INFO  com.alibaba.druid.pool.DruidDataSource - {dataSource-1} closed
2019-01-21 23:17:37.469 [main] INFO  com.forum.DemoApplication - Starting DemoApplication on lujialedeMacBook-Pro.local with PID 3876 (/Users/ljl/Documents/forum/target/classes started by ljl in /Users/ljl/Documents/forum)
2019-01-21 23:17:37.473 [main] INFO  com.forum.DemoApplication - No active profile set, falling back to default profiles: default
2019-01-21 23:17:38.597 [main] INFO  o.s.d.r.config.RepositoryConfigurationDelegate - Multiple Spring Data modules found, entering strict repository configuration mode!
2019-01-21 23:17:38.600 [main] INFO  o.s.d.r.config.RepositoryConfigurationDelegate - Bootstrapping Spring Data repositories in DEFAULT mode.
2019-01-21 23:17:38.667 [main] INFO  o.s.d.r.config.RepositoryConfigurationDelegate - Finished Spring Data repository scanning in 50ms. Found 0 repository interfaces.
2019-01-21 23:17:39.207 [main] INFO  o.s.c.s.PostProcessorRegistrationDelegate$BeanPostProcessorChecker - Bean 'webSecureConfig' of type [com.forum.service.config.WebSecureConfig$$EnhancerBySpringCGLIB$$b40425aa] is not eligible for getting processed by all BeanPostProcessors (for example: not eligible for auto-proxying)
2019-01-21 23:17:39.408 [main] INFO  o.s.c.s.PostProcessorRegistrationDelegate$BeanPostProcessorChecker - Bean 'spring.redis-org.springframework.boot.autoconfigure.data.redis.RedisProperties' of type [org.springframework.boot.autoconfigure.data.redis.RedisProperties] is not eligible for getting processed by all BeanPostProcessors (for example: not eligible for auto-proxying)
2019-01-21 23:17:39.412 [main] INFO  o.s.c.s.PostProcessorRegistrationDelegate$BeanPostProcessorChecker - Bean 'org.springframework.boot.autoconfigure.data.redis.LettuceConnectionConfiguration' of type [org.springframework.boot.autoconfigure.data.redis.LettuceConnectionConfiguration$$EnhancerBySpringCGLIB$$30dfc3bb] is not eligible for getting processed by all BeanPostProcessors (for example: not eligible for auto-proxying)
2019-01-21 23:17:39.481 [main] INFO  o.s.c.s.PostProcessorRegistrationDelegate$BeanPostProcessorChecker - Bean 'lettuceClientResources' of type [io.lettuce.core.resource.DefaultClientResources] is not eligible for getting processed by all BeanPostProcessors (for example: not eligible for auto-proxying)
2019-01-21 23:17:39.534 [main] INFO  o.s.c.s.PostProcessorRegistrationDelegate$BeanPostProcessorChecker - Bean 'redisConnectionFactory' of type [org.springframework.data.redis.connection.lettuce.LettuceConnectionFactory] is not eligible for getting processed by all BeanPostProcessors (for example: not eligible for auto-proxying)
2019-01-21 23:17:39.540 [main] INFO  o.s.c.s.PostProcessorRegistrationDelegate$BeanPostProcessorChecker - Bean 'redisConfig' of type [com.forum.redis.config.RedisConfig$$EnhancerBySpringCGLIB$$ab82ebf4] is not eligible for getting processed by all BeanPostProcessors (for example: not eligible for auto-proxying)
2019-01-21 23:17:39.620 [main] INFO  o.s.c.s.PostProcessorRegistrationDelegate$BeanPostProcessorChecker - Bean 'jedisPool' of type [redis.clients.jedis.JedisPool] is not eligible for getting processed by all BeanPostProcessors (for example: not eligible for auto-proxying)
2019-01-21 23:17:39.629 [main] INFO  o.s.c.s.PostProcessorRegistrationDelegate$BeanPostProcessorChecker - Bean 'redisManager' of type [org.crazycake.shiro.RedisManager] is not eligible for getting processed by all BeanPostProcessors (for example: not eligible for auto-proxying)
2019-01-21 23:17:39.640 [main] INFO  o.s.c.s.PostProcessorRegistrationDelegate$BeanPostProcessorChecker - Bean 'redisCacheManager' of type [org.crazycake.shiro.RedisCacheManager] is not eligible for getting processed by all BeanPostProcessors (for example: not eligible for auto-proxying)
2019-01-21 23:17:39.785 [main] INFO  o.s.c.s.PostProcessorRegistrationDelegate$BeanPostProcessorChecker - Bean 'mybatis-tk.mybatis.mapper.autoconfigure.MybatisProperties' of type [tk.mybatis.mapper.autoconfigure.MybatisProperties] is not eligible for getting processed by all BeanPostProcessors (for example: not eligible for auto-proxying)
2019-01-21 23:17:39.797 [main] INFO  o.s.c.s.PostProcessorRegistrationDelegate$BeanPostProcessorChecker - Bean 'tk.mybatis.mapper.autoconfigure.MapperAutoConfiguration' of type [tk.mybatis.mapper.autoconfigure.MapperAutoConfiguration$$EnhancerBySpringCGLIB$$d1b6ad0a] is not eligible for getting processed by all BeanPostProcessors (for example: not eligible for auto-proxying)
2019-01-21 23:17:39.830 [main] INFO  o.s.c.s.PostProcessorRegistrationDelegate$BeanPostProcessorChecker - Bean 'druidConfiguration' of type [com.forum.service.config.DruidConfiguration$$EnhancerBySpringCGLIB$$4a69cfe3] is not eligible for getting processed by all BeanPostProcessors (for example: not eligible for auto-proxying)
2019-01-21 23:17:39.925 [main] INFO  o.s.c.s.PostProcessorRegistrationDelegate$BeanPostProcessorChecker - Bean 'dataSource' of type [com.alibaba.druid.pool.DruidDataSource] is not eligible for getting processed by all BeanPostProcessors (for example: not eligible for auto-proxying)
2019-01-21 23:17:39.946 [main] INFO  o.s.c.s.PostProcessorRegistrationDelegate$BeanPostProcessorChecker - Bean 'sqlSessionFactory' of type [org.apache.ibatis.session.defaults.DefaultSqlSessionFactory] is not eligible for getting processed by all BeanPostProcessors (for example: not eligible for auto-proxying)
2019-01-21 23:17:39.954 [main] INFO  o.s.c.s.PostProcessorRegistrationDelegate$BeanPostProcessorChecker - Bean 'sqlSessionTemplate' of type [org.mybatis.spring.SqlSessionTemplate] is not eligible for getting processed by all BeanPostProcessors (for example: not eligible for auto-proxying)
2019-01-21 23:17:40.124 [main] INFO  o.s.c.s.PostProcessorRegistrationDelegate$BeanPostProcessorChecker - Bean 'roleMapper' of type [tk.mybatis.spring.mapper.MapperFactoryBean] is not eligible for getting processed by all BeanPostProcessors (for example: not eligible for auto-proxying)
2019-01-21 23:17:40.127 [main] INFO  o.s.c.s.PostProcessorRegistrationDelegate$BeanPostProcessorChecker - Bean 'roleMapper' of type [com.sun.proxy.$Proxy84] is not eligible for getting processed by all BeanPostProcessors (for example: not eligible for auto-proxying)
2019-01-21 23:17:40.189 [main] INFO  o.s.c.s.PostProcessorRegistrationDelegate$BeanPostProcessorChecker - Bean 'userMapper' of type [tk.mybatis.spring.mapper.MapperFactoryBean] is not eligible for getting processed by all BeanPostProcessors (for example: not eligible for auto-proxying)
2019-01-21 23:17:40.191 [main] INFO  o.s.c.s.PostProcessorRegistrationDelegate$BeanPostProcessorChecker - Bean 'userMapper' of type [com.sun.proxy.$Proxy87] is not eligible for getting processed by all BeanPostProcessors (for example: not eligible for auto-proxying)
2019-01-21 23:17:40.237 [main] INFO  o.s.c.s.PostProcessorRegistrationDelegate$BeanPostProcessorChecker - Bean 'roleAuthorityMapper' of type [tk.mybatis.spring.mapper.MapperFactoryBean] is not eligible for getting processed by all BeanPostProcessors (for example: not eligible for auto-proxying)
2019-01-21 23:17:40.238 [main] INFO  o.s.c.s.PostProcessorRegistrationDelegate$BeanPostProcessorChecker - Bean 'roleAuthorityMapper' of type [com.sun.proxy.$Proxy88] is not eligible for getting processed by all BeanPostProcessors (for example: not eligible for auto-proxying)
2019-01-21 23:17:40.239 [main] INFO  o.s.c.s.PostProcessorRegistrationDelegate$BeanPostProcessorChecker - Bean 'realm' of type [com.forum.service.security.realm.PasswordRealm] is not eligible for getting processed by all BeanPostProcessors (for example: not eligible for auto-proxying)
2019-01-21 23:17:40.248 [main] INFO  o.s.c.s.PostProcessorRegistrationDelegate$BeanPostProcessorChecker - Bean 'redisSessionDAO' of type [org.crazycake.shiro.RedisSessionDAO] is not eligible for getting processed by all BeanPostProcessors (for example: not eligible for auto-proxying)
2019-01-21 23:17:40.257 [main] INFO  o.s.c.s.PostProcessorRegistrationDelegate$BeanPostProcessorChecker - Bean 'simpleCookie' of type [org.apache.shiro.web.servlet.SimpleCookie] is not eligible for getting processed by all BeanPostProcessors (for example: not eligible for auto-proxying)
2019-01-21 23:17:40.273 [main] INFO  o.s.c.s.PostProcessorRegistrationDelegate$BeanPostProcessorChecker - Bean 'sessionManager' of type [org.apache.shiro.web.session.mgt.DefaultWebSessionManager] is not eligible for getting processed by all BeanPostProcessors (for example: not eligible for auto-proxying)
2019-01-21 23:17:40.422 [main] INFO  o.s.c.s.PostProcessorRegistrationDelegate$BeanPostProcessorChecker - Bean 'rememberMeCookie' of type [org.apache.shiro.web.servlet.SimpleCookie] is not eligible for getting processed by all BeanPostProcessors (for example: not eligible for auto-proxying)
2019-01-21 23:17:40.429 [main] INFO  o.s.c.s.PostProcessorRegistrationDelegate$BeanPostProcessorChecker - Bean 'rememberMeManager' of type [org.apache.shiro.web.mgt.CookieRememberMeManager] is not eligible for getting processed by all BeanPostProcessors (for example: not eligible for auto-proxying)
2019-01-21 23:17:40.432 [main] INFO  o.s.c.s.PostProcessorRegistrationDelegate$BeanPostProcessorChecker - Bean 'securityManager' of type [org.apache.shiro.web.mgt.DefaultWebSecurityManager] is not eligible for getting processed by all BeanPostProcessors (for example: not eligible for auto-proxying)
2019-01-21 23:17:40.496 [main] INFO  o.s.c.s.PostProcessorRegistrationDelegate$BeanPostProcessorChecker - Bean 'authorityMapper' of type [tk.mybatis.spring.mapper.MapperFactoryBean] is not eligible for getting processed by all BeanPostProcessors (for example: not eligible for auto-proxying)
2019-01-21 23:17:40.497 [main] INFO  o.s.c.s.PostProcessorRegistrationDelegate$BeanPostProcessorChecker - Bean 'authorityMapper' of type [com.sun.proxy.$Proxy90] is not eligible for getting processed by all BeanPostProcessors (for example: not eligible for auto-proxying)
2019-01-21 23:17:40.533 [main] INFO  o.s.c.s.PostProcessorRegistrationDelegate$BeanPostProcessorChecker - Bean 'nonAuthemticateMapper' of type [tk.mybatis.spring.mapper.MapperFactoryBean] is not eligible for getting processed by all BeanPostProcessors (for example: not eligible for auto-proxying)
2019-01-21 23:17:40.535 [main] INFO  o.s.c.s.PostProcessorRegistrationDelegate$BeanPostProcessorChecker - Bean 'nonAuthemticateMapper' of type [com.sun.proxy.$Proxy91] is not eligible for getting processed by all BeanPostProcessors (for example: not eligible for auto-proxying)
2019-01-21 23:17:40.572 [main] INFO  o.s.c.s.PostProcessorRegistrationDelegate$BeanPostProcessorChecker - Bean 'sessionMapper' of type [tk.mybatis.spring.mapper.MapperFactoryBean] is not eligible for getting processed by all BeanPostProcessors (for example: not eligible for auto-proxying)
2019-01-21 23:17:40.574 [main] INFO  o.s.c.s.PostProcessorRegistrationDelegate$BeanPostProcessorChecker - Bean 'sessionMapper' of type [com.sun.proxy.$Proxy93] is not eligible for getting processed by all BeanPostProcessors (for example: not eligible for auto-proxying)
2019-01-21 23:17:40.575 [main] INFO  o.s.c.s.PostProcessorRegistrationDelegate$BeanPostProcessorChecker - Bean 'shiroService' of type [com.forum.service.impl.ShiroServiceImpl] is not eligible for getting processed by all BeanPostProcessors (for example: not eligible for auto-proxying)
2019-01-21 23:17:40.603 [main] INFO  o.s.c.s.PostProcessorRegistrationDelegate$BeanPostProcessorChecker - Bean 'messageCodeInfo' of type [com.forum.model.dto.MessageCodeInfo] is not eligible for getting processed by all BeanPostProcessors (for example: not eligible for auto-proxying)
2019-01-21 23:17:40.607 [main] INFO  o.s.c.s.PostProcessorRegistrationDelegate$BeanPostProcessorChecker - Bean 'commonInfo' of type [com.forum.model.dto.CommonInfo] is not eligible for getting processed by all BeanPostProcessors (for example: not eligible for auto-proxying)
2019-01-21 23:17:40.607 [main] INFO  o.s.c.s.PostProcessorRegistrationDelegate$BeanPostProcessorChecker - Bean 'rolesAuthorizationFilter' of type [com.forum.service.filter.CustomRolesAuthorizationFilter] is not eligible for getting processed by all BeanPostProcessors (for example: not eligible for auto-proxying)
2019-01-21 23:17:40.855 [main] INFO  com.alibaba.druid.pool.DruidDataSource - {dataSource-1} inited
2019-01-21 23:17:40.860 [main] DEBUG c.forum.mapper.AuthorityMapper.selectAllFromTable - ==>  Preparing: select * from f_authority 
2019-01-21 23:17:40.933 [main] DEBUG c.forum.mapper.AuthorityMapper.selectAllFromTable - ==> Parameters: 
2019-01-21 23:17:40.953 [main] DEBUG c.forum.mapper.AuthorityMapper.selectAllFromTable - <==      Total: 3
2019-01-21 23:17:40.959 [main] DEBUG c.f.m.NonAuthemticateMapper.selectAllFromTable - ==>  Preparing: select * from f_non_authemticate 
2019-01-21 23:17:40.960 [main] DEBUG c.f.m.NonAuthemticateMapper.selectAllFromTable - ==> Parameters: 
2019-01-21 23:17:40.969 [main] DEBUG c.f.m.NonAuthemticateMapper.selectAllFromTable - <==      Total: 31
2019-01-21 23:17:41.007 [main] INFO  o.s.c.s.PostProcessorRegistrationDelegate$BeanPostProcessorChecker - Bean 'org.springframework.amqp.rabbit.annotation.RabbitBootstrapConfiguration' of type [org.springframework.amqp.rabbit.annotation.RabbitBootstrapConfiguration$$EnhancerBySpringCGLIB$$e231c39f] is not eligible for getting processed by all BeanPostProcessors (for example: not eligible for auto-proxying)
2019-01-21 23:17:41.087 [main] INFO  o.s.c.s.PostProcessorRegistrationDelegate$BeanPostProcessorChecker - Bean 'org.springframework.transaction.annotation.ProxyTransactionManagementConfiguration' of type [org.springframework.transaction.annotation.ProxyTransactionManagementConfiguration$$EnhancerBySpringCGLIB$$1bc60571] is not eligible for getting processed by all BeanPostProcessors (for example: not eligible for auto-proxying)
2019-01-21 23:17:41.193 [main] INFO  o.s.c.s.PostProcessorRegistrationDelegate$BeanPostProcessorChecker - Bean 'org.springframework.boot.autoconfigure.transaction.TransactionAutoConfiguration' of type [org.springframework.boot.autoconfigure.transaction.TransactionAutoConfiguration$$EnhancerBySpringCGLIB$$b03a007b] is not eligible for getting processed by all BeanPostProcessors (for example: not eligible for auto-proxying)
2019-01-21 23:17:41.203 [main] INFO  o.s.c.s.PostProcessorRegistrationDelegate$BeanPostProcessorChecker - Bean 'spring.transaction-org.springframework.boot.autoconfigure.transaction.TransactionProperties' of type [org.springframework.boot.autoconfigure.transaction.TransactionProperties] is not eligible for getting processed by all BeanPostProcessors (for example: not eligible for auto-proxying)
2019-01-21 23:17:41.208 [main] INFO  o.s.c.s.PostProcessorRegistrationDelegate$BeanPostProcessorChecker - Bean 'platformTransactionManagerCustomizers' of type [org.springframework.boot.autoconfigure.transaction.TransactionManagerCustomizers] is not eligible for getting processed by all BeanPostProcessors (for example: not eligible for auto-proxying)
2019-01-21 23:17:41.211 [main] INFO  o.s.c.s.PostProcessorRegistrationDelegate$BeanPostProcessorChecker - Bean 'org.springframework.boot.autoconfigure.jdbc.DataSourceTransactionManagerAutoConfiguration$DataSourceTransactionManagerConfiguration' of type [org.springframework.boot.autoconfigure.jdbc.DataSourceTransactionManagerAutoConfiguration$DataSourceTransactionManagerConfiguration$$EnhancerBySpringCGLIB$$c8c69de0] is not eligible for getting processed by all BeanPostProcessors (for example: not eligible for auto-proxying)
2019-01-21 23:17:41.222 [main] INFO  o.s.c.s.PostProcessorRegistrationDelegate$BeanPostProcessorChecker - Bean 'spring.datasource-org.springframework.boot.autoconfigure.jdbc.DataSourceProperties' of type [org.springframework.boot.autoconfigure.jdbc.DataSourceProperties] is not eligible for getting processed by all BeanPostProcessors (for example: not eligible for auto-proxying)
2019-01-21 23:17:41.241 [main] INFO  o.s.c.s.PostProcessorRegistrationDelegate$BeanPostProcessorChecker - Bean 'transactionManager' of type [org.springframework.jdbc.datasource.DataSourceTransactionManager] is not eligible for getting processed by all BeanPostProcessors (for example: not eligible for auto-proxying)
2019-01-21 23:17:41.253 [main] INFO  o.s.c.s.PostProcessorRegistrationDelegate$BeanPostProcessorChecker - Bean 'transactionAspect' of type [com.forum.service.aspect.TransactionAspect$$EnhancerBySpringCGLIB$$42d13629] is not eligible for getting processed by all BeanPostProcessors (for example: not eligible for auto-proxying)
2019-01-21 23:17:41.275 [main] INFO  o.s.c.s.PostProcessorRegistrationDelegate$BeanPostProcessorChecker - Bean 'txAdvice' of type [org.springframework.transaction.interceptor.TransactionInterceptor] is not eligible for getting processed by all BeanPostProcessors (for example: not eligible for auto-proxying)
2019-01-21 23:17:41.279 [main] INFO  o.s.c.s.PostProcessorRegistrationDelegate$BeanPostProcessorChecker - Bean 'txAdviceAdvisor' of type [org.springframework.aop.support.DefaultPointcutAdvisor] is not eligible for getting processed by all BeanPostProcessors (for example: not eligible for auto-proxying)
2019-01-21 23:17:41.668 [main] INFO  o.s.boot.web.embedded.tomcat.TomcatWebServer - Tomcat initialized with port(s): 8080 (http)
2019-01-21 23:17:41.683 [main] INFO  org.apache.coyote.http11.Http11NioProtocol - Initializing ProtocolHandler ["http-nio-8080"]
2019-01-21 23:17:41.689 [main] INFO  org.apache.catalina.core.StandardService - Starting service [Tomcat]
2019-01-21 23:17:41.689 [main] INFO  org.apache.catalina.core.StandardEngine - Starting Servlet Engine: Apache Tomcat/9.0.12
2019-01-21 23:17:41.695 [main] INFO  org.apache.catalina.core.AprLifecycleListener - The APR based Apache Tomcat Native library which allows optimal performance in production environments was not found on the java.library.path: [/Users/ljl/Library/Java/Extensions:/Library/Java/Extensions:/Network/Library/Java/Extensions:/System/Library/Java/Extensions:/usr/lib/java:.]
2019-01-21 23:17:41.799 [main] INFO  o.a.c.core.ContainerBase.[Tomcat].[localhost].[/] - Initializing Spring embedded WebApplicationContext
2019-01-21 23:17:41.799 [main] INFO  org.springframework.web.context.ContextLoader - Root WebApplicationContext: initialization completed in 4250 ms
2019-01-21 23:17:41.811 [main] INFO  com.forum.service.config.DruidConfiguration - init Druid Servlet Configuration 
2019-01-21 23:17:41.960 [main] INFO  o.s.boot.web.servlet.ServletRegistrationBean - Servlet statViewServlet mapped to [/druid/*]
2019-01-21 23:17:41.961 [main] INFO  o.s.boot.web.servlet.ServletRegistrationBean - Servlet dispatcherServlet mapped to [/]
2019-01-21 23:17:41.962 [main] INFO  o.s.boot.web.servlet.ServletRegistrationBean - Servlet statViewServlet mapped to [/druid/*]
2019-01-21 23:17:41.962 [main] INFO  o.s.boot.web.servlet.RegistrationBean - Servlet statViewServlet was not registered (possibly already registered?)
2019-01-21 23:17:41.965 [main] INFO  o.s.boot.web.servlet.FilterRegistrationBean - Mapping filter: 'characterEncodingFilter' to: [/*]
2019-01-21 23:17:41.966 [main] INFO  o.s.boot.web.servlet.FilterRegistrationBean - Mapping filter: 'hiddenHttpMethodFilter' to: [/*]
2019-01-21 23:17:41.966 [main] INFO  o.s.boot.web.servlet.FilterRegistrationBean - Mapping filter: 'formContentFilter' to: [/*]
2019-01-21 23:17:41.966 [main] INFO  o.s.boot.web.servlet.FilterRegistrationBean - Mapping filter: 'requestContextFilter' to: [/*]
2019-01-21 23:17:41.966 [main] INFO  o.s.boot.web.servlet.FilterRegistrationBean - Mapping filter: 'webStatFilter' to urls: [/*]
2019-01-21 23:17:41.967 [main] INFO  o.s.boot.web.servlet.FilterRegistrationBean - Mapping filter: 'delegatingFilterProxy' to: [/*]
2019-01-21 23:17:41.967 [main] INFO  o.s.boot.web.servlet.FilterRegistrationBean - Mapping filter: 'shiroFilter' to: [/*]
2019-01-21 23:17:41.967 [main] INFO  o.s.boot.web.servlet.FilterRegistrationBean - Mapping filter: 'rolesAuthorizationFilter' to: [/*]
2019-01-21 23:17:41.967 [main] INFO  o.s.boot.web.servlet.FilterRegistrationBean - Mapping filter: 'formAuthenticationFilter' to: [/*]
2019-01-21 23:17:42.859 [main] INFO  java.lang.Class - Initializing Constant
2019-01-21 23:17:42.862 [main] DEBUG c.f.m.D.selectAllInTableWithoutParamType - ==>  Preparing: select param_name,value from f_dictionary where param_type <> ? 
2019-01-21 23:17:42.875 [main] DEBUG c.f.m.D.selectAllInTableWithoutParamType - ==> Parameters: 参数代码(String)
2019-01-21 23:17:42.881 [main] DEBUG c.f.m.D.selectAllInTableWithoutParamType - <==      Total: 45
2019-01-21 23:17:42.896 [main] INFO  java.lang.Class - Initializing GlobalCode
2019-01-21 23:17:42.896 [main] DEBUG c.f.m.D.selectAllInTableWithParamType - ==>  Preparing: select param_name,value from f_dictionary where param_type = ? 
2019-01-21 23:17:42.897 [main] DEBUG c.f.m.D.selectAllInTableWithParamType - ==> Parameters: 参数代码(String)
2019-01-21 23:17:42.899 [main] DEBUG c.f.m.D.selectAllInTableWithParamType - <==      Total: 3
2019-01-21 23:17:44.120 [main] INFO  o.s.scheduling.concurrent.ThreadPoolTaskExecutor - Initializing ExecutorService 'applicationTaskExecutor'
2019-01-21 23:17:44.402 [main] INFO  o.s.b.a.web.servlet.WelcomePageHandlerMapping - Adding welcome page template: index
2019-01-21 23:17:44.438 [main] INFO  t.mybatis.mapper.autoconfigure.MapperCacheDisabler - Clear tk.mybatis.mapper.util.MsUtil CLASS_CACHE cache.
2019-01-21 23:17:44.439 [main] INFO  t.mybatis.mapper.autoconfigure.MapperCacheDisabler - Clear tk.mybatis.mapper.genid.GenIdUtil CACHE cache.
2019-01-21 23:17:44.440 [main] INFO  t.mybatis.mapper.autoconfigure.MapperCacheDisabler - Clear tk.mybatis.mapper.version.VersionUtil CACHE cache.
2019-01-21 23:17:44.440 [main] INFO  t.mybatis.mapper.autoconfigure.MapperCacheDisabler - Clear EntityHelper entityTableMap cache.
2019-01-21 23:17:45.256 [main] INFO  s.d.s.web.plugins.DocumentationPluginsBootstrapper - Context refreshed
2019-01-21 23:17:45.267 [main] INFO  s.d.s.web.plugins.DocumentationPluginsBootstrapper - Found 1 custom documentation plugin(s)
2019-01-21 23:17:45.279 [main] INFO  s.d.spring.web.scanners.ApiListingReferenceScanner - Scanning for api listing references
2019-01-21 23:17:45.597 [main] INFO  o.s.a.rabbit.connection.CachingConnectionFactory - Attempting to connect to: [127.0.0.1:5672]
2019-01-21 23:17:45.623 [main] INFO  o.s.a.rabbit.connection.CachingConnectionFactory - Created new connection: rabbitConnectionFactory#4b6b5352:0/SimpleConnection@61ca5134 [delegate=amqp://admin@127.0.0.1:5672/, localPort= 52137]
2019-01-21 23:17:45.691 [main] INFO  java.lang.Class - Initializing RSACryptoServiceProvider
2019-01-21 23:17:45.754 [main] INFO  org.apache.coyote.http11.Http11NioProtocol - Starting ProtocolHandler ["http-nio-8080"]
2019-01-21 23:17:45.773 [main] INFO  org.apache.tomcat.util.net.NioSelectorPool - Using a shared selector for servlet write/read
2019-01-21 23:17:45.784 [main] INFO  o.s.boot.web.embedded.tomcat.TomcatWebServer - Tomcat started on port(s): 8080 (http) with context path ''
2019-01-21 23:17:45.787 [main] INFO  com.forum.DemoApplication - Started DemoApplication in 8.827 seconds (JVM running for 9.913)
2019-01-21 23:18:01.554 [http-nio-8080-exec-1] INFO  o.a.c.core.ContainerBase.[Tomcat].[localhost].[/] - Initializing Spring DispatcherServlet 'dispatcherServlet'
2019-01-21 23:18:01.555 [http-nio-8080-exec-1] INFO  org.springframework.web.servlet.DispatcherServlet - Initializing Servlet 'dispatcherServlet'
2019-01-21 23:18:01.573 [http-nio-8080-exec-1] INFO  org.springframework.web.servlet.DispatcherServlet - Completed initialization in 18 ms
2019-01-21 23:18:01.588 [http-nio-8080-exec-1] INFO  o.a.s.session.mgt.AbstractValidatingSessionManager - Enabling session validation scheduler...
2019-01-21 23:18:01.753 [http-nio-8080-exec-1] INFO  io.lettuce.core.EpollProvider - Starting without optional epoll library
2019-01-21 23:18:01.755 [http-nio-8080-exec-1] INFO  io.lettuce.core.KqueueProvider - Starting without optional kqueue library
2019-01-21 23:18:02.423 [http-nio-8080-exec-3] INFO  com.forum.service.aspect.ControllerLogAspect - Date : 2019-01-21 11:18:02
2019-01-21 23:18:02.436 [http-nio-8080-exec-3] INFO  com.forum.service.aspect.ControllerLogAspect - Request Parameter : [:]
2019-01-21 23:18:02.437 [http-nio-8080-exec-3] INFO  com.forum.service.aspect.ControllerLogAspect - Username : 未登录
2019-01-21 23:18:02.453 [http-nio-8080-exec-3] INFO  com.forum.service.aspect.ControllerLogAspect - Finish Method Spend Time : 94ms
2019-01-21 23:18:02.457 [http-nio-8080-exec-3] INFO  com.forum.service.aspect.ControllerLogAspect - Returning >>> response=null
2019-01-21 23:18:02.486 [http-nio-8080-exec-3] INFO  com.forum.service.aspect.ControllerLogAspect - Returning >>> {"id":0,"url":"http://localhost:8080/loginpage","ip":"0:0:0:0:0:0:0:1","httpMethod":"GET","classMethod":"com.forum.controller.RedirectController.loginPage","args":"Arg -> (0)execution(Object com.forum.controller.RedirectController.loginPage(HttpServletResponse))","reqParams":null,"respParams":"null","spendTime":101,"logType":"isJsonRequest:false","user":null}
2019-01-21 23:18:02.495 [http-nio-8080-exec-5] INFO  com.forum.service.aspect.ControllerLogAspect - Date : 2019-01-21 11:18:02
2019-01-21 23:18:02.495 [http-nio-8080-exec-5] INFO  com.forum.service.aspect.ControllerLogAspect - Request Parameter : [:]
2019-01-21 23:18:02.495 [http-nio-8080-exec-5] INFO  com.forum.service.aspect.ControllerLogAspect - Username : 未登录
2019-01-21 23:18:02.495 [http-nio-8080-exec-5] INFO  com.forum.service.aspect.ControllerLogAspect - Finish Method Spend Time : 1ms
2019-01-21 23:18:02.496 [http-nio-8080-exec-5] INFO  com.forum.service.aspect.ControllerLogAspect - Returning >>> response=index.html
2019-01-21 23:18:02.499 [http-nio-8080-exec-5] INFO  com.forum.service.aspect.ControllerLogAspect - Returning >>> {"id":0,"url":"http://localhost:8080/index","ip":"0:0:0:0:0:0:0:1","httpMethod":"GET","classMethod":"com.forum.controller.RedirectController.main","args":"Arg -> (0)execution(Object com.forum.controller.RedirectController.main())","reqParams":null,"respParams":"\"index.html\"","spendTime":2,"logType":"isJsonRequest:false","user":null}
2019-01-21 23:27:34.492 [http-nio-8080-exec-4] INFO  com.forum.service.aspect.ControllerLogAspect - Date : 2019-01-21 11:27:34
2019-01-21 23:27:34.493 [http-nio-8080-exec-4] INFO  com.forum.service.aspect.ControllerLogAspect - Request Parameter : [:]
2019-01-21 23:27:34.493 [http-nio-8080-exec-4] INFO  com.forum.service.aspect.ControllerLogAspect - Username : 未登录
2019-01-21 23:27:34.493 [http-nio-8080-exec-4] INFO  com.forum.service.aspect.ControllerLogAspect - Finish Method Spend Time : 1ms
2019-01-21 23:27:34.494 [http-nio-8080-exec-4] INFO  com.forum.service.aspect.ControllerLogAspect - Returning >>> response=null
2019-01-21 23:27:34.496 [http-nio-8080-exec-4] INFO  com.forum.service.aspect.ControllerLogAspect - Returning >>> {"id":0,"url":"http://localhost:8080/loginpage","ip":"0:0:0:0:0:0:0:1","httpMethod":"GET","classMethod":"com.forum.controller.RedirectController.loginPage","args":"Arg -> (0)execution(Object com.forum.controller.RedirectController.loginPage(HttpServletResponse))","reqParams":null,"respParams":"null","spendTime":2,"logType":"isJsonRequest:false","user":null}
2019-01-21 23:27:34.505 [http-nio-8080-exec-9] INFO  com.forum.service.aspect.ControllerLogAspect - Date : 2019-01-21 11:27:34
2019-01-21 23:27:34.506 [http-nio-8080-exec-9] INFO  com.forum.service.aspect.ControllerLogAspect - Request Parameter : [:]
2019-01-21 23:27:34.506 [http-nio-8080-exec-9] INFO  com.forum.service.aspect.ControllerLogAspect - Username : 未登录
2019-01-21 23:27:34.506 [http-nio-8080-exec-9] INFO  com.forum.service.aspect.ControllerLogAspect - Finish Method Spend Time : 1ms
2019-01-21 23:27:34.506 [http-nio-8080-exec-9] INFO  com.forum.service.aspect.ControllerLogAspect - Returning >>> response=index.html
2019-01-21 23:27:34.508 [http-nio-8080-exec-9] INFO  com.forum.service.aspect.ControllerLogAspect - Returning >>> {"id":0,"url":"http://localhost:8080/index","ip":"0:0:0:0:0:0:0:1","httpMethod":"GET","classMethod":"com.forum.controller.RedirectController.main","args":"Arg -> (0)execution(Object com.forum.controller.RedirectController.main())","reqParams":null,"respParams":"\"index.html\"","spendTime":1,"logType":"isJsonRequest:false","user":null}
2019-01-21 23:28:21.838 [http-nio-8080-exec-5] INFO  com.forum.service.aspect.ControllerLogAspect - Date : 2019-01-21 11:28:21
2019-01-21 23:28:21.839 [http-nio-8080-exec-5] INFO  com.forum.service.aspect.ControllerLogAspect - Request Parameter : [:]
2019-01-21 23:28:21.839 [http-nio-8080-exec-5] INFO  com.forum.service.aspect.ControllerLogAspect - Username : 未登录
2019-01-21 23:28:21.839 [http-nio-8080-exec-5] INFO  com.forum.service.aspect.ControllerLogAspect - Finish Method Spend Time : 1ms
2019-01-21 23:28:21.840 [http-nio-8080-exec-5] INFO  com.forum.service.aspect.ControllerLogAspect - Returning >>> response=null
2019-01-21 23:28:21.842 [http-nio-8080-exec-5] INFO  com.forum.service.aspect.ControllerLogAspect - Returning >>> {"id":0,"url":"http://localhost:8080/loginpage","ip":"0:0:0:0:0:0:0:1","httpMethod":"GET","classMethod":"com.forum.controller.RedirectController.loginPage","args":"Arg -> (0)execution(Object com.forum.controller.RedirectController.loginPage(HttpServletResponse))","reqParams":null,"respParams":"null","spendTime":2,"logType":"isJsonRequest:false","user":null}
2019-01-21 23:28:21.856 [http-nio-8080-exec-8] INFO  com.forum.service.aspect.ControllerLogAspect - Date : 2019-01-21 11:28:21
2019-01-21 23:28:21.856 [http-nio-8080-exec-8] INFO  com.forum.service.aspect.ControllerLogAspect - Request Parameter : [:]
2019-01-21 23:28:21.856 [http-nio-8080-exec-8] INFO  com.forum.service.aspect.ControllerLogAspect - Username : 未登录
2019-01-21 23:28:21.856 [http-nio-8080-exec-8] INFO  com.forum.service.aspect.ControllerLogAspect - Finish Method Spend Time : 1ms
2019-01-21 23:28:21.857 [http-nio-8080-exec-8] INFO  com.forum.service.aspect.ControllerLogAspect - Returning >>> response=index.html
2019-01-21 23:28:21.859 [http-nio-8080-exec-8] INFO  com.forum.service.aspect.ControllerLogAspect - Returning >>> {"id":0,"url":"http://localhost:8080/index","ip":"0:0:0:0:0:0:0:1","httpMethod":"GET","classMethod":"com.forum.controller.RedirectController.main","args":"Arg -> (0)execution(Object com.forum.controller.RedirectController.main())","reqParams":null,"respParams":"\"index.html\"","spendTime":2,"logType":"isJsonRequest:false","user":null}
2019-01-21 23:28:34.019 [http-nio-8080-exec-9] INFO  com.forum.service.aspect.ControllerLogAspect - Date : 2019-01-21 11:28:34
2019-01-21 23:28:34.019 [http-nio-8080-exec-9] INFO  com.forum.service.aspect.ControllerLogAspect - Request Parameter : [:]
2019-01-21 23:28:34.020 [http-nio-8080-exec-9] INFO  com.forum.service.aspect.ControllerLogAspect - Username : 未登录
2019-01-21 23:28:34.020 [http-nio-8080-exec-9] INFO  com.forum.service.aspect.ControllerLogAspect - Finish Method Spend Time : 2ms
2019-01-21 23:28:34.020 [http-nio-8080-exec-9] INFO  com.forum.service.aspect.ControllerLogAspect - Returning >>> response=null
2019-01-21 23:28:34.022 [http-nio-8080-exec-9] INFO  com.forum.service.aspect.ControllerLogAspect - Returning >>> {"id":0,"url":"http://localhost:8080/loginpage","ip":"0:0:0:0:0:0:0:1","httpMethod":"GET","classMethod":"com.forum.controller.RedirectController.loginPage","args":"Arg -> (0)execution(Object com.forum.controller.RedirectController.loginPage(HttpServletResponse))","reqParams":null,"respParams":"null","spendTime":2,"logType":"isJsonRequest:false","user":null}
2019-01-21 23:28:34.041 [http-nio-8080-exec-1] INFO  com.forum.service.aspect.ControllerLogAspect - Date : 2019-01-21 11:28:34
2019-01-21 23:28:34.042 [http-nio-8080-exec-1] INFO  com.forum.service.aspect.ControllerLogAspect - Request Parameter : [:]
2019-01-21 23:28:34.042 [http-nio-8080-exec-1] INFO  com.forum.service.aspect.ControllerLogAspect - Username : 未登录
2019-01-21 23:28:34.042 [http-nio-8080-exec-1] INFO  com.forum.service.aspect.ControllerLogAspect - Finish Method Spend Time : 1ms
2019-01-21 23:28:34.042 [http-nio-8080-exec-1] INFO  com.forum.service.aspect.ControllerLogAspect - Returning >>> response=index.html
2019-01-21 23:28:34.044 [http-nio-8080-exec-1] INFO  com.forum.service.aspect.ControllerLogAspect - Returning >>> {"id":0,"url":"http://localhost:8080/index","ip":"0:0:0:0:0:0:0:1","httpMethod":"GET","classMethod":"com.forum.controller.RedirectController.main","args":"Arg -> (0)execution(Object com.forum.controller.RedirectController.main())","reqParams":null,"respParams":"\"index.html\"","spendTime":2,"logType":"isJsonRequest:false","user":null}
2019-01-21 23:58:22.182 [SimpleAsyncTaskExecutor-1] INFO  o.s.a.r.listener.SimpleMessageListenerContainer - Restarting Consumer@39420d59: tags=[[amq.ctag-1B6cqv9dByAbsPH7LBYYmw]], channel=Cached Rabbit Channel: PublisherCallbackChannelImpl: AMQChannel(amqp://admin@127.0.0.1:5672/,1), conn: Proxy@1b79df53 Shared Rabbit Connection: SimpleConnection@61ca5134 [delegate=amqp://admin@127.0.0.1:5672/, localPort= 52137], acknowledgeMode=AUTO local queue size=0
2019-01-21 23:58:22.182 [SimpleAsyncTaskExecutor-1] INFO  o.s.a.r.listener.SimpleMessageListenerContainer - Restarting Consumer@f287a4e: tags=[[amq.ctag-SP7aSIhT75Y5ek0sfHv4sg]], channel=Cached Rabbit Channel: PublisherCallbackChannelImpl: AMQChannel(amqp://admin@127.0.0.1:5672/,3), conn: Proxy@1b79df53 Shared Rabbit Connection: SimpleConnection@61ca5134 [delegate=amqp://admin@127.0.0.1:5672/, localPort= 52137], acknowledgeMode=AUTO local queue size=0
2019-01-21 23:58:22.182 [SimpleAsyncTaskExecutor-1] INFO  o.s.a.r.listener.SimpleMessageListenerContainer - Restarting Consumer@1fa796a4: tags=[[amq.ctag-c0hYoA-yxdr0vDNb_1BOGw]], channel=Cached Rabbit Channel: PublisherCallbackChannelImpl: AMQChannel(amqp://admin@127.0.0.1:5672/,5), conn: Proxy@1b79df53 Shared Rabbit Connection: SimpleConnection@61ca5134 [delegate=amqp://admin@127.0.0.1:5672/, localPort= 52137], acknowledgeMode=AUTO local queue size=0
2019-01-21 23:58:22.183 [SimpleAsyncTaskExecutor-1] INFO  o.s.a.r.listener.SimpleMessageListenerContainer - Restarting Consumer@27d6467: tags=[[amq.ctag-JiStQV7OE9pNG2Vwt4KoDg]], channel=Cached Rabbit Channel: PublisherCallbackChannelImpl: AMQChannel(amqp://admin@127.0.0.1:5672/,8), conn: Proxy@1b79df53 Shared Rabbit Connection: SimpleConnection@61ca5134 [delegate=amqp://admin@127.0.0.1:5672/, localPort= 52137], acknowledgeMode=AUTO local queue size=0
2019-01-21 23:58:22.182 [SimpleAsyncTaskExecutor-1] INFO  o.s.a.r.listener.SimpleMessageListenerContainer - Restarting Consumer@71d2261e: tags=[[amq.ctag-PPko9CMxU1MDN2n4yZlgTA]], channel=Cached Rabbit Channel: PublisherCallbackChannelImpl: AMQChannel(amqp://admin@127.0.0.1:5672/,4), conn: Proxy@1b79df53 Shared Rabbit Connection: SimpleConnection@61ca5134 [delegate=amqp://admin@127.0.0.1:5672/, localPort= 52137], acknowledgeMode=AUTO local queue size=0
2019-01-21 23:58:22.183 [SimpleAsyncTaskExecutor-1] INFO  o.s.a.r.listener.SimpleMessageListenerContainer - Restarting Consumer@8dcacf1: tags=[[amq.ctag-CZHjKi1EWNizmcFVFzAdMA]], channel=Cached Rabbit Channel: PublisherCallbackChannelImpl: AMQChannel(amqp://admin@127.0.0.1:5672/,6), conn: Proxy@1b79df53 Shared Rabbit Connection: SimpleConnection@61ca5134 [delegate=amqp://admin@127.0.0.1:5672/, localPort= 52137], acknowledgeMode=AUTO local queue size=0
2019-01-21 23:58:22.183 [SimpleAsyncTaskExecutor-1] INFO  o.s.a.r.listener.SimpleMessageListenerContainer - Restarting Consumer@73c09a98: tags=[[amq.ctag-HnMr16-7gW69T18D3tJc7g]], channel=Cached Rabbit Channel: PublisherCallbackChannelImpl: AMQChannel(amqp://admin@127.0.0.1:5672/,7), conn: Proxy@1b79df53 Shared Rabbit Connection: SimpleConnection@61ca5134 [delegate=amqp://admin@127.0.0.1:5672/, localPort= 52137], acknowledgeMode=AUTO local queue size=0
2019-01-21 23:58:22.182 [SimpleAsyncTaskExecutor-1] INFO  o.s.a.r.listener.SimpleMessageListenerContainer - Restarting Consumer@2c92f094: tags=[[amq.ctag-NVG3Qx35EiQTlItubXfeDA]], channel=Cached Rabbit Channel: PublisherCallbackChannelImpl: AMQChannel(amqp://admin@127.0.0.1:5672/,9), conn: Proxy@1b79df53 Shared Rabbit Connection: SimpleConnection@61ca5134 [delegate=amqp://admin@127.0.0.1:5672/, localPort= 52137], acknowledgeMode=AUTO local queue size=0
2019-01-21 23:58:22.185 [SimpleAsyncTaskExecutor-2] INFO  o.s.a.rabbit.connection.CachingConnectionFactory - Attempting to connect to: [127.0.0.1:5672]
2019-01-21 23:58:22.188 [SimpleAsyncTaskExecutor-2] INFO  o.s.a.rabbit.connection.CachingConnectionFactory - Attempting to connect to: [127.0.0.1:5672]
2019-01-21 23:58:22.189 [SimpleAsyncTaskExecutor-2] INFO  o.s.a.rabbit.connection.CachingConnectionFactory - Attempting to connect to: [127.0.0.1:5672]
2019-01-21 23:58:22.190 [SimpleAsyncTaskExecutor-2] INFO  o.s.a.rabbit.connection.CachingConnectionFactory - Attempting to connect to: [127.0.0.1:5672]
2019-01-21 23:58:22.190 [SimpleAsyncTaskExecutor-2] INFO  o.s.a.rabbit.connection.CachingConnectionFactory - Attempting to connect to: [127.0.0.1:5672]
2019-01-21 23:58:22.190 [SimpleAsyncTaskExecutor-2] INFO  o.s.a.rabbit.connection.CachingConnectionFactory - Attempting to connect to: [127.0.0.1:5672]
2019-01-21 23:58:22.191 [SimpleAsyncTaskExecutor-2] INFO  o.s.a.rabbit.connection.CachingConnectionFactory - Attempting to connect to: [127.0.0.1:5672]
2019-01-21 23:58:22.192 [SimpleAsyncTaskExecutor-2] INFO  o.s.a.rabbit.connection.CachingConnectionFactory - Attempting to connect to: [127.0.0.1:5672]
2019-01-21 23:58:22.193 [SimpleAsyncTaskExecutor-2] INFO  o.s.a.rabbit.connection.CachingConnectionFactory - Attempting to connect to: [127.0.0.1:5672]
2019-01-21 23:58:22.196 [SimpleAsyncTaskExecutor-1] INFO  o.s.a.r.listener.SimpleMessageListenerContainer - Restarting Consumer@280c3dc0: tags=[[amq.ctag-eYDVkTaTSeycUt-yf3i9_g]], channel=Cached Rabbit Channel: PublisherCallbackChannelImpl: AMQChannel(amqp://admin@127.0.0.1:5672/,2), conn: Proxy@1b79df53 Shared Rabbit Connection: null, acknowledgeMode=AUTO local queue size=0
2019-01-21 23:58:22.198 [SimpleAsyncTaskExecutor-2] INFO  o.s.a.rabbit.connection.CachingConnectionFactory - Attempting to connect to: [127.0.0.1:5672]
2019-01-21 23:58:22.200 [SimpleAsyncTaskExecutor-2] INFO  o.s.a.rabbit.connection.CachingConnectionFactory - Attempting to connect to: [127.0.0.1:5672]
2019-01-21 23:58:27.271 [SimpleAsyncTaskExecutor-2] INFO  o.s.a.r.listener.SimpleMessageListenerContainer - Restarting Consumer@487f272c: tags=[[]], channel=null, acknowledgeMode=AUTO local queue size=0
2019-01-21 23:58:27.272 [SimpleAsyncTaskExecutor-3] INFO  o.s.a.rabbit.connection.CachingConnectionFactory - Attempting to connect to: [127.0.0.1:5672]
2019-01-21 23:58:27.277 [SimpleAsyncTaskExecutor-2] INFO  o.s.a.r.listener.SimpleMessageListenerContainer - Restarting Consumer@1181464c: tags=[[]], channel=null, acknowledgeMode=AUTO local queue size=0
2019-01-21 23:58:27.277 [SimpleAsyncTaskExecutor-2] INFO  o.s.a.r.listener.SimpleMessageListenerContainer - Restarting Consumer@6520aec8: tags=[[]], channel=null, acknowledgeMode=AUTO local queue size=0
2019-01-21 23:58:27.277 [SimpleAsyncTaskExecutor-2] INFO  o.s.a.r.listener.SimpleMessageListenerContainer - Restarting Consumer@189431e9: tags=[[]], channel=null, acknowledgeMode=AUTO local queue size=0
2019-01-21 23:58:27.277 [SimpleAsyncTaskExecutor-2] INFO  o.s.a.r.listener.SimpleMessageListenerContainer - Restarting Consumer@ca8de66: tags=[[]], channel=null, acknowledgeMode=AUTO local queue size=0
2019-01-21 23:58:27.277 [SimpleAsyncTaskExecutor-2] INFO  o.s.a.r.listener.SimpleMessageListenerContainer - Restarting Consumer@9d4b2af: tags=[[]], channel=null, acknowledgeMode=AUTO local queue size=0
2019-01-21 23:58:27.277 [SimpleAsyncTaskExecutor-2] INFO  o.s.a.r.listener.SimpleMessageListenerContainer - Restarting Consumer@1ebc8266: tags=[[]], channel=null, acknowledgeMode=AUTO local queue size=0
2019-01-21 23:58:27.277 [SimpleAsyncTaskExecutor-2] INFO  o.s.a.r.listener.SimpleMessageListenerContainer - Restarting Consumer@1741696d: tags=[[]], channel=null, acknowledgeMode=AUTO local queue size=0
2019-01-21 23:58:27.277 [SimpleAsyncTaskExecutor-2] INFO  o.s.a.r.listener.SimpleMessageListenerContainer - Restarting Consumer@46330a7f: tags=[[]], channel=null, acknowledgeMode=AUTO local queue size=0
2019-01-21 23:58:27.278 [SimpleAsyncTaskExecutor-3] INFO  o.s.a.rabbit.connection.CachingConnectionFactory - Attempting to connect to: [127.0.0.1:5672]
2019-01-21 23:58:27.280 [SimpleAsyncTaskExecutor-3] INFO  o.s.a.rabbit.connection.CachingConnectionFactory - Attempting to connect to: [127.0.0.1:5672]
2019-01-21 23:58:27.281 [SimpleAsyncTaskExecutor-3] INFO  o.s.a.rabbit.connection.CachingConnectionFactory - Attempting to connect to: [127.0.0.1:5672]
2019-01-21 23:58:27.281 [SimpleAsyncTaskExecutor-3] INFO  o.s.a.rabbit.connection.CachingConnectionFactory - Attempting to connect to: [127.0.0.1:5672]
2019-01-21 23:58:27.281 [SimpleAsyncTaskExecutor-3] INFO  o.s.a.rabbit.connection.CachingConnectionFactory - Attempting to connect to: [127.0.0.1:5672]
2019-01-21 23:58:27.282 [SimpleAsyncTaskExecutor-3] INFO  o.s.a.rabbit.connection.CachingConnectionFactory - Attempting to connect to: [127.0.0.1:5672]
2019-01-21 23:58:27.282 [SimpleAsyncTaskExecutor-3] INFO  o.s.a.rabbit.connection.CachingConnectionFactory - Attempting to connect to: [127.0.0.1:5672]
2019-01-21 23:58:27.283 [SimpleAsyncTaskExecutor-3] INFO  o.s.a.rabbit.connection.CachingConnectionFactory - Attempting to connect to: [127.0.0.1:5672]
2019-01-21 23:58:27.283 [SimpleAsyncTaskExecutor-3] INFO  o.s.a.rabbit.connection.CachingConnectionFactory - Attempting to connect to: [127.0.0.1:5672]
2019-01-21 23:58:27.283 [SimpleAsyncTaskExecutor-3] INFO  o.s.a.rabbit.connection.CachingConnectionFactory - Attempting to connect to: [127.0.0.1:5672]
2019-01-21 23:58:27.829 [Thread-21] INFO  o.s.a.r.listener.SimpleMessageListenerContainer - Waiting for workers to finish.
2019-01-21 23:58:27.829 [Thread-21] INFO  o.s.a.r.listener.SimpleMessageListenerContainer - Successfully waited for workers to finish.
2019-01-21 23:58:27.829 [Thread-21] INFO  o.s.a.r.listener.SimpleMessageListenerContainer - Waiting for workers to finish.
2019-01-21 23:58:27.829 [Thread-21] INFO  o.s.a.r.listener.SimpleMessageListenerContainer - Successfully waited for workers to finish.
2019-01-21 23:58:27.829 [Thread-21] INFO  o.s.a.r.listener.SimpleMessageListenerContainer - Waiting for workers to finish.
2019-01-21 23:58:27.829 [Thread-21] INFO  o.s.a.r.listener.SimpleMessageListenerContainer - Successfully waited for workers to finish.
2019-01-21 23:58:27.829 [Thread-21] INFO  o.s.a.r.listener.SimpleMessageListenerContainer - Waiting for workers to finish.
2019-01-21 23:58:27.829 [Thread-21] INFO  o.s.a.r.listener.SimpleMessageListenerContainer - Successfully waited for workers to finish.
2019-01-21 23:58:27.829 [Thread-21] INFO  o.s.a.r.listener.SimpleMessageListenerContainer - Waiting for workers to finish.
2019-01-21 23:58:27.829 [Thread-21] INFO  o.s.a.r.listener.SimpleMessageListenerContainer - Successfully waited for workers to finish.
2019-01-21 23:58:27.829 [Thread-21] INFO  o.s.a.r.listener.SimpleMessageListenerContainer - Waiting for workers to finish.
2019-01-21 23:58:27.830 [Thread-21] INFO  o.s.a.r.listener.SimpleMessageListenerContainer - Successfully waited for workers to finish.
2019-01-21 23:58:27.830 [Thread-21] INFO  o.s.a.r.listener.SimpleMessageListenerContainer - Waiting for workers to finish.
2019-01-21 23:58:27.830 [Thread-21] INFO  o.s.a.r.listener.SimpleMessageListenerContainer - Successfully waited for workers to finish.
2019-01-21 23:58:27.830 [Thread-21] INFO  o.s.a.r.listener.SimpleMessageListenerContainer - Waiting for workers to finish.
2019-01-21 23:58:27.830 [Thread-21] INFO  o.s.a.r.listener.SimpleMessageListenerContainer - Successfully waited for workers to finish.
2019-01-21 23:58:27.830 [Thread-21] INFO  o.s.a.r.listener.SimpleMessageListenerContainer - Waiting for workers to finish.
2019-01-21 23:58:27.830 [Thread-21] INFO  o.s.a.r.listener.SimpleMessageListenerContainer - Successfully waited for workers to finish.
2019-01-21 23:58:27.833 [Thread-21] INFO  o.s.a.r.listener.SimpleMessageListenerContainer - Shutdown ignored - container is not active already
2019-01-21 23:58:27.833 [Thread-21] INFO  o.s.a.r.listener.SimpleMessageListenerContainer - Shutdown ignored - container is not active already
2019-01-21 23:58:27.833 [Thread-21] INFO  o.s.a.r.listener.SimpleMessageListenerContainer - Shutdown ignored - container is not active already
2019-01-21 23:58:27.833 [Thread-21] INFO  o.s.a.r.listener.SimpleMessageListenerContainer - Shutdown ignored - container is not active already
2019-01-21 23:58:27.833 [Thread-21] INFO  o.s.a.r.listener.SimpleMessageListenerContainer - Shutdown ignored - container is not active already
2019-01-21 23:58:27.833 [Thread-21] INFO  o.s.a.r.listener.SimpleMessageListenerContainer - Shutdown ignored - container is not active already
2019-01-21 23:58:27.833 [Thread-21] INFO  o.s.a.r.listener.SimpleMessageListenerContainer - Shutdown ignored - container is not active already
2019-01-21 23:58:27.833 [Thread-21] INFO  o.s.a.r.listener.SimpleMessageListenerContainer - Shutdown ignored - container is not active already
2019-01-21 23:58:27.833 [Thread-21] INFO  o.s.a.r.listener.SimpleMessageListenerContainer - Shutdown ignored - container is not active already
2019-01-21 23:58:27.835 [Thread-21] INFO  o.s.scheduling.concurrent.ThreadPoolTaskExecutor - Shutting down ExecutorService 'applicationTaskExecutor'
2019-01-21 23:58:27.840 [Thread-21] INFO  o.a.s.session.mgt.AbstractValidatingSessionManager - Disabled session validation scheduler.
2019-01-21 23:58:27.845 [Thread-21] INFO  com.alibaba.druid.pool.DruidDataSource - {dataSource-1} closed
