2019-01-13 13:08:40.337 [main] WARN  org.mybatis.spring.mapper.ClassPathMapperScanner - Skipping MapperFactoryBean with name 'areaMapper' and 'com.forum.mapper.AreaMapper' mapperInterface. Bean already defined with the same name!
2019-01-13 13:08:40.338 [main] WARN  org.mybatis.spring.mapper.ClassPathMapperScanner - Skipping MapperFactoryBean with name 'authorityMapper' and 'com.forum.mapper.AuthorityMapper' mapperInterface. Bean already defined with the same name!
2019-01-13 13:08:40.338 [main] WARN  org.mybatis.spring.mapper.ClassPathMapperScanner - Skipping MapperFactoryBean with name 'dictionaryMapper' and 'com.forum.mapper.DictionaryMapper' mapperInterface. Bean already defined with the same name!
2019-01-13 13:08:40.338 [main] WARN  org.mybatis.spring.mapper.ClassPathMapperScanner - Skipping MapperFactoryBean with name 'followForumMapper' and 'com.forum.mapper.FollowForumMapper' mapperInterface. Bean already defined with the same name!
2019-01-13 13:08:40.338 [main] WARN  org.mybatis.spring.mapper.ClassPathMapperScanner - Skipping MapperFactoryBean with name 'followFriendMapper' and 'com.forum.mapper.FollowFriendMapper' mapperInterface. Bean already defined with the same name!
2019-01-13 13:08:40.338 [main] WARN  org.mybatis.spring.mapper.ClassPathMapperScanner - Skipping MapperFactoryBean with name 'forumListMapper' and 'com.forum.mapper.ForumListMapper' mapperInterface. Bean already defined with the same name!
2019-01-13 13:08:40.338 [main] WARN  org.mybatis.spring.mapper.ClassPathMapperScanner - Skipping MapperFactoryBean with name 'nonAuthemticateMapper' and 'com.forum.mapper.NonAuthemticateMapper' mapperInterface. Bean already defined with the same name!
2019-01-13 13:08:40.338 [main] WARN  org.mybatis.spring.mapper.ClassPathMapperScanner - Skipping MapperFactoryBean with name 'notificationMapper' and 'com.forum.mapper.NotificationMapper' mapperInterface. Bean already defined with the same name!
2019-01-13 13:08:40.338 [main] WARN  org.mybatis.spring.mapper.ClassPathMapperScanner - Skipping MapperFactoryBean with name 'postMapper' and 'com.forum.mapper.PostMapper' mapperInterface. Bean already defined with the same name!
2019-01-13 13:08:40.338 [main] WARN  org.mybatis.spring.mapper.ClassPathMapperScanner - Skipping MapperFactoryBean with name 'postReplyMapper' and 'com.forum.mapper.PostReplyMapper' mapperInterface. Bean already defined with the same name!
2019-01-13 13:08:40.339 [main] WARN  org.mybatis.spring.mapper.ClassPathMapperScanner - Skipping MapperFactoryBean with name 'replyFavouriteMapper' and 'com.forum.mapper.ReplyFavouriteMapper' mapperInterface. Bean already defined with the same name!
2019-01-13 13:08:40.339 [main] WARN  org.mybatis.spring.mapper.ClassPathMapperScanner - Skipping MapperFactoryBean with name 'roleAuthorityMapper' and 'com.forum.mapper.RoleAuthorityMapper' mapperInterface. Bean already defined with the same name!
2019-01-13 13:08:40.339 [main] WARN  org.mybatis.spring.mapper.ClassPathMapperScanner - Skipping MapperFactoryBean with name 'roleMapper' and 'com.forum.mapper.RoleMapper' mapperInterface. Bean already defined with the same name!
2019-01-13 13:08:40.339 [main] WARN  org.mybatis.spring.mapper.ClassPathMapperScanner - Skipping MapperFactoryBean with name 'sessionMapper' and 'com.forum.mapper.SessionMapper' mapperInterface. Bean already defined with the same name!
2019-01-13 13:08:40.339 [main] WARN  org.mybatis.spring.mapper.ClassPathMapperScanner - Skipping MapperFactoryBean with name 'userFollowMapper' and 'com.forum.mapper.UserFollowMapper' mapperInterface. Bean already defined with the same name!
2019-01-13 13:08:40.339 [main] WARN  org.mybatis.spring.mapper.ClassPathMapperScanner - Skipping MapperFactoryBean with name 'userForumListPostVOMapper' and 'com.forum.mapper.UserForumListPostVOMapper' mapperInterface. Bean already defined with the same name!
2019-01-13 13:08:40.339 [main] WARN  org.mybatis.spring.mapper.ClassPathMapperScanner - Skipping MapperFactoryBean with name 'userMapper' and 'com.forum.mapper.UserMapper' mapperInterface. Bean already defined with the same name!
2019-01-13 13:08:40.339 [main] WARN  org.mybatis.spring.mapper.ClassPathMapperScanner - Skipping MapperFactoryBean with name 'userPostReplyVOMapper' and 'com.forum.mapper.UserPostReplyVOMapper' mapperInterface. Bean already defined with the same name!
2019-01-13 13:08:40.339 [main] WARN  org.mybatis.spring.mapper.ClassPathMapperScanner - Skipping MapperFactoryBean with name 'userPostVOMapper' and 'com.forum.mapper.UserPostVOMapper' mapperInterface. Bean already defined with the same name!
2019-01-13 13:08:45.919 [main] WARN  org.thymeleaf.templatemode.TemplateMode - [THYMELEAF][main] Template Mode 'LEGACYHTML5' is deprecated. Using Template Mode 'HTML' instead.
2019-01-13 13:08:47.052 [main] WARN  s.d.s.w.readers.parameter.ParameterDataTypeReader - Trying to infer dataType java.lang.String[]
2019-01-13 13:08:47.056 [main] WARN  s.d.s.w.readers.parameter.ParameterDataTypeReader - Trying to infer dataType java.lang.String[]
2019-01-13 13:08:47.059 [main] WARN  s.d.s.w.readers.parameter.ParameterDataTypeReader - Trying to infer dataType java.lang.String[]
2019-01-13 13:08:47.062 [main] WARN  s.d.s.w.readers.parameter.ParameterDataTypeReader - Trying to infer dataType java.lang.String[]
2019-01-13 14:17:06.742 [main] WARN  org.mybatis.spring.mapper.ClassPathMapperScanner - Skipping MapperFactoryBean with name 'areaMapper' and 'com.forum.mapper.AreaMapper' mapperInterface. Bean already defined with the same name!
2019-01-13 14:17:06.744 [main] WARN  org.mybatis.spring.mapper.ClassPathMapperScanner - Skipping MapperFactoryBean with name 'authorityMapper' and 'com.forum.mapper.AuthorityMapper' mapperInterface. Bean already defined with the same name!
2019-01-13 14:17:06.748 [main] WARN  org.mybatis.spring.mapper.ClassPathMapperScanner - Skipping MapperFactoryBean with name 'dictionaryMapper' and 'com.forum.mapper.DictionaryMapper' mapperInterface. Bean already defined with the same name!
2019-01-13 14:17:06.749 [main] WARN  org.mybatis.spring.mapper.ClassPathMapperScanner - Skipping MapperFactoryBean with name 'followForumMapper' and 'com.forum.mapper.FollowForumMapper' mapperInterface. Bean already defined with the same name!
2019-01-13 14:17:06.749 [main] WARN  org.mybatis.spring.mapper.ClassPathMapperScanner - Skipping MapperFactoryBean with name 'followFriendMapper' and 'com.forum.mapper.FollowFriendMapper' mapperInterface. Bean already defined with the same name!
2019-01-13 14:17:06.750 [main] WARN  org.mybatis.spring.mapper.ClassPathMapperScanner - Skipping MapperFactoryBean with name 'forumListMapper' and 'com.forum.mapper.ForumListMapper' mapperInterface. Bean already defined with the same name!
2019-01-13 14:17:06.757 [main] WARN  org.mybatis.spring.mapper.ClassPathMapperScanner - Skipping MapperFactoryBean with name 'nonAuthemticateMapper' and 'com.forum.mapper.NonAuthemticateMapper' mapperInterface. Bean already defined with the same name!
2019-01-13 14:17:06.758 [main] WARN  org.mybatis.spring.mapper.ClassPathMapperScanner - Skipping MapperFactoryBean with name 'notificationMapper' and 'com.forum.mapper.NotificationMapper' mapperInterface. Bean already defined with the same name!
2019-01-13 14:17:06.758 [main] WARN  org.mybatis.spring.mapper.ClassPathMapperScanner - Skipping MapperFactoryBean with name 'postMapper' and 'com.forum.mapper.PostMapper' mapperInterface. Bean already defined with the same name!
2019-01-13 14:17:06.758 [main] WARN  org.mybatis.spring.mapper.ClassPathMapperScanner - Skipping MapperFactoryBean with name 'postReplyMapper' and 'com.forum.mapper.PostReplyMapper' mapperInterface. Bean already defined with the same name!
2019-01-13 14:17:06.759 [main] WARN  org.mybatis.spring.mapper.ClassPathMapperScanner - Skipping MapperFactoryBean with name 'replyFavouriteMapper' and 'com.forum.mapper.ReplyFavouriteMapper' mapperInterface. Bean already defined with the same name!
2019-01-13 14:17:06.759 [main] WARN  org.mybatis.spring.mapper.ClassPathMapperScanner - Skipping MapperFactoryBean with name 'roleAuthorityMapper' and 'com.forum.mapper.RoleAuthorityMapper' mapperInterface. Bean already defined with the same name!
2019-01-13 14:17:06.759 [main] WARN  org.mybatis.spring.mapper.ClassPathMapperScanner - Skipping MapperFactoryBean with name 'roleMapper' and 'com.forum.mapper.RoleMapper' mapperInterface. Bean already defined with the same name!
2019-01-13 14:17:06.759 [main] WARN  org.mybatis.spring.mapper.ClassPathMapperScanner - Skipping MapperFactoryBean with name 'sessionMapper' and 'com.forum.mapper.SessionMapper' mapperInterface. Bean already defined with the same name!
2019-01-13 14:17:06.762 [main] WARN  org.mybatis.spring.mapper.ClassPathMapperScanner - Skipping MapperFactoryBean with name 'userFollowMapper' and 'com.forum.mapper.UserFollowMapper' mapperInterface. Bean already defined with the same name!
2019-01-13 14:17:06.762 [main] WARN  org.mybatis.spring.mapper.ClassPathMapperScanner - Skipping MapperFactoryBean with name 'userForumListPostVOMapper' and 'com.forum.mapper.UserForumListPostVOMapper' mapperInterface. Bean already defined with the same name!
2019-01-13 14:17:06.762 [main] WARN  org.mybatis.spring.mapper.ClassPathMapperScanner - Skipping MapperFactoryBean with name 'userMapper' and 'com.forum.mapper.UserMapper' mapperInterface. Bean already defined with the same name!
2019-01-13 14:17:06.762 [main] WARN  org.mybatis.spring.mapper.ClassPathMapperScanner - Skipping MapperFactoryBean with name 'userPostReplyVOMapper' and 'com.forum.mapper.UserPostReplyVOMapper' mapperInterface. Bean already defined with the same name!
2019-01-13 14:17:06.762 [main] WARN  org.mybatis.spring.mapper.ClassPathMapperScanner - Skipping MapperFactoryBean with name 'userPostVOMapper' and 'com.forum.mapper.UserPostVOMapper' mapperInterface. Bean already defined with the same name!
2019-01-13 14:17:11.940 [main] WARN  org.thymeleaf.templatemode.TemplateMode - [THYMELEAF][main] Template Mode 'LEGACYHTML5' is deprecated. Using Template Mode 'HTML' instead.
2019-01-13 14:17:12.951 [main] WARN  s.d.s.w.readers.parameter.ParameterDataTypeReader - Trying to infer dataType java.lang.String[]
2019-01-13 14:17:12.955 [main] WARN  s.d.s.w.readers.parameter.ParameterDataTypeReader - Trying to infer dataType java.lang.String[]
2019-01-13 14:17:12.959 [main] WARN  s.d.s.w.readers.parameter.ParameterDataTypeReader - Trying to infer dataType java.lang.String[]
2019-01-13 14:17:12.962 [main] WARN  s.d.s.w.readers.parameter.ParameterDataTypeReader - Trying to infer dataType java.lang.String[]
2019-01-13 14:17:19.339 [http-nio-8080-exec-4] ERROR com.forum.service.aspect.ControllerLogAspect - >>>>>>>>>>>>>>>>>>>>>>>>>>>>>>>>>>>>开始异常捕捉<<<<<<<<<<<<<<<<<<<<<<<<<<<<<<<<<<<<<<<<<<<<<<<<

2019-01-13 14:17:19.339 [http-nio-8080-exec-4] ERROR com.forum.service.aspect.ControllerLogAspect - 异常时间 : 2019-01-13 14:17:19
2019-01-13 14:17:19.339 [http-nio-8080-exec-4] ERROR com.forum.service.aspect.ControllerLogAspect - 请求方法 : POST
2019-01-13 14:17:19.339 [http-nio-8080-exec-4] ERROR com.forum.service.aspect.ControllerLogAspect - 类方法 : com.forum.controller.ForumController.getSingleForumPostList
2019-01-13 14:17:19.340 [http-nio-8080-exec-4] ERROR com.forum.service.aspect.ControllerLogAspect - 请求URL: http://localhost:8080/user-forum/single-forum-postlist
2019-01-13 14:17:19.340 [http-nio-8080-exec-4] ERROR com.forum.service.aspect.ControllerLogAspect - 获得IP: 0:0:0:0:0:0:0:1
2019-01-13 14:17:19.340 [http-nio-8080-exec-4] ERROR com.forum.service.aspect.ControllerLogAspect - 参数: Arg -> (0)execution(Object com.forum.controller.ForumController.getSingleForumPostList(String,String,MessageCodeInfo,CommonInfo))
2019-01-13 14:17:19.340 [http-nio-8080-exec-4] ERROR com.forum.service.aspect.ControllerLogAspect - 请求参数: [fid:[2], page:[1]]
2019-01-13 14:17:19.341 [http-nio-8080-exec-4] ERROR com.forum.service.aspect.ControllerLogAspect - 用户名: admin
2019-01-13 14:17:19.341 [http-nio-8080-exec-4] ERROR com.forum.service.aspect.ControllerLogAspect - 异常:org.codehaus.groovy.runtime.typehandling.GroovyCastException: Cannot cast object 'com.forum.model.entity.ForumListEntity@77f7e25f' with class 'com.forum.model.entity.ForumListEntity' to class 'java.util.List'
2019-01-13 14:17:19.341 [http-nio-8080-exec-4] ERROR com.forum.service.aspect.ControllerLogAspect - 异常所在类：com.forum.controller.ForumController
2019-01-13 14:17:19.341 [http-nio-8080-exec-4] ERROR com.forum.service.aspect.ControllerLogAspect - 异常所在方法：getSingleForumPostList
2019-01-13 14:17:19.341 [http-nio-8080-exec-4] ERROR com.forum.service.aspect.ControllerLogAspect - 访问类型:Json
2019-01-13 14:17:19.341 [http-nio-8080-exec-4] ERROR com.forum.service.aspect.ControllerLogAspect - >>>>>>>>>>>>>>>>>>>>>>>>>>>>>>>>>>>>异常捕捉完成<<<<<<<<<<<<<<<<<<<<<<<<<<<<<<<<<<<<<<<<<<<<<<<<

2019-01-13 14:17:19.354 [http-nio-8080-exec-4] ERROR o.a.c.c.C.[.[localhost].[/].[dispatcherServlet] - Servlet.service() for servlet [dispatcherServlet] in context with path [] threw exception [Request processing failed; nested exception is org.codehaus.groovy.runtime.typehandling.GroovyCastException: Cannot cast object 'com.forum.model.entity.ForumListEntity@77f7e25f' with class 'com.forum.model.entity.ForumListEntity' to class 'java.util.List'] with root cause
org.codehaus.groovy.runtime.typehandling.GroovyCastException: Cannot cast object 'com.forum.model.entity.ForumListEntity@77f7e25f' with class 'com.forum.model.entity.ForumListEntity' to class 'java.util.List'
	at org.codehaus.groovy.runtime.typehandling.DefaultTypeTransformation.continueCastOnSAM(DefaultTypeTransformation.java:418)
	at org.codehaus.groovy.runtime.typehandling.DefaultTypeTransformation.continueCastOnNumber(DefaultTypeTransformation.java:332)
	at org.codehaus.groovy.runtime.typehandling.DefaultTypeTransformation.continueCastOnCollection(DefaultTypeTransformation.java:280)
	at org.codehaus.groovy.runtime.typehandling.DefaultTypeTransformation.castToType(DefaultTypeTransformation.java:232)
	at org.codehaus.groovy.runtime.ScriptBytecodeAdapter.castToType(ScriptBytecodeAdapter.java:616)
	at com.forum.service.impl.ForumServiceImpl.getSingleForumPostList(ForumServiceImpl.groovy:65)
	at com.forum.service.impl.ForumServiceImpl$$FastClassBySpringCGLIB$$ac10244f.invoke(<generated>)
	at org.springframework.cglib.proxy.MethodProxy.invoke(MethodProxy.java:218)
	at org.springframework.aop.framework.CglibAopProxy$CglibMethodInvocation.invokeJoinpoint(CglibAopProxy.java:746)
	at org.springframework.aop.framework.ReflectiveMethodInvocation.proceed(ReflectiveMethodInvocation.java:163)
	at org.springframework.transaction.interceptor.TransactionAspectSupport.invokeWithinTransaction(TransactionAspectSupport.java:294)
	at org.springframework.transaction.interceptor.TransactionInterceptor.invoke(TransactionInterceptor.java:98)
	at org.springframework.aop.framework.ReflectiveMethodInvocation.proceed(ReflectiveMethodInvocation.java:186)
	at org.springframework.aop.interceptor.ExposeInvocationInterceptor.invoke(ExposeInvocationInterceptor.java:93)
	at org.springframework.aop.framework.ReflectiveMethodInvocation.proceed(ReflectiveMethodInvocation.java:186)
	at org.springframework.aop.framework.CglibAopProxy$DynamicAdvisedInterceptor.intercept(CglibAopProxy.java:688)
	at com.forum.service.impl.ForumServiceImpl$$EnhancerBySpringCGLIB$$7f07499e.getSingleForumPostList(<generated>)
	at com.forum.service.impl.ForumServiceImpl$$FastClassBySpringCGLIB$$ac10244f.invoke(<generated>)
	at org.springframework.cglib.proxy.MethodProxy.invoke(MethodProxy.java:218)
	at org.springframework.aop.framework.CglibAopProxy$CglibMethodInvocation.invokeJoinpoint(CglibAopProxy.java:746)
	at org.springframework.aop.framework.ReflectiveMethodInvocation.proceed(ReflectiveMethodInvocation.java:163)
	at org.springframework.transaction.interceptor.TransactionAspectSupport.invokeWithinTransaction(TransactionAspectSupport.java:294)
	at org.springframework.transaction.interceptor.TransactionInterceptor.invoke(TransactionInterceptor.java:98)
	at org.springframework.aop.framework.ReflectiveMethodInvocation.proceed(ReflectiveMethodInvocation.java:186)
	at org.springframework.aop.framework.CglibAopProxy$DynamicAdvisedInterceptor.intercept(CglibAopProxy.java:688)
	at com.forum.service.impl.ForumServiceImpl$$EnhancerBySpringCGLIB$$b49aa63d.getSingleForumPostList(<generated>)
	at com.forum.service.ForumService$getSingleForumPostList$0.call(Unknown Source)
	at org.codehaus.groovy.runtime.callsite.CallSiteArray.defaultCall(CallSiteArray.java:47)
	at org.codehaus.groovy.runtime.callsite.AbstractCallSite.call(AbstractCallSite.java:116)
	at org.codehaus.groovy.runtime.callsite.AbstractCallSite.call(AbstractCallSite.java:136)
	at com.forum.controller.ForumController.getSingleForumPostList(ForumController.groovy:66)
	at com.forum.controller.ForumController$$FastClassBySpringCGLIB$$904e5ce5.invoke(<generated>)
	at org.springframework.cglib.proxy.MethodProxy.invoke(MethodProxy.java:218)
	at org.springframework.aop.framework.CglibAopProxy$CglibMethodInvocation.invokeJoinpoint(CglibAopProxy.java:746)
	at org.springframework.aop.framework.ReflectiveMethodInvocation.proceed(ReflectiveMethodInvocation.java:163)
	at org.springframework.aop.framework.adapter.MethodBeforeAdviceInterceptor.invoke(MethodBeforeAdviceInterceptor.java:56)
	at org.springframework.aop.framework.ReflectiveMethodInvocation.proceed(ReflectiveMethodInvocation.java:186)
	at org.springframework.aop.aspectj.MethodInvocationProceedingJoinPoint.proceed(MethodInvocationProceedingJoinPoint.java:88)
	at org.aspectj.lang.ProceedingJoinPoint$proceed.call(Unknown Source)
	at com.forum.service.aspect.ControllerLogAspect.doAround(ControllerLogAspect.groovy:70)
	at sun.reflect.NativeMethodAccessorImpl.invoke0(Native Method)
	at sun.reflect.NativeMethodAccessorImpl.invoke(NativeMethodAccessorImpl.java:62)
	at sun.reflect.DelegatingMethodAccessorImpl.invoke(DelegatingMethodAccessorImpl.java:43)
	at java.lang.reflect.Method.invoke(Method.java:498)
	at org.springframework.aop.aspectj.AbstractAspectJAdvice.invokeAdviceMethodWithGivenArgs(AbstractAspectJAdvice.java:644)
	at org.springframework.aop.aspectj.AbstractAspectJAdvice.invokeAdviceMethod(AbstractAspectJAdvice.java:633)
	at org.springframework.aop.aspectj.AspectJAroundAdvice.invoke(AspectJAroundAdvice.java:70)
	at org.springframework.aop.framework.ReflectiveMethodInvocation.proceed(ReflectiveMethodInvocation.java:186)
	at org.springframework.aop.framework.adapter.AfterReturningAdviceInterceptor.invoke(AfterReturningAdviceInterceptor.java:55)
	at org.springframework.aop.framework.ReflectiveMethodInvocation.proceed(ReflectiveMethodInvocation.java:186)
	at org.springframework.aop.aspectj.AspectJAfterThrowingAdvice.invoke(AspectJAfterThrowingAdvice.java:62)
	at org.springframework.aop.framework.ReflectiveMethodInvocation.proceed(ReflectiveMethodInvocation.java:186)
	at org.springframework.aop.interceptor.ExposeInvocationInterceptor.invoke(ExposeInvocationInterceptor.java:93)
	at org.springframework.aop.framework.ReflectiveMethodInvocation.proceed(ReflectiveMethodInvocation.java:186)
	at org.springframework.aop.framework.CglibAopProxy$DynamicAdvisedInterceptor.intercept(CglibAopProxy.java:688)
	at com.forum.controller.ForumController$$EnhancerBySpringCGLIB$$de3ff180.getSingleForumPostList(<generated>)
	at sun.reflect.NativeMethodAccessorImpl.invoke0(Native Method)
	at sun.reflect.NativeMethodAccessorImpl.invoke(NativeMethodAccessorImpl.java:62)
	at sun.reflect.DelegatingMethodAccessorImpl.invoke(DelegatingMethodAccessorImpl.java:43)
	at java.lang.reflect.Method.invoke(Method.java:498)
	at org.springframework.web.method.support.InvocableHandlerMethod.doInvoke(InvocableHandlerMethod.java:215)
	at org.springframework.web.method.support.InvocableHandlerMethod.invokeForRequest(InvocableHandlerMethod.java:142)
	at org.springframework.web.servlet.mvc.method.annotation.ServletInvocableHandlerMethod.invokeAndHandle(ServletInvocableHandlerMethod.java:102)
	at org.springframework.web.servlet.mvc.method.annotation.RequestMappingHandlerAdapter.invokeHandlerMethod(RequestMappingHandlerAdapter.java:895)
	at org.springframework.web.servlet.mvc.method.annotation.RequestMappingHandlerAdapter.handleInternal(RequestMappingHandlerAdapter.java:800)
	at org.springframework.web.servlet.mvc.method.AbstractHandlerMethodAdapter.handle(AbstractHandlerMethodAdapter.java:87)
	at org.springframework.web.servlet.DispatcherServlet.doDispatch(DispatcherServlet.java:1038)
	at org.springframework.web.servlet.DispatcherServlet.doService(DispatcherServlet.java:942)
	at org.springframework.web.servlet.FrameworkServlet.processRequest(FrameworkServlet.java:998)
	at org.springframework.web.servlet.FrameworkServlet.doPost(FrameworkServlet.java:901)
	at javax.servlet.http.HttpServlet.service(HttpServlet.java:660)
	at org.springframework.web.servlet.FrameworkServlet.service(FrameworkServlet.java:875)
	at javax.servlet.http.HttpServlet.service(HttpServlet.java:741)
	at org.apache.catalina.core.ApplicationFilterChain.internalDoFilter(ApplicationFilterChain.java:231)
	at org.apache.catalina.core.ApplicationFilterChain.doFilter(ApplicationFilterChain.java:166)
	at org.apache.tomcat.websocket.server.WsFilter.doFilter(WsFilter.java:53)
	at org.apache.catalina.core.ApplicationFilterChain.internalDoFilter(ApplicationFilterChain.java:193)
	at org.apache.catalina.core.ApplicationFilterChain.doFilter(ApplicationFilterChain.java:166)
	at org.apache.shiro.web.servlet.AdviceFilter.executeChain(AdviceFilter.java:108)
	at org.apache.shiro.web.servlet.AdviceFilter.doFilterInternal(AdviceFilter.java:137)
	at org.apache.shiro.web.servlet.OncePerRequestFilter.doFilter(OncePerRequestFilter.java:125)
	at org.apache.catalina.core.ApplicationFilterChain.internalDoFilter(ApplicationFilterChain.java:193)
	at org.apache.catalina.core.ApplicationFilterChain.doFilter(ApplicationFilterChain.java:166)
	at org.apache.shiro.web.servlet.AdviceFilter.executeChain(AdviceFilter.java:108)
	at org.apache.shiro.web.servlet.AdviceFilter.doFilterInternal(AdviceFilter.java:137)
	at org.apache.shiro.web.servlet.OncePerRequestFilter.doFilter(OncePerRequestFilter.java:125)
	at org.apache.catalina.core.ApplicationFilterChain.internalDoFilter(ApplicationFilterChain.java:193)
	at org.apache.catalina.core.ApplicationFilterChain.doFilter(ApplicationFilterChain.java:166)
	at org.apache.shiro.web.servlet.OncePerRequestFilter.doFilter(OncePerRequestFilter.java:112)
	at org.apache.catalina.core.ApplicationFilterChain.internalDoFilter(ApplicationFilterChain.java:193)
	at org.apache.catalina.core.ApplicationFilterChain.doFilter(ApplicationFilterChain.java:166)
	at org.apache.shiro.web.servlet.ProxiedFilterChain.doFilter(ProxiedFilterChain.java:61)
	at org.apache.shiro.web.servlet.AdviceFilter.executeChain(AdviceFilter.java:108)
	at org.apache.shiro.web.servlet.AdviceFilter.doFilterInternal(AdviceFilter.java:137)
	at org.apache.shiro.web.servlet.OncePerRequestFilter.doFilter(OncePerRequestFilter.java:125)
	at org.apache.shiro.web.servlet.ProxiedFilterChain.doFilter(ProxiedFilterChain.java:66)
	at org.apache.shiro.web.servlet.AbstractShiroFilter.executeChain(AbstractShiroFilter.java:449)
	at org.apache.shiro.web.servlet.AbstractShiroFilter$1.call(AbstractShiroFilter.java:365)
	at org.apache.shiro.subject.support.SubjectCallable.doCall(SubjectCallable.java:90)
	at org.apache.shiro.subject.support.SubjectCallable.call(SubjectCallable.java:83)
	at org.apache.shiro.subject.support.DelegatingSubject.execute(DelegatingSubject.java:387)
	at org.apache.shiro.web.servlet.AbstractShiroFilter.doFilterInternal(AbstractShiroFilter.java:362)
	at org.apache.shiro.web.servlet.OncePerRequestFilter.doFilter(OncePerRequestFilter.java:125)
	at org.springframework.web.filter.DelegatingFilterProxy.invokeDelegate(DelegatingFilterProxy.java:357)
	at org.springframework.web.filter.DelegatingFilterProxy.doFilter(DelegatingFilterProxy.java:270)
	at org.apache.catalina.core.ApplicationFilterChain.internalDoFilter(ApplicationFilterChain.java:193)
	at org.apache.catalina.core.ApplicationFilterChain.doFilter(ApplicationFilterChain.java:166)
	at com.alibaba.druid.support.http.WebStatFilter.doFilter(WebStatFilter.java:123)
	at org.apache.catalina.core.ApplicationFilterChain.internalDoFilter(ApplicationFilterChain.java:193)
	at org.apache.catalina.core.ApplicationFilterChain.doFilter(ApplicationFilterChain.java:166)
	at org.springframework.web.filter.RequestContextFilter.doFilterInternal(RequestContextFilter.java:99)
	at org.springframework.web.filter.OncePerRequestFilter.doFilter(OncePerRequestFilter.java:107)
	at org.apache.catalina.core.ApplicationFilterChain.internalDoFilter(ApplicationFilterChain.java:193)
	at org.apache.catalina.core.ApplicationFilterChain.doFilter(ApplicationFilterChain.java:166)
	at org.springframework.web.filter.FormContentFilter.doFilterInternal(FormContentFilter.java:92)
	at org.springframework.web.filter.OncePerRequestFilter.doFilter(OncePerRequestFilter.java:107)
	at org.apache.catalina.core.ApplicationFilterChain.internalDoFilter(ApplicationFilterChain.java:193)
	at org.apache.catalina.core.ApplicationFilterChain.doFilter(ApplicationFilterChain.java:166)
	at org.springframework.web.filter.HiddenHttpMethodFilter.doFilterInternal(HiddenHttpMethodFilter.java:93)
	at org.springframework.web.filter.OncePerRequestFilter.doFilter(OncePerRequestFilter.java:107)
	at org.apache.catalina.core.ApplicationFilterChain.internalDoFilter(ApplicationFilterChain.java:193)
	at org.apache.catalina.core.ApplicationFilterChain.doFilter(ApplicationFilterChain.java:166)
	at org.springframework.web.filter.CharacterEncodingFilter.doFilterInternal(CharacterEncodingFilter.java:200)
	at org.springframework.web.filter.OncePerRequestFilter.doFilter(OncePerRequestFilter.java:107)
	at org.apache.catalina.core.ApplicationFilterChain.internalDoFilter(ApplicationFilterChain.java:193)
	at org.apache.catalina.core.ApplicationFilterChain.doFilter(ApplicationFilterChain.java:166)
	at org.apache.catalina.core.StandardWrapperValve.invoke(StandardWrapperValve.java:199)
	at org.apache.catalina.core.StandardContextValve.invoke(StandardContextValve.java:96)
	at org.apache.catalina.authenticator.AuthenticatorBase.invoke(AuthenticatorBase.java:490)
	at org.apache.catalina.core.StandardHostValve.invoke(StandardHostValve.java:139)
	at org.apache.catalina.valves.ErrorReportValve.invoke(ErrorReportValve.java:92)
	at org.apache.catalina.core.StandardEngineValve.invoke(StandardEngineValve.java:74)
	at org.apache.catalina.connector.CoyoteAdapter.service(CoyoteAdapter.java:343)
	at org.apache.coyote.http11.Http11Processor.service(Http11Processor.java:408)
	at org.apache.coyote.AbstractProcessorLight.process(AbstractProcessorLight.java:66)
	at org.apache.coyote.AbstractProtocol$ConnectionHandler.process(AbstractProtocol.java:770)
	at org.apache.tomcat.util.net.NioEndpoint$SocketProcessor.doRun(NioEndpoint.java:1415)
	at org.apache.tomcat.util.net.SocketProcessorBase.run(SocketProcessorBase.java:49)
	at java.util.concurrent.ThreadPoolExecutor.runWorker(ThreadPoolExecutor.java:1142)
	at java.util.concurrent.ThreadPoolExecutor$Worker.run(ThreadPoolExecutor.java:617)
	at org.apache.tomcat.util.threads.TaskThread$WrappingRunnable.run(TaskThread.java:61)
	at java.lang.Thread.run(Thread.java:745)
2019-01-13 14:19:13.385 [main] WARN  org.mybatis.spring.mapper.ClassPathMapperScanner - Skipping MapperFactoryBean with name 'areaMapper' and 'com.forum.mapper.AreaMapper' mapperInterface. Bean already defined with the same name!
2019-01-13 14:19:13.385 [main] WARN  org.mybatis.spring.mapper.ClassPathMapperScanner - Skipping MapperFactoryBean with name 'authorityMapper' and 'com.forum.mapper.AuthorityMapper' mapperInterface. Bean already defined with the same name!
2019-01-13 14:19:13.385 [main] WARN  org.mybatis.spring.mapper.ClassPathMapperScanner - Skipping MapperFactoryBean with name 'dictionaryMapper' and 'com.forum.mapper.DictionaryMapper' mapperInterface. Bean already defined with the same name!
2019-01-13 14:19:13.385 [main] WARN  org.mybatis.spring.mapper.ClassPathMapperScanner - Skipping MapperFactoryBean with name 'followForumMapper' and 'com.forum.mapper.FollowForumMapper' mapperInterface. Bean already defined with the same name!
2019-01-13 14:19:13.385 [main] WARN  org.mybatis.spring.mapper.ClassPathMapperScanner - Skipping MapperFactoryBean with name 'followFriendMapper' and 'com.forum.mapper.FollowFriendMapper' mapperInterface. Bean already defined with the same name!
2019-01-13 14:19:13.386 [main] WARN  org.mybatis.spring.mapper.ClassPathMapperScanner - Skipping MapperFactoryBean with name 'forumListMapper' and 'com.forum.mapper.ForumListMapper' mapperInterface. Bean already defined with the same name!
2019-01-13 14:19:13.386 [main] WARN  org.mybatis.spring.mapper.ClassPathMapperScanner - Skipping MapperFactoryBean with name 'nonAuthemticateMapper' and 'com.forum.mapper.NonAuthemticateMapper' mapperInterface. Bean already defined with the same name!
2019-01-13 14:19:13.386 [main] WARN  org.mybatis.spring.mapper.ClassPathMapperScanner - Skipping MapperFactoryBean with name 'notificationMapper' and 'com.forum.mapper.NotificationMapper' mapperInterface. Bean already defined with the same name!
2019-01-13 14:19:13.386 [main] WARN  org.mybatis.spring.mapper.ClassPathMapperScanner - Skipping MapperFactoryBean with name 'postMapper' and 'com.forum.mapper.PostMapper' mapperInterface. Bean already defined with the same name!
2019-01-13 14:19:13.386 [main] WARN  org.mybatis.spring.mapper.ClassPathMapperScanner - Skipping MapperFactoryBean with name 'postReplyMapper' and 'com.forum.mapper.PostReplyMapper' mapperInterface. Bean already defined with the same name!
2019-01-13 14:19:13.386 [main] WARN  org.mybatis.spring.mapper.ClassPathMapperScanner - Skipping MapperFactoryBean with name 'replyFavouriteMapper' and 'com.forum.mapper.ReplyFavouriteMapper' mapperInterface. Bean already defined with the same name!
2019-01-13 14:19:13.386 [main] WARN  org.mybatis.spring.mapper.ClassPathMapperScanner - Skipping MapperFactoryBean with name 'roleAuthorityMapper' and 'com.forum.mapper.RoleAuthorityMapper' mapperInterface. Bean already defined with the same name!
2019-01-13 14:19:13.387 [main] WARN  org.mybatis.spring.mapper.ClassPathMapperScanner - Skipping MapperFactoryBean with name 'roleMapper' and 'com.forum.mapper.RoleMapper' mapperInterface. Bean already defined with the same name!
2019-01-13 14:19:13.387 [main] WARN  org.mybatis.spring.mapper.ClassPathMapperScanner - Skipping MapperFactoryBean with name 'sessionMapper' and 'com.forum.mapper.SessionMapper' mapperInterface. Bean already defined with the same name!
2019-01-13 14:19:13.388 [main] WARN  org.mybatis.spring.mapper.ClassPathMapperScanner - Skipping MapperFactoryBean with name 'userFollowMapper' and 'com.forum.mapper.UserFollowMapper' mapperInterface. Bean already defined with the same name!
2019-01-13 14:19:13.388 [main] WARN  org.mybatis.spring.mapper.ClassPathMapperScanner - Skipping MapperFactoryBean with name 'userForumListPostVOMapper' and 'com.forum.mapper.UserForumListPostVOMapper' mapperInterface. Bean already defined with the same name!
2019-01-13 14:19:13.388 [main] WARN  org.mybatis.spring.mapper.ClassPathMapperScanner - Skipping MapperFactoryBean with name 'userMapper' and 'com.forum.mapper.UserMapper' mapperInterface. Bean already defined with the same name!
2019-01-13 14:19:13.388 [main] WARN  org.mybatis.spring.mapper.ClassPathMapperScanner - Skipping MapperFactoryBean with name 'userPostReplyVOMapper' and 'com.forum.mapper.UserPostReplyVOMapper' mapperInterface. Bean already defined with the same name!
2019-01-13 14:19:13.388 [main] WARN  org.mybatis.spring.mapper.ClassPathMapperScanner - Skipping MapperFactoryBean with name 'userPostVOMapper' and 'com.forum.mapper.UserPostVOMapper' mapperInterface. Bean already defined with the same name!
2019-01-13 14:19:18.589 [main] WARN  org.thymeleaf.templatemode.TemplateMode - [THYMELEAF][main] Template Mode 'LEGACYHTML5' is deprecated. Using Template Mode 'HTML' instead.
2019-01-13 14:19:19.790 [main] WARN  s.d.s.w.readers.parameter.ParameterDataTypeReader - Trying to infer dataType java.lang.String[]
2019-01-13 14:19:19.793 [main] WARN  s.d.s.w.readers.parameter.ParameterDataTypeReader - Trying to infer dataType java.lang.String[]
2019-01-13 14:19:19.797 [main] WARN  s.d.s.w.readers.parameter.ParameterDataTypeReader - Trying to infer dataType java.lang.String[]
2019-01-13 14:19:19.801 [main] WARN  s.d.s.w.readers.parameter.ParameterDataTypeReader - Trying to infer dataType java.lang.String[]
2019-01-13 14:20:55.160 [main] WARN  org.mybatis.spring.mapper.ClassPathMapperScanner - Skipping MapperFactoryBean with name 'areaMapper' and 'com.forum.mapper.AreaMapper' mapperInterface. Bean already defined with the same name!
2019-01-13 14:20:55.160 [main] WARN  org.mybatis.spring.mapper.ClassPathMapperScanner - Skipping MapperFactoryBean with name 'authorityMapper' and 'com.forum.mapper.AuthorityMapper' mapperInterface. Bean already defined with the same name!
2019-01-13 14:20:55.160 [main] WARN  org.mybatis.spring.mapper.ClassPathMapperScanner - Skipping MapperFactoryBean with name 'dictionaryMapper' and 'com.forum.mapper.DictionaryMapper' mapperInterface. Bean already defined with the same name!
2019-01-13 14:20:55.161 [main] WARN  org.mybatis.spring.mapper.ClassPathMapperScanner - Skipping MapperFactoryBean with name 'followForumMapper' and 'com.forum.mapper.FollowForumMapper' mapperInterface. Bean already defined with the same name!
2019-01-13 14:20:55.161 [main] WARN  org.mybatis.spring.mapper.ClassPathMapperScanner - Skipping MapperFactoryBean with name 'followFriendMapper' and 'com.forum.mapper.FollowFriendMapper' mapperInterface. Bean already defined with the same name!
2019-01-13 14:20:55.161 [main] WARN  org.mybatis.spring.mapper.ClassPathMapperScanner - Skipping MapperFactoryBean with name 'forumListMapper' and 'com.forum.mapper.ForumListMapper' mapperInterface. Bean already defined with the same name!
2019-01-13 14:20:55.161 [main] WARN  org.mybatis.spring.mapper.ClassPathMapperScanner - Skipping MapperFactoryBean with name 'nonAuthemticateMapper' and 'com.forum.mapper.NonAuthemticateMapper' mapperInterface. Bean already defined with the same name!
2019-01-13 14:20:55.161 [main] WARN  org.mybatis.spring.mapper.ClassPathMapperScanner - Skipping MapperFactoryBean with name 'notificationMapper' and 'com.forum.mapper.NotificationMapper' mapperInterface. Bean already defined with the same name!
2019-01-13 14:20:55.161 [main] WARN  org.mybatis.spring.mapper.ClassPathMapperScanner - Skipping MapperFactoryBean with name 'postMapper' and 'com.forum.mapper.PostMapper' mapperInterface. Bean already defined with the same name!
2019-01-13 14:20:55.161 [main] WARN  org.mybatis.spring.mapper.ClassPathMapperScanner - Skipping MapperFactoryBean with name 'postReplyMapper' and 'com.forum.mapper.PostReplyMapper' mapperInterface. Bean already defined with the same name!
2019-01-13 14:20:55.161 [main] WARN  org.mybatis.spring.mapper.ClassPathMapperScanner - Skipping MapperFactoryBean with name 'replyFavouriteMapper' and 'com.forum.mapper.ReplyFavouriteMapper' mapperInterface. Bean already defined with the same name!
2019-01-13 14:20:55.162 [main] WARN  org.mybatis.spring.mapper.ClassPathMapperScanner - Skipping MapperFactoryBean with name 'roleAuthorityMapper' and 'com.forum.mapper.RoleAuthorityMapper' mapperInterface. Bean already defined with the same name!
2019-01-13 14:20:55.162 [main] WARN  org.mybatis.spring.mapper.ClassPathMapperScanner - Skipping MapperFactoryBean with name 'roleMapper' and 'com.forum.mapper.RoleMapper' mapperInterface. Bean already defined with the same name!
2019-01-13 14:20:55.162 [main] WARN  org.mybatis.spring.mapper.ClassPathMapperScanner - Skipping MapperFactoryBean with name 'sessionMapper' and 'com.forum.mapper.SessionMapper' mapperInterface. Bean already defined with the same name!
2019-01-13 14:20:55.162 [main] WARN  org.mybatis.spring.mapper.ClassPathMapperScanner - Skipping MapperFactoryBean with name 'userFollowMapper' and 'com.forum.mapper.UserFollowMapper' mapperInterface. Bean already defined with the same name!
2019-01-13 14:20:55.162 [main] WARN  org.mybatis.spring.mapper.ClassPathMapperScanner - Skipping MapperFactoryBean with name 'userForumListPostVOMapper' and 'com.forum.mapper.UserForumListPostVOMapper' mapperInterface. Bean already defined with the same name!
2019-01-13 14:20:55.162 [main] WARN  org.mybatis.spring.mapper.ClassPathMapperScanner - Skipping MapperFactoryBean with name 'userMapper' and 'com.forum.mapper.UserMapper' mapperInterface. Bean already defined with the same name!
2019-01-13 14:20:55.162 [main] WARN  org.mybatis.spring.mapper.ClassPathMapperScanner - Skipping MapperFactoryBean with name 'userPostReplyVOMapper' and 'com.forum.mapper.UserPostReplyVOMapper' mapperInterface. Bean already defined with the same name!
2019-01-13 14:20:55.162 [main] WARN  org.mybatis.spring.mapper.ClassPathMapperScanner - Skipping MapperFactoryBean with name 'userPostVOMapper' and 'com.forum.mapper.UserPostVOMapper' mapperInterface. Bean already defined with the same name!
2019-01-13 14:21:00.457 [main] WARN  org.thymeleaf.templatemode.TemplateMode - [THYMELEAF][main] Template Mode 'LEGACYHTML5' is deprecated. Using Template Mode 'HTML' instead.
2019-01-13 14:21:01.596 [main] WARN  s.d.s.w.readers.parameter.ParameterDataTypeReader - Trying to infer dataType java.lang.String[]
2019-01-13 14:21:01.600 [main] WARN  s.d.s.w.readers.parameter.ParameterDataTypeReader - Trying to infer dataType java.lang.String[]
2019-01-13 14:21:01.603 [main] WARN  s.d.s.w.readers.parameter.ParameterDataTypeReader - Trying to infer dataType java.lang.String[]
2019-01-13 14:21:01.607 [main] WARN  s.d.s.w.readers.parameter.ParameterDataTypeReader - Trying to infer dataType java.lang.String[]
2019-01-13 14:23:40.175 [main] WARN  org.mybatis.spring.mapper.ClassPathMapperScanner - Skipping MapperFactoryBean with name 'areaMapper' and 'com.forum.mapper.AreaMapper' mapperInterface. Bean already defined with the same name!
2019-01-13 14:23:40.175 [main] WARN  org.mybatis.spring.mapper.ClassPathMapperScanner - Skipping MapperFactoryBean with name 'authorityMapper' and 'com.forum.mapper.AuthorityMapper' mapperInterface. Bean already defined with the same name!
2019-01-13 14:23:40.175 [main] WARN  org.mybatis.spring.mapper.ClassPathMapperScanner - Skipping MapperFactoryBean with name 'dictionaryMapper' and 'com.forum.mapper.DictionaryMapper' mapperInterface. Bean already defined with the same name!
2019-01-13 14:23:40.176 [main] WARN  org.mybatis.spring.mapper.ClassPathMapperScanner - Skipping MapperFactoryBean with name 'followForumMapper' and 'com.forum.mapper.FollowForumMapper' mapperInterface. Bean already defined with the same name!
2019-01-13 14:23:40.176 [main] WARN  org.mybatis.spring.mapper.ClassPathMapperScanner - Skipping MapperFactoryBean with name 'followFriendMapper' and 'com.forum.mapper.FollowFriendMapper' mapperInterface. Bean already defined with the same name!
2019-01-13 14:23:40.176 [main] WARN  org.mybatis.spring.mapper.ClassPathMapperScanner - Skipping MapperFactoryBean with name 'forumListMapper' and 'com.forum.mapper.ForumListMapper' mapperInterface. Bean already defined with the same name!
2019-01-13 14:23:40.176 [main] WARN  org.mybatis.spring.mapper.ClassPathMapperScanner - Skipping MapperFactoryBean with name 'nonAuthemticateMapper' and 'com.forum.mapper.NonAuthemticateMapper' mapperInterface. Bean already defined with the same name!
2019-01-13 14:23:40.176 [main] WARN  org.mybatis.spring.mapper.ClassPathMapperScanner - Skipping MapperFactoryBean with name 'notificationMapper' and 'com.forum.mapper.NotificationMapper' mapperInterface. Bean already defined with the same name!
2019-01-13 14:23:40.176 [main] WARN  org.mybatis.spring.mapper.ClassPathMapperScanner - Skipping MapperFactoryBean with name 'postMapper' and 'com.forum.mapper.PostMapper' mapperInterface. Bean already defined with the same name!
2019-01-13 14:23:40.176 [main] WARN  org.mybatis.spring.mapper.ClassPathMapperScanner - Skipping MapperFactoryBean with name 'postReplyMapper' and 'com.forum.mapper.PostReplyMapper' mapperInterface. Bean already defined with the same name!
2019-01-13 14:23:40.176 [main] WARN  org.mybatis.spring.mapper.ClassPathMapperScanner - Skipping MapperFactoryBean with name 'replyFavouriteMapper' and 'com.forum.mapper.ReplyFavouriteMapper' mapperInterface. Bean already defined with the same name!
2019-01-13 14:23:40.176 [main] WARN  org.mybatis.spring.mapper.ClassPathMapperScanner - Skipping MapperFactoryBean with name 'roleAuthorityMapper' and 'com.forum.mapper.RoleAuthorityMapper' mapperInterface. Bean already defined with the same name!
2019-01-13 14:23:40.176 [main] WARN  org.mybatis.spring.mapper.ClassPathMapperScanner - Skipping MapperFactoryBean with name 'roleMapper' and 'com.forum.mapper.RoleMapper' mapperInterface. Bean already defined with the same name!
2019-01-13 14:23:40.177 [main] WARN  org.mybatis.spring.mapper.ClassPathMapperScanner - Skipping MapperFactoryBean with name 'sessionMapper' and 'com.forum.mapper.SessionMapper' mapperInterface. Bean already defined with the same name!
2019-01-13 14:23:40.177 [main] WARN  org.mybatis.spring.mapper.ClassPathMapperScanner - Skipping MapperFactoryBean with name 'userFollowMapper' and 'com.forum.mapper.UserFollowMapper' mapperInterface. Bean already defined with the same name!
2019-01-13 14:23:40.177 [main] WARN  org.mybatis.spring.mapper.ClassPathMapperScanner - Skipping MapperFactoryBean with name 'userForumListPostVOMapper' and 'com.forum.mapper.UserForumListPostVOMapper' mapperInterface. Bean already defined with the same name!
2019-01-13 14:23:40.177 [main] WARN  org.mybatis.spring.mapper.ClassPathMapperScanner - Skipping MapperFactoryBean with name 'userMapper' and 'com.forum.mapper.UserMapper' mapperInterface. Bean already defined with the same name!
2019-01-13 14:23:40.177 [main] WARN  org.mybatis.spring.mapper.ClassPathMapperScanner - Skipping MapperFactoryBean with name 'userPostReplyVOMapper' and 'com.forum.mapper.UserPostReplyVOMapper' mapperInterface. Bean already defined with the same name!
2019-01-13 14:23:40.177 [main] WARN  org.mybatis.spring.mapper.ClassPathMapperScanner - Skipping MapperFactoryBean with name 'userPostVOMapper' and 'com.forum.mapper.UserPostVOMapper' mapperInterface. Bean already defined with the same name!
2019-01-13 14:23:44.904 [main] WARN  org.thymeleaf.templatemode.TemplateMode - [THYMELEAF][main] Template Mode 'LEGACYHTML5' is deprecated. Using Template Mode 'HTML' instead.
2019-01-13 14:23:45.934 [main] WARN  s.d.s.w.readers.parameter.ParameterDataTypeReader - Trying to infer dataType java.lang.String[]
2019-01-13 14:23:45.939 [main] WARN  s.d.s.w.readers.parameter.ParameterDataTypeReader - Trying to infer dataType java.lang.String[]
2019-01-13 14:23:45.944 [main] WARN  s.d.s.w.readers.parameter.ParameterDataTypeReader - Trying to infer dataType java.lang.String[]
2019-01-13 14:23:45.948 [main] WARN  s.d.s.w.readers.parameter.ParameterDataTypeReader - Trying to infer dataType java.lang.String[]
2019-01-13 14:24:35.251 [main] WARN  org.mybatis.spring.mapper.ClassPathMapperScanner - Skipping MapperFactoryBean with name 'areaMapper' and 'com.forum.mapper.AreaMapper' mapperInterface. Bean already defined with the same name!
2019-01-13 14:24:35.251 [main] WARN  org.mybatis.spring.mapper.ClassPathMapperScanner - Skipping MapperFactoryBean with name 'authorityMapper' and 'com.forum.mapper.AuthorityMapper' mapperInterface. Bean already defined with the same name!
2019-01-13 14:24:35.252 [main] WARN  org.mybatis.spring.mapper.ClassPathMapperScanner - Skipping MapperFactoryBean with name 'dictionaryMapper' and 'com.forum.mapper.DictionaryMapper' mapperInterface. Bean already defined with the same name!
2019-01-13 14:24:35.252 [main] WARN  org.mybatis.spring.mapper.ClassPathMapperScanner - Skipping MapperFactoryBean with name 'followForumMapper' and 'com.forum.mapper.FollowForumMapper' mapperInterface. Bean already defined with the same name!
2019-01-13 14:24:35.252 [main] WARN  org.mybatis.spring.mapper.ClassPathMapperScanner - Skipping MapperFactoryBean with name 'followFriendMapper' and 'com.forum.mapper.FollowFriendMapper' mapperInterface. Bean already defined with the same name!
2019-01-13 14:24:35.252 [main] WARN  org.mybatis.spring.mapper.ClassPathMapperScanner - Skipping MapperFactoryBean with name 'forumListMapper' and 'com.forum.mapper.ForumListMapper' mapperInterface. Bean already defined with the same name!
2019-01-13 14:24:35.252 [main] WARN  org.mybatis.spring.mapper.ClassPathMapperScanner - Skipping MapperFactoryBean with name 'nonAuthemticateMapper' and 'com.forum.mapper.NonAuthemticateMapper' mapperInterface. Bean already defined with the same name!
2019-01-13 14:24:35.252 [main] WARN  org.mybatis.spring.mapper.ClassPathMapperScanner - Skipping MapperFactoryBean with name 'notificationMapper' and 'com.forum.mapper.NotificationMapper' mapperInterface. Bean already defined with the same name!
2019-01-13 14:24:35.252 [main] WARN  org.mybatis.spring.mapper.ClassPathMapperScanner - Skipping MapperFactoryBean with name 'postMapper' and 'com.forum.mapper.PostMapper' mapperInterface. Bean already defined with the same name!
2019-01-13 14:24:35.252 [main] WARN  org.mybatis.spring.mapper.ClassPathMapperScanner - Skipping MapperFactoryBean with name 'postReplyMapper' and 'com.forum.mapper.PostReplyMapper' mapperInterface. Bean already defined with the same name!
2019-01-13 14:24:35.252 [main] WARN  org.mybatis.spring.mapper.ClassPathMapperScanner - Skipping MapperFactoryBean with name 'replyFavouriteMapper' and 'com.forum.mapper.ReplyFavouriteMapper' mapperInterface. Bean already defined with the same name!
2019-01-13 14:24:35.253 [main] WARN  org.mybatis.spring.mapper.ClassPathMapperScanner - Skipping MapperFactoryBean with name 'roleAuthorityMapper' and 'com.forum.mapper.RoleAuthorityMapper' mapperInterface. Bean already defined with the same name!
2019-01-13 14:24:35.253 [main] WARN  org.mybatis.spring.mapper.ClassPathMapperScanner - Skipping MapperFactoryBean with name 'roleMapper' and 'com.forum.mapper.RoleMapper' mapperInterface. Bean already defined with the same name!
2019-01-13 14:24:35.253 [main] WARN  org.mybatis.spring.mapper.ClassPathMapperScanner - Skipping MapperFactoryBean with name 'sessionMapper' and 'com.forum.mapper.SessionMapper' mapperInterface. Bean already defined with the same name!
2019-01-13 14:24:35.253 [main] WARN  org.mybatis.spring.mapper.ClassPathMapperScanner - Skipping MapperFactoryBean with name 'userFollowMapper' and 'com.forum.mapper.UserFollowMapper' mapperInterface. Bean already defined with the same name!
2019-01-13 14:24:35.253 [main] WARN  org.mybatis.spring.mapper.ClassPathMapperScanner - Skipping MapperFactoryBean with name 'userForumListPostVOMapper' and 'com.forum.mapper.UserForumListPostVOMapper' mapperInterface. Bean already defined with the same name!
2019-01-13 14:24:35.253 [main] WARN  org.mybatis.spring.mapper.ClassPathMapperScanner - Skipping MapperFactoryBean with name 'userMapper' and 'com.forum.mapper.UserMapper' mapperInterface. Bean already defined with the same name!
2019-01-13 14:24:35.253 [main] WARN  org.mybatis.spring.mapper.ClassPathMapperScanner - Skipping MapperFactoryBean with name 'userPostReplyVOMapper' and 'com.forum.mapper.UserPostReplyVOMapper' mapperInterface. Bean already defined with the same name!
2019-01-13 14:24:35.253 [main] WARN  org.mybatis.spring.mapper.ClassPathMapperScanner - Skipping MapperFactoryBean with name 'userPostVOMapper' and 'com.forum.mapper.UserPostVOMapper' mapperInterface. Bean already defined with the same name!
2019-01-13 14:24:42.987 [main] WARN  org.thymeleaf.templatemode.TemplateMode - [THYMELEAF][main] Template Mode 'LEGACYHTML5' is deprecated. Using Template Mode 'HTML' instead.
2019-01-13 14:24:44.477 [main] WARN  s.d.s.w.readers.parameter.ParameterDataTypeReader - Trying to infer dataType java.lang.String[]
2019-01-13 14:24:44.487 [main] WARN  s.d.s.w.readers.parameter.ParameterDataTypeReader - Trying to infer dataType java.lang.String[]
2019-01-13 14:24:44.492 [main] WARN  s.d.s.w.readers.parameter.ParameterDataTypeReader - Trying to infer dataType java.lang.String[]
2019-01-13 14:24:44.495 [main] WARN  s.d.s.w.readers.parameter.ParameterDataTypeReader - Trying to infer dataType java.lang.String[]
2019-01-13 14:25:36.519 [main] WARN  org.mybatis.spring.mapper.ClassPathMapperScanner - Skipping MapperFactoryBean with name 'areaMapper' and 'com.forum.mapper.AreaMapper' mapperInterface. Bean already defined with the same name!
2019-01-13 14:25:36.519 [main] WARN  org.mybatis.spring.mapper.ClassPathMapperScanner - Skipping MapperFactoryBean with name 'authorityMapper' and 'com.forum.mapper.AuthorityMapper' mapperInterface. Bean already defined with the same name!
2019-01-13 14:25:36.519 [main] WARN  org.mybatis.spring.mapper.ClassPathMapperScanner - Skipping MapperFactoryBean with name 'dictionaryMapper' and 'com.forum.mapper.DictionaryMapper' mapperInterface. Bean already defined with the same name!
2019-01-13 14:25:36.519 [main] WARN  org.mybatis.spring.mapper.ClassPathMapperScanner - Skipping MapperFactoryBean with name 'followForumMapper' and 'com.forum.mapper.FollowForumMapper' mapperInterface. Bean already defined with the same name!
2019-01-13 14:25:36.519 [main] WARN  org.mybatis.spring.mapper.ClassPathMapperScanner - Skipping MapperFactoryBean with name 'followFriendMapper' and 'com.forum.mapper.FollowFriendMapper' mapperInterface. Bean already defined with the same name!
2019-01-13 14:25:36.519 [main] WARN  org.mybatis.spring.mapper.ClassPathMapperScanner - Skipping MapperFactoryBean with name 'forumListMapper' and 'com.forum.mapper.ForumListMapper' mapperInterface. Bean already defined with the same name!
2019-01-13 14:25:36.519 [main] WARN  org.mybatis.spring.mapper.ClassPathMapperScanner - Skipping MapperFactoryBean with name 'nonAuthemticateMapper' and 'com.forum.mapper.NonAuthemticateMapper' mapperInterface. Bean already defined with the same name!
2019-01-13 14:25:36.520 [main] WARN  org.mybatis.spring.mapper.ClassPathMapperScanner - Skipping MapperFactoryBean with name 'notificationMapper' and 'com.forum.mapper.NotificationMapper' mapperInterface. Bean already defined with the same name!
2019-01-13 14:25:36.520 [main] WARN  org.mybatis.spring.mapper.ClassPathMapperScanner - Skipping MapperFactoryBean with name 'postMapper' and 'com.forum.mapper.PostMapper' mapperInterface. Bean already defined with the same name!
2019-01-13 14:25:36.520 [main] WARN  org.mybatis.spring.mapper.ClassPathMapperScanner - Skipping MapperFactoryBean with name 'postReplyMapper' and 'com.forum.mapper.PostReplyMapper' mapperInterface. Bean already defined with the same name!
2019-01-13 14:25:36.520 [main] WARN  org.mybatis.spring.mapper.ClassPathMapperScanner - Skipping MapperFactoryBean with name 'replyFavouriteMapper' and 'com.forum.mapper.ReplyFavouriteMapper' mapperInterface. Bean already defined with the same name!
2019-01-13 14:25:36.520 [main] WARN  org.mybatis.spring.mapper.ClassPathMapperScanner - Skipping MapperFactoryBean with name 'roleAuthorityMapper' and 'com.forum.mapper.RoleAuthorityMapper' mapperInterface. Bean already defined with the same name!
2019-01-13 14:25:36.520 [main] WARN  org.mybatis.spring.mapper.ClassPathMapperScanner - Skipping MapperFactoryBean with name 'roleMapper' and 'com.forum.mapper.RoleMapper' mapperInterface. Bean already defined with the same name!
2019-01-13 14:25:36.520 [main] WARN  org.mybatis.spring.mapper.ClassPathMapperScanner - Skipping MapperFactoryBean with name 'sessionMapper' and 'com.forum.mapper.SessionMapper' mapperInterface. Bean already defined with the same name!
2019-01-13 14:25:36.520 [main] WARN  org.mybatis.spring.mapper.ClassPathMapperScanner - Skipping MapperFactoryBean with name 'userFollowMapper' and 'com.forum.mapper.UserFollowMapper' mapperInterface. Bean already defined with the same name!
2019-01-13 14:25:36.520 [main] WARN  org.mybatis.spring.mapper.ClassPathMapperScanner - Skipping MapperFactoryBean with name 'userForumListPostVOMapper' and 'com.forum.mapper.UserForumListPostVOMapper' mapperInterface. Bean already defined with the same name!
2019-01-13 14:25:36.521 [main] WARN  org.mybatis.spring.mapper.ClassPathMapperScanner - Skipping MapperFactoryBean with name 'userMapper' and 'com.forum.mapper.UserMapper' mapperInterface. Bean already defined with the same name!
2019-01-13 14:25:36.521 [main] WARN  org.mybatis.spring.mapper.ClassPathMapperScanner - Skipping MapperFactoryBean with name 'userPostReplyVOMapper' and 'com.forum.mapper.UserPostReplyVOMapper' mapperInterface. Bean already defined with the same name!
2019-01-13 14:25:36.521 [main] WARN  org.mybatis.spring.mapper.ClassPathMapperScanner - Skipping MapperFactoryBean with name 'userPostVOMapper' and 'com.forum.mapper.UserPostVOMapper' mapperInterface. Bean already defined with the same name!
2019-01-13 14:25:41.104 [main] WARN  org.thymeleaf.templatemode.TemplateMode - [THYMELEAF][main] Template Mode 'LEGACYHTML5' is deprecated. Using Template Mode 'HTML' instead.
2019-01-13 14:25:42.153 [main] WARN  s.d.s.w.readers.parameter.ParameterDataTypeReader - Trying to infer dataType java.lang.String[]
2019-01-13 14:25:42.157 [main] WARN  s.d.s.w.readers.parameter.ParameterDataTypeReader - Trying to infer dataType java.lang.String[]
2019-01-13 14:25:42.160 [main] WARN  s.d.s.w.readers.parameter.ParameterDataTypeReader - Trying to infer dataType java.lang.String[]
2019-01-13 14:25:42.163 [main] WARN  s.d.s.w.readers.parameter.ParameterDataTypeReader - Trying to infer dataType java.lang.String[]
2019-01-13 14:25:59.519 [main] WARN  org.mybatis.spring.mapper.ClassPathMapperScanner - Skipping MapperFactoryBean with name 'areaMapper' and 'com.forum.mapper.AreaMapper' mapperInterface. Bean already defined with the same name!
2019-01-13 14:25:59.519 [main] WARN  org.mybatis.spring.mapper.ClassPathMapperScanner - Skipping MapperFactoryBean with name 'authorityMapper' and 'com.forum.mapper.AuthorityMapper' mapperInterface. Bean already defined with the same name!
2019-01-13 14:25:59.520 [main] WARN  org.mybatis.spring.mapper.ClassPathMapperScanner - Skipping MapperFactoryBean with name 'dictionaryMapper' and 'com.forum.mapper.DictionaryMapper' mapperInterface. Bean already defined with the same name!
2019-01-13 14:25:59.520 [main] WARN  org.mybatis.spring.mapper.ClassPathMapperScanner - Skipping MapperFactoryBean with name 'followForumMapper' and 'com.forum.mapper.FollowForumMapper' mapperInterface. Bean already defined with the same name!
2019-01-13 14:25:59.520 [main] WARN  org.mybatis.spring.mapper.ClassPathMapperScanner - Skipping MapperFactoryBean with name 'followFriendMapper' and 'com.forum.mapper.FollowFriendMapper' mapperInterface. Bean already defined with the same name!
2019-01-13 14:25:59.520 [main] WARN  org.mybatis.spring.mapper.ClassPathMapperScanner - Skipping MapperFactoryBean with name 'forumListMapper' and 'com.forum.mapper.ForumListMapper' mapperInterface. Bean already defined with the same name!
2019-01-13 14:25:59.520 [main] WARN  org.mybatis.spring.mapper.ClassPathMapperScanner - Skipping MapperFactoryBean with name 'nonAuthemticateMapper' and 'com.forum.mapper.NonAuthemticateMapper' mapperInterface. Bean already defined with the same name!
2019-01-13 14:25:59.520 [main] WARN  org.mybatis.spring.mapper.ClassPathMapperScanner - Skipping MapperFactoryBean with name 'notificationMapper' and 'com.forum.mapper.NotificationMapper' mapperInterface. Bean already defined with the same name!
2019-01-13 14:25:59.520 [main] WARN  org.mybatis.spring.mapper.ClassPathMapperScanner - Skipping MapperFactoryBean with name 'postMapper' and 'com.forum.mapper.PostMapper' mapperInterface. Bean already defined with the same name!
2019-01-13 14:25:59.520 [main] WARN  org.mybatis.spring.mapper.ClassPathMapperScanner - Skipping MapperFactoryBean with name 'postReplyMapper' and 'com.forum.mapper.PostReplyMapper' mapperInterface. Bean already defined with the same name!
2019-01-13 14:25:59.520 [main] WARN  org.mybatis.spring.mapper.ClassPathMapperScanner - Skipping MapperFactoryBean with name 'replyFavouriteMapper' and 'com.forum.mapper.ReplyFavouriteMapper' mapperInterface. Bean already defined with the same name!
2019-01-13 14:25:59.520 [main] WARN  org.mybatis.spring.mapper.ClassPathMapperScanner - Skipping MapperFactoryBean with name 'roleAuthorityMapper' and 'com.forum.mapper.RoleAuthorityMapper' mapperInterface. Bean already defined with the same name!
2019-01-13 14:25:59.520 [main] WARN  org.mybatis.spring.mapper.ClassPathMapperScanner - Skipping MapperFactoryBean with name 'roleMapper' and 'com.forum.mapper.RoleMapper' mapperInterface. Bean already defined with the same name!
2019-01-13 14:25:59.521 [main] WARN  org.mybatis.spring.mapper.ClassPathMapperScanner - Skipping MapperFactoryBean with name 'sessionMapper' and 'com.forum.mapper.SessionMapper' mapperInterface. Bean already defined with the same name!
2019-01-13 14:25:59.521 [main] WARN  org.mybatis.spring.mapper.ClassPathMapperScanner - Skipping MapperFactoryBean with name 'userFollowMapper' and 'com.forum.mapper.UserFollowMapper' mapperInterface. Bean already defined with the same name!
2019-01-13 14:25:59.521 [main] WARN  org.mybatis.spring.mapper.ClassPathMapperScanner - Skipping MapperFactoryBean with name 'userForumListPostVOMapper' and 'com.forum.mapper.UserForumListPostVOMapper' mapperInterface. Bean already defined with the same name!
2019-01-13 14:25:59.521 [main] WARN  org.mybatis.spring.mapper.ClassPathMapperScanner - Skipping MapperFactoryBean with name 'userMapper' and 'com.forum.mapper.UserMapper' mapperInterface. Bean already defined with the same name!
2019-01-13 14:25:59.521 [main] WARN  org.mybatis.spring.mapper.ClassPathMapperScanner - Skipping MapperFactoryBean with name 'userPostReplyVOMapper' and 'com.forum.mapper.UserPostReplyVOMapper' mapperInterface. Bean already defined with the same name!
2019-01-13 14:25:59.521 [main] WARN  org.mybatis.spring.mapper.ClassPathMapperScanner - Skipping MapperFactoryBean with name 'userPostVOMapper' and 'com.forum.mapper.UserPostVOMapper' mapperInterface. Bean already defined with the same name!
2019-01-13 14:26:05.129 [main] WARN  org.thymeleaf.templatemode.TemplateMode - [THYMELEAF][main] Template Mode 'LEGACYHTML5' is deprecated. Using Template Mode 'HTML' instead.
2019-01-13 14:26:06.424 [main] WARN  s.d.s.w.readers.parameter.ParameterDataTypeReader - Trying to infer dataType java.lang.String[]
2019-01-13 14:26:06.427 [main] WARN  s.d.s.w.readers.parameter.ParameterDataTypeReader - Trying to infer dataType java.lang.String[]
2019-01-13 14:26:06.431 [main] WARN  s.d.s.w.readers.parameter.ParameterDataTypeReader - Trying to infer dataType java.lang.String[]
2019-01-13 14:26:06.436 [main] WARN  s.d.s.w.readers.parameter.ParameterDataTypeReader - Trying to infer dataType java.lang.String[]
2019-01-13 14:33:17.116 [http-nio-8080-exec-6] ERROR com.forum.service.aspect.ControllerLogAspect - >>>>>>>>>>>>>>>>>>>>>>>>>>>>>>>>>>>>开始异常捕捉<<<<<<<<<<<<<<<<<<<<<<<<<<<<<<<<<<<<<<<<<<<<<<<<

2019-01-13 14:33:17.122 [http-nio-8080-exec-6] ERROR com.forum.service.aspect.ControllerLogAspect - 异常时间 : 2019-01-13 14:33:17
2019-01-13 14:33:17.122 [http-nio-8080-exec-6] ERROR com.forum.service.aspect.ControllerLogAspect - 请求方法 : POST
2019-01-13 14:33:17.122 [http-nio-8080-exec-6] ERROR com.forum.service.aspect.ControllerLogAspect - 类方法 : com.forum.controller.UserController.findUserInfo
2019-01-13 14:33:17.122 [http-nio-8080-exec-6] ERROR com.forum.service.aspect.ControllerLogAspect - 请求URL: http://localhost:8080/user/user-info
2019-01-13 14:33:17.123 [http-nio-8080-exec-6] ERROR com.forum.service.aspect.ControllerLogAspect - 获得IP: 0:0:0:0:0:0:0:1
2019-01-13 14:33:17.123 [http-nio-8080-exec-6] ERROR com.forum.service.aspect.ControllerLogAspect - 参数: Arg -> (0)execution(Object com.forum.controller.UserController.findUserInfo(String,MessageCodeInfo,CommonInfo))
2019-01-13 14:33:17.123 [http-nio-8080-exec-6] ERROR com.forum.service.aspect.ControllerLogAspect - 请求参数: [sid:[undefined]]
2019-01-13 14:33:17.123 [http-nio-8080-exec-6] ERROR com.forum.service.aspect.ControllerLogAspect - 用户名: admin
2019-01-13 14:33:17.123 [http-nio-8080-exec-6] ERROR com.forum.service.aspect.ControllerLogAspect - 异常:java.lang.NullPointerException: Cannot invoke method getFollowedCount() on null object
2019-01-13 14:33:17.123 [http-nio-8080-exec-6] ERROR com.forum.service.aspect.ControllerLogAspect - 异常所在类：com.forum.controller.UserController
2019-01-13 14:33:17.123 [http-nio-8080-exec-6] ERROR com.forum.service.aspect.ControllerLogAspect - 异常所在方法：findUserInfo
2019-01-13 14:33:17.123 [http-nio-8080-exec-6] ERROR com.forum.service.aspect.ControllerLogAspect - 访问类型:Json
2019-01-13 14:33:17.123 [http-nio-8080-exec-6] ERROR com.forum.service.aspect.ControllerLogAspect - >>>>>>>>>>>>>>>>>>>>>>>>>>>>>>>>>>>>异常捕捉完成<<<<<<<<<<<<<<<<<<<<<<<<<<<<<<<<<<<<<<<<<<<<<<<<

2019-01-13 14:33:17.137 [http-nio-8080-exec-6] ERROR o.a.c.c.C.[.[localhost].[/].[dispatcherServlet] - Servlet.service() for servlet [dispatcherServlet] in context with path [] threw exception [Request processing failed; nested exception is java.lang.NullPointerException: Cannot invoke method getFollowedCount() on null object] with root cause
java.lang.NullPointerException: Cannot invoke method getFollowedCount() on null object
	at org.codehaus.groovy.runtime.NullObject.invokeMethod(NullObject.java:91)
	at org.codehaus.groovy.runtime.callsite.PogoMetaClassSite.call(PogoMetaClassSite.java:47)
	at org.codehaus.groovy.runtime.callsite.CallSiteArray.defaultCall(CallSiteArray.java:47)
	at org.codehaus.groovy.runtime.callsite.NullCallSite.call(NullCallSite.java:34)
	at org.codehaus.groovy.runtime.callsite.CallSiteArray.defaultCall(CallSiteArray.java:47)
	at com.forum.model.entity.UserFollowCountVOEntity$getFollowedCount.call(Unknown Source)
	at com.forum.service.impl.UserServiceImpl.findUserBySid(UserServiceImpl.groovy:46)
	at com.forum.service.impl.UserServiceImpl$$FastClassBySpringCGLIB$$cde0788f.invoke(<generated>)
	at org.springframework.cglib.proxy.MethodProxy.invoke(MethodProxy.java:218)
	at org.springframework.aop.framework.CglibAopProxy$CglibMethodInvocation.invokeJoinpoint(CglibAopProxy.java:746)
	at org.springframework.aop.framework.ReflectiveMethodInvocation.proceed(ReflectiveMethodInvocation.java:163)
	at org.springframework.transaction.interceptor.TransactionAspectSupport.invokeWithinTransaction(TransactionAspectSupport.java:294)
	at org.springframework.transaction.interceptor.TransactionInterceptor.invoke(TransactionInterceptor.java:98)
	at org.springframework.aop.framework.ReflectiveMethodInvocation.proceed(ReflectiveMethodInvocation.java:186)
	at org.springframework.aop.interceptor.ExposeInvocationInterceptor.invoke(ExposeInvocationInterceptor.java:93)
	at org.springframework.aop.framework.ReflectiveMethodInvocation.proceed(ReflectiveMethodInvocation.java:186)
	at org.springframework.aop.framework.CglibAopProxy$DynamicAdvisedInterceptor.intercept(CglibAopProxy.java:688)
	at com.forum.service.impl.UserServiceImpl$$EnhancerBySpringCGLIB$$f330187.findUserBySid(<generated>)
	at com.forum.service.impl.UserServiceImpl$$FastClassBySpringCGLIB$$cde0788f.invoke(<generated>)
	at org.springframework.cglib.proxy.MethodProxy.invoke(MethodProxy.java:218)
	at org.springframework.aop.framework.CglibAopProxy$CglibMethodInvocation.invokeJoinpoint(CglibAopProxy.java:746)
	at org.springframework.aop.framework.ReflectiveMethodInvocation.proceed(ReflectiveMethodInvocation.java:163)
	at org.springframework.transaction.interceptor.TransactionAspectSupport.invokeWithinTransaction(TransactionAspectSupport.java:294)
	at org.springframework.transaction.interceptor.TransactionInterceptor.invoke(TransactionInterceptor.java:98)
	at org.springframework.aop.framework.ReflectiveMethodInvocation.proceed(ReflectiveMethodInvocation.java:186)
	at org.springframework.aop.framework.CglibAopProxy$DynamicAdvisedInterceptor.intercept(CglibAopProxy.java:688)
	at com.forum.service.impl.UserServiceImpl$$EnhancerBySpringCGLIB$$c8bfc16c.findUserBySid(<generated>)
	at com.forum.service.UserService$findUserBySid.call(Unknown Source)
	at com.forum.controller.UserController.findUserInfo(UserController.groovy:74)
	at com.forum.controller.UserController$$FastClassBySpringCGLIB$$9e079b7f.invoke(<generated>)
	at org.springframework.cglib.proxy.MethodProxy.invoke(MethodProxy.java:218)
	at org.springframework.aop.framework.CglibAopProxy$CglibMethodInvocation.invokeJoinpoint(CglibAopProxy.java:746)
	at org.springframework.aop.framework.ReflectiveMethodInvocation.proceed(ReflectiveMethodInvocation.java:163)
	at org.springframework.aop.framework.adapter.MethodBeforeAdviceInterceptor.invoke(MethodBeforeAdviceInterceptor.java:56)
	at org.springframework.aop.framework.ReflectiveMethodInvocation.proceed(ReflectiveMethodInvocation.java:186)
	at org.springframework.aop.aspectj.MethodInvocationProceedingJoinPoint.proceed(MethodInvocationProceedingJoinPoint.java:88)
	at org.aspectj.lang.ProceedingJoinPoint$proceed.call(Unknown Source)
	at com.forum.service.aspect.ControllerLogAspect.doAround(ControllerLogAspect.groovy:70)
	at sun.reflect.GeneratedMethodAccessor162.invoke(Unknown Source)
	at sun.reflect.DelegatingMethodAccessorImpl.invoke(DelegatingMethodAccessorImpl.java:43)
	at java.lang.reflect.Method.invoke(Method.java:498)
	at org.springframework.aop.aspectj.AbstractAspectJAdvice.invokeAdviceMethodWithGivenArgs(AbstractAspectJAdvice.java:644)
	at org.springframework.aop.aspectj.AbstractAspectJAdvice.invokeAdviceMethod(AbstractAspectJAdvice.java:633)
	at org.springframework.aop.aspectj.AspectJAroundAdvice.invoke(AspectJAroundAdvice.java:70)
	at org.springframework.aop.framework.ReflectiveMethodInvocation.proceed(ReflectiveMethodInvocation.java:186)
	at org.springframework.aop.framework.adapter.AfterReturningAdviceInterceptor.invoke(AfterReturningAdviceInterceptor.java:55)
	at org.springframework.aop.framework.ReflectiveMethodInvocation.proceed(ReflectiveMethodInvocation.java:186)
	at org.springframework.aop.aspectj.AspectJAfterThrowingAdvice.invoke(AspectJAfterThrowingAdvice.java:62)
	at org.springframework.aop.framework.ReflectiveMethodInvocation.proceed(ReflectiveMethodInvocation.java:186)
	at org.springframework.aop.interceptor.ExposeInvocationInterceptor.invoke(ExposeInvocationInterceptor.java:93)
	at org.springframework.aop.framework.ReflectiveMethodInvocation.proceed(ReflectiveMethodInvocation.java:186)
	at org.springframework.aop.framework.CglibAopProxy$DynamicAdvisedInterceptor.intercept(CglibAopProxy.java:688)
	at com.forum.controller.UserController$$EnhancerBySpringCGLIB$$e5381129.findUserInfo(<generated>)
	at sun.reflect.NativeMethodAccessorImpl.invoke0(Native Method)
	at sun.reflect.NativeMethodAccessorImpl.invoke(NativeMethodAccessorImpl.java:62)
	at sun.reflect.DelegatingMethodAccessorImpl.invoke(DelegatingMethodAccessorImpl.java:43)
	at java.lang.reflect.Method.invoke(Method.java:498)
	at org.springframework.web.method.support.InvocableHandlerMethod.doInvoke(InvocableHandlerMethod.java:215)
	at org.springframework.web.method.support.InvocableHandlerMethod.invokeForRequest(InvocableHandlerMethod.java:142)
	at org.springframework.web.servlet.mvc.method.annotation.ServletInvocableHandlerMethod.invokeAndHandle(ServletInvocableHandlerMethod.java:102)
	at org.springframework.web.servlet.mvc.method.annotation.RequestMappingHandlerAdapter.invokeHandlerMethod(RequestMappingHandlerAdapter.java:895)
	at org.springframework.web.servlet.mvc.method.annotation.RequestMappingHandlerAdapter.handleInternal(RequestMappingHandlerAdapter.java:800)
	at org.springframework.web.servlet.mvc.method.AbstractHandlerMethodAdapter.handle(AbstractHandlerMethodAdapter.java:87)
	at org.springframework.web.servlet.DispatcherServlet.doDispatch(DispatcherServlet.java:1038)
	at org.springframework.web.servlet.DispatcherServlet.doService(DispatcherServlet.java:942)
	at org.springframework.web.servlet.FrameworkServlet.processRequest(FrameworkServlet.java:998)
	at org.springframework.web.servlet.FrameworkServlet.doPost(FrameworkServlet.java:901)
	at javax.servlet.http.HttpServlet.service(HttpServlet.java:660)
	at org.springframework.web.servlet.FrameworkServlet.service(FrameworkServlet.java:875)
	at javax.servlet.http.HttpServlet.service(HttpServlet.java:741)
	at org.apache.catalina.core.ApplicationFilterChain.internalDoFilter(ApplicationFilterChain.java:231)
	at org.apache.catalina.core.ApplicationFilterChain.doFilter(ApplicationFilterChain.java:166)
	at org.apache.tomcat.websocket.server.WsFilter.doFilter(WsFilter.java:53)
	at org.apache.catalina.core.ApplicationFilterChain.internalDoFilter(ApplicationFilterChain.java:193)
	at org.apache.catalina.core.ApplicationFilterChain.doFilter(ApplicationFilterChain.java:166)
	at org.apache.shiro.web.servlet.AdviceFilter.executeChain(AdviceFilter.java:108)
	at org.apache.shiro.web.servlet.AdviceFilter.doFilterInternal(AdviceFilter.java:137)
	at org.apache.shiro.web.servlet.OncePerRequestFilter.doFilter(OncePerRequestFilter.java:125)
	at org.apache.catalina.core.ApplicationFilterChain.internalDoFilter(ApplicationFilterChain.java:193)
	at org.apache.catalina.core.ApplicationFilterChain.doFilter(ApplicationFilterChain.java:166)
	at org.apache.shiro.web.servlet.AdviceFilter.executeChain(AdviceFilter.java:108)
	at org.apache.shiro.web.servlet.AdviceFilter.doFilterInternal(AdviceFilter.java:137)
	at org.apache.shiro.web.servlet.OncePerRequestFilter.doFilter(OncePerRequestFilter.java:125)
	at org.apache.catalina.core.ApplicationFilterChain.internalDoFilter(ApplicationFilterChain.java:193)
	at org.apache.catalina.core.ApplicationFilterChain.doFilter(ApplicationFilterChain.java:166)
	at org.apache.shiro.web.servlet.OncePerRequestFilter.doFilter(OncePerRequestFilter.java:112)
	at org.apache.catalina.core.ApplicationFilterChain.internalDoFilter(ApplicationFilterChain.java:193)
	at org.apache.catalina.core.ApplicationFilterChain.doFilter(ApplicationFilterChain.java:166)
	at org.apache.shiro.web.servlet.ProxiedFilterChain.doFilter(ProxiedFilterChain.java:61)
	at org.apache.shiro.web.servlet.AdviceFilter.executeChain(AdviceFilter.java:108)
	at org.apache.shiro.web.servlet.AdviceFilter.doFilterInternal(AdviceFilter.java:137)
	at org.apache.shiro.web.servlet.OncePerRequestFilter.doFilter(OncePerRequestFilter.java:125)
	at org.apache.shiro.web.servlet.ProxiedFilterChain.doFilter(ProxiedFilterChain.java:66)
	at org.apache.shiro.web.servlet.AbstractShiroFilter.executeChain(AbstractShiroFilter.java:449)
	at org.apache.shiro.web.servlet.AbstractShiroFilter$1.call(AbstractShiroFilter.java:365)
	at org.apache.shiro.subject.support.SubjectCallable.doCall(SubjectCallable.java:90)
	at org.apache.shiro.subject.support.SubjectCallable.call(SubjectCallable.java:83)
	at org.apache.shiro.subject.support.DelegatingSubject.execute(DelegatingSubject.java:387)
	at org.apache.shiro.web.servlet.AbstractShiroFilter.doFilterInternal(AbstractShiroFilter.java:362)
	at org.apache.shiro.web.servlet.OncePerRequestFilter.doFilter(OncePerRequestFilter.java:125)
	at org.springframework.web.filter.DelegatingFilterProxy.invokeDelegate(DelegatingFilterProxy.java:357)
	at org.springframework.web.filter.DelegatingFilterProxy.doFilter(DelegatingFilterProxy.java:270)
	at org.apache.catalina.core.ApplicationFilterChain.internalDoFilter(ApplicationFilterChain.java:193)
	at org.apache.catalina.core.ApplicationFilterChain.doFilter(ApplicationFilterChain.java:166)
	at com.alibaba.druid.support.http.WebStatFilter.doFilter(WebStatFilter.java:123)
	at org.apache.catalina.core.ApplicationFilterChain.internalDoFilter(ApplicationFilterChain.java:193)
	at org.apache.catalina.core.ApplicationFilterChain.doFilter(ApplicationFilterChain.java:166)
	at org.springframework.web.filter.RequestContextFilter.doFilterInternal(RequestContextFilter.java:99)
	at org.springframework.web.filter.OncePerRequestFilter.doFilter(OncePerRequestFilter.java:107)
	at org.apache.catalina.core.ApplicationFilterChain.internalDoFilter(ApplicationFilterChain.java:193)
	at org.apache.catalina.core.ApplicationFilterChain.doFilter(ApplicationFilterChain.java:166)
	at org.springframework.web.filter.FormContentFilter.doFilterInternal(FormContentFilter.java:92)
	at org.springframework.web.filter.OncePerRequestFilter.doFilter(OncePerRequestFilter.java:107)
	at org.apache.catalina.core.ApplicationFilterChain.internalDoFilter(ApplicationFilterChain.java:193)
	at org.apache.catalina.core.ApplicationFilterChain.doFilter(ApplicationFilterChain.java:166)
	at org.springframework.web.filter.HiddenHttpMethodFilter.doFilterInternal(HiddenHttpMethodFilter.java:93)
	at org.springframework.web.filter.OncePerRequestFilter.doFilter(OncePerRequestFilter.java:107)
	at org.apache.catalina.core.ApplicationFilterChain.internalDoFilter(ApplicationFilterChain.java:193)
	at org.apache.catalina.core.ApplicationFilterChain.doFilter(ApplicationFilterChain.java:166)
	at org.springframework.web.filter.CharacterEncodingFilter.doFilterInternal(CharacterEncodingFilter.java:200)
	at org.springframework.web.filter.OncePerRequestFilter.doFilter(OncePerRequestFilter.java:107)
	at org.apache.catalina.core.ApplicationFilterChain.internalDoFilter(ApplicationFilterChain.java:193)
	at org.apache.catalina.core.ApplicationFilterChain.doFilter(ApplicationFilterChain.java:166)
	at org.apache.catalina.core.StandardWrapperValve.invoke(StandardWrapperValve.java:199)
	at org.apache.catalina.core.StandardContextValve.invoke(StandardContextValve.java:96)
	at org.apache.catalina.authenticator.AuthenticatorBase.invoke(AuthenticatorBase.java:490)
	at org.apache.catalina.core.StandardHostValve.invoke(StandardHostValve.java:139)
	at org.apache.catalina.valves.ErrorReportValve.invoke(ErrorReportValve.java:92)
	at org.apache.catalina.core.StandardEngineValve.invoke(StandardEngineValve.java:74)
	at org.apache.catalina.connector.CoyoteAdapter.service(CoyoteAdapter.java:343)
	at org.apache.coyote.http11.Http11Processor.service(Http11Processor.java:408)
	at org.apache.coyote.AbstractProcessorLight.process(AbstractProcessorLight.java:66)
	at org.apache.coyote.AbstractProtocol$ConnectionHandler.process(AbstractProtocol.java:770)
	at org.apache.tomcat.util.net.NioEndpoint$SocketProcessor.doRun(NioEndpoint.java:1415)
	at org.apache.tomcat.util.net.SocketProcessorBase.run(SocketProcessorBase.java:49)
	at java.util.concurrent.ThreadPoolExecutor.runWorker(ThreadPoolExecutor.java:1142)
	at java.util.concurrent.ThreadPoolExecutor$Worker.run(ThreadPoolExecutor.java:617)
	at org.apache.tomcat.util.threads.TaskThread$WrappingRunnable.run(TaskThread.java:61)
	at java.lang.Thread.run(Thread.java:745)
