2018-12-14 08:38:29.704 [main] INFO  com.forum.DemoApplication - Starting DemoApplication on CS-VEC006-W10 with PID 7032 (D:\forums\target\classes started by LUJO in D:\forums)
2018-12-14 08:38:29.707 [main] INFO  com.forum.DemoApplication - No active profile set, falling back to default profiles: default
2018-12-14 08:38:31.055 [main] INFO  o.s.d.r.config.RepositoryConfigurationDelegate - Multiple Spring Data modules found, entering strict repository configuration mode!
2018-12-14 08:38:31.058 [main] INFO  o.s.d.r.config.RepositoryConfigurationDelegate - Bootstrapping Spring Data repositories in DEFAULT mode.
2018-12-14 08:38:31.118 [main] INFO  o.s.d.r.config.RepositoryConfigurationDelegate - Finished Spring Data repository scanning in 43ms. Found 0 repository interfaces.
2018-12-14 08:38:31.567 [main] INFO  o.s.c.s.PostProcessorRegistrationDelegate$BeanPostProcessorChecker - Bean 'webSecureConfig' of type [com.forum.service.config.WebSecureConfig$$EnhancerBySpringCGLIB$$906f8d1e] is not eligible for getting processed by all BeanPostProcessors (for example: not eligible for auto-proxying)
2018-12-14 08:38:31.698 [main] INFO  o.s.c.s.PostProcessorRegistrationDelegate$BeanPostProcessorChecker - Bean 'spring.redis-org.springframework.boot.autoconfigure.data.redis.RedisProperties' of type [org.springframework.boot.autoconfigure.data.redis.RedisProperties] is not eligible for getting processed by all BeanPostProcessors (for example: not eligible for auto-proxying)
2018-12-14 08:38:31.702 [main] INFO  o.s.c.s.PostProcessorRegistrationDelegate$BeanPostProcessorChecker - Bean 'org.springframework.boot.autoconfigure.data.redis.LettuceConnectionConfiguration' of type [org.springframework.boot.autoconfigure.data.redis.LettuceConnectionConfiguration$$EnhancerBySpringCGLIB$$d4b2b2f] is not eligible for getting processed by all BeanPostProcessors (for example: not eligible for auto-proxying)
2018-12-14 08:38:31.866 [main] INFO  o.s.c.s.PostProcessorRegistrationDelegate$BeanPostProcessorChecker - Bean 'lettuceClientResources' of type [io.lettuce.core.resource.DefaultClientResources] is not eligible for getting processed by all BeanPostProcessors (for example: not eligible for auto-proxying)
2018-12-14 08:38:31.966 [main] INFO  o.s.c.s.PostProcessorRegistrationDelegate$BeanPostProcessorChecker - Bean 'redisConnectionFactory' of type [org.springframework.data.redis.connection.lettuce.LettuceConnectionFactory] is not eligible for getting processed by all BeanPostProcessors (for example: not eligible for auto-proxying)
2018-12-14 08:38:31.971 [main] INFO  o.s.c.s.PostProcessorRegistrationDelegate$BeanPostProcessorChecker - Bean 'redisConfig' of type [com.forum.redis.config.RedisConfig$$EnhancerBySpringCGLIB$$87ee5368] is not eligible for getting processed by all BeanPostProcessors (for example: not eligible for auto-proxying)
2018-12-14 08:38:32.014 [main] INFO  o.s.c.s.PostProcessorRegistrationDelegate$BeanPostProcessorChecker - Bean 'jedisPool' of type [redis.clients.jedis.JedisPool] is not eligible for getting processed by all BeanPostProcessors (for example: not eligible for auto-proxying)
2018-12-14 08:38:32.019 [main] INFO  o.s.c.s.PostProcessorRegistrationDelegate$BeanPostProcessorChecker - Bean 'redisManager' of type [org.crazycake.shiro.RedisManager] is not eligible for getting processed by all BeanPostProcessors (for example: not eligible for auto-proxying)
2018-12-14 08:38:32.025 [main] INFO  o.s.c.s.PostProcessorRegistrationDelegate$BeanPostProcessorChecker - Bean 'redisCacheManager' of type [org.crazycake.shiro.RedisCacheManager] is not eligible for getting processed by all BeanPostProcessors (for example: not eligible for auto-proxying)
2018-12-14 08:38:32.131 [main] INFO  o.s.c.s.PostProcessorRegistrationDelegate$BeanPostProcessorChecker - Bean 'mybatis-tk.mybatis.mapper.autoconfigure.MybatisProperties' of type [tk.mybatis.mapper.autoconfigure.MybatisProperties] is not eligible for getting processed by all BeanPostProcessors (for example: not eligible for auto-proxying)
2018-12-14 08:38:32.137 [main] INFO  o.s.c.s.PostProcessorRegistrationDelegate$BeanPostProcessorChecker - Bean 'tk.mybatis.mapper.autoconfigure.MapperAutoConfiguration' of type [tk.mybatis.mapper.autoconfigure.MapperAutoConfiguration$$EnhancerBySpringCGLIB$$ae22147e] is not eligible for getting processed by all BeanPostProcessors (for example: not eligible for auto-proxying)
2018-12-14 08:38:32.147 [main] INFO  o.s.c.s.PostProcessorRegistrationDelegate$BeanPostProcessorChecker - Bean 'druidConfiguration' of type [com.forum.service.config.DruidConfiguration$$EnhancerBySpringCGLIB$$26d53757] is not eligible for getting processed by all BeanPostProcessors (for example: not eligible for auto-proxying)
2018-12-14 08:38:32.228 [main] INFO  o.s.c.s.PostProcessorRegistrationDelegate$BeanPostProcessorChecker - Bean 'dataSource' of type [com.alibaba.druid.pool.DruidDataSource] is not eligible for getting processed by all BeanPostProcessors (for example: not eligible for auto-proxying)
2018-12-14 08:38:32.235 [main] INFO  o.s.c.s.PostProcessorRegistrationDelegate$BeanPostProcessorChecker - Bean 'sqlSessionFactory' of type [org.apache.ibatis.session.defaults.DefaultSqlSessionFactory] is not eligible for getting processed by all BeanPostProcessors (for example: not eligible for auto-proxying)
2018-12-14 08:38:32.241 [main] INFO  o.s.c.s.PostProcessorRegistrationDelegate$BeanPostProcessorChecker - Bean 'sqlSessionTemplate' of type [org.mybatis.spring.SqlSessionTemplate] is not eligible for getting processed by all BeanPostProcessors (for example: not eligible for auto-proxying)
2018-12-14 08:38:32.397 [main] INFO  o.s.c.s.PostProcessorRegistrationDelegate$BeanPostProcessorChecker - Bean 'roleMapper' of type [tk.mybatis.spring.mapper.MapperFactoryBean] is not eligible for getting processed by all BeanPostProcessors (for example: not eligible for auto-proxying)
2018-12-14 08:38:32.399 [main] INFO  o.s.c.s.PostProcessorRegistrationDelegate$BeanPostProcessorChecker - Bean 'roleMapper' of type [com.sun.proxy.$Proxy71] is not eligible for getting processed by all BeanPostProcessors (for example: not eligible for auto-proxying)
2018-12-14 08:38:32.442 [main] INFO  o.s.c.s.PostProcessorRegistrationDelegate$BeanPostProcessorChecker - Bean 'userMapper' of type [tk.mybatis.spring.mapper.MapperFactoryBean] is not eligible for getting processed by all BeanPostProcessors (for example: not eligible for auto-proxying)
2018-12-14 08:38:32.444 [main] INFO  o.s.c.s.PostProcessorRegistrationDelegate$BeanPostProcessorChecker - Bean 'userMapper' of type [com.sun.proxy.$Proxy74] is not eligible for getting processed by all BeanPostProcessors (for example: not eligible for auto-proxying)
2018-12-14 08:38:32.491 [main] INFO  o.s.c.s.PostProcessorRegistrationDelegate$BeanPostProcessorChecker - Bean 'roleAuthorityMapper' of type [tk.mybatis.spring.mapper.MapperFactoryBean] is not eligible for getting processed by all BeanPostProcessors (for example: not eligible for auto-proxying)
2018-12-14 08:38:32.492 [main] INFO  o.s.c.s.PostProcessorRegistrationDelegate$BeanPostProcessorChecker - Bean 'roleAuthorityMapper' of type [com.sun.proxy.$Proxy75] is not eligible for getting processed by all BeanPostProcessors (for example: not eligible for auto-proxying)
2018-12-14 08:38:32.493 [main] INFO  o.s.c.s.PostProcessorRegistrationDelegate$BeanPostProcessorChecker - Bean 'realm' of type [com.forum.service.security.realm.PasswordRealm] is not eligible for getting processed by all BeanPostProcessors (for example: not eligible for auto-proxying)
2018-12-14 08:38:32.500 [main] INFO  o.s.c.s.PostProcessorRegistrationDelegate$BeanPostProcessorChecker - Bean 'redisSessionDAO' of type [org.crazycake.shiro.RedisSessionDAO] is not eligible for getting processed by all BeanPostProcessors (for example: not eligible for auto-proxying)
2018-12-14 08:38:32.509 [main] INFO  o.s.c.s.PostProcessorRegistrationDelegate$BeanPostProcessorChecker - Bean 'simpleCookie' of type [org.apache.shiro.web.servlet.SimpleCookie] is not eligible for getting processed by all BeanPostProcessors (for example: not eligible for auto-proxying)
2018-12-14 08:38:32.521 [main] INFO  o.s.c.s.PostProcessorRegistrationDelegate$BeanPostProcessorChecker - Bean 'sessionManager' of type [org.apache.shiro.web.session.mgt.DefaultWebSessionManager] is not eligible for getting processed by all BeanPostProcessors (for example: not eligible for auto-proxying)
2018-12-14 08:38:32.974 [main] INFO  o.s.c.s.PostProcessorRegistrationDelegate$BeanPostProcessorChecker - Bean 'rememberMeCookie' of type [org.apache.shiro.web.servlet.SimpleCookie] is not eligible for getting processed by all BeanPostProcessors (for example: not eligible for auto-proxying)
2018-12-14 08:38:32.980 [main] INFO  o.s.c.s.PostProcessorRegistrationDelegate$BeanPostProcessorChecker - Bean 'rememberMeManager' of type [org.apache.shiro.web.mgt.CookieRememberMeManager] is not eligible for getting processed by all BeanPostProcessors (for example: not eligible for auto-proxying)
2018-12-14 08:38:32.982 [main] INFO  o.s.c.s.PostProcessorRegistrationDelegate$BeanPostProcessorChecker - Bean 'securityManager' of type [org.apache.shiro.web.mgt.DefaultWebSecurityManager] is not eligible for getting processed by all BeanPostProcessors (for example: not eligible for auto-proxying)
2018-12-14 08:38:33.026 [main] INFO  o.s.c.s.PostProcessorRegistrationDelegate$BeanPostProcessorChecker - Bean 'authorityMapper' of type [tk.mybatis.spring.mapper.MapperFactoryBean] is not eligible for getting processed by all BeanPostProcessors (for example: not eligible for auto-proxying)
2018-12-14 08:38:33.028 [main] INFO  o.s.c.s.PostProcessorRegistrationDelegate$BeanPostProcessorChecker - Bean 'authorityMapper' of type [com.sun.proxy.$Proxy76] is not eligible for getting processed by all BeanPostProcessors (for example: not eligible for auto-proxying)
2018-12-14 08:38:33.066 [main] INFO  o.s.c.s.PostProcessorRegistrationDelegate$BeanPostProcessorChecker - Bean 'nonAuthemticateMapper' of type [tk.mybatis.spring.mapper.MapperFactoryBean] is not eligible for getting processed by all BeanPostProcessors (for example: not eligible for auto-proxying)
2018-12-14 08:38:33.067 [main] INFO  o.s.c.s.PostProcessorRegistrationDelegate$BeanPostProcessorChecker - Bean 'nonAuthemticateMapper' of type [com.sun.proxy.$Proxy77] is not eligible for getting processed by all BeanPostProcessors (for example: not eligible for auto-proxying)
2018-12-14 08:38:33.068 [main] INFO  o.s.c.s.PostProcessorRegistrationDelegate$BeanPostProcessorChecker - Bean 'shiroService' of type [com.forum.service.impl.ShiroServiceImpl] is not eligible for getting processed by all BeanPostProcessors (for example: not eligible for auto-proxying)
2018-12-14 08:38:33.099 [main] INFO  o.s.c.s.PostProcessorRegistrationDelegate$BeanPostProcessorChecker - Bean 'loginInfo' of type [com.forum.model.dto.LoginInfo] is not eligible for getting processed by all BeanPostProcessors (for example: not eligible for auto-proxying)
2018-12-14 08:38:33.103 [main] INFO  o.s.c.s.PostProcessorRegistrationDelegate$BeanPostProcessorChecker - Bean 'messageCodeInfo' of type [com.forum.model.dto.MessageCodeInfo] is not eligible for getting processed by all BeanPostProcessors (for example: not eligible for auto-proxying)
2018-12-14 08:38:33.106 [main] INFO  o.s.c.s.PostProcessorRegistrationDelegate$BeanPostProcessorChecker - Bean 'commonInfo' of type [com.forum.model.dto.CommonInfo] is not eligible for getting processed by all BeanPostProcessors (for example: not eligible for auto-proxying)
2018-12-14 08:38:33.107 [main] INFO  o.s.c.s.PostProcessorRegistrationDelegate$BeanPostProcessorChecker - Bean 'rolesAuthorizationFilter' of type [com.forum.service.filter.CustomRolesAuthorizationFilter] is not eligible for getting processed by all BeanPostProcessors (for example: not eligible for auto-proxying)
2018-12-14 08:38:33.428 [main] INFO  com.alibaba.druid.pool.DruidDataSource - {dataSource-1} inited
2018-12-14 08:38:33.434 [main] DEBUG com.forum.mapper.AuthorityMapper.findAuthorities - ==>  Preparing: select * from f_authority 
2018-12-14 08:38:33.523 [main] DEBUG com.forum.mapper.AuthorityMapper.findAuthorities - ==> Parameters: 
2018-12-14 08:38:33.653 [main] DEBUG com.forum.mapper.AuthorityMapper.findAuthorities - <==      Total: 2
2018-12-14 08:38:33.657 [main] DEBUG c.f.m.NonAuthemticateMapper.selectAllFromTable - ==>  Preparing: select * from f_non_authemticate 
2018-12-14 08:38:33.657 [main] DEBUG c.f.m.NonAuthemticateMapper.selectAllFromTable - ==> Parameters: 
2018-12-14 08:38:33.666 [main] DEBUG c.f.m.NonAuthemticateMapper.selectAllFromTable - <==      Total: 19
2018-12-14 08:38:33.718 [main] INFO  o.s.c.s.PostProcessorRegistrationDelegate$BeanPostProcessorChecker - Bean 'org.springframework.amqp.rabbit.annotation.RabbitBootstrapConfiguration' of type [org.springframework.amqp.rabbit.annotation.RabbitBootstrapConfiguration$$EnhancerBySpringCGLIB$$be9d2b13] is not eligible for getting processed by all BeanPostProcessors (for example: not eligible for auto-proxying)
2018-12-14 08:38:33.794 [main] INFO  o.s.c.s.PostProcessorRegistrationDelegate$BeanPostProcessorChecker - Bean 'org.springframework.transaction.annotation.ProxyTransactionManagementConfiguration' of type [org.springframework.transaction.annotation.ProxyTransactionManagementConfiguration$$EnhancerBySpringCGLIB$$f8316ce5] is not eligible for getting processed by all BeanPostProcessors (for example: not eligible for auto-proxying)
2018-12-14 08:38:34.469 [main] INFO  o.s.boot.web.embedded.tomcat.TomcatWebServer - Tomcat initialized with port(s): 8080 (http)
2018-12-14 08:38:34.485 [main] INFO  org.apache.coyote.http11.Http11NioProtocol - Initializing ProtocolHandler ["http-nio-8080"]
2018-12-14 08:38:34.493 [main] INFO  org.apache.catalina.core.StandardService - Starting service [Tomcat]
2018-12-14 08:38:34.493 [main] INFO  org.apache.catalina.core.StandardEngine - Starting Servlet Engine: Apache Tomcat/9.0.12
2018-12-14 08:38:34.501 [main] INFO  org.apache.catalina.core.AprLifecycleListener - The APR based Apache Tomcat Native library which allows optimal performance in production environments was not found on the java.library.path: [C:\Program Files\Java\jdk1.8.0_171\bin;C:\windows\Sun\Java\bin;C:\windows\system32;C:\windows;C:\Program Files\Java\jdk1.8.0_171\bin;C:\Program Files\Java\jdk1.8.0_171\jre\bin;D:\app\LUJO\product\11.2.0\client_1;C:\Program Files\MySQL\MySQL Server 5.7\bin;D:\software\python\Scripts\;D:\software\python\;C:\Program Files (x86)\Common Files\Oracle\Java\javapath;C:\ProgramData\Oracle\Java\javapath;C:\windows\system32;C:\windows;C:\windows\System32\Wbem;C:\windows\System32\WindowsPowerShell\v1.0\;D:\software\Git\cmd;D:\software\;D:\software\bin;C:\Program Files (x86)\MySQL\MySQL Utilities 1.6\;D:\software\MONGODB\bin;;C:\Program Files\Microsoft VS Code\bin;C:\Program Files\Microsoft SQL Server\Client SDK\ODBC\130\Tools\Binn\;C:\Program Files (x86)\Microsoft SQL Server\140\Tools\Binn\;C:\Program Files\Microsoft SQL Server\140\Tools\Binn\;C:\Program Files\Microsoft SQL Server\140\DTS\Binn\;C:\Program Files (x86)\Microsoft SQL Server\Client SDK\ODBC\130\Tools\Binn\;C:\Program Files (x86)\Microsoft SQL Server\140\DTS\Binn\;C:\Program Files (x86)\Microsoft SQL Server\140\Tools\Binn\ManagementStudio\;C:\Users\LUJO\AppData\Local\Microsoft\WindowsApps;;.]
2018-12-14 08:38:34.655 [main] INFO  o.a.c.core.ContainerBase.[Tomcat].[localhost].[/] - Initializing Spring embedded WebApplicationContext
2018-12-14 08:38:34.655 [main] INFO  org.springframework.web.context.ContextLoader - Root WebApplicationContext: initialization completed in 4875 ms
2018-12-14 08:38:34.666 [main] INFO  com.forum.service.config.DruidConfiguration - init Druid Servlet Configuration 
2018-12-14 08:38:34.777 [main] INFO  o.s.boot.web.servlet.ServletRegistrationBean - Servlet statViewServlet mapped to [/druid/*]
2018-12-14 08:38:34.778 [main] INFO  o.s.boot.web.servlet.ServletRegistrationBean - Servlet dispatcherServlet mapped to [/]
2018-12-14 08:38:34.779 [main] INFO  o.s.boot.web.servlet.ServletRegistrationBean - Servlet statViewServlet mapped to [/druid/*]
2018-12-14 08:38:34.779 [main] INFO  o.s.boot.web.servlet.RegistrationBean - Servlet statViewServlet was not registered (possibly already registered?)
2018-12-14 08:38:34.782 [main] INFO  o.s.boot.web.servlet.FilterRegistrationBean - Mapping filter: 'characterEncodingFilter' to: [/*]
2018-12-14 08:38:34.782 [main] INFO  o.s.boot.web.servlet.FilterRegistrationBean - Mapping filter: 'hiddenHttpMethodFilter' to: [/*]
2018-12-14 08:38:34.782 [main] INFO  o.s.boot.web.servlet.FilterRegistrationBean - Mapping filter: 'formContentFilter' to: [/*]
2018-12-14 08:38:34.782 [main] INFO  o.s.boot.web.servlet.FilterRegistrationBean - Mapping filter: 'requestContextFilter' to: [/*]
2018-12-14 08:38:34.783 [main] INFO  o.s.boot.web.servlet.FilterRegistrationBean - Mapping filter: 'webStatFilter' to urls: [/*]
2018-12-14 08:38:34.783 [main] INFO  o.s.boot.web.servlet.FilterRegistrationBean - Mapping filter: 'delegatingFilterProxy' to: [/*]
2018-12-14 08:38:34.783 [main] INFO  o.s.boot.web.servlet.FilterRegistrationBean - Mapping filter: 'shiroFilter' to: [/*]
2018-12-14 08:38:34.783 [main] INFO  o.s.boot.web.servlet.FilterRegistrationBean - Mapping filter: 'rolesAuthorizationFilter' to: [/*]
2018-12-14 08:38:34.783 [main] INFO  o.s.boot.web.servlet.FilterRegistrationBean - Mapping filter: 'formAuthenticationFilter' to: [/*]
2018-12-14 08:38:35.233 [main] INFO  java.lang.Class - Initializing Constant
2018-12-14 08:38:35.236 [main] DEBUG c.f.m.D.selectAllInTableWithoutParamType - ==>  Preparing: select param_name,value from f_dictionary where param_type <> ? 
2018-12-14 08:38:35.255 [main] DEBUG c.f.m.D.selectAllInTableWithoutParamType - ==> Parameters: 参数代码(String)
2018-12-14 08:38:35.283 [main] DEBUG c.f.m.D.selectAllInTableWithoutParamType - <==      Total: 35
2018-12-14 08:38:35.301 [main] INFO  java.lang.Class - Initializing GlobalCode
2018-12-14 08:38:35.302 [main] DEBUG c.f.m.D.selectAllInTableWithParamType - ==>  Preparing: select param_name,value from f_dictionary where param_type = ? 
2018-12-14 08:38:35.304 [main] DEBUG c.f.m.D.selectAllInTableWithParamType - ==> Parameters: 参数代码(String)
2018-12-14 08:38:35.310 [main] DEBUG c.f.m.D.selectAllInTableWithParamType - <==      Total: 9
2018-12-14 08:38:35.831 [main] INFO  o.s.scheduling.concurrent.ThreadPoolTaskExecutor - Initializing ExecutorService 'applicationTaskExecutor'
2018-12-14 08:38:36.014 [main] INFO  o.s.b.a.web.servlet.WelcomePageHandlerMapping - Adding welcome page template: index
2018-12-14 08:38:36.708 [main] INFO  o.s.a.rabbit.connection.CachingConnectionFactory - Attempting to connect to: [127.0.0.1:5672]
2018-12-14 08:38:36.775 [main] INFO  o.s.a.rabbit.connection.CachingConnectionFactory - Created new connection: rabbitConnectionFactory#6df791a4:0/SimpleConnection@45d38165 [delegate=amqp://admin@127.0.0.1:5672/, localPort= 56116]
2018-12-14 08:38:37.098 [main] INFO  org.apache.coyote.http11.Http11NioProtocol - Starting ProtocolHandler ["http-nio-8080"]
2018-12-14 08:38:37.106 [main] INFO  org.apache.tomcat.util.net.NioSelectorPool - Using a shared selector for servlet write/read
2018-12-14 08:38:37.139 [main] INFO  o.s.boot.web.embedded.tomcat.TomcatWebServer - Tomcat started on port(s): 8080 (http) with context path ''
2018-12-14 08:38:37.142 [main] INFO  com.forum.DemoApplication - Started DemoApplication in 8.432 seconds (JVM running for 9.509)
