2019-01-10 16:36:18.484 [main] WARN  org.thymeleaf.templatemode.TemplateMode - [THYMELEAF][main] Template Mode 'LEGACYHTML5' is deprecated. Using Template Mode 'HTML' instead.
2019-01-10 16:36:20.217 [main] WARN  s.d.s.w.readers.parameter.ParameterDataTypeReader - Trying to infer dataType java.lang.String[]
2019-01-10 16:36:20.226 [main] WARN  s.d.s.w.readers.parameter.ParameterDataTypeReader - Trying to infer dataType java.lang.String[]
2019-01-10 16:36:30.933 [http-nio-8080-exec-8] ERROR com.forum.service.aspect.ControllerLogAspect - >>>>>>>>>>>>>>>>>>>>>>>>>>>>>>>>>>>>开始异常捕捉<<<<<<<<<<<<<<<<<<<<<<<<<<<<<<<<<<<<<<<<<<<<<<<<

2019-01-10 16:36:30.934 [http-nio-8080-exec-8] ERROR com.forum.service.aspect.ControllerLogAspect - 异常时间 : 2019-01-10 16:36:30
2019-01-10 16:36:30.934 [http-nio-8080-exec-8] ERROR com.forum.service.aspect.ControllerLogAspect - 请求方法 : POST
2019-01-10 16:36:30.934 [http-nio-8080-exec-8] ERROR com.forum.service.aspect.ControllerLogAspect - 类方法 : com.forum.controller.UserController.releasePostOnlyText
2019-01-10 16:36:30.934 [http-nio-8080-exec-8] ERROR com.forum.service.aspect.ControllerLogAspect - 请求URL: http://localhost:8080/user/release-post-text
2019-01-10 16:36:30.934 [http-nio-8080-exec-8] ERROR com.forum.service.aspect.ControllerLogAspect - 获得IP: 0:0:0:0:0:0:0:1
2019-01-10 16:36:30.935 [http-nio-8080-exec-8] ERROR com.forum.service.aspect.ControllerLogAspect - 参数: Arg -> (0)execution(Object com.forum.controller.UserController.releasePostOnlyText(String,String,String[],String,PostEntity,MessageCodeInfo,CommonInfo))
2019-01-10 16:36:30.935 [http-nio-8080-exec-8] ERROR com.forum.service.aspect.ControllerLogAspect - 请求参数: [fid:[1], text:[阿芳], title:[苟富贵], type:[0], remind:[1068310406818304000]]
2019-01-10 16:36:30.935 [http-nio-8080-exec-8] ERROR com.forum.service.aspect.ControllerLogAspect - 用户名: guest
2019-01-10 16:36:30.940 [http-nio-8080-exec-8] ERROR com.forum.service.aspect.ControllerLogAspect - 异常:groovy.lang.MissingMethodException: No signature of method: com.forum.model.entity.NotificationEntity.ssetNoun() is applicable for argument types: (java.lang.String) values: [<a href='javascript:void(0)' data-sid='1068310406881218560' data-oper='1' data-toggle='modal' data-target='#friend_modal'>guest</a>&nbsp;在帖子&nbsp;<a href='/single_post?postid=58&fid=1'>苟富贵</a>&nbsp;提到了你]
Possible solutions: setNoun(java.lang.String), getNoun()
2019-01-10 16:36:30.940 [http-nio-8080-exec-8] ERROR com.forum.service.aspect.ControllerLogAspect - 异常所在类：com.forum.controller.UserController
2019-01-10 16:36:30.940 [http-nio-8080-exec-8] ERROR com.forum.service.aspect.ControllerLogAspect - 异常所在方法：releasePostOnlyText
2019-01-10 16:36:30.940 [http-nio-8080-exec-8] ERROR com.forum.service.aspect.ControllerLogAspect - 访问类型:Json
2019-01-10 16:36:30.940 [http-nio-8080-exec-8] ERROR com.forum.service.aspect.ControllerLogAspect - >>>>>>>>>>>>>>>>>>>>>>>>>>>>>>>>>>>>异常捕捉完成<<<<<<<<<<<<<<<<<<<<<<<<<<<<<<<<<<<<<<<<<<<<<<<<

2019-01-10 16:36:30.950 [http-nio-8080-exec-8] ERROR o.a.c.c.C.[.[localhost].[/].[dispatcherServlet] - Servlet.service() for servlet [dispatcherServlet] in context with path [] threw exception [Request processing failed; nested exception is groovy.lang.MissingMethodException: No signature of method: com.forum.model.entity.NotificationEntity.ssetNoun() is applicable for argument types: (java.lang.String) values: [<a href='javascript:void(0)' data-sid='1068310406881218560' data-oper='1' data-toggle='modal' data-target='#friend_modal'>guest</a>&nbsp;在帖子&nbsp;<a href='/single_post?postid=58&fid=1'>苟富贵</a>&nbsp;提到了你]
Possible solutions: setNoun(java.lang.String), getNoun()] with root cause
groovy.lang.MissingMethodException: No signature of method: com.forum.model.entity.NotificationEntity.ssetNoun() is applicable for argument types: (java.lang.String) values: [<a href='javascript:void(0)' data-sid='1068310406881218560' data-oper='1' data-toggle='modal' data-target='#friend_modal'>guest</a>&nbsp;在帖子&nbsp;<a href='/single_post?postid=58&fid=1'>苟富贵</a>&nbsp;提到了你]
Possible solutions: setNoun(java.lang.String), getNoun()
	at org.codehaus.groovy.runtime.ScriptBytecodeAdapter.unwrap(ScriptBytecodeAdapter.java:71)
	at org.codehaus.groovy.runtime.callsite.PogoMetaClassSite.call(PogoMetaClassSite.java:53)
	at org.codehaus.groovy.runtime.callsite.CallSiteArray.defaultCall(CallSiteArray.java:47)
	at org.codehaus.groovy.runtime.callsite.AbstractCallSite.call(AbstractCallSite.java:116)
	at org.codehaus.groovy.runtime.callsite.AbstractCallSite.call(AbstractCallSite.java:128)
	at com.forum.service.impl.UserServiceImpl$_releasePost_closure3.doCall(UserServiceImpl.groovy:251)
	at sun.reflect.NativeMethodAccessorImpl.invoke0(Native Method)
	at sun.reflect.NativeMethodAccessorImpl.invoke(NativeMethodAccessorImpl.java:62)
	at sun.reflect.DelegatingMethodAccessorImpl.invoke(DelegatingMethodAccessorImpl.java:43)
	at java.lang.reflect.Method.invoke(Method.java:498)
	at org.codehaus.groovy.reflection.CachedMethod.invoke(CachedMethod.java:98)
	at groovy.lang.MetaMethod.doMethodInvoke(MetaMethod.java:325)
	at org.codehaus.groovy.runtime.metaclass.ClosureMetaClass.invokeMethod(ClosureMetaClass.java:264)
	at groovy.lang.MetaClassImpl.invokeMethod(MetaClassImpl.java:1034)
	at groovy.lang.Closure.call(Closure.java:418)
	at groovy.lang.Closure.call(Closure.java:434)
	at org.codehaus.groovy.runtime.DefaultGroovyMethods.each(DefaultGroovyMethods.java:2125)
	at org.codehaus.groovy.runtime.DefaultGroovyMethods.each(DefaultGroovyMethods.java:1980)
	at org.codehaus.groovy.runtime.dgm$160.invoke(Unknown Source)
	at org.codehaus.groovy.runtime.callsite.PojoMetaMethodSite$PojoMetaMethodSiteNoUnwrapNoCoerce.invoke(PojoMetaMethodSite.java:274)
	at org.codehaus.groovy.runtime.callsite.PojoMetaMethodSite.call(PojoMetaMethodSite.java:56)
	at org.codehaus.groovy.runtime.callsite.CallSiteArray.defaultCall(CallSiteArray.java:47)
	at org.codehaus.groovy.runtime.callsite.AbstractCallSite.call(AbstractCallSite.java:116)
	at org.codehaus.groovy.runtime.callsite.AbstractCallSite.call(AbstractCallSite.java:128)
	at org.codehaus.groovy.runtime.callsite.AbstractCallSite.callSafe(AbstractCallSite.java:90)
	at com.forum.service.impl.UserServiceImpl.releasePost(UserServiceImpl.groovy:241)
	at com.forum.service.UserService$releasePost$1.callCurrent(Unknown Source)
	at org.codehaus.groovy.runtime.callsite.CallSiteArray.defaultCallCurrent(CallSiteArray.java:51)
	at org.codehaus.groovy.runtime.callsite.AbstractCallSite.callCurrent(AbstractCallSite.java:157)
	at com.forum.service.impl.UserServiceImpl.releasePostOnlyText(UserServiceImpl.groovy:263)
	at com.forum.service.impl.UserServiceImpl$$FastClassBySpringCGLIB$$cde0788f.invoke(<generated>)
	at org.springframework.cglib.proxy.MethodProxy.invoke(MethodProxy.java:218)
	at org.springframework.aop.framework.CglibAopProxy$CglibMethodInvocation.invokeJoinpoint(CglibAopProxy.java:746)
	at org.springframework.aop.framework.ReflectiveMethodInvocation.proceed(ReflectiveMethodInvocation.java:163)
	at org.springframework.transaction.interceptor.TransactionAspectSupport.invokeWithinTransaction(TransactionAspectSupport.java:294)
	at org.springframework.transaction.interceptor.TransactionInterceptor.invoke(TransactionInterceptor.java:98)
	at org.springframework.aop.framework.ReflectiveMethodInvocation.proceed(ReflectiveMethodInvocation.java:186)
	at org.springframework.aop.interceptor.ExposeInvocationInterceptor.invoke(ExposeInvocationInterceptor.java:93)
	at org.springframework.aop.framework.ReflectiveMethodInvocation.proceed(ReflectiveMethodInvocation.java:186)
	at org.springframework.aop.framework.CglibAopProxy$DynamicAdvisedInterceptor.intercept(CglibAopProxy.java:688)
	at com.forum.service.impl.UserServiceImpl$$EnhancerBySpringCGLIB$$7ee02604.releasePostOnlyText(<generated>)
	at com.forum.service.impl.UserServiceImpl$$FastClassBySpringCGLIB$$cde0788f.invoke(<generated>)
	at org.springframework.cglib.proxy.MethodProxy.invoke(MethodProxy.java:218)
	at org.springframework.aop.framework.CglibAopProxy$CglibMethodInvocation.invokeJoinpoint(CglibAopProxy.java:746)
	at org.springframework.aop.framework.ReflectiveMethodInvocation.proceed(ReflectiveMethodInvocation.java:163)
	at org.springframework.transaction.interceptor.TransactionAspectSupport.invokeWithinTransaction(TransactionAspectSupport.java:294)
	at org.springframework.transaction.interceptor.TransactionInterceptor.invoke(TransactionInterceptor.java:98)
	at org.springframework.aop.framework.ReflectiveMethodInvocation.proceed(ReflectiveMethodInvocation.java:186)
	at org.springframework.aop.framework.CglibAopProxy$DynamicAdvisedInterceptor.intercept(CglibAopProxy.java:688)
	at com.forum.service.impl.UserServiceImpl$$EnhancerBySpringCGLIB$$2ffc4553.releasePostOnlyText(<generated>)
	at com.forum.service.UserService$releasePostOnlyText$0.call(Unknown Source)
	at org.codehaus.groovy.runtime.callsite.CallSiteArray.defaultCall(CallSiteArray.java:47)
	at org.codehaus.groovy.runtime.callsite.AbstractCallSite.call(AbstractCallSite.java:116)
	at com.forum.controller.UserController.releasePostOnlyText(UserController.groovy:138)
	at com.forum.controller.UserController$$FastClassBySpringCGLIB$$9e079b7f.invoke(<generated>)
	at org.springframework.cglib.proxy.MethodProxy.invoke(MethodProxy.java:218)
	at org.springframework.aop.framework.CglibAopProxy$CglibMethodInvocation.invokeJoinpoint(CglibAopProxy.java:746)
	at org.springframework.aop.framework.ReflectiveMethodInvocation.proceed(ReflectiveMethodInvocation.java:163)
	at org.springframework.aop.framework.adapter.MethodBeforeAdviceInterceptor.invoke(MethodBeforeAdviceInterceptor.java:56)
	at org.springframework.aop.framework.ReflectiveMethodInvocation.proceed(ReflectiveMethodInvocation.java:186)
	at org.springframework.aop.aspectj.MethodInvocationProceedingJoinPoint.proceed(MethodInvocationProceedingJoinPoint.java:88)
	at org.aspectj.lang.ProceedingJoinPoint$proceed.call(Unknown Source)
	at com.forum.service.aspect.ControllerLogAspect.doAround(ControllerLogAspect.groovy:72)
	at sun.reflect.NativeMethodAccessorImpl.invoke0(Native Method)
	at sun.reflect.NativeMethodAccessorImpl.invoke(NativeMethodAccessorImpl.java:62)
	at sun.reflect.DelegatingMethodAccessorImpl.invoke(DelegatingMethodAccessorImpl.java:43)
	at java.lang.reflect.Method.invoke(Method.java:498)
	at org.springframework.aop.aspectj.AbstractAspectJAdvice.invokeAdviceMethodWithGivenArgs(AbstractAspectJAdvice.java:644)
	at org.springframework.aop.aspectj.AbstractAspectJAdvice.invokeAdviceMethod(AbstractAspectJAdvice.java:633)
	at org.springframework.aop.aspectj.AspectJAroundAdvice.invoke(AspectJAroundAdvice.java:70)
	at org.springframework.aop.framework.ReflectiveMethodInvocation.proceed(ReflectiveMethodInvocation.java:186)
	at org.springframework.aop.framework.adapter.AfterReturningAdviceInterceptor.invoke(AfterReturningAdviceInterceptor.java:55)
	at org.springframework.aop.framework.ReflectiveMethodInvocation.proceed(ReflectiveMethodInvocation.java:186)
	at org.springframework.aop.aspectj.AspectJAfterThrowingAdvice.invoke(AspectJAfterThrowingAdvice.java:62)
	at org.springframework.aop.framework.ReflectiveMethodInvocation.proceed(ReflectiveMethodInvocation.java:186)
	at org.springframework.aop.interceptor.ExposeInvocationInterceptor.invoke(ExposeInvocationInterceptor.java:93)
	at org.springframework.aop.framework.ReflectiveMethodInvocation.proceed(ReflectiveMethodInvocation.java:186)
	at org.springframework.aop.framework.CglibAopProxy$DynamicAdvisedInterceptor.intercept(CglibAopProxy.java:688)
	at com.forum.controller.UserController$$EnhancerBySpringCGLIB$$d6276638.releasePostOnlyText(<generated>)
	at sun.reflect.NativeMethodAccessorImpl.invoke0(Native Method)
	at sun.reflect.NativeMethodAccessorImpl.invoke(NativeMethodAccessorImpl.java:62)
	at sun.reflect.DelegatingMethodAccessorImpl.invoke(DelegatingMethodAccessorImpl.java:43)
	at java.lang.reflect.Method.invoke(Method.java:498)
	at org.springframework.web.method.support.InvocableHandlerMethod.doInvoke(InvocableHandlerMethod.java:215)
	at org.springframework.web.method.support.InvocableHandlerMethod.invokeForRequest(InvocableHandlerMethod.java:142)
	at org.springframework.web.servlet.mvc.method.annotation.ServletInvocableHandlerMethod.invokeAndHandle(ServletInvocableHandlerMethod.java:102)
	at org.springframework.web.servlet.mvc.method.annotation.RequestMappingHandlerAdapter.invokeHandlerMethod(RequestMappingHandlerAdapter.java:895)
	at org.springframework.web.servlet.mvc.method.annotation.RequestMappingHandlerAdapter.handleInternal(RequestMappingHandlerAdapter.java:800)
	at org.springframework.web.servlet.mvc.method.AbstractHandlerMethodAdapter.handle(AbstractHandlerMethodAdapter.java:87)
	at org.springframework.web.servlet.DispatcherServlet.doDispatch(DispatcherServlet.java:1038)
	at org.springframework.web.servlet.DispatcherServlet.doService(DispatcherServlet.java:942)
	at org.springframework.web.servlet.FrameworkServlet.processRequest(FrameworkServlet.java:998)
	at org.springframework.web.servlet.FrameworkServlet.doPost(FrameworkServlet.java:901)
	at javax.servlet.http.HttpServlet.service(HttpServlet.java:660)
	at org.springframework.web.servlet.FrameworkServlet.service(FrameworkServlet.java:875)
	at javax.servlet.http.HttpServlet.service(HttpServlet.java:741)
	at org.apache.catalina.core.ApplicationFilterChain.internalDoFilter(ApplicationFilterChain.java:231)
	at org.apache.catalina.core.ApplicationFilterChain.doFilter(ApplicationFilterChain.java:166)
	at org.apache.tomcat.websocket.server.WsFilter.doFilter(WsFilter.java:53)
	at org.apache.catalina.core.ApplicationFilterChain.internalDoFilter(ApplicationFilterChain.java:193)
	at org.apache.catalina.core.ApplicationFilterChain.doFilter(ApplicationFilterChain.java:166)
	at org.apache.shiro.web.servlet.AdviceFilter.executeChain(AdviceFilter.java:108)
	at org.apache.shiro.web.servlet.AdviceFilter.doFilterInternal(AdviceFilter.java:137)
	at org.apache.shiro.web.servlet.OncePerRequestFilter.doFilter(OncePerRequestFilter.java:125)
	at org.apache.catalina.core.ApplicationFilterChain.internalDoFilter(ApplicationFilterChain.java:193)
	at org.apache.catalina.core.ApplicationFilterChain.doFilter(ApplicationFilterChain.java:166)
	at org.apache.shiro.web.servlet.AdviceFilter.executeChain(AdviceFilter.java:108)
	at org.apache.shiro.web.servlet.AdviceFilter.doFilterInternal(AdviceFilter.java:137)
	at org.apache.shiro.web.servlet.OncePerRequestFilter.doFilter(OncePerRequestFilter.java:125)
	at org.apache.catalina.core.ApplicationFilterChain.internalDoFilter(ApplicationFilterChain.java:193)
	at org.apache.catalina.core.ApplicationFilterChain.doFilter(ApplicationFilterChain.java:166)
	at org.apache.shiro.web.servlet.OncePerRequestFilter.doFilter(OncePerRequestFilter.java:112)
	at org.apache.catalina.core.ApplicationFilterChain.internalDoFilter(ApplicationFilterChain.java:193)
	at org.apache.catalina.core.ApplicationFilterChain.doFilter(ApplicationFilterChain.java:166)
	at org.apache.shiro.web.servlet.ProxiedFilterChain.doFilter(ProxiedFilterChain.java:61)
	at org.apache.shiro.web.servlet.AdviceFilter.executeChain(AdviceFilter.java:108)
	at org.apache.shiro.web.servlet.AdviceFilter.doFilterInternal(AdviceFilter.java:137)
	at org.apache.shiro.web.servlet.OncePerRequestFilter.doFilter(OncePerRequestFilter.java:125)
	at org.apache.shiro.web.servlet.ProxiedFilterChain.doFilter(ProxiedFilterChain.java:66)
	at org.apache.shiro.web.servlet.AbstractShiroFilter.executeChain(AbstractShiroFilter.java:449)
	at org.apache.shiro.web.servlet.AbstractShiroFilter$1.call(AbstractShiroFilter.java:365)
	at org.apache.shiro.subject.support.SubjectCallable.doCall(SubjectCallable.java:90)
	at org.apache.shiro.subject.support.SubjectCallable.call(SubjectCallable.java:83)
	at org.apache.shiro.subject.support.DelegatingSubject.execute(DelegatingSubject.java:387)
	at org.apache.shiro.web.servlet.AbstractShiroFilter.doFilterInternal(AbstractShiroFilter.java:362)
	at org.apache.shiro.web.servlet.OncePerRequestFilter.doFilter(OncePerRequestFilter.java:125)
	at org.springframework.web.filter.DelegatingFilterProxy.invokeDelegate(DelegatingFilterProxy.java:357)
	at org.springframework.web.filter.DelegatingFilterProxy.doFilter(DelegatingFilterProxy.java:270)
	at org.apache.catalina.core.ApplicationFilterChain.internalDoFilter(ApplicationFilterChain.java:193)
	at org.apache.catalina.core.ApplicationFilterChain.doFilter(ApplicationFilterChain.java:166)
	at com.alibaba.druid.support.http.WebStatFilter.doFilter(WebStatFilter.java:123)
	at org.apache.catalina.core.ApplicationFilterChain.internalDoFilter(ApplicationFilterChain.java:193)
	at org.apache.catalina.core.ApplicationFilterChain.doFilter(ApplicationFilterChain.java:166)
	at org.springframework.web.filter.RequestContextFilter.doFilterInternal(RequestContextFilter.java:99)
	at org.springframework.web.filter.OncePerRequestFilter.doFilter(OncePerRequestFilter.java:107)
	at org.apache.catalina.core.ApplicationFilterChain.internalDoFilter(ApplicationFilterChain.java:193)
	at org.apache.catalina.core.ApplicationFilterChain.doFilter(ApplicationFilterChain.java:166)
	at org.springframework.web.filter.FormContentFilter.doFilterInternal(FormContentFilter.java:92)
	at org.springframework.web.filter.OncePerRequestFilter.doFilter(OncePerRequestFilter.java:107)
	at org.apache.catalina.core.ApplicationFilterChain.internalDoFilter(ApplicationFilterChain.java:193)
	at org.apache.catalina.core.ApplicationFilterChain.doFilter(ApplicationFilterChain.java:166)
	at org.springframework.web.filter.HiddenHttpMethodFilter.doFilterInternal(HiddenHttpMethodFilter.java:93)
	at org.springframework.web.filter.OncePerRequestFilter.doFilter(OncePerRequestFilter.java:107)
	at org.apache.catalina.core.ApplicationFilterChain.internalDoFilter(ApplicationFilterChain.java:193)
	at org.apache.catalina.core.ApplicationFilterChain.doFilter(ApplicationFilterChain.java:166)
	at org.springframework.web.filter.CharacterEncodingFilter.doFilterInternal(CharacterEncodingFilter.java:200)
	at org.springframework.web.filter.OncePerRequestFilter.doFilter(OncePerRequestFilter.java:107)
	at org.apache.catalina.core.ApplicationFilterChain.internalDoFilter(ApplicationFilterChain.java:193)
	at org.apache.catalina.core.ApplicationFilterChain.doFilter(ApplicationFilterChain.java:166)
	at org.apache.catalina.core.StandardWrapperValve.invoke(StandardWrapperValve.java:199)
	at org.apache.catalina.core.StandardContextValve.invoke(StandardContextValve.java:96)
	at org.apache.catalina.authenticator.AuthenticatorBase.invoke(AuthenticatorBase.java:490)
	at org.apache.catalina.core.StandardHostValve.invoke(StandardHostValve.java:139)
	at org.apache.catalina.valves.ErrorReportValve.invoke(ErrorReportValve.java:92)
	at org.apache.catalina.core.StandardEngineValve.invoke(StandardEngineValve.java:74)
	at org.apache.catalina.connector.CoyoteAdapter.service(CoyoteAdapter.java:343)
	at org.apache.coyote.http11.Http11Processor.service(Http11Processor.java:408)
	at org.apache.coyote.AbstractProcessorLight.process(AbstractProcessorLight.java:66)
	at org.apache.coyote.AbstractProtocol$ConnectionHandler.process(AbstractProtocol.java:770)
	at org.apache.tomcat.util.net.NioEndpoint$SocketProcessor.doRun(NioEndpoint.java:1415)
	at org.apache.tomcat.util.net.SocketProcessorBase.run(SocketProcessorBase.java:49)
	at java.util.concurrent.ThreadPoolExecutor.runWorker(ThreadPoolExecutor.java:1149)
	at java.util.concurrent.ThreadPoolExecutor$Worker.run(ThreadPoolExecutor.java:624)
	at org.apache.tomcat.util.threads.TaskThread$WrappingRunnable.run(TaskThread.java:61)
	at java.lang.Thread.run(Thread.java:748)
2019-01-10 16:37:08.419 [main] WARN  org.mybatis.spring.mapper.ClassPathMapperScanner - Skipping MapperFactoryBean with name 'areaMapper' and 'com.forum.mapper.AreaMapper' mapperInterface. Bean already defined with the same name!
2019-01-10 16:37:08.421 [main] WARN  org.mybatis.spring.mapper.ClassPathMapperScanner - Skipping MapperFactoryBean with name 'authorityMapper' and 'com.forum.mapper.AuthorityMapper' mapperInterface. Bean already defined with the same name!
2019-01-10 16:37:08.421 [main] WARN  org.mybatis.spring.mapper.ClassPathMapperScanner - Skipping MapperFactoryBean with name 'dictionaryMapper' and 'com.forum.mapper.DictionaryMapper' mapperInterface. Bean already defined with the same name!
2019-01-10 16:37:08.421 [main] WARN  org.mybatis.spring.mapper.ClassPathMapperScanner - Skipping MapperFactoryBean with name 'followForumMapper' and 'com.forum.mapper.FollowForumMapper' mapperInterface. Bean already defined with the same name!
2019-01-10 16:37:08.421 [main] WARN  org.mybatis.spring.mapper.ClassPathMapperScanner - Skipping MapperFactoryBean with name 'followFriendMapper' and 'com.forum.mapper.FollowFriendMapper' mapperInterface. Bean already defined with the same name!
2019-01-10 16:37:08.421 [main] WARN  org.mybatis.spring.mapper.ClassPathMapperScanner - Skipping MapperFactoryBean with name 'forumListMapper' and 'com.forum.mapper.ForumListMapper' mapperInterface. Bean already defined with the same name!
2019-01-10 16:37:08.421 [main] WARN  org.mybatis.spring.mapper.ClassPathMapperScanner - Skipping MapperFactoryBean with name 'nonAuthemticateMapper' and 'com.forum.mapper.NonAuthemticateMapper' mapperInterface. Bean already defined with the same name!
2019-01-10 16:37:08.427 [main] WARN  org.mybatis.spring.mapper.ClassPathMapperScanner - Skipping MapperFactoryBean with name 'notificationMapper' and 'com.forum.mapper.NotificationMapper' mapperInterface. Bean already defined with the same name!
2019-01-10 16:37:08.427 [main] WARN  org.mybatis.spring.mapper.ClassPathMapperScanner - Skipping MapperFactoryBean with name 'postMapper' and 'com.forum.mapper.PostMapper' mapperInterface. Bean already defined with the same name!
2019-01-10 16:37:08.427 [main] WARN  org.mybatis.spring.mapper.ClassPathMapperScanner - Skipping MapperFactoryBean with name 'postReplyMapper' and 'com.forum.mapper.PostReplyMapper' mapperInterface. Bean already defined with the same name!
2019-01-10 16:37:08.427 [main] WARN  org.mybatis.spring.mapper.ClassPathMapperScanner - Skipping MapperFactoryBean with name 'replyFavouriteMapper' and 'com.forum.mapper.ReplyFavouriteMapper' mapperInterface. Bean already defined with the same name!
2019-01-10 16:37:08.428 [main] WARN  org.mybatis.spring.mapper.ClassPathMapperScanner - Skipping MapperFactoryBean with name 'roleAuthorityMapper' and 'com.forum.mapper.RoleAuthorityMapper' mapperInterface. Bean already defined with the same name!
2019-01-10 16:37:08.438 [main] WARN  org.mybatis.spring.mapper.ClassPathMapperScanner - Skipping MapperFactoryBean with name 'roleMapper' and 'com.forum.mapper.RoleMapper' mapperInterface. Bean already defined with the same name!
2019-01-10 16:37:08.438 [main] WARN  org.mybatis.spring.mapper.ClassPathMapperScanner - Skipping MapperFactoryBean with name 'sessionMapper' and 'com.forum.mapper.SessionMapper' mapperInterface. Bean already defined with the same name!
2019-01-10 16:37:08.439 [main] WARN  org.mybatis.spring.mapper.ClassPathMapperScanner - Skipping MapperFactoryBean with name 'userFollowMapper' and 'com.forum.mapper.UserFollowMapper' mapperInterface. Bean already defined with the same name!
2019-01-10 16:37:08.439 [main] WARN  org.mybatis.spring.mapper.ClassPathMapperScanner - Skipping MapperFactoryBean with name 'userForumListPostVOMapper' and 'com.forum.mapper.UserForumListPostVOMapper' mapperInterface. Bean already defined with the same name!
2019-01-10 16:37:08.439 [main] WARN  org.mybatis.spring.mapper.ClassPathMapperScanner - Skipping MapperFactoryBean with name 'userMapper' and 'com.forum.mapper.UserMapper' mapperInterface. Bean already defined with the same name!
2019-01-10 16:37:08.439 [main] WARN  org.mybatis.spring.mapper.ClassPathMapperScanner - Skipping MapperFactoryBean with name 'userPostReplyVOMapper' and 'com.forum.mapper.UserPostReplyVOMapper' mapperInterface. Bean already defined with the same name!
2019-01-10 16:37:08.439 [main] WARN  org.mybatis.spring.mapper.ClassPathMapperScanner - Skipping MapperFactoryBean with name 'userPostVOMapper' and 'com.forum.mapper.UserPostVOMapper' mapperInterface. Bean already defined with the same name!
2019-01-10 16:37:17.788 [main] WARN  org.thymeleaf.templatemode.TemplateMode - [THYMELEAF][main] Template Mode 'LEGACYHTML5' is deprecated. Using Template Mode 'HTML' instead.
2019-01-10 16:37:20.040 [main] WARN  s.d.s.w.readers.parameter.ParameterDataTypeReader - Trying to infer dataType java.lang.String[]
2019-01-10 16:37:20.045 [main] WARN  s.d.s.w.readers.parameter.ParameterDataTypeReader - Trying to infer dataType java.lang.String[]
2019-01-10 17:14:55.409 [main] WARN  org.mybatis.spring.mapper.ClassPathMapperScanner - Skipping MapperFactoryBean with name 'areaMapper' and 'com.forum.mapper.AreaMapper' mapperInterface. Bean already defined with the same name!
2019-01-10 17:14:55.411 [main] WARN  org.mybatis.spring.mapper.ClassPathMapperScanner - Skipping MapperFactoryBean with name 'authorityMapper' and 'com.forum.mapper.AuthorityMapper' mapperInterface. Bean already defined with the same name!
2019-01-10 17:14:55.412 [main] WARN  org.mybatis.spring.mapper.ClassPathMapperScanner - Skipping MapperFactoryBean with name 'dictionaryMapper' and 'com.forum.mapper.DictionaryMapper' mapperInterface. Bean already defined with the same name!
2019-01-10 17:14:55.412 [main] WARN  org.mybatis.spring.mapper.ClassPathMapperScanner - Skipping MapperFactoryBean with name 'followForumMapper' and 'com.forum.mapper.FollowForumMapper' mapperInterface. Bean already defined with the same name!
2019-01-10 17:14:55.413 [main] WARN  org.mybatis.spring.mapper.ClassPathMapperScanner - Skipping MapperFactoryBean with name 'followFriendMapper' and 'com.forum.mapper.FollowFriendMapper' mapperInterface. Bean already defined with the same name!
2019-01-10 17:14:55.413 [main] WARN  org.mybatis.spring.mapper.ClassPathMapperScanner - Skipping MapperFactoryBean with name 'forumListMapper' and 'com.forum.mapper.ForumListMapper' mapperInterface. Bean already defined with the same name!
2019-01-10 17:14:55.413 [main] WARN  org.mybatis.spring.mapper.ClassPathMapperScanner - Skipping MapperFactoryBean with name 'nonAuthemticateMapper' and 'com.forum.mapper.NonAuthemticateMapper' mapperInterface. Bean already defined with the same name!
2019-01-10 17:14:55.413 [main] WARN  org.mybatis.spring.mapper.ClassPathMapperScanner - Skipping MapperFactoryBean with name 'notificationMapper' and 'com.forum.mapper.NotificationMapper' mapperInterface. Bean already defined with the same name!
2019-01-10 17:14:55.413 [main] WARN  org.mybatis.spring.mapper.ClassPathMapperScanner - Skipping MapperFactoryBean with name 'postMapper' and 'com.forum.mapper.PostMapper' mapperInterface. Bean already defined with the same name!
2019-01-10 17:14:55.413 [main] WARN  org.mybatis.spring.mapper.ClassPathMapperScanner - Skipping MapperFactoryBean with name 'postReplyMapper' and 'com.forum.mapper.PostReplyMapper' mapperInterface. Bean already defined with the same name!
2019-01-10 17:14:55.413 [main] WARN  org.mybatis.spring.mapper.ClassPathMapperScanner - Skipping MapperFactoryBean with name 'replyFavouriteMapper' and 'com.forum.mapper.ReplyFavouriteMapper' mapperInterface. Bean already defined with the same name!
2019-01-10 17:14:55.413 [main] WARN  org.mybatis.spring.mapper.ClassPathMapperScanner - Skipping MapperFactoryBean with name 'roleAuthorityMapper' and 'com.forum.mapper.RoleAuthorityMapper' mapperInterface. Bean already defined with the same name!
2019-01-10 17:14:55.413 [main] WARN  org.mybatis.spring.mapper.ClassPathMapperScanner - Skipping MapperFactoryBean with name 'roleMapper' and 'com.forum.mapper.RoleMapper' mapperInterface. Bean already defined with the same name!
2019-01-10 17:14:55.414 [main] WARN  org.mybatis.spring.mapper.ClassPathMapperScanner - Skipping MapperFactoryBean with name 'sessionMapper' and 'com.forum.mapper.SessionMapper' mapperInterface. Bean already defined with the same name!
2019-01-10 17:14:55.414 [main] WARN  org.mybatis.spring.mapper.ClassPathMapperScanner - Skipping MapperFactoryBean with name 'userFollowMapper' and 'com.forum.mapper.UserFollowMapper' mapperInterface. Bean already defined with the same name!
2019-01-10 17:14:55.414 [main] WARN  org.mybatis.spring.mapper.ClassPathMapperScanner - Skipping MapperFactoryBean with name 'userForumListPostVOMapper' and 'com.forum.mapper.UserForumListPostVOMapper' mapperInterface. Bean already defined with the same name!
2019-01-10 17:14:55.414 [main] WARN  org.mybatis.spring.mapper.ClassPathMapperScanner - Skipping MapperFactoryBean with name 'userMapper' and 'com.forum.mapper.UserMapper' mapperInterface. Bean already defined with the same name!
2019-01-10 17:14:55.414 [main] WARN  org.mybatis.spring.mapper.ClassPathMapperScanner - Skipping MapperFactoryBean with name 'userPostReplyVOMapper' and 'com.forum.mapper.UserPostReplyVOMapper' mapperInterface. Bean already defined with the same name!
2019-01-10 17:14:55.414 [main] WARN  org.mybatis.spring.mapper.ClassPathMapperScanner - Skipping MapperFactoryBean with name 'userPostVOMapper' and 'com.forum.mapper.UserPostVOMapper' mapperInterface. Bean already defined with the same name!
2019-01-10 17:15:02.762 [main] WARN  org.thymeleaf.templatemode.TemplateMode - [THYMELEAF][main] Template Mode 'LEGACYHTML5' is deprecated. Using Template Mode 'HTML' instead.
2019-01-10 17:15:04.185 [main] WARN  s.d.s.w.readers.parameter.ParameterDataTypeReader - Trying to infer dataType java.lang.String[]
2019-01-10 17:15:04.190 [main] WARN  s.d.s.w.readers.parameter.ParameterDataTypeReader - Trying to infer dataType java.lang.String[]
2019-01-10 17:18:07.602 [main] WARN  org.mybatis.spring.mapper.ClassPathMapperScanner - Skipping MapperFactoryBean with name 'areaMapper' and 'com.forum.mapper.AreaMapper' mapperInterface. Bean already defined with the same name!
2019-01-10 17:18:07.603 [main] WARN  org.mybatis.spring.mapper.ClassPathMapperScanner - Skipping MapperFactoryBean with name 'authorityMapper' and 'com.forum.mapper.AuthorityMapper' mapperInterface. Bean already defined with the same name!
2019-01-10 17:18:07.604 [main] WARN  org.mybatis.spring.mapper.ClassPathMapperScanner - Skipping MapperFactoryBean with name 'dictionaryMapper' and 'com.forum.mapper.DictionaryMapper' mapperInterface. Bean already defined with the same name!
2019-01-10 17:18:07.604 [main] WARN  org.mybatis.spring.mapper.ClassPathMapperScanner - Skipping MapperFactoryBean with name 'followForumMapper' and 'com.forum.mapper.FollowForumMapper' mapperInterface. Bean already defined with the same name!
2019-01-10 17:18:07.604 [main] WARN  org.mybatis.spring.mapper.ClassPathMapperScanner - Skipping MapperFactoryBean with name 'followFriendMapper' and 'com.forum.mapper.FollowFriendMapper' mapperInterface. Bean already defined with the same name!
2019-01-10 17:18:07.604 [main] WARN  org.mybatis.spring.mapper.ClassPathMapperScanner - Skipping MapperFactoryBean with name 'forumListMapper' and 'com.forum.mapper.ForumListMapper' mapperInterface. Bean already defined with the same name!
2019-01-10 17:18:07.604 [main] WARN  org.mybatis.spring.mapper.ClassPathMapperScanner - Skipping MapperFactoryBean with name 'nonAuthemticateMapper' and 'com.forum.mapper.NonAuthemticateMapper' mapperInterface. Bean already defined with the same name!
2019-01-10 17:18:07.604 [main] WARN  org.mybatis.spring.mapper.ClassPathMapperScanner - Skipping MapperFactoryBean with name 'notificationMapper' and 'com.forum.mapper.NotificationMapper' mapperInterface. Bean already defined with the same name!
2019-01-10 17:18:07.604 [main] WARN  org.mybatis.spring.mapper.ClassPathMapperScanner - Skipping MapperFactoryBean with name 'postMapper' and 'com.forum.mapper.PostMapper' mapperInterface. Bean already defined with the same name!
2019-01-10 17:18:07.604 [main] WARN  org.mybatis.spring.mapper.ClassPathMapperScanner - Skipping MapperFactoryBean with name 'postReplyMapper' and 'com.forum.mapper.PostReplyMapper' mapperInterface. Bean already defined with the same name!
2019-01-10 17:18:07.604 [main] WARN  org.mybatis.spring.mapper.ClassPathMapperScanner - Skipping MapperFactoryBean with name 'replyFavouriteMapper' and 'com.forum.mapper.ReplyFavouriteMapper' mapperInterface. Bean already defined with the same name!
2019-01-10 17:18:07.604 [main] WARN  org.mybatis.spring.mapper.ClassPathMapperScanner - Skipping MapperFactoryBean with name 'roleAuthorityMapper' and 'com.forum.mapper.RoleAuthorityMapper' mapperInterface. Bean already defined with the same name!
2019-01-10 17:18:07.604 [main] WARN  org.mybatis.spring.mapper.ClassPathMapperScanner - Skipping MapperFactoryBean with name 'roleMapper' and 'com.forum.mapper.RoleMapper' mapperInterface. Bean already defined with the same name!
2019-01-10 17:18:07.605 [main] WARN  org.mybatis.spring.mapper.ClassPathMapperScanner - Skipping MapperFactoryBean with name 'sessionMapper' and 'com.forum.mapper.SessionMapper' mapperInterface. Bean already defined with the same name!
2019-01-10 17:18:07.609 [main] WARN  org.mybatis.spring.mapper.ClassPathMapperScanner - Skipping MapperFactoryBean with name 'userFollowMapper' and 'com.forum.mapper.UserFollowMapper' mapperInterface. Bean already defined with the same name!
2019-01-10 17:18:07.610 [main] WARN  org.mybatis.spring.mapper.ClassPathMapperScanner - Skipping MapperFactoryBean with name 'userForumListPostVOMapper' and 'com.forum.mapper.UserForumListPostVOMapper' mapperInterface. Bean already defined with the same name!
2019-01-10 17:18:07.610 [main] WARN  org.mybatis.spring.mapper.ClassPathMapperScanner - Skipping MapperFactoryBean with name 'userMapper' and 'com.forum.mapper.UserMapper' mapperInterface. Bean already defined with the same name!
2019-01-10 17:18:07.610 [main] WARN  org.mybatis.spring.mapper.ClassPathMapperScanner - Skipping MapperFactoryBean with name 'userPostReplyVOMapper' and 'com.forum.mapper.UserPostReplyVOMapper' mapperInterface. Bean already defined with the same name!
2019-01-10 17:18:07.610 [main] WARN  org.mybatis.spring.mapper.ClassPathMapperScanner - Skipping MapperFactoryBean with name 'userPostVOMapper' and 'com.forum.mapper.UserPostVOMapper' mapperInterface. Bean already defined with the same name!
2019-01-10 17:18:15.405 [main] WARN  org.thymeleaf.templatemode.TemplateMode - [THYMELEAF][main] Template Mode 'LEGACYHTML5' is deprecated. Using Template Mode 'HTML' instead.
2019-01-10 17:18:16.749 [main] WARN  s.d.s.w.readers.parameter.ParameterDataTypeReader - Trying to infer dataType java.lang.String[]
2019-01-10 17:18:16.753 [main] WARN  s.d.s.w.readers.parameter.ParameterDataTypeReader - Trying to infer dataType java.lang.String[]
2019-01-10 17:18:38.099 [main] WARN  org.mybatis.spring.mapper.ClassPathMapperScanner - Skipping MapperFactoryBean with name 'areaMapper' and 'com.forum.mapper.AreaMapper' mapperInterface. Bean already defined with the same name!
2019-01-10 17:18:38.100 [main] WARN  org.mybatis.spring.mapper.ClassPathMapperScanner - Skipping MapperFactoryBean with name 'authorityMapper' and 'com.forum.mapper.AuthorityMapper' mapperInterface. Bean already defined with the same name!
2019-01-10 17:18:38.100 [main] WARN  org.mybatis.spring.mapper.ClassPathMapperScanner - Skipping MapperFactoryBean with name 'dictionaryMapper' and 'com.forum.mapper.DictionaryMapper' mapperInterface. Bean already defined with the same name!
2019-01-10 17:18:38.100 [main] WARN  org.mybatis.spring.mapper.ClassPathMapperScanner - Skipping MapperFactoryBean with name 'followForumMapper' and 'com.forum.mapper.FollowForumMapper' mapperInterface. Bean already defined with the same name!
2019-01-10 17:18:38.100 [main] WARN  org.mybatis.spring.mapper.ClassPathMapperScanner - Skipping MapperFactoryBean with name 'followFriendMapper' and 'com.forum.mapper.FollowFriendMapper' mapperInterface. Bean already defined with the same name!
2019-01-10 17:18:38.100 [main] WARN  org.mybatis.spring.mapper.ClassPathMapperScanner - Skipping MapperFactoryBean with name 'forumListMapper' and 'com.forum.mapper.ForumListMapper' mapperInterface. Bean already defined with the same name!
2019-01-10 17:18:38.100 [main] WARN  org.mybatis.spring.mapper.ClassPathMapperScanner - Skipping MapperFactoryBean with name 'nonAuthemticateMapper' and 'com.forum.mapper.NonAuthemticateMapper' mapperInterface. Bean already defined with the same name!
2019-01-10 17:18:38.100 [main] WARN  org.mybatis.spring.mapper.ClassPathMapperScanner - Skipping MapperFactoryBean with name 'notificationMapper' and 'com.forum.mapper.NotificationMapper' mapperInterface. Bean already defined with the same name!
2019-01-10 17:18:38.100 [main] WARN  org.mybatis.spring.mapper.ClassPathMapperScanner - Skipping MapperFactoryBean with name 'postMapper' and 'com.forum.mapper.PostMapper' mapperInterface. Bean already defined with the same name!
2019-01-10 17:18:38.100 [main] WARN  org.mybatis.spring.mapper.ClassPathMapperScanner - Skipping MapperFactoryBean with name 'postReplyMapper' and 'com.forum.mapper.PostReplyMapper' mapperInterface. Bean already defined with the same name!
2019-01-10 17:18:38.101 [main] WARN  org.mybatis.spring.mapper.ClassPathMapperScanner - Skipping MapperFactoryBean with name 'replyFavouriteMapper' and 'com.forum.mapper.ReplyFavouriteMapper' mapperInterface. Bean already defined with the same name!
2019-01-10 17:18:38.101 [main] WARN  org.mybatis.spring.mapper.ClassPathMapperScanner - Skipping MapperFactoryBean with name 'roleAuthorityMapper' and 'com.forum.mapper.RoleAuthorityMapper' mapperInterface. Bean already defined with the same name!
2019-01-10 17:18:38.101 [main] WARN  org.mybatis.spring.mapper.ClassPathMapperScanner - Skipping MapperFactoryBean with name 'roleMapper' and 'com.forum.mapper.RoleMapper' mapperInterface. Bean already defined with the same name!
2019-01-10 17:18:38.101 [main] WARN  org.mybatis.spring.mapper.ClassPathMapperScanner - Skipping MapperFactoryBean with name 'sessionMapper' and 'com.forum.mapper.SessionMapper' mapperInterface. Bean already defined with the same name!
2019-01-10 17:18:38.103 [main] WARN  org.mybatis.spring.mapper.ClassPathMapperScanner - Skipping MapperFactoryBean with name 'userFollowMapper' and 'com.forum.mapper.UserFollowMapper' mapperInterface. Bean already defined with the same name!
2019-01-10 17:18:38.103 [main] WARN  org.mybatis.spring.mapper.ClassPathMapperScanner - Skipping MapperFactoryBean with name 'userForumListPostVOMapper' and 'com.forum.mapper.UserForumListPostVOMapper' mapperInterface. Bean already defined with the same name!
2019-01-10 17:18:38.103 [main] WARN  org.mybatis.spring.mapper.ClassPathMapperScanner - Skipping MapperFactoryBean with name 'userMapper' and 'com.forum.mapper.UserMapper' mapperInterface. Bean already defined with the same name!
2019-01-10 17:18:38.103 [main] WARN  org.mybatis.spring.mapper.ClassPathMapperScanner - Skipping MapperFactoryBean with name 'userPostReplyVOMapper' and 'com.forum.mapper.UserPostReplyVOMapper' mapperInterface. Bean already defined with the same name!
2019-01-10 17:18:38.103 [main] WARN  org.mybatis.spring.mapper.ClassPathMapperScanner - Skipping MapperFactoryBean with name 'userPostVOMapper' and 'com.forum.mapper.UserPostVOMapper' mapperInterface. Bean already defined with the same name!
2019-01-10 17:18:46.428 [main] WARN  org.thymeleaf.templatemode.TemplateMode - [THYMELEAF][main] Template Mode 'LEGACYHTML5' is deprecated. Using Template Mode 'HTML' instead.
2019-01-10 17:18:47.839 [main] WARN  s.d.s.w.readers.parameter.ParameterDataTypeReader - Trying to infer dataType java.lang.String[]
2019-01-10 17:18:47.844 [main] WARN  s.d.s.w.readers.parameter.ParameterDataTypeReader - Trying to infer dataType java.lang.String[]
