2019-02-03 00:00:35.056 [http-nio-8080-exec-1] INFO  com.forum.service.aspect.ControllerLogAspect - Date : 2019-02-03 12:00:35
2019-02-03 00:00:35.064 [http-nio-8080-exec-1] INFO  com.forum.service.aspect.ControllerLogAspect - Request Parameter : [:]
2019-02-03 00:00:35.064 [http-nio-8080-exec-1] INFO  com.forum.service.aspect.ControllerLogAspect - Username : admin
2019-02-03 00:00:35.065 [http-nio-8080-exec-1] DEBUG com.forum.mapper.ForumListMapper.selectAll - ==>  Preparing: SELECT fid,fname,img,creator,description,creator_ip,date,type FROM f_forumList 
2019-02-03 00:00:35.065 [http-nio-8080-exec-1] DEBUG com.forum.mapper.ForumListMapper.selectAll - ==> Parameters: 
2019-02-03 00:00:35.067 [http-nio-8080-exec-1] DEBUG com.forum.mapper.ForumListMapper.selectAll - <==      Total: 3
2019-02-03 00:00:35.068 [http-nio-8080-exec-1] INFO  com.forum.service.aspect.ControllerLogAspect - Finish Method Spend Time : 12ms
2019-02-03 00:00:35.068 [http-nio-8080-exec-1] INFO  com.forum.service.aspect.ControllerLogAspect - Returning >>> response=[com.forum.model.entity.ForumListEntity@62c8dd2c, com.forum.model.entity.ForumListEntity@2e3a9883, com.forum.model.entity.ForumListEntity@42671a49]
2019-02-03 00:00:35.070 [http-nio-8080-exec-1] INFO  com.forum.service.aspect.ControllerLogAspect - Returning >>> {"id":0,"url":"http://localhost:8080/admin/getForumList","ip":"0:0:0:0:0:0:0:1","httpMethod":"POST","classMethod":"com.forum.controller.AdminController.getForumList","args":"Arg -> (0)execution(Object com.forum.controller.AdminController.getForumList())","reqParams":null,"respParams":"[{\"fid\":\"1\",\"fname\":\"灌水区\",\"img\":null,\"creator\":\"1068310406818304000\",\"description\":\"HI\",\"creatorIp\":\"0\",\"enable\":false,\"authority\":false,\"date\":\"2018-12-20 16:21:51.0\",\"type\":null},{\"fid\":\"2\",\"fname\":\"灌水区2\",\"img\":null,\"creator\":\"1068310406881218560\",\"description\":\"HIHI、\",\"creatorIp\":\"0\",\"enable\":false,\"authority\":false,\"date\":\"2018-12-20 16:21:51.0\",\"type\":null},{\"fid\":\"3\",\"fname\":\"go\",\"img\":\"/images/userPostImg/e53ad4b281344ad6be51e92826468d5c.jpg\",\"creator\":\"1074943630831128576\",\"description\":\"go\",\"creatorIp\":\"0:0:0:0:0:0:0:1\",\"enable\":false,\"authority\":false,\"date\":\"2019-01-14 15:11:55.0\",\"type\":null}]","spendTime":13,"logType":"isJsonRequest:true","user":{"sid":"1068310406818304000","username":"admin","password":null,"nickname":"admin","roleId":1,"enable":true,"sex":"0","province":"海外","city":"","dist":"","userImg":null,"userBackgroundImg":"/images/userBackgroundImg/6f0aa18fe37747518c21e65e8043ae8410683.jpg","authCacheKey":"admin"}}
2019-02-03 00:00:52.675 [http-nio-8080-exec-5] INFO  com.forum.service.aspect.ControllerLogAspect - Date : 2019-02-03 12:00:52
2019-02-03 00:00:52.676 [http-nio-8080-exec-5] INFO  com.forum.service.aspect.ControllerLogAspect - Request Parameter : [:]
2019-02-03 00:00:52.676 [http-nio-8080-exec-5] INFO  com.forum.service.aspect.ControllerLogAspect - Username : admin
2019-02-03 00:00:52.677 [http-nio-8080-exec-5] DEBUG com.forum.mapper.ForumListMapper.selectAll - ==>  Preparing: SELECT fid,fname,img,creator,description,creator_ip,date,type FROM f_forumList 
2019-02-03 00:00:52.677 [http-nio-8080-exec-5] DEBUG com.forum.mapper.ForumListMapper.selectAll - ==> Parameters: 
2019-02-03 00:00:52.679 [http-nio-8080-exec-5] DEBUG com.forum.mapper.ForumListMapper.selectAll - <==      Total: 3
2019-02-03 00:00:52.680 [http-nio-8080-exec-5] INFO  com.forum.service.aspect.ControllerLogAspect - Finish Method Spend Time : 5ms
2019-02-03 00:00:52.680 [http-nio-8080-exec-5] INFO  com.forum.service.aspect.ControllerLogAspect - Returning >>> response=[com.forum.model.entity.ForumListEntity@6eb8343, com.forum.model.entity.ForumListEntity@dd1fef, com.forum.model.entity.ForumListEntity@709dbe42]
2019-02-03 00:00:52.682 [http-nio-8080-exec-5] INFO  com.forum.service.aspect.ControllerLogAspect - Returning >>> {"id":0,"url":"http://localhost:8080/admin/getForumList","ip":"0:0:0:0:0:0:0:1","httpMethod":"POST","classMethod":"com.forum.controller.AdminController.getForumList","args":"Arg -> (0)execution(Object com.forum.controller.AdminController.getForumList())","reqParams":null,"respParams":"[{\"fid\":\"1\",\"fname\":\"灌水区\",\"img\":null,\"creator\":\"1068310406818304000\",\"description\":\"HI\",\"creatorIp\":\"0\",\"enable\":false,\"authority\":false,\"date\":\"2018-12-20 16:21:51.0\",\"type\":null},{\"fid\":\"2\",\"fname\":\"灌水区2\",\"img\":null,\"creator\":\"1068310406881218560\",\"description\":\"HIHI、\",\"creatorIp\":\"0\",\"enable\":false,\"authority\":false,\"date\":\"2018-12-20 16:21:51.0\",\"type\":null},{\"fid\":\"3\",\"fname\":\"go\",\"img\":\"/images/userPostImg/e53ad4b281344ad6be51e92826468d5c.jpg\",\"creator\":\"1074943630831128576\",\"description\":\"go\",\"creatorIp\":\"0:0:0:0:0:0:0:1\",\"enable\":false,\"authority\":false,\"date\":\"2019-01-14 15:11:55.0\",\"type\":null}]","spendTime":6,"logType":"isJsonRequest:true","user":{"sid":"1068310406818304000","username":"admin","password":null,"nickname":"admin","roleId":1,"enable":true,"sex":"0","province":"海外","city":"","dist":"","userImg":null,"userBackgroundImg":"/images/userBackgroundImg/6f0aa18fe37747518c21e65e8043ae8410683.jpg","authCacheKey":"admin"}}
2019-02-03 00:01:39.179 [http-nio-8080-exec-9] INFO  com.forum.service.aspect.ControllerLogAspect - Date : 2019-02-03 12:01:39
2019-02-03 00:01:39.179 [http-nio-8080-exec-9] INFO  com.forum.service.aspect.ControllerLogAspect - Request Parameter : [:]
2019-02-03 00:01:39.179 [http-nio-8080-exec-9] INFO  com.forum.service.aspect.ControllerLogAspect - Username : admin
2019-02-03 00:01:39.180 [http-nio-8080-exec-9] DEBUG com.forum.mapper.ForumListMapper.selectAll - ==>  Preparing: SELECT fid,fname,img,creator,description,creator_ip,date,type FROM f_forumList 
2019-02-03 00:01:39.180 [http-nio-8080-exec-9] DEBUG com.forum.mapper.ForumListMapper.selectAll - ==> Parameters: 
2019-02-03 00:01:39.181 [http-nio-8080-exec-9] DEBUG com.forum.mapper.ForumListMapper.selectAll - <==      Total: 3
2019-02-03 00:01:39.182 [http-nio-8080-exec-9] INFO  com.forum.service.aspect.ControllerLogAspect - Finish Method Spend Time : 4ms
2019-02-03 00:01:39.183 [http-nio-8080-exec-9] INFO  com.forum.service.aspect.ControllerLogAspect - Returning >>> response=[com.forum.model.entity.ForumListEntity@3b74d147, com.forum.model.entity.ForumListEntity@7d815048, com.forum.model.entity.ForumListEntity@d43f530]
2019-02-03 00:01:39.184 [http-nio-8080-exec-9] INFO  com.forum.service.aspect.ControllerLogAspect - Returning >>> {"id":0,"url":"http://localhost:8080/admin/getForumList","ip":"0:0:0:0:0:0:0:1","httpMethod":"POST","classMethod":"com.forum.controller.AdminController.getForumList","args":"Arg -> (0)execution(Object com.forum.controller.AdminController.getForumList())","reqParams":null,"respParams":"[{\"fid\":\"1\",\"fname\":\"灌水区\",\"img\":null,\"creator\":\"1068310406818304000\",\"description\":\"HI\",\"creatorIp\":\"0\",\"enable\":false,\"authority\":false,\"date\":\"2018-12-20 16:21:51.0\",\"type\":null},{\"fid\":\"2\",\"fname\":\"灌水区2\",\"img\":null,\"creator\":\"1068310406881218560\",\"description\":\"HIHI、\",\"creatorIp\":\"0\",\"enable\":false,\"authority\":false,\"date\":\"2018-12-20 16:21:51.0\",\"type\":null},{\"fid\":\"3\",\"fname\":\"go\",\"img\":\"/images/userPostImg/e53ad4b281344ad6be51e92826468d5c.jpg\",\"creator\":\"1074943630831128576\",\"description\":\"go\",\"creatorIp\":\"0:0:0:0:0:0:0:1\",\"enable\":false,\"authority\":false,\"date\":\"2019-01-14 15:11:55.0\",\"type\":null}]","spendTime":5,"logType":"isJsonRequest:true","user":{"sid":"1068310406818304000","username":"admin","password":null,"nickname":"admin","roleId":1,"enable":true,"sex":"0","province":"海外","city":"","dist":"","userImg":null,"userBackgroundImg":"/images/userBackgroundImg/6f0aa18fe37747518c21e65e8043ae8410683.jpg","authCacheKey":"admin"}}
2019-02-03 00:01:54.576 [http-nio-8080-exec-3] INFO  com.forum.service.aspect.ControllerLogAspect - Date : 2019-02-03 12:01:54
2019-02-03 00:01:54.576 [http-nio-8080-exec-3] INFO  com.forum.service.aspect.ControllerLogAspect - Request Parameter : [:]
2019-02-03 00:01:54.576 [http-nio-8080-exec-3] INFO  com.forum.service.aspect.ControllerLogAspect - Username : admin
2019-02-03 00:01:54.577 [http-nio-8080-exec-3] DEBUG com.forum.mapper.ForumListMapper.selectAll - ==>  Preparing: SELECT fid,fname,img,creator,description,creator_ip,date,type FROM f_forumList 
2019-02-03 00:01:54.577 [http-nio-8080-exec-3] DEBUG com.forum.mapper.ForumListMapper.selectAll - ==> Parameters: 
2019-02-03 00:01:54.579 [http-nio-8080-exec-3] DEBUG com.forum.mapper.ForumListMapper.selectAll - <==      Total: 3
2019-02-03 00:01:54.580 [http-nio-8080-exec-3] INFO  com.forum.service.aspect.ControllerLogAspect - Finish Method Spend Time : 4ms
2019-02-03 00:01:54.580 [http-nio-8080-exec-3] INFO  com.forum.service.aspect.ControllerLogAspect - Returning >>> response=[com.forum.model.entity.ForumListEntity@1d39d196, com.forum.model.entity.ForumListEntity@4986ab30, com.forum.model.entity.ForumListEntity@464ce78]
2019-02-03 00:01:54.582 [http-nio-8080-exec-3] INFO  com.forum.service.aspect.ControllerLogAspect - Returning >>> {"id":0,"url":"http://localhost:8080/admin/getForumList","ip":"0:0:0:0:0:0:0:1","httpMethod":"POST","classMethod":"com.forum.controller.AdminController.getForumList","args":"Arg -> (0)execution(Object com.forum.controller.AdminController.getForumList())","reqParams":null,"respParams":"[{\"fid\":\"1\",\"fname\":\"灌水区\",\"img\":null,\"creator\":\"1068310406818304000\",\"description\":\"HI\",\"creatorIp\":\"0\",\"enable\":false,\"authority\":false,\"date\":\"2018-12-20 16:21:51.0\",\"type\":null},{\"fid\":\"2\",\"fname\":\"灌水区2\",\"img\":null,\"creator\":\"1068310406881218560\",\"description\":\"HIHI、\",\"creatorIp\":\"0\",\"enable\":false,\"authority\":false,\"date\":\"2018-12-20 16:21:51.0\",\"type\":null},{\"fid\":\"3\",\"fname\":\"go\",\"img\":\"/images/userPostImg/e53ad4b281344ad6be51e92826468d5c.jpg\",\"creator\":\"1074943630831128576\",\"description\":\"go\",\"creatorIp\":\"0:0:0:0:0:0:0:1\",\"enable\":false,\"authority\":false,\"date\":\"2019-01-14 15:11:55.0\",\"type\":null}]","spendTime":5,"logType":"isJsonRequest:true","user":{"sid":"1068310406818304000","username":"admin","password":null,"nickname":"admin","roleId":1,"enable":true,"sex":"0","province":"海外","city":"","dist":"","userImg":null,"userBackgroundImg":"/images/userBackgroundImg/6f0aa18fe37747518c21e65e8043ae8410683.jpg","authCacheKey":"admin"}}
2019-02-03 00:02:25.056 [http-nio-8080-exec-8] INFO  com.forum.service.aspect.ControllerLogAspect - Date : 2019-02-03 12:02:25
2019-02-03 00:02:25.061 [http-nio-8080-exec-8] INFO  com.forum.service.aspect.ControllerLogAspect - Request Parameter : [:]
2019-02-03 00:02:25.062 [http-nio-8080-exec-8] INFO  com.forum.service.aspect.ControllerLogAspect - Username : admin
2019-02-03 00:02:25.063 [http-nio-8080-exec-8] DEBUG com.forum.mapper.ForumListMapper.selectAll - ==>  Preparing: SELECT fid,fname,img,creator,description,creator_ip,date,type FROM f_forumList 
2019-02-03 00:02:25.063 [http-nio-8080-exec-8] DEBUG com.forum.mapper.ForumListMapper.selectAll - ==> Parameters: 
2019-02-03 00:02:25.064 [http-nio-8080-exec-8] DEBUG com.forum.mapper.ForumListMapper.selectAll - <==      Total: 3
2019-02-03 00:02:25.065 [http-nio-8080-exec-8] INFO  com.forum.service.aspect.ControllerLogAspect - Finish Method Spend Time : 10ms
2019-02-03 00:02:25.065 [http-nio-8080-exec-8] INFO  com.forum.service.aspect.ControllerLogAspect - Returning >>> response=[com.forum.model.entity.ForumListEntity@7d7c742c, com.forum.model.entity.ForumListEntity@8feab49, com.forum.model.entity.ForumListEntity@4dd6f253]
2019-02-03 00:02:25.067 [http-nio-8080-exec-8] INFO  com.forum.service.aspect.ControllerLogAspect - Returning >>> {"id":0,"url":"http://localhost:8080/admin/getForumList","ip":"0:0:0:0:0:0:0:1","httpMethod":"POST","classMethod":"com.forum.controller.AdminController.getForumList","args":"Arg -> (0)execution(Object com.forum.controller.AdminController.getForumList())","reqParams":null,"respParams":"[{\"fid\":\"1\",\"fname\":\"灌水区\",\"img\":null,\"creator\":\"1068310406818304000\",\"description\":\"HI\",\"creatorIp\":\"0\",\"enable\":false,\"authority\":false,\"date\":\"2018-12-20 16:21:51.0\",\"type\":null},{\"fid\":\"2\",\"fname\":\"灌水区2\",\"img\":null,\"creator\":\"1068310406881218560\",\"description\":\"HIHI、\",\"creatorIp\":\"0\",\"enable\":false,\"authority\":false,\"date\":\"2018-12-20 16:21:51.0\",\"type\":null},{\"fid\":\"3\",\"fname\":\"go\",\"img\":\"/images/userPostImg/e53ad4b281344ad6be51e92826468d5c.jpg\",\"creator\":\"1074943630831128576\",\"description\":\"go\",\"creatorIp\":\"0:0:0:0:0:0:0:1\",\"enable\":false,\"authority\":false,\"date\":\"2019-01-14 15:11:55.0\",\"type\":null}]","spendTime":11,"logType":"isJsonRequest:true","user":{"sid":"1068310406818304000","username":"admin","password":null,"nickname":"admin","roleId":1,"enable":true,"sex":"0","province":"海外","city":"","dist":"","userImg":null,"userBackgroundImg":"/images/userBackgroundImg/6f0aa18fe37747518c21e65e8043ae8410683.jpg","authCacheKey":"admin"}}
2019-02-03 00:02:35.609 [http-nio-8080-exec-1] INFO  com.forum.service.aspect.ControllerLogAspect - Date : 2019-02-03 12:02:35
2019-02-03 00:02:35.611 [http-nio-8080-exec-1] INFO  com.forum.service.aspect.ControllerLogAspect - Request Parameter : [:]
2019-02-03 00:02:35.611 [http-nio-8080-exec-1] INFO  com.forum.service.aspect.ControllerLogAspect - Username : admin
2019-02-03 00:02:35.612 [http-nio-8080-exec-1] DEBUG com.forum.mapper.ForumListMapper.selectAll - ==>  Preparing: SELECT fid,fname,img,creator,description,creator_ip,date,type FROM f_forumList 
2019-02-03 00:02:35.612 [http-nio-8080-exec-1] DEBUG com.forum.mapper.ForumListMapper.selectAll - ==> Parameters: 
2019-02-03 00:02:35.614 [http-nio-8080-exec-1] DEBUG com.forum.mapper.ForumListMapper.selectAll - <==      Total: 3
2019-02-03 00:02:35.615 [http-nio-8080-exec-1] INFO  com.forum.service.aspect.ControllerLogAspect - Finish Method Spend Time : 7ms
2019-02-03 00:02:35.615 [http-nio-8080-exec-1] INFO  com.forum.service.aspect.ControllerLogAspect - Returning >>> response=[com.forum.model.entity.ForumListEntity@7ec33c8f, com.forum.model.entity.ForumListEntity@5e29ef55, com.forum.model.entity.ForumListEntity@57e7025c]
2019-02-03 00:02:35.616 [http-nio-8080-exec-1] INFO  com.forum.service.aspect.ControllerLogAspect - Returning >>> {"id":0,"url":"http://localhost:8080/admin/getForumList","ip":"0:0:0:0:0:0:0:1","httpMethod":"POST","classMethod":"com.forum.controller.AdminController.getForumList","args":"Arg -> (0)execution(Object com.forum.controller.AdminController.getForumList())","reqParams":null,"respParams":"[{\"fid\":\"1\",\"fname\":\"灌水区\",\"img\":null,\"creator\":\"1068310406818304000\",\"description\":\"HI\",\"creatorIp\":\"0\",\"enable\":false,\"authority\":false,\"date\":\"2018-12-20 16:21:51.0\",\"type\":null},{\"fid\":\"2\",\"fname\":\"灌水区2\",\"img\":null,\"creator\":\"1068310406881218560\",\"description\":\"HIHI、\",\"creatorIp\":\"0\",\"enable\":false,\"authority\":false,\"date\":\"2018-12-20 16:21:51.0\",\"type\":null},{\"fid\":\"3\",\"fname\":\"go\",\"img\":\"/images/userPostImg/e53ad4b281344ad6be51e92826468d5c.jpg\",\"creator\":\"1074943630831128576\",\"description\":\"go\",\"creatorIp\":\"0:0:0:0:0:0:0:1\",\"enable\":false,\"authority\":false,\"date\":\"2019-01-14 15:11:55.0\",\"type\":null}]","spendTime":6,"logType":"isJsonRequest:true","user":{"sid":"1068310406818304000","username":"admin","password":null,"nickname":"admin","roleId":1,"enable":true,"sex":"0","province":"海外","city":"","dist":"","userImg":null,"userBackgroundImg":"/images/userBackgroundImg/6f0aa18fe37747518c21e65e8043ae8410683.jpg","authCacheKey":"admin"}}
2019-02-03 00:04:31.907 [http-nio-8080-exec-7] INFO  com.forum.service.aspect.ControllerLogAspect - Date : 2019-02-03 12:04:31
2019-02-03 00:04:31.913 [http-nio-8080-exec-7] INFO  com.forum.service.aspect.ControllerLogAspect - Request Parameter : [:]
2019-02-03 00:04:31.913 [http-nio-8080-exec-7] INFO  com.forum.service.aspect.ControllerLogAspect - Username : admin
2019-02-03 00:04:31.914 [http-nio-8080-exec-7] DEBUG com.forum.mapper.ForumListMapper.selectAll - ==>  Preparing: SELECT fid,fname,img,creator,description,creator_ip,date,type FROM f_forumList 
2019-02-03 00:04:31.914 [http-nio-8080-exec-7] DEBUG com.forum.mapper.ForumListMapper.selectAll - ==> Parameters: 
2019-02-03 00:04:31.916 [http-nio-8080-exec-7] DEBUG com.forum.mapper.ForumListMapper.selectAll - <==      Total: 3
2019-02-03 00:04:31.917 [http-nio-8080-exec-7] INFO  com.forum.service.aspect.ControllerLogAspect - Finish Method Spend Time : 10ms
2019-02-03 00:04:31.917 [http-nio-8080-exec-7] INFO  com.forum.service.aspect.ControllerLogAspect - Returning >>> response=[com.forum.model.entity.ForumListEntity@74c349b0, com.forum.model.entity.ForumListEntity@43f5eadb, com.forum.model.entity.ForumListEntity@43f5feac]
2019-02-03 00:04:31.918 [http-nio-8080-exec-7] INFO  com.forum.service.aspect.ControllerLogAspect - Returning >>> {"id":0,"url":"http://localhost:8080/admin/getForumList","ip":"0:0:0:0:0:0:0:1","httpMethod":"POST","classMethod":"com.forum.controller.AdminController.getForumList","args":"Arg -> (0)execution(Object com.forum.controller.AdminController.getForumList())","reqParams":null,"respParams":"[{\"fid\":\"1\",\"fname\":\"灌水区\",\"img\":null,\"creator\":\"1068310406818304000\",\"description\":\"HI\",\"creatorIp\":\"0\",\"enable\":false,\"authority\":false,\"date\":\"2018-12-20 16:21:51.0\",\"type\":null},{\"fid\":\"2\",\"fname\":\"灌水区2\",\"img\":null,\"creator\":\"1068310406881218560\",\"description\":\"HIHI、\",\"creatorIp\":\"0\",\"enable\":false,\"authority\":false,\"date\":\"2018-12-20 16:21:51.0\",\"type\":null},{\"fid\":\"3\",\"fname\":\"go\",\"img\":\"/images/userPostImg/e53ad4b281344ad6be51e92826468d5c.jpg\",\"creator\":\"1074943630831128576\",\"description\":\"go\",\"creatorIp\":\"0:0:0:0:0:0:0:1\",\"enable\":false,\"authority\":false,\"date\":\"2019-01-14 15:11:55.0\",\"type\":null}]","spendTime":10,"logType":"isJsonRequest:true","user":{"sid":"1068310406818304000","username":"admin","password":null,"nickname":"admin","roleId":1,"enable":true,"sex":"0","province":"海外","city":"","dist":"","userImg":null,"userBackgroundImg":"/images/userBackgroundImg/6f0aa18fe37747518c21e65e8043ae8410683.jpg","authCacheKey":"admin"}}
2019-02-03 00:05:43.921 [http-nio-8080-exec-1] INFO  com.forum.service.aspect.ControllerLogAspect - Date : 2019-02-03 12:05:43
2019-02-03 00:05:43.921 [http-nio-8080-exec-1] INFO  com.forum.service.aspect.ControllerLogAspect - Request Parameter : [:]
2019-02-03 00:05:43.921 [http-nio-8080-exec-1] INFO  com.forum.service.aspect.ControllerLogAspect - Username : admin
2019-02-03 00:05:43.923 [http-nio-8080-exec-1] DEBUG com.forum.mapper.ForumListMapper.selectAll - ==>  Preparing: SELECT fid,fname,img,creator,description,creator_ip,date,type FROM f_forumList 
2019-02-03 00:05:43.923 [http-nio-8080-exec-1] DEBUG com.forum.mapper.ForumListMapper.selectAll - ==> Parameters: 
2019-02-03 00:05:43.926 [http-nio-8080-exec-1] DEBUG com.forum.mapper.ForumListMapper.selectAll - <==      Total: 3
2019-02-03 00:05:43.928 [http-nio-8080-exec-1] INFO  com.forum.service.aspect.ControllerLogAspect - Finish Method Spend Time : 7ms
2019-02-03 00:05:43.928 [http-nio-8080-exec-1] INFO  com.forum.service.aspect.ControllerLogAspect - Returning >>> response=[com.forum.model.entity.ForumListEntity@412a0381, com.forum.model.entity.ForumListEntity@14dda720, com.forum.model.entity.ForumListEntity@623abdb9]
2019-02-03 00:05:43.930 [http-nio-8080-exec-1] INFO  com.forum.service.aspect.ControllerLogAspect - Returning >>> {"id":0,"url":"http://localhost:8080/admin/getForumList","ip":"0:0:0:0:0:0:0:1","httpMethod":"POST","classMethod":"com.forum.controller.AdminController.getForumList","args":"Arg -> (0)execution(Object com.forum.controller.AdminController.getForumList())","reqParams":null,"respParams":"[{\"fid\":\"1\",\"fname\":\"灌水区\",\"img\":null,\"creator\":\"1068310406818304000\",\"description\":\"HI\",\"creatorIp\":\"0\",\"enable\":false,\"authority\":false,\"date\":\"2018-12-20 16:21:51.0\",\"type\":null},{\"fid\":\"2\",\"fname\":\"灌水区2\",\"img\":null,\"creator\":\"1068310406881218560\",\"description\":\"HIHI、\",\"creatorIp\":\"0\",\"enable\":false,\"authority\":false,\"date\":\"2018-12-20 16:21:51.0\",\"type\":null},{\"fid\":\"3\",\"fname\":\"go\",\"img\":\"/images/userPostImg/e53ad4b281344ad6be51e92826468d5c.jpg\",\"creator\":\"1074943630831128576\",\"description\":\"go\",\"creatorIp\":\"0:0:0:0:0:0:0:1\",\"enable\":false,\"authority\":false,\"date\":\"2019-01-14 15:11:55.0\",\"type\":null}]","spendTime":8,"logType":"isJsonRequest:true","user":{"sid":"1068310406818304000","username":"admin","password":null,"nickname":"admin","roleId":1,"enable":true,"sex":"0","province":"海外","city":"","dist":"","userImg":null,"userBackgroundImg":"/images/userBackgroundImg/6f0aa18fe37747518c21e65e8043ae8410683.jpg","authCacheKey":"admin"}}
2019-02-03 00:06:31.238 [http-nio-8080-exec-5] INFO  com.forum.service.aspect.ControllerLogAspect - Date : 2019-02-03 12:06:31
2019-02-03 00:06:31.238 [http-nio-8080-exec-5] INFO  com.forum.service.aspect.ControllerLogAspect - Request Parameter : [:]
2019-02-03 00:06:31.238 [http-nio-8080-exec-5] INFO  com.forum.service.aspect.ControllerLogAspect - Username : admin
2019-02-03 00:06:31.239 [http-nio-8080-exec-5] DEBUG com.forum.mapper.ForumListMapper.selectAll - ==>  Preparing: SELECT fid,fname,img,creator,description,creator_ip,date,type FROM f_forumList 
2019-02-03 00:06:31.239 [http-nio-8080-exec-5] DEBUG com.forum.mapper.ForumListMapper.selectAll - ==> Parameters: 
2019-02-03 00:06:31.241 [http-nio-8080-exec-5] DEBUG com.forum.mapper.ForumListMapper.selectAll - <==      Total: 3
2019-02-03 00:06:31.242 [http-nio-8080-exec-5] INFO  com.forum.service.aspect.ControllerLogAspect - Finish Method Spend Time : 4ms
2019-02-03 00:06:31.242 [http-nio-8080-exec-5] INFO  com.forum.service.aspect.ControllerLogAspect - Returning >>> response=[com.forum.model.entity.ForumListEntity@1a4c9d09, com.forum.model.entity.ForumListEntity@4c6ebe7, com.forum.model.entity.ForumListEntity@7d6aea8b]
2019-02-03 00:06:31.243 [http-nio-8080-exec-5] INFO  com.forum.service.aspect.ControllerLogAspect - Returning >>> {"id":0,"url":"http://localhost:8080/admin/getForumList","ip":"0:0:0:0:0:0:0:1","httpMethod":"POST","classMethod":"com.forum.controller.AdminController.getForumList","args":"Arg -> (0)execution(Object com.forum.controller.AdminController.getForumList())","reqParams":null,"respParams":"[{\"fid\":\"1\",\"fname\":\"灌水区\",\"img\":null,\"creator\":\"1068310406818304000\",\"description\":\"HI\",\"creatorIp\":\"0\",\"enable\":false,\"authority\":false,\"date\":\"2018-12-20 16:21:51.0\",\"type\":null},{\"fid\":\"2\",\"fname\":\"灌水区2\",\"img\":null,\"creator\":\"1068310406881218560\",\"description\":\"HIHI、\",\"creatorIp\":\"0\",\"enable\":false,\"authority\":false,\"date\":\"2018-12-20 16:21:51.0\",\"type\":null},{\"fid\":\"3\",\"fname\":\"go\",\"img\":\"/images/userPostImg/e53ad4b281344ad6be51e92826468d5c.jpg\",\"creator\":\"1074943630831128576\",\"description\":\"go\",\"creatorIp\":\"0:0:0:0:0:0:0:1\",\"enable\":false,\"authority\":false,\"date\":\"2019-01-14 15:11:55.0\",\"type\":null}]","spendTime":4,"logType":"isJsonRequest:true","user":{"sid":"1068310406818304000","username":"admin","password":null,"nickname":"admin","roleId":1,"enable":true,"sex":"0","province":"海外","city":"","dist":"","userImg":null,"userBackgroundImg":"/images/userBackgroundImg/6f0aa18fe37747518c21e65e8043ae8410683.jpg","authCacheKey":"admin"}}
2019-02-03 00:16:51.404 [http-nio-8080-exec-2] INFO  com.forum.service.aspect.ControllerLogAspect - Date : 2019-02-03 12:16:51
2019-02-03 00:16:51.405 [http-nio-8080-exec-2] INFO  com.forum.service.aspect.ControllerLogAspect - Request Parameter : [:]
2019-02-03 00:16:51.405 [http-nio-8080-exec-2] INFO  com.forum.service.aspect.ControllerLogAspect - Username : admin
2019-02-03 00:16:51.414 [http-nio-8080-exec-2] DEBUG com.forum.mapper.ForumListMapper.selectAll - ==>  Preparing: SELECT fid,fname,img,creator,description,creator_ip,date,type FROM f_forumList 
2019-02-03 00:16:51.415 [http-nio-8080-exec-2] DEBUG com.forum.mapper.ForumListMapper.selectAll - ==> Parameters: 
2019-02-03 00:16:51.416 [http-nio-8080-exec-2] DEBUG com.forum.mapper.ForumListMapper.selectAll - <==      Total: 3
2019-02-03 00:16:51.417 [http-nio-8080-exec-2] INFO  com.forum.service.aspect.ControllerLogAspect - Finish Method Spend Time : 14ms
2019-02-03 00:16:51.418 [http-nio-8080-exec-2] INFO  com.forum.service.aspect.ControllerLogAspect - Returning >>> response=[com.forum.model.entity.ForumListEntity@2e522a25, com.forum.model.entity.ForumListEntity@58c7e1b7, com.forum.model.entity.ForumListEntity@13a5f690]
2019-02-03 00:16:51.419 [http-nio-8080-exec-2] INFO  com.forum.service.aspect.ControllerLogAspect - Returning >>> {"id":0,"url":"http://localhost:8080/admin/getForumList","ip":"0:0:0:0:0:0:0:1","httpMethod":"POST","classMethod":"com.forum.controller.AdminController.getForumList","args":"Arg -> (0)execution(Object com.forum.controller.AdminController.getForumList())","reqParams":null,"respParams":"[{\"fid\":\"1\",\"fname\":\"灌水区\",\"img\":null,\"creator\":\"1068310406818304000\",\"description\":\"HI\",\"creatorIp\":\"0\",\"enable\":false,\"authority\":false,\"date\":\"2018-12-20 16:21:51.0\",\"type\":null},{\"fid\":\"2\",\"fname\":\"灌水区2\",\"img\":null,\"creator\":\"1068310406881218560\",\"description\":\"HIHI、\",\"creatorIp\":\"0\",\"enable\":false,\"authority\":false,\"date\":\"2018-12-20 16:21:51.0\",\"type\":null},{\"fid\":\"3\",\"fname\":\"go\",\"img\":\"/images/userPostImg/e53ad4b281344ad6be51e92826468d5c.jpg\",\"creator\":\"1074943630831128576\",\"description\":\"go\",\"creatorIp\":\"0:0:0:0:0:0:0:1\",\"enable\":false,\"authority\":false,\"date\":\"2019-01-14 15:11:55.0\",\"type\":null}]","spendTime":15,"logType":"isJsonRequest:true","user":{"sid":"1068310406818304000","username":"admin","password":null,"nickname":"admin","roleId":1,"enable":true,"sex":"0","province":"海外","city":"","dist":"","userImg":null,"userBackgroundImg":"/images/userBackgroundImg/6f0aa18fe37747518c21e65e8043ae8410683.jpg","authCacheKey":"admin"}}
2019-02-03 00:17:17.244 [http-nio-8080-exec-6] INFO  com.forum.service.aspect.ControllerLogAspect - Date : 2019-02-03 12:17:17
2019-02-03 00:17:17.245 [http-nio-8080-exec-6] INFO  com.forum.service.aspect.ControllerLogAspect - Request Parameter : [:]
2019-02-03 00:17:17.245 [http-nio-8080-exec-6] INFO  com.forum.service.aspect.ControllerLogAspect - Username : admin
2019-02-03 00:17:17.245 [http-nio-8080-exec-6] DEBUG com.forum.mapper.ForumListMapper.selectAll - ==>  Preparing: SELECT fid,fname,img,creator,description,creator_ip,date,type FROM f_forumList 
2019-02-03 00:17:17.245 [http-nio-8080-exec-6] DEBUG com.forum.mapper.ForumListMapper.selectAll - ==> Parameters: 
2019-02-03 00:17:17.247 [http-nio-8080-exec-6] DEBUG com.forum.mapper.ForumListMapper.selectAll - <==      Total: 3
2019-02-03 00:17:17.248 [http-nio-8080-exec-6] INFO  com.forum.service.aspect.ControllerLogAspect - Finish Method Spend Time : 4ms
2019-02-03 00:17:17.248 [http-nio-8080-exec-6] INFO  com.forum.service.aspect.ControllerLogAspect - Returning >>> response=[com.forum.model.entity.ForumListEntity@67f899e1, com.forum.model.entity.ForumListEntity@7c205a85, com.forum.model.entity.ForumListEntity@7dfe5bb7]
2019-02-03 00:17:17.249 [http-nio-8080-exec-6] INFO  com.forum.service.aspect.ControllerLogAspect - Returning >>> {"id":0,"url":"http://localhost:8080/admin/getForumList","ip":"0:0:0:0:0:0:0:1","httpMethod":"POST","classMethod":"com.forum.controller.AdminController.getForumList","args":"Arg -> (0)execution(Object com.forum.controller.AdminController.getForumList())","reqParams":null,"respParams":"[{\"fid\":\"1\",\"fname\":\"灌水区\",\"img\":null,\"creator\":\"1068310406818304000\",\"description\":\"HI\",\"creatorIp\":\"0\",\"enable\":false,\"authority\":false,\"date\":\"2018-12-20 16:21:51.0\",\"type\":null},{\"fid\":\"2\",\"fname\":\"灌水区2\",\"img\":null,\"creator\":\"1068310406881218560\",\"description\":\"HIHI、\",\"creatorIp\":\"0\",\"enable\":false,\"authority\":false,\"date\":\"2018-12-20 16:21:51.0\",\"type\":null},{\"fid\":\"3\",\"fname\":\"go\",\"img\":\"/images/userPostImg/e53ad4b281344ad6be51e92826468d5c.jpg\",\"creator\":\"1074943630831128576\",\"description\":\"go\",\"creatorIp\":\"0:0:0:0:0:0:0:1\",\"enable\":false,\"authority\":false,\"date\":\"2019-01-14 15:11:55.0\",\"type\":null}]","spendTime":5,"logType":"isJsonRequest:true","user":{"sid":"1068310406818304000","username":"admin","password":null,"nickname":"admin","roleId":1,"enable":true,"sex":"0","province":"海外","city":"","dist":"","userImg":null,"userBackgroundImg":"/images/userBackgroundImg/6f0aa18fe37747518c21e65e8043ae8410683.jpg","authCacheKey":"admin"}}
2019-02-03 00:20:00.853 [Thread-25] INFO  o.s.a.r.listener.SimpleMessageListenerContainer - Waiting for workers to finish.
