2018-12-31 20:13:13.977  INFO [WrapperSimpleAppMain] (io.mycat.backend.datasource.PhysicalDBPool.<init>(PhysicalDBPool.java:100)) - total resouces of dataHost localhost1 is :1
2018-12-31 20:13:13.983  INFO [WrapperSimpleAppMain] (io.mycat.cache.CacheService.createLayeredPool(CacheService.java:125)) - create layer cache pool TableID2DataNodeCache of type encache ,default cache size 10000 ,default expire seconds18000
2018-12-31 20:13:13.984  INFO [WrapperSimpleAppMain] (io.mycat.cache.DefaultLayedCachePool.createChildCache(DefaultLayedCachePool.java:80)) - create child Cache: TESTDB_ORDERS for layered cache TableID2DataNodeCache, size 50000, expire seconds 18000
2018-12-31 20:13:14.063  INFO [WrapperSimpleAppMain] (io.mycat.config.classloader.DynaClassLoader.<init>(DynaClassLoader.java:34)) - dyna class load from ./catlet,and auto check for class file modified every 60 seconds
2018-12-31 20:13:14.063  INFO [WrapperSimpleAppMain] (io.mycat.MycatServer.startup(MycatServer.java:266)) - ===============================================
2018-12-31 20:13:14.063  INFO [WrapperSimpleAppMain] (io.mycat.MycatServer.startup(MycatServer.java:267)) - MyCat is ready to startup ...
2018-12-31 20:13:14.063  INFO [WrapperSimpleAppMain] (io.mycat.MycatServer.startup(MycatServer.java:279)) - Startup processors ...,total processors:8,aio thread pool size:16    
 each process allocated socket buffer pool  bytes ,a page size:2097152  a page's chunk number(PageSize/ChunkSize) is:512  buffer page's number is:160
2018-12-31 20:13:14.063  INFO [WrapperSimpleAppMain] (io.mycat.MycatServer.startup(MycatServer.java:280)) - sysconfig params:SystemConfig [processorBufferLocalPercent=100, frontSocketSoRcvbuf=1048576, frontSocketSoSndbuf=4194304, backSocketSoRcvbuf=4194304, backSocketSoSndbuf=1048576, frontSocketNoDelay=1, backSocketNoDelay=1, maxStringLiteralLength=65535, frontWriteQueueSize=2048, bindIp=127.0.0.1, serverPort=8066, managerPort=9066, charset=utf8, processors=8, processorExecutor=16, timerExecutor=2, managerExecutor=2, idleTimeout=300000, catletClassCheckSeconds=60, sqlExecuteTimeout=300, processorCheckPeriod=1000, dataNodeIdleCheckPeriod=300000, dataNodeHeartbeatPeriod=10000, clusterHeartbeatUser=_HEARTBEAT_USER_, clusterHeartbeatPass=_HEARTBEAT_PASS_, clusterHeartbeatPeriod=5000, clusterHeartbeatTimeout=10000, clusterHeartbeatRetry=10, txIsolation=3, parserCommentVersion=50148, sqlRecordCount=10, bufferPoolPageSize=2097152, bufferPoolChunkSize=4096, bufferPoolPageNumber=160, maxResultSet=524288, bigResultSizeSqlCount=10, bufferUsagePercent=80, flowControlRejectStrategy=0, clearBigSqLResultSetMapMs=600000, defaultMaxLimit=100, sequnceHandlerType=2, sqlInterceptor=io.mycat.server.interceptor.impl.DefaultSqlInterceptor, sqlInterceptorType=select, sqlInterceptorFile=/Users/ljl/Documents/forum/src/main/resources/config/Mycat/Mycat/logs/sql.txt, mutiNodeLimitType=0, mutiNodePatchSize=100, defaultSqlParser=druidparser, usingAIO=0, packetHeaderSize=4, maxPacketSize=16777216, mycatNodeId=1]
2018-12-31 20:13:14.231  INFO [WrapperSimpleAppMain] (io.mycat.memory.MyCatMemory.<init>(MyCatMemory.java:53)) - useOffHeapForMerge = 1
2018-12-31 20:13:14.231  INFO [WrapperSimpleAppMain] (io.mycat.memory.MyCatMemory.<init>(MyCatMemory.java:54)) - memoryPageSize = 1m
2018-12-31 20:13:14.231  INFO [WrapperSimpleAppMain] (io.mycat.memory.MyCatMemory.<init>(MyCatMemory.java:55)) - spillsFileBufferSize = 1k
2018-12-31 20:13:14.231  INFO [WrapperSimpleAppMain] (io.mycat.memory.MyCatMemory.<init>(MyCatMemory.java:56)) - useStreamOutput = 0
2018-12-31 20:13:14.232  INFO [WrapperSimpleAppMain] (io.mycat.memory.MyCatMemory.<init>(MyCatMemory.java:57)) - systemReserveMemorySize = 384m
2018-12-31 20:13:14.240  INFO [WrapperSimpleAppMain] (io.mycat.memory.MyCatMemory.<init>(MyCatMemory.java:58)) - totalNetWorkBufferSize = 320MB
2018-12-31 20:13:14.240  INFO [WrapperSimpleAppMain] (io.mycat.memory.MyCatMemory.<init>(MyCatMemory.java:59)) - dataNodeSortedTempDir = /Users/ljl/Documents/forum/src/main/resources/config/Mycat/Mycat
2018-12-31 20:13:14.242  INFO [WrapperSimpleAppMain] (io.mycat.memory.MyCatMemory.<init>(MyCatMemory.java:122)) - mycat.memory.offHeap.size: 985MB
2018-12-31 20:13:14.246  INFO [WrapperSimpleAppMain] (io.mycat.MycatServer.startup(MycatServer.java:381)) - using nio network handler 
2018-12-31 20:13:14.278  INFO [WrapperSimpleAppMain] (io.mycat.MycatServer.startup(MycatServer.java:397)) - $_MyCatManager is started and listening on 9066
2018-12-31 20:13:14.279  INFO [WrapperSimpleAppMain] (io.mycat.MycatServer.startup(MycatServer.java:401)) - $_MyCatServer is started and listening on 8066
2018-12-31 20:13:14.279  INFO [WrapperSimpleAppMain] (io.mycat.MycatServer.startup(MycatServer.java:403)) - ===============================================
2018-12-31 20:13:14.279  INFO [WrapperSimpleAppMain] (io.mycat.MycatServer.startup(MycatServer.java:407)) - Initialize dataHost ...
2018-12-31 20:13:14.279  INFO [WrapperSimpleAppMain] (io.mycat.backend.datasource.PhysicalDBPool.initSource(PhysicalDBPool.java:294)) - init backend myqsl source ,create connections total 10 for hostM1 index :0
2018-12-31 20:13:14.280  INFO [WrapperSimpleAppMain] (io.mycat.backend.datasource.PhysicalDatasource.getConnection(PhysicalDatasource.java:413)) - no ilde connection in pool,create new connection for hostM1 of schema forum
2018-12-31 20:13:14.281  INFO [WrapperSimpleAppMain] (io.mycat.backend.datasource.PhysicalDatasource.getConnection(PhysicalDatasource.java:413)) - no ilde connection in pool,create new connection for hostM1 of schema forum
2018-12-31 20:13:14.281  INFO [WrapperSimpleAppMain] (io.mycat.backend.datasource.PhysicalDatasource.getConnection(PhysicalDatasource.java:413)) - no ilde connection in pool,create new connection for hostM1 of schema forum
2018-12-31 20:13:14.282  INFO [WrapperSimpleAppMain] (io.mycat.backend.datasource.PhysicalDatasource.getConnection(PhysicalDatasource.java:413)) - no ilde connection in pool,create new connection for hostM1 of schema forum
2018-12-31 20:13:14.282  INFO [WrapperSimpleAppMain] (io.mycat.backend.datasource.PhysicalDatasource.getConnection(PhysicalDatasource.java:413)) - no ilde connection in pool,create new connection for hostM1 of schema forum
2018-12-31 20:13:14.282  INFO [WrapperSimpleAppMain] (io.mycat.backend.datasource.PhysicalDatasource.getConnection(PhysicalDatasource.java:413)) - no ilde connection in pool,create new connection for hostM1 of schema forum
2018-12-31 20:13:14.283  INFO [WrapperSimpleAppMain] (io.mycat.backend.datasource.PhysicalDatasource.getConnection(PhysicalDatasource.java:413)) - no ilde connection in pool,create new connection for hostM1 of schema forum
2018-12-31 20:13:14.283  INFO [WrapperSimpleAppMain] (io.mycat.backend.datasource.PhysicalDatasource.getConnection(PhysicalDatasource.java:413)) - no ilde connection in pool,create new connection for hostM1 of schema forum
2018-12-31 20:13:14.283  INFO [WrapperSimpleAppMain] (io.mycat.backend.datasource.PhysicalDatasource.getConnection(PhysicalDatasource.java:413)) - no ilde connection in pool,create new connection for hostM1 of schema forum
2018-12-31 20:13:14.283  INFO [WrapperSimpleAppMain] (io.mycat.backend.datasource.PhysicalDatasource.getConnection(PhysicalDatasource.java:413)) - no ilde connection in pool,create new connection for hostM1 of schema forum
2018-12-31 20:13:14.322  INFO [$_NIOREACTOR-4-RW] (io.mycat.backend.mysql.nio.handler.GetConnectionHandler.connectionAcquired(GetConnectionHandler.java:67)) - connected successfuly MySQLConnection [id=4, lastTime=1546258394322, user=root, schema=forum, old shema=forum, borrowed=true, fromSlaveDB=false, threadId=15, charset=latin1, txIsolation=3, autocommit=true, attachment=null, respHandler=null, host=localhost, port=3306, statusSync=null, writeQueue=0, modifiedSQLExecuted=false]
2018-12-31 20:13:14.322  INFO [$_NIOREACTOR-5-RW] (io.mycat.backend.mysql.nio.handler.GetConnectionHandler.connectionAcquired(GetConnectionHandler.java:67)) - connected successfuly MySQLConnection [id=5, lastTime=1546258394321, user=root, schema=forum, old shema=forum, borrowed=true, fromSlaveDB=false, threadId=19, charset=latin1, txIsolation=3, autocommit=true, attachment=null, respHandler=null, host=localhost, port=3306, statusSync=null, writeQueue=0, modifiedSQLExecuted=false]
2018-12-31 20:13:14.322  INFO [$_NIOREACTOR-6-RW] (io.mycat.backend.mysql.nio.handler.GetConnectionHandler.connectionAcquired(GetConnectionHandler.java:67)) - connected successfuly MySQLConnection [id=6, lastTime=1546258394321, user=root, schema=forum, old shema=forum, borrowed=true, fromSlaveDB=false, threadId=16, charset=latin1, txIsolation=3, autocommit=true, attachment=null, respHandler=null, host=localhost, port=3306, statusSync=null, writeQueue=0, modifiedSQLExecuted=false]
2018-12-31 20:13:14.322  INFO [$_NIOREACTOR-0-RW] (io.mycat.backend.mysql.nio.handler.GetConnectionHandler.connectionAcquired(GetConnectionHandler.java:67)) - connected successfuly MySQLConnection [id=8, lastTime=1546258394322, user=root, schema=forum, old shema=forum, borrowed=true, fromSlaveDB=false, threadId=12, charset=latin1, txIsolation=3, autocommit=true, attachment=null, respHandler=null, host=localhost, port=3306, statusSync=null, writeQueue=0, modifiedSQLExecuted=false]
2018-12-31 20:13:14.323  INFO [$_NIOREACTOR-3-RW] (io.mycat.backend.mysql.nio.handler.GetConnectionHandler.connectionAcquired(GetConnectionHandler.java:67)) - connected successfuly MySQLConnection [id=3, lastTime=1546258394323, user=root, schema=forum, old shema=forum, borrowed=true, fromSlaveDB=false, threadId=17, charset=latin1, txIsolation=3, autocommit=true, attachment=null, respHandler=null, host=localhost, port=3306, statusSync=null, writeQueue=0, modifiedSQLExecuted=false]
2018-12-31 20:13:14.324  INFO [$_NIOREACTOR-1-RW] (io.mycat.backend.mysql.nio.handler.GetConnectionHandler.connectionAcquired(GetConnectionHandler.java:67)) - connected successfuly MySQLConnection [id=1, lastTime=1546258394324, user=root, schema=forum, old shema=forum, borrowed=true, fromSlaveDB=false, threadId=13, charset=latin1, txIsolation=3, autocommit=true, attachment=null, respHandler=null, host=localhost, port=3306, statusSync=null, writeQueue=0, modifiedSQLExecuted=false]
2018-12-31 20:13:14.324  INFO [$_NIOREACTOR-1-RW] (io.mycat.backend.mysql.nio.handler.GetConnectionHandler.connectionAcquired(GetConnectionHandler.java:67)) - connected successfuly MySQLConnection [id=9, lastTime=1546258394324, user=root, schema=forum, old shema=forum, borrowed=true, fromSlaveDB=false, threadId=21, charset=latin1, txIsolation=3, autocommit=true, attachment=null, respHandler=null, host=localhost, port=3306, statusSync=null, writeQueue=0, modifiedSQLExecuted=false]
2018-12-31 20:13:14.324  INFO [$_NIOREACTOR-2-RW] (io.mycat.backend.mysql.nio.handler.GetConnectionHandler.connectionAcquired(GetConnectionHandler.java:67)) - connected successfuly MySQLConnection [id=2, lastTime=1546258394324, user=root, schema=forum, old shema=forum, borrowed=true, fromSlaveDB=false, threadId=14, charset=latin1, txIsolation=3, autocommit=true, attachment=null, respHandler=null, host=localhost, port=3306, statusSync=null, writeQueue=0, modifiedSQLExecuted=false]
2018-12-31 20:13:14.324  INFO [$_NIOREACTOR-2-RW] (io.mycat.backend.mysql.nio.handler.GetConnectionHandler.connectionAcquired(GetConnectionHandler.java:67)) - connected successfuly MySQLConnection [id=10, lastTime=1546258394324, user=root, schema=forum, old shema=forum, borrowed=true, fromSlaveDB=false, threadId=20, charset=latin1, txIsolation=3, autocommit=true, attachment=null, respHandler=null, host=localhost, port=3306, statusSync=null, writeQueue=0, modifiedSQLExecuted=false]
2018-12-31 20:13:14.325  INFO [$_NIOREACTOR-7-RW] (io.mycat.backend.mysql.nio.handler.GetConnectionHandler.connectionAcquired(GetConnectionHandler.java:67)) - connected successfuly MySQLConnection [id=7, lastTime=1546258394325, user=root, schema=forum, old shema=forum, borrowed=true, fromSlaveDB=false, threadId=18, charset=latin1, txIsolation=3, autocommit=true, attachment=null, respHandler=null, host=localhost, port=3306, statusSync=null, writeQueue=0, modifiedSQLExecuted=false]
2018-12-31 20:13:14.384  INFO [WrapperSimpleAppMain] (io.mycat.backend.datasource.PhysicalDBPool.initSource(PhysicalDBPool.java:319)) - init result :finished 10 success 10 target count:10
2018-12-31 20:13:14.384  INFO [WrapperSimpleAppMain] (io.mycat.backend.datasource.PhysicalDBPool.init(PhysicalDBPool.java:265)) - localhost1 index:0 init success
