ERROR  | wrapper  | 2018/11/26 14:40:53 | The mycat service is not installed - The specified service does not exist as an installed service. (0x424)
ERROR  | wrapper  | 2018/11/26 15:05:08 | The mycat service is not installed - The specified service does not exist as an installed service. (0x424)
ERROR  | wrapper  | 2018/12/10 08:49:55 | The mycat service is not installed - The specified service does not exist as an installed service. (0x424)
STATUS | wrapper  | 2018/12/13 22:55:40 | --> Wrapper Started as Console
STATUS | wrapper  | 2018/12/13 22:55:41 | Launching a JVM...
INFO   | jvm 1    | 2018/12/13 22:55:41 | Java HotSpot(TM) 64-Bit Server VM warning: ignoring option MaxPermSize=64M; support was removed in 8.0
INFO   | jvm 1    | 2018/12/13 22:55:41 | Wrapper (Version 3.2.3) http://wrapper.tanukisoftware.org
INFO   | jvm 1    | 2018/12/13 22:55:41 |   Copyright 1999-2006 Tanuki Software, Inc.  All Rights Reserved.
INFO   | jvm 1    | 2018/12/13 22:55:41 | 
INFO   | jvm 1    | 2018/12/13 22:55:41 | 
INFO   | jvm 1    | 2018/12/13 22:55:41 | WARNING - Unable to load the Wrapper's native library because none of the
INFO   | jvm 1    | 2018/12/13 22:55:41 |           following files:
INFO   | jvm 1    | 2018/12/13 22:55:41 |             libwrapper-macosx-x86-64.dylib
INFO   | jvm 1    | 2018/12/13 22:55:41 |             libwrapper-macosx-universal-64.dylib
INFO   | jvm 1    | 2018/12/13 22:55:41 |             libwrapper.dylib
INFO   | jvm 1    | 2018/12/13 22:55:41 |           could be located on the following java.library.path:
INFO   | jvm 1    | 2018/12/13 22:55:41 |             /Users/ljl/Documents/forum/src/main/resources/config/Mycat/Mycat/lib
INFO   | jvm 1    | 2018/12/13 22:55:41 |           Please see the documentation for the wrapper.java.library.path
INFO   | jvm 1    | 2018/12/13 22:55:41 |           configuration property.
INFO   | jvm 1    | 2018/12/13 22:55:41 |           System signals will not be handled correctly.
INFO   | jvm 1    | 2018/12/13 22:55:41 | 
INFO   | jvm 1    | 2018/12/13 22:55:42 | 2018-12-13 22:55:42,285 [INFO ][WrapperSimpleAppMain] total resouces of dataHost localhost1 is :1  (io.mycat.backend.datasource.PhysicalDBPool:PhysicalDBPool.java:100) 
INFO   | jvm 1    | 2018/12/13 22:55:42 | 2018-12-13 22:55:42,293 [INFO ][WrapperSimpleAppMain] create layer cache pool TableID2DataNodeCache of type encache ,default cache size 10000 ,default expire seconds18000  (io.mycat.cache.CacheService:CacheService.java:125) 
INFO   | jvm 1    | 2018/12/13 22:55:42 | 2018-12-13 22:55:42,294 [INFO ][WrapperSimpleAppMain] create child Cache: TESTDB_ORDERS for layered cache TableID2DataNodeCache, size 50000, expire seconds 18000  (io.mycat.cache.DefaultLayedCachePool:DefaultLayedCachePool.java:80) 
INFO   | jvm 1    | 2018/12/13 22:55:42 | 2018-12-13 22:55:42,433 [INFO ][WrapperSimpleAppMain] dyna class load from ./catlet,and auto check for class file modified every 60 seconds  (io.mycat.config.classloader.DynaClassLoader:DynaClassLoader.java:34) 
INFO   | jvm 1    | 2018/12/13 22:55:42 | 2018-12-13 22:55:42,434 [INFO ][WrapperSimpleAppMain] ===============================================  (io.mycat.MycatServer:MycatServer.java:266) 
INFO   | jvm 1    | 2018/12/13 22:55:42 | 2018-12-13 22:55:42,434 [INFO ][WrapperSimpleAppMain] MyCat is ready to startup ...  (io.mycat.MycatServer:MycatServer.java:267) 
INFO   | jvm 1    | 2018/12/13 22:55:42 | 2018-12-13 22:55:42,434 [INFO ][WrapperSimpleAppMain] Startup processors ...,total processors:8,aio thread pool size:16    
INFO   | jvm 1    | 2018/12/13 22:55:42 |  each process allocated socket buffer pool  bytes ,a page size:2097152  a page's chunk number(PageSize/ChunkSize) is:512  buffer page's number is:160  (io.mycat.MycatServer:MycatServer.java:279) 
INFO   | jvm 1    | 2018/12/13 22:55:42 | 2018-12-13 22:55:42,434 [INFO ][WrapperSimpleAppMain] sysconfig params:SystemConfig [processorBufferLocalPercent=100, frontSocketSoRcvbuf=1048576, frontSocketSoSndbuf=4194304, backSocketSoRcvbuf=4194304, backSocketSoSndbuf=1048576, frontSocketNoDelay=1, backSocketNoDelay=1, maxStringLiteralLength=65535, frontWriteQueueSize=2048, bindIp=127.0.0.1, serverPort=8066, managerPort=9066, charset=utf8, processors=8, processorExecutor=16, timerExecutor=2, managerExecutor=2, idleTimeout=300000, catletClassCheckSeconds=60, sqlExecuteTimeout=300, processorCheckPeriod=1000, dataNodeIdleCheckPeriod=300000, dataNodeHeartbeatPeriod=10000, clusterHeartbeatUser=_HEARTBEAT_USER_, clusterHeartbeatPass=_HEARTBEAT_PASS_, clusterHeartbeatPeriod=5000, clusterHeartbeatTimeout=10000, clusterHeartbeatRetry=10, txIsolation=3, parserCommentVersion=50148, sqlRecordCount=10, bufferPoolPageSize=2097152, bufferPoolChunkSize=4096, bufferPoolPageNumber=160, maxResultSet=524288, bigResultSizeSqlCount=10, bufferUsagePercent=80, flowControlRejectStrategy=0, clearBigSqLResultSetMapMs=600000, defaultMaxLimit=100, sequnceHandlerType=2, sqlInterceptor=io.mycat.server.interceptor.impl.DefaultSqlInterceptor, sqlInterceptorType=select, sqlInterceptorFile=/Users/ljl/Documents/forum/src/main/resources/config/Mycat/Mycat/logs/sql.txt, mutiNodeLimitType=0, mutiNodePatchSize=100, defaultSqlParser=druidparser, usingAIO=0, packetHeaderSize=4, maxPacketSize=16777216, mycatNodeId=1]  (io.mycat.MycatServer:MycatServer.java:280) 
INFO   | jvm 1    | 2018/12/13 22:55:42 | 2018-12-13 22:55:42,603 [INFO ][WrapperSimpleAppMain] useOffHeapForMerge = 1  (io.mycat.memory.MyCatMemory:MyCatMemory.java:53) 
INFO   | jvm 1    | 2018/12/13 22:55:42 | 2018-12-13 22:55:42,604 [INFO ][WrapperSimpleAppMain] memoryPageSize = 1m  (io.mycat.memory.MyCatMemory:MyCatMemory.java:54) 
INFO   | jvm 1    | 2018/12/13 22:55:42 | 2018-12-13 22:55:42,604 [INFO ][WrapperSimpleAppMain] spillsFileBufferSize = 1k  (io.mycat.memory.MyCatMemory:MyCatMemory.java:55) 
INFO   | jvm 1    | 2018/12/13 22:55:42 | 2018-12-13 22:55:42,606 [INFO ][WrapperSimpleAppMain] useStreamOutput = 0  (io.mycat.memory.MyCatMemory:MyCatMemory.java:56) 
INFO   | jvm 1    | 2018/12/13 22:55:42 | 2018-12-13 22:55:42,606 [INFO ][WrapperSimpleAppMain] systemReserveMemorySize = 384m  (io.mycat.memory.MyCatMemory:MyCatMemory.java:57) 
INFO   | jvm 1    | 2018/12/13 22:55:42 | 2018-12-13 22:55:42,630 [INFO ][WrapperSimpleAppMain] totalNetWorkBufferSize = 320MB  (io.mycat.memory.MyCatMemory:MyCatMemory.java:58) 
INFO   | jvm 1    | 2018/12/13 22:55:42 | 2018-12-13 22:55:42,630 [INFO ][WrapperSimpleAppMain] dataNodeSortedTempDir = /Users/ljl/Documents/forum/src/main/resources/config/Mycat/Mycat  (io.mycat.memory.MyCatMemory:MyCatMemory.java:59) 
INFO   | jvm 1    | 2018/12/13 22:55:42 | 2018-12-13 22:55:42,633 [INFO ][WrapperSimpleAppMain] mycat.memory.offHeap.size: 985MB  (io.mycat.memory.MyCatMemory:MyCatMemory.java:122) 
INFO   | jvm 1    | 2018/12/13 22:55:42 | 2018-12-13 22:55:42,645 [INFO ][WrapperSimpleAppMain] using nio network handler   (io.mycat.MycatServer:MycatServer.java:381) 
INFO   | jvm 1    | 2018/12/13 22:55:42 | 2018-12-13 22:55:42,672 [INFO ][WrapperSimpleAppMain] $_MyCatManager is started and listening on 9066  (io.mycat.MycatServer:MycatServer.java:397) 
INFO   | jvm 1    | 2018/12/13 22:55:42 | 2018-12-13 22:55:42,673 [INFO ][WrapperSimpleAppMain] $_MyCatServer is started and listening on 8066  (io.mycat.MycatServer:MycatServer.java:401) 
INFO   | jvm 1    | 2018/12/13 22:55:42 | 2018-12-13 22:55:42,673 [INFO ][WrapperSimpleAppMain] ===============================================  (io.mycat.MycatServer:MycatServer.java:403) 
INFO   | jvm 1    | 2018/12/13 22:55:42 | 2018-12-13 22:55:42,673 [INFO ][WrapperSimpleAppMain] Initialize dataHost ...  (io.mycat.MycatServer:MycatServer.java:407) 
INFO   | jvm 1    | 2018/12/13 22:55:42 | 2018-12-13 22:55:42,673 [INFO ][WrapperSimpleAppMain] init backend myqsl source ,create connections total 10 for hostM1 index :0  (io.mycat.backend.datasource.PhysicalDBPool:PhysicalDBPool.java:294) 
INFO   | jvm 1    | 2018/12/13 22:55:42 | 2018-12-13 22:55:42,674 [INFO ][WrapperSimpleAppMain] no ilde connection in pool,create new connection for hostM1 of schema forum  (io.mycat.backend.datasource.PhysicalDatasource:PhysicalDatasource.java:413) 
INFO   | jvm 1    | 2018/12/13 22:55:42 | 2018-12-13 22:55:42,675 [INFO ][WrapperSimpleAppMain] no ilde connection in pool,create new connection for hostM1 of schema forum  (io.mycat.backend.datasource.PhysicalDatasource:PhysicalDatasource.java:413) 
INFO   | jvm 1    | 2018/12/13 22:55:42 | 2018-12-13 22:55:42,675 [INFO ][WrapperSimpleAppMain] no ilde connection in pool,create new connection for hostM1 of schema forum  (io.mycat.backend.datasource.PhysicalDatasource:PhysicalDatasource.java:413) 
INFO   | jvm 1    | 2018/12/13 22:55:42 | 2018-12-13 22:55:42,675 [INFO ][WrapperSimpleAppMain] no ilde connection in pool,create new connection for hostM1 of schema forum  (io.mycat.backend.datasource.PhysicalDatasource:PhysicalDatasource.java:413) 
INFO   | jvm 1    | 2018/12/13 22:55:42 | 2018-12-13 22:55:42,676 [INFO ][WrapperSimpleAppMain] no ilde connection in pool,create new connection for hostM1 of schema forum  (io.mycat.backend.datasource.PhysicalDatasource:PhysicalDatasource.java:413) 
INFO   | jvm 1    | 2018/12/13 22:55:42 | 2018-12-13 22:55:42,676 [INFO ][WrapperSimpleAppMain] no ilde connection in pool,create new connection for hostM1 of schema forum  (io.mycat.backend.datasource.PhysicalDatasource:PhysicalDatasource.java:413) 
INFO   | jvm 1    | 2018/12/13 22:55:42 | 2018-12-13 22:55:42,676 [INFO ][WrapperSimpleAppMain] no ilde connection in pool,create new connection for hostM1 of schema forum  (io.mycat.backend.datasource.PhysicalDatasource:PhysicalDatasource.java:413) 
INFO   | jvm 1    | 2018/12/13 22:55:42 | 2018-12-13 22:55:42,677 [INFO ][WrapperSimpleAppMain] no ilde connection in pool,create new connection for hostM1 of schema forum  (io.mycat.backend.datasource.PhysicalDatasource:PhysicalDatasource.java:413) 
INFO   | jvm 1    | 2018/12/13 22:55:42 | 2018-12-13 22:55:42,677 [INFO ][WrapperSimpleAppMain] no ilde connection in pool,create new connection for hostM1 of schema forum  (io.mycat.backend.datasource.PhysicalDatasource:PhysicalDatasource.java:413) 
INFO   | jvm 1    | 2018/12/13 22:55:42 | 2018-12-13 22:55:42,677 [INFO ][WrapperSimpleAppMain] no ilde connection in pool,create new connection for hostM1 of schema forum  (io.mycat.backend.datasource.PhysicalDatasource:PhysicalDatasource.java:413) 
INFO   | jvm 1    | 2018/12/13 22:55:42 | 2018-12-13 22:55:42,709 [INFO ][$_NIOREACTOR-5-RW] connected successfuly MySQLConnection [id=5, lastTime=1544712942709, user=root, schema=forum, old shema=forum, borrowed=true, fromSlaveDB=false, threadId=11, charset=latin1, txIsolation=3, autocommit=true, attachment=null, respHandler=null, host=localhost, port=3306, statusSync=null, writeQueue=0, modifiedSQLExecuted=false]  (io.mycat.backend.mysql.nio.handler.GetConnectionHandler:GetConnectionHandler.java:67) 
INFO   | jvm 1    | 2018/12/13 22:55:42 | 2018-12-13 22:55:42,709 [INFO ][$_NIOREACTOR-2-RW] connected successfuly MySQLConnection [id=10, lastTime=1544712942709, user=root, schema=forum, old shema=forum, borrowed=true, fromSlaveDB=false, threadId=12, charset=latin1, txIsolation=3, autocommit=true, attachment=null, respHandler=null, host=localhost, port=3306, statusSync=null, writeQueue=0, modifiedSQLExecuted=false]  (io.mycat.backend.mysql.nio.handler.GetConnectionHandler:GetConnectionHandler.java:67) 
INFO   | jvm 1    | 2018/12/13 22:55:42 | 2018-12-13 22:55:42,709 [INFO ][$_NIOREACTOR-7-RW] connected successfuly MySQLConnection [id=7, lastTime=1544712942709, user=root, schema=forum, old shema=forum, borrowed=true, fromSlaveDB=false, threadId=10, charset=latin1, txIsolation=3, autocommit=true, attachment=null, respHandler=null, host=localhost, port=3306, statusSync=null, writeQueue=0, modifiedSQLExecuted=false]  (io.mycat.backend.mysql.nio.handler.GetConnectionHandler:GetConnectionHandler.java:67) 
INFO   | jvm 1    | 2018/12/13 22:55:42 | 2018-12-13 22:55:42,709 [INFO ][$_NIOREACTOR-2-RW] connected successfuly MySQLConnection [id=2, lastTime=1544712942709, user=root, schema=forum, old shema=forum, borrowed=true, fromSlaveDB=false, threadId=6, charset=latin1, txIsolation=3, autocommit=true, attachment=null, respHandler=null, host=localhost, port=3306, statusSync=null, writeQueue=0, modifiedSQLExecuted=false]  (io.mycat.backend.mysql.nio.handler.GetConnectionHandler:GetConnectionHandler.java:67) 
INFO   | jvm 1    | 2018/12/13 22:55:42 | 2018-12-13 22:55:42,709 [INFO ][$_NIOREACTOR-4-RW] connected successfuly MySQLConnection [id=4, lastTime=1544712942709, user=root, schema=forum, old shema=forum, borrowed=true, fromSlaveDB=false, threadId=7, charset=latin1, txIsolation=3, autocommit=true, attachment=null, respHandler=null, host=localhost, port=3306, statusSync=null, writeQueue=0, modifiedSQLExecuted=false]  (io.mycat.backend.mysql.nio.handler.GetConnectionHandler:GetConnectionHandler.java:67) 
INFO   | jvm 1    | 2018/12/13 22:55:42 | 2018-12-13 22:55:42,710 [INFO ][$_NIOREACTOR-3-RW] connected successfuly MySQLConnection [id=3, lastTime=1544712942710, user=root, schema=forum, old shema=forum, borrowed=true, fromSlaveDB=false, threadId=9, charset=latin1, txIsolation=3, autocommit=true, attachment=null, respHandler=null, host=localhost, port=3306, statusSync=null, writeQueue=0, modifiedSQLExecuted=false]  (io.mycat.backend.mysql.nio.handler.GetConnectionHandler:GetConnectionHandler.java:67) 
INFO   | jvm 1    | 2018/12/13 22:55:42 | 2018-12-13 22:55:42,710 [INFO ][$_NIOREACTOR-6-RW] connected successfuly MySQLConnection [id=6, lastTime=1544712942710, user=root, schema=forum, old shema=forum, borrowed=true, fromSlaveDB=false, threadId=8, charset=latin1, txIsolation=3, autocommit=true, attachment=null, respHandler=null, host=localhost, port=3306, statusSync=null, writeQueue=0, modifiedSQLExecuted=false]  (io.mycat.backend.mysql.nio.handler.GetConnectionHandler:GetConnectionHandler.java:67) 
INFO   | jvm 1    | 2018/12/13 22:55:42 | 2018-12-13 22:55:42,711 [INFO ][$_NIOREACTOR-0-RW] connected successfuly MySQLConnection [id=8, lastTime=1544712942711, user=root, schema=forum, old shema=forum, borrowed=true, fromSlaveDB=false, threadId=4, charset=latin1, txIsolation=3, autocommit=true, attachment=null, respHandler=null, host=localhost, port=3306, statusSync=null, writeQueue=0, modifiedSQLExecuted=false]  (io.mycat.backend.mysql.nio.handler.GetConnectionHandler:GetConnectionHandler.java:67) 
INFO   | jvm 1    | 2018/12/13 22:55:42 | 2018-12-13 22:55:42,712 [INFO ][$_NIOREACTOR-1-RW] connected successfuly MySQLConnection [id=1, lastTime=1544712942712, user=root, schema=forum, old shema=forum, borrowed=true, fromSlaveDB=false, threadId=5, charset=latin1, txIsolation=3, autocommit=true, attachment=null, respHandler=null, host=localhost, port=3306, statusSync=null, writeQueue=0, modifiedSQLExecuted=false]  (io.mycat.backend.mysql.nio.handler.GetConnectionHandler:GetConnectionHandler.java:67) 
INFO   | jvm 1    | 2018/12/13 22:55:42 | 2018-12-13 22:55:42,712 [INFO ][$_NIOREACTOR-1-RW] connected successfuly MySQLConnection [id=9, lastTime=1544712942712, user=root, schema=forum, old shema=forum, borrowed=true, fromSlaveDB=false, threadId=13, charset=latin1, txIsolation=3, autocommit=true, attachment=null, respHandler=null, host=localhost, port=3306, statusSync=null, writeQueue=0, modifiedSQLExecuted=false]  (io.mycat.backend.mysql.nio.handler.GetConnectionHandler:GetConnectionHandler.java:67) 
INFO   | jvm 1    | 2018/12/13 22:55:42 | 2018-12-13 22:55:42,780 [INFO ][WrapperSimpleAppMain] init result :finished 10 success 10 target count:10  (io.mycat.backend.datasource.PhysicalDBPool:PhysicalDBPool.java:319) 
INFO   | jvm 1    | 2018/12/13 22:55:42 | 2018-12-13 22:55:42,780 [INFO ][WrapperSimpleAppMain] localhost1 index:0 init success  (io.mycat.backend.datasource.PhysicalDBPool:PhysicalDBPool.java:265) 
INFO   | jvm 1    | 2018/12/13 22:55:42 | MyCAT Server startup successfully. see logs in logs/mycat.log
INFO   | jvm 1    | 2018/12/13 22:57:55 | 2018-12-13 22:57:55,141 [INFO ][$_NIOREACTOR-3-RW] ServerConnection [id=1, schema=forum, host=127.0.0.1, user=root,txIsolation=3, autocommit=true, schema=forum]'root' login success  (io.mycat.net.handler.FrontendAuthenticator:FrontendAuthenticator.java:194) 
INFO   | jvm 1    | 2018/12/13 22:58:03 | 2018-12-13 22:58:03,833 [INFO ][$_NIOREACTOR-3-RW] close connection,reason:stream closed ,ServerConnection [id=1, schema=forum, host=127.0.0.1, user=root,txIsolation=3, autocommit=true, schema=forum]  (io.mycat.net.AbstractConnection:AbstractConnection.java:508) 
INFO   | jvm 1    | 2018/12/13 22:59:55 | 2018-12-13 22:59:55,431 [INFO ][$_NIOREACTOR-4-RW] ServerConnection [id=2, schema=forum, host=127.0.0.1, user=root,txIsolation=3, autocommit=true, schema=forum]'root' login success  (io.mycat.net.handler.FrontendAuthenticator:FrontendAuthenticator.java:194) 
INFO   | jvm 1    | 2018/12/13 23:04:52 | 2018-12-13 23:04:52,481 [INFO ][$_NIOREACTOR-4-RW] close connection,reason:quit cmd ,ServerConnection [id=2, schema=forum, host=127.0.0.1, user=root,txIsolation=3, autocommit=true, schema=forum]  (io.mycat.net.AbstractConnection:AbstractConnection.java:508) 
INFO   | jvm 1    | 2018/12/13 23:05:02 | 2018-12-13 23:05:02,300 [INFO ][$_NIOREACTOR-5-RW] ServerConnection [id=3, schema=forum, host=127.0.0.1, user=root,txIsolation=3, autocommit=true, schema=forum]'root' login success  (io.mycat.net.handler.FrontendAuthenticator:FrontendAuthenticator.java:194) 
INFO   | jvm 1    | 2018/12/13 23:12:32 | 2018-12-13 23:12:32,809 [INFO ][Timer1] ServerConnection [id=3, schema=forum, host=127.0.0.1, user=root,txIsolation=3, autocommit=true, schema=forum] idle timeout  (io.mycat.net.AbstractConnection:AbstractConnection.java:521) 
INFO   | jvm 1    | 2018/12/13 23:12:32 | 2018-12-13 23:12:32,809 [INFO ][Timer1] close connection,reason: idle  ,ServerConnection [id=3, schema=forum, host=127.0.0.1, user=root,txIsolation=3, autocommit=true, schema=forum]  (io.mycat.net.AbstractConnection:AbstractConnection.java:508) 
STATUS | wrapper  | 2018/12/14 00:06:54 | <-- Wrapper Stopped
STATUS | wrapper  | 2018/12/16 23:04:07 | --> Wrapper Started as Console
STATUS | wrapper  | 2018/12/16 23:04:07 | Launching a JVM...
INFO   | jvm 1    | 2018/12/16 23:04:07 | Java HotSpot(TM) 64-Bit Server VM warning: ignoring option MaxPermSize=64M; support was removed in 8.0
INFO   | jvm 1    | 2018/12/16 23:04:08 | Wrapper (Version 3.2.3) http://wrapper.tanukisoftware.org
INFO   | jvm 1    | 2018/12/16 23:04:08 |   Copyright 1999-2006 Tanuki Software, Inc.  All Rights Reserved.
INFO   | jvm 1    | 2018/12/16 23:04:08 | 
INFO   | jvm 1    | 2018/12/16 23:04:08 | 
INFO   | jvm 1    | 2018/12/16 23:04:08 | WARNING - Unable to load the Wrapper's native library because none of the
INFO   | jvm 1    | 2018/12/16 23:04:08 |           following files:
INFO   | jvm 1    | 2018/12/16 23:04:08 |             libwrapper-macosx-x86-64.dylib
INFO   | jvm 1    | 2018/12/16 23:04:08 |             libwrapper-macosx-universal-64.dylib
INFO   | jvm 1    | 2018/12/16 23:04:08 |             libwrapper.dylib
INFO   | jvm 1    | 2018/12/16 23:04:08 |           could be located on the following java.library.path:
INFO   | jvm 1    | 2018/12/16 23:04:08 |             /Users/ljl/Documents/forum/src/main/resources/config/Mycat/Mycat/lib
INFO   | jvm 1    | 2018/12/16 23:04:08 |           Please see the documentation for the wrapper.java.library.path
INFO   | jvm 1    | 2018/12/16 23:04:08 |           configuration property.
INFO   | jvm 1    | 2018/12/16 23:04:08 |           System signals will not be handled correctly.
INFO   | jvm 1    | 2018/12/16 23:04:08 | 
INFO   | jvm 1    | 2018/12/16 23:04:08 | 2018-12-16 23:04:08,708 [INFO ][WrapperSimpleAppMain] total resouces of dataHost localhost1 is :1  (io.mycat.backend.datasource.PhysicalDBPool:PhysicalDBPool.java:100) 
INFO   | jvm 1    | 2018/12/16 23:04:08 | 2018-12-16 23:04:08,717 [INFO ][WrapperSimpleAppMain] create layer cache pool TableID2DataNodeCache of type encache ,default cache size 10000 ,default expire seconds18000  (io.mycat.cache.CacheService:CacheService.java:125) 
INFO   | jvm 1    | 2018/12/16 23:04:08 | 2018-12-16 23:04:08,719 [INFO ][WrapperSimpleAppMain] create child Cache: TESTDB_ORDERS for layered cache TableID2DataNodeCache, size 50000, expire seconds 18000  (io.mycat.cache.DefaultLayedCachePool:DefaultLayedCachePool.java:80) 
INFO   | jvm 1    | 2018/12/16 23:04:08 | 2018-12-16 23:04:08,874 [INFO ][WrapperSimpleAppMain] dyna class load from ./catlet,and auto check for class file modified every 60 seconds  (io.mycat.config.classloader.DynaClassLoader:DynaClassLoader.java:34) 
INFO   | jvm 1    | 2018/12/16 23:04:08 | 2018-12-16 23:04:08,874 [INFO ][WrapperSimpleAppMain] ===============================================  (io.mycat.MycatServer:MycatServer.java:266) 
INFO   | jvm 1    | 2018/12/16 23:04:08 | 2018-12-16 23:04:08,874 [INFO ][WrapperSimpleAppMain] MyCat is ready to startup ...  (io.mycat.MycatServer:MycatServer.java:267) 
INFO   | jvm 1    | 2018/12/16 23:04:08 | 2018-12-16 23:04:08,875 [INFO ][WrapperSimpleAppMain] Startup processors ...,total processors:8,aio thread pool size:16    
INFO   | jvm 1    | 2018/12/16 23:04:08 |  each process allocated socket buffer pool  bytes ,a page size:2097152  a page's chunk number(PageSize/ChunkSize) is:512  buffer page's number is:160  (io.mycat.MycatServer:MycatServer.java:279) 
INFO   | jvm 1    | 2018/12/16 23:04:08 | 2018-12-16 23:04:08,875 [INFO ][WrapperSimpleAppMain] sysconfig params:SystemConfig [processorBufferLocalPercent=100, frontSocketSoRcvbuf=1048576, frontSocketSoSndbuf=4194304, backSocketSoRcvbuf=4194304, backSocketSoSndbuf=1048576, frontSocketNoDelay=1, backSocketNoDelay=1, maxStringLiteralLength=65535, frontWriteQueueSize=2048, bindIp=127.0.0.1, serverPort=8066, managerPort=9066, charset=utf8, processors=8, processorExecutor=16, timerExecutor=2, managerExecutor=2, idleTimeout=300000, catletClassCheckSeconds=60, sqlExecuteTimeout=300, processorCheckPeriod=1000, dataNodeIdleCheckPeriod=300000, dataNodeHeartbeatPeriod=10000, clusterHeartbeatUser=_HEARTBEAT_USER_, clusterHeartbeatPass=_HEARTBEAT_PASS_, clusterHeartbeatPeriod=5000, clusterHeartbeatTimeout=10000, clusterHeartbeatRetry=10, txIsolation=3, parserCommentVersion=50148, sqlRecordCount=10, bufferPoolPageSize=2097152, bufferPoolChunkSize=4096, bufferPoolPageNumber=160, maxResultSet=524288, bigResultSizeSqlCount=10, bufferUsagePercent=80, flowControlRejectStrategy=0, clearBigSqLResultSetMapMs=600000, defaultMaxLimit=100, sequnceHandlerType=2, sqlInterceptor=io.mycat.server.interceptor.impl.DefaultSqlInterceptor, sqlInterceptorType=select, sqlInterceptorFile=/Users/ljl/Documents/forum/src/main/resources/config/Mycat/Mycat/logs/sql.txt, mutiNodeLimitType=0, mutiNodePatchSize=100, defaultSqlParser=druidparser, usingAIO=0, packetHeaderSize=4, maxPacketSize=16777216, mycatNodeId=1]  (io.mycat.MycatServer:MycatServer.java:280) 
INFO   | jvm 1    | 2018/12/16 23:04:09 | 2018-12-16 23:04:09,047 [INFO ][WrapperSimpleAppMain] useOffHeapForMerge = 1  (io.mycat.memory.MyCatMemory:MyCatMemory.java:53) 
INFO   | jvm 1    | 2018/12/16 23:04:09 | 2018-12-16 23:04:09,048 [INFO ][WrapperSimpleAppMain] memoryPageSize = 1m  (io.mycat.memory.MyCatMemory:MyCatMemory.java:54) 
INFO   | jvm 1    | 2018/12/16 23:04:09 | 2018-12-16 23:04:09,048 [INFO ][WrapperSimpleAppMain] spillsFileBufferSize = 1k  (io.mycat.memory.MyCatMemory:MyCatMemory.java:55) 
INFO   | jvm 1    | 2018/12/16 23:04:09 | 2018-12-16 23:04:09,048 [INFO ][WrapperSimpleAppMain] useStreamOutput = 0  (io.mycat.memory.MyCatMemory:MyCatMemory.java:56) 
INFO   | jvm 1    | 2018/12/16 23:04:09 | 2018-12-16 23:04:09,048 [INFO ][WrapperSimpleAppMain] systemReserveMemorySize = 384m  (io.mycat.memory.MyCatMemory:MyCatMemory.java:57) 
INFO   | jvm 1    | 2018/12/16 23:04:09 | 2018-12-16 23:04:09,063 [INFO ][WrapperSimpleAppMain] totalNetWorkBufferSize = 320MB  (io.mycat.memory.MyCatMemory:MyCatMemory.java:58) 
INFO   | jvm 1    | 2018/12/16 23:04:09 | 2018-12-16 23:04:09,063 [INFO ][WrapperSimpleAppMain] dataNodeSortedTempDir = /Users/ljl/Documents/forum/src/main/resources/config/Mycat/Mycat  (io.mycat.memory.MyCatMemory:MyCatMemory.java:59) 
INFO   | jvm 1    | 2018/12/16 23:04:09 | 2018-12-16 23:04:09,065 [INFO ][WrapperSimpleAppMain] mycat.memory.offHeap.size: 985MB  (io.mycat.memory.MyCatMemory:MyCatMemory.java:122) 
INFO   | jvm 1    | 2018/12/16 23:04:09 | 2018-12-16 23:04:09,073 [INFO ][WrapperSimpleAppMain] using nio network handler   (io.mycat.MycatServer:MycatServer.java:381) 
INFO   | jvm 1    | 2018/12/16 23:04:09 | 2018-12-16 23:04:09,101 [INFO ][WrapperSimpleAppMain] $_MyCatManager is started and listening on 9066  (io.mycat.MycatServer:MycatServer.java:397) 
INFO   | jvm 1    | 2018/12/16 23:04:09 | 2018-12-16 23:04:09,102 [INFO ][WrapperSimpleAppMain] $_MyCatServer is started and listening on 8066  (io.mycat.MycatServer:MycatServer.java:401) 
INFO   | jvm 1    | 2018/12/16 23:04:09 | 2018-12-16 23:04:09,102 [INFO ][WrapperSimpleAppMain] ===============================================  (io.mycat.MycatServer:MycatServer.java:403) 
INFO   | jvm 1    | 2018/12/16 23:04:09 | 2018-12-16 23:04:09,102 [INFO ][WrapperSimpleAppMain] Initialize dataHost ...  (io.mycat.MycatServer:MycatServer.java:407) 
INFO   | jvm 1    | 2018/12/16 23:04:09 | 2018-12-16 23:04:09,102 [INFO ][WrapperSimpleAppMain] init backend myqsl source ,create connections total 10 for hostM1 index :0  (io.mycat.backend.datasource.PhysicalDBPool:PhysicalDBPool.java:294) 
INFO   | jvm 1    | 2018/12/16 23:04:09 | 2018-12-16 23:04:09,103 [INFO ][WrapperSimpleAppMain] no ilde connection in pool,create new connection for hostM1 of schema forum  (io.mycat.backend.datasource.PhysicalDatasource:PhysicalDatasource.java:413) 
INFO   | jvm 1    | 2018/12/16 23:04:09 | 2018-12-16 23:04:09,104 [INFO ][WrapperSimpleAppMain] no ilde connection in pool,create new connection for hostM1 of schema forum  (io.mycat.backend.datasource.PhysicalDatasource:PhysicalDatasource.java:413) 
INFO   | jvm 1    | 2018/12/16 23:04:09 | 2018-12-16 23:04:09,104 [INFO ][WrapperSimpleAppMain] no ilde connection in pool,create new connection for hostM1 of schema forum  (io.mycat.backend.datasource.PhysicalDatasource:PhysicalDatasource.java:413) 
INFO   | jvm 1    | 2018/12/16 23:04:09 | 2018-12-16 23:04:09,104 [INFO ][WrapperSimpleAppMain] no ilde connection in pool,create new connection for hostM1 of schema forum  (io.mycat.backend.datasource.PhysicalDatasource:PhysicalDatasource.java:413) 
INFO   | jvm 1    | 2018/12/16 23:04:09 | 2018-12-16 23:04:09,105 [INFO ][WrapperSimpleAppMain] no ilde connection in pool,create new connection for hostM1 of schema forum  (io.mycat.backend.datasource.PhysicalDatasource:PhysicalDatasource.java:413) 
INFO   | jvm 1    | 2018/12/16 23:04:09 | 2018-12-16 23:04:09,105 [INFO ][WrapperSimpleAppMain] no ilde connection in pool,create new connection for hostM1 of schema forum  (io.mycat.backend.datasource.PhysicalDatasource:PhysicalDatasource.java:413) 
INFO   | jvm 1    | 2018/12/16 23:04:09 | 2018-12-16 23:04:09,106 [INFO ][WrapperSimpleAppMain] no ilde connection in pool,create new connection for hostM1 of schema forum  (io.mycat.backend.datasource.PhysicalDatasource:PhysicalDatasource.java:413) 
INFO   | jvm 1    | 2018/12/16 23:04:09 | 2018-12-16 23:04:09,106 [INFO ][WrapperSimpleAppMain] no ilde connection in pool,create new connection for hostM1 of schema forum  (io.mycat.backend.datasource.PhysicalDatasource:PhysicalDatasource.java:413) 
INFO   | jvm 1    | 2018/12/16 23:04:09 | 2018-12-16 23:04:09,106 [INFO ][WrapperSimpleAppMain] no ilde connection in pool,create new connection for hostM1 of schema forum  (io.mycat.backend.datasource.PhysicalDatasource:PhysicalDatasource.java:413) 
INFO   | jvm 1    | 2018/12/16 23:04:09 | 2018-12-16 23:04:09,106 [INFO ][WrapperSimpleAppMain] no ilde connection in pool,create new connection for hostM1 of schema forum  (io.mycat.backend.datasource.PhysicalDatasource:PhysicalDatasource.java:413) 
INFO   | jvm 1    | 2018/12/16 23:04:09 | 2018-12-16 23:04:09,139 [INFO ][$_NIOREACTOR-7-RW] connected successfuly MySQLConnection [id=7, lastTime=1544972649139, user=root, schema=forum, old shema=forum, borrowed=true, fromSlaveDB=false, threadId=3, charset=latin1, txIsolation=3, autocommit=true, attachment=null, respHandler=null, host=localhost, port=3306, statusSync=null, writeQueue=0, modifiedSQLExecuted=false]  (io.mycat.backend.mysql.nio.handler.GetConnectionHandler:GetConnectionHandler.java:67) 
INFO   | jvm 1    | 2018/12/16 23:04:09 | 2018-12-16 23:04:09,139 [INFO ][$_NIOREACTOR-1-RW] connected successfuly MySQLConnection [id=9, lastTime=1544972649139, user=root, schema=forum, old shema=forum, borrowed=true, fromSlaveDB=false, threadId=5, charset=latin1, txIsolation=3, autocommit=true, attachment=null, respHandler=null, host=localhost, port=3306, statusSync=null, writeQueue=0, modifiedSQLExecuted=false]  (io.mycat.backend.mysql.nio.handler.GetConnectionHandler:GetConnectionHandler.java:67) 
INFO   | jvm 1    | 2018/12/16 23:04:09 | 2018-12-16 23:04:09,139 [INFO ][$_NIOREACTOR-0-RW] connected successfuly MySQLConnection [id=8, lastTime=1544972649139, user=root, schema=forum, old shema=forum, borrowed=true, fromSlaveDB=false, threadId=10, charset=latin1, txIsolation=3, autocommit=true, attachment=null, respHandler=null, host=localhost, port=3306, statusSync=null, writeQueue=0, modifiedSQLExecuted=false]  (io.mycat.backend.mysql.nio.handler.GetConnectionHandler:GetConnectionHandler.java:67) 
INFO   | jvm 1    | 2018/12/16 23:04:09 | 2018-12-16 23:04:09,139 [INFO ][$_NIOREACTOR-4-RW] connected successfuly MySQLConnection [id=4, lastTime=1544972649139, user=root, schema=forum, old shema=forum, borrowed=true, fromSlaveDB=false, threadId=4, charset=latin1, txIsolation=3, autocommit=true, attachment=null, respHandler=null, host=localhost, port=3306, statusSync=null, writeQueue=0, modifiedSQLExecuted=false]  (io.mycat.backend.mysql.nio.handler.GetConnectionHandler:GetConnectionHandler.java:67) 
INFO   | jvm 1    | 2018/12/16 23:04:09 | 2018-12-16 23:04:09,139 [INFO ][$_NIOREACTOR-6-RW] connected successfuly MySQLConnection [id=6, lastTime=1544972649139, user=root, schema=forum, old shema=forum, borrowed=true, fromSlaveDB=false, threadId=11, charset=latin1, txIsolation=3, autocommit=true, attachment=null, respHandler=null, host=localhost, port=3306, statusSync=null, writeQueue=0, modifiedSQLExecuted=false]  (io.mycat.backend.mysql.nio.handler.GetConnectionHandler:GetConnectionHandler.java:67) 
INFO   | jvm 1    | 2018/12/16 23:04:09 | 2018-12-16 23:04:09,140 [INFO ][$_NIOREACTOR-1-RW] connected successfuly MySQLConnection [id=1, lastTime=1544972649140, user=root, schema=forum, old shema=forum, borrowed=true, fromSlaveDB=false, threadId=2, charset=latin1, txIsolation=3, autocommit=true, attachment=null, respHandler=null, host=localhost, port=3306, statusSync=null, writeQueue=0, modifiedSQLExecuted=false]  (io.mycat.backend.mysql.nio.handler.GetConnectionHandler:GetConnectionHandler.java:67) 
INFO   | jvm 1    | 2018/12/16 23:04:09 | 2018-12-16 23:04:09,140 [INFO ][$_NIOREACTOR-5-RW] connected successfuly MySQLConnection [id=5, lastTime=1544972649140, user=root, schema=forum, old shema=forum, borrowed=true, fromSlaveDB=false, threadId=8, charset=latin1, txIsolation=3, autocommit=true, attachment=null, respHandler=null, host=localhost, port=3306, statusSync=null, writeQueue=0, modifiedSQLExecuted=false]  (io.mycat.backend.mysql.nio.handler.GetConnectionHandler:GetConnectionHandler.java:67) 
INFO   | jvm 1    | 2018/12/16 23:04:09 | 2018-12-16 23:04:09,141 [INFO ][$_NIOREACTOR-2-RW] connected successfuly MySQLConnection [id=2, lastTime=1544972649141, user=root, schema=forum, old shema=forum, borrowed=true, fromSlaveDB=false, threadId=7, charset=latin1, txIsolation=3, autocommit=true, attachment=null, respHandler=null, host=localhost, port=3306, statusSync=null, writeQueue=0, modifiedSQLExecuted=false]  (io.mycat.backend.mysql.nio.handler.GetConnectionHandler:GetConnectionHandler.java:67) 
INFO   | jvm 1    | 2018/12/16 23:04:09 | 2018-12-16 23:04:09,141 [INFO ][$_NIOREACTOR-2-RW] connected successfuly MySQLConnection [id=10, lastTime=1544972649141, user=root, schema=forum, old shema=forum, borrowed=true, fromSlaveDB=false, threadId=9, charset=latin1, txIsolation=3, autocommit=true, attachment=null, respHandler=null, host=localhost, port=3306, statusSync=null, writeQueue=0, modifiedSQLExecuted=false]  (io.mycat.backend.mysql.nio.handler.GetConnectionHandler:GetConnectionHandler.java:67) 
INFO   | jvm 1    | 2018/12/16 23:04:09 | 2018-12-16 23:04:09,141 [INFO ][$_NIOREACTOR-3-RW] connected successfuly MySQLConnection [id=3, lastTime=1544972649141, user=root, schema=forum, old shema=forum, borrowed=true, fromSlaveDB=false, threadId=6, charset=latin1, txIsolation=3, autocommit=true, attachment=null, respHandler=null, host=localhost, port=3306, statusSync=null, writeQueue=0, modifiedSQLExecuted=false]  (io.mycat.backend.mysql.nio.handler.GetConnectionHandler:GetConnectionHandler.java:67) 
INFO   | jvm 1    | 2018/12/16 23:04:09 | 2018-12-16 23:04:09,207 [INFO ][WrapperSimpleAppMain] init result :finished 10 success 10 target count:10  (io.mycat.backend.datasource.PhysicalDBPool:PhysicalDBPool.java:319) 
INFO   | jvm 1    | 2018/12/16 23:04:09 | 2018-12-16 23:04:09,207 [INFO ][WrapperSimpleAppMain] localhost1 index:0 init success  (io.mycat.backend.datasource.PhysicalDBPool:PhysicalDBPool.java:265) 
INFO   | jvm 1    | 2018/12/16 23:04:09 | MyCAT Server startup successfully. see logs in logs/mycat.log
STATUS | wrapper  | 2018/12/16 23:05:14 | INT trapped.  Shutting down.
STATUS | wrapper  | 2018/12/16 23:05:14 | <-- Wrapper Stopped
STATUS | wrapper  | 2018/12/16 23:06:59 | --> Wrapper Started as Console
STATUS | wrapper  | 2018/12/16 23:06:59 | Launching a JVM...
INFO   | jvm 1    | 2018/12/16 23:06:59 | Java HotSpot(TM) 64-Bit Server VM warning: ignoring option MaxPermSize=64M; support was removed in 8.0
INFO   | jvm 1    | 2018/12/16 23:07:00 | Wrapper (Version 3.2.3) http://wrapper.tanukisoftware.org
INFO   | jvm 1    | 2018/12/16 23:07:00 |   Copyright 1999-2006 Tanuki Software, Inc.  All Rights Reserved.
INFO   | jvm 1    | 2018/12/16 23:07:00 | 
INFO   | jvm 1    | 2018/12/16 23:07:00 | 
INFO   | jvm 1    | 2018/12/16 23:07:00 | WARNING - Unable to load the Wrapper's native library because none of the
INFO   | jvm 1    | 2018/12/16 23:07:00 |           following files:
INFO   | jvm 1    | 2018/12/16 23:07:00 |             libwrapper-macosx-x86-64.dylib
INFO   | jvm 1    | 2018/12/16 23:07:00 |             libwrapper-macosx-universal-64.dylib
INFO   | jvm 1    | 2018/12/16 23:07:00 |             libwrapper.dylib
INFO   | jvm 1    | 2018/12/16 23:07:00 |           could be located on the following java.library.path:
INFO   | jvm 1    | 2018/12/16 23:07:00 |             /Users/ljl/Documents/forum/src/main/resources/config/Mycat/Mycat/lib
INFO   | jvm 1    | 2018/12/16 23:07:00 |           Please see the documentation for the wrapper.java.library.path
INFO   | jvm 1    | 2018/12/16 23:07:00 |           configuration property.
INFO   | jvm 1    | 2018/12/16 23:07:00 |           System signals will not be handled correctly.
INFO   | jvm 1    | 2018/12/16 23:07:00 | 
INFO   | jvm 1    | 2018/12/16 23:07:00 | 2018-12-16 23:07:00,401 [INFO ][WrapperSimpleAppMain] total resouces of dataHost localhost1 is :1  (io.mycat.backend.datasource.PhysicalDBPool:PhysicalDBPool.java:100) 
INFO   | jvm 1    | 2018/12/16 23:07:00 | 2018-12-16 23:07:00,407 [INFO ][WrapperSimpleAppMain] create layer cache pool TableID2DataNodeCache of type encache ,default cache size 10000 ,default expire seconds18000  (io.mycat.cache.CacheService:CacheService.java:125) 
INFO   | jvm 1    | 2018/12/16 23:07:00 | 2018-12-16 23:07:00,408 [INFO ][WrapperSimpleAppMain] create child Cache: TESTDB_ORDERS for layered cache TableID2DataNodeCache, size 50000, expire seconds 18000  (io.mycat.cache.DefaultLayedCachePool:DefaultLayedCachePool.java:80) 
INFO   | jvm 1    | 2018/12/16 23:07:00 | 2018-12-16 23:07:00,486 [INFO ][WrapperSimpleAppMain] dyna class load from ./catlet,and auto check for class file modified every 60 seconds  (io.mycat.config.classloader.DynaClassLoader:DynaClassLoader.java:34) 
INFO   | jvm 1    | 2018/12/16 23:07:00 | 2018-12-16 23:07:00,487 [INFO ][WrapperSimpleAppMain] ===============================================  (io.mycat.MycatServer:MycatServer.java:266) 
INFO   | jvm 1    | 2018/12/16 23:07:00 | 2018-12-16 23:07:00,487 [INFO ][WrapperSimpleAppMain] MyCat is ready to startup ...  (io.mycat.MycatServer:MycatServer.java:267) 
INFO   | jvm 1    | 2018/12/16 23:07:00 | 2018-12-16 23:07:00,487 [INFO ][WrapperSimpleAppMain] Startup processors ...,total processors:8,aio thread pool size:16    
INFO   | jvm 1    | 2018/12/16 23:07:00 |  each process allocated socket buffer pool  bytes ,a page size:2097152  a page's chunk number(PageSize/ChunkSize) is:512  buffer page's number is:160  (io.mycat.MycatServer:MycatServer.java:279) 
INFO   | jvm 1    | 2018/12/16 23:07:00 | 2018-12-16 23:07:00,487 [INFO ][WrapperSimpleAppMain] sysconfig params:SystemConfig [processorBufferLocalPercent=100, frontSocketSoRcvbuf=1048576, frontSocketSoSndbuf=4194304, backSocketSoRcvbuf=4194304, backSocketSoSndbuf=1048576, frontSocketNoDelay=1, backSocketNoDelay=1, maxStringLiteralLength=65535, frontWriteQueueSize=2048, bindIp=127.0.0.1, serverPort=8066, managerPort=9066, charset=utf8, processors=8, processorExecutor=16, timerExecutor=2, managerExecutor=2, idleTimeout=300000, catletClassCheckSeconds=60, sqlExecuteTimeout=300, processorCheckPeriod=1000, dataNodeIdleCheckPeriod=300000, dataNodeHeartbeatPeriod=10000, clusterHeartbeatUser=_HEARTBEAT_USER_, clusterHeartbeatPass=_HEARTBEAT_PASS_, clusterHeartbeatPeriod=5000, clusterHeartbeatTimeout=10000, clusterHeartbeatRetry=10, txIsolation=3, parserCommentVersion=50148, sqlRecordCount=10, bufferPoolPageSize=2097152, bufferPoolChunkSize=4096, bufferPoolPageNumber=160, maxResultSet=524288, bigResultSizeSqlCount=10, bufferUsagePercent=80, flowControlRejectStrategy=0, clearBigSqLResultSetMapMs=600000, defaultMaxLimit=100, sequnceHandlerType=2, sqlInterceptor=io.mycat.server.interceptor.impl.DefaultSqlInterceptor, sqlInterceptorType=select, sqlInterceptorFile=/Users/ljl/Documents/forum/src/main/resources/config/Mycat/Mycat/logs/sql.txt, mutiNodeLimitType=0, mutiNodePatchSize=100, defaultSqlParser=druidparser, usingAIO=0, packetHeaderSize=4, maxPacketSize=16777216, mycatNodeId=1]  (io.mycat.MycatServer:MycatServer.java:280) 
INFO   | jvm 1    | 2018/12/16 23:07:00 | 2018-12-16 23:07:00,670 [INFO ][WrapperSimpleAppMain] useOffHeapForMerge = 1  (io.mycat.memory.MyCatMemory:MyCatMemory.java:53) 
INFO   | jvm 1    | 2018/12/16 23:07:00 | 2018-12-16 23:07:00,670 [INFO ][WrapperSimpleAppMain] memoryPageSize = 1m  (io.mycat.memory.MyCatMemory:MyCatMemory.java:54) 
INFO   | jvm 1    | 2018/12/16 23:07:00 | 2018-12-16 23:07:00,670 [INFO ][WrapperSimpleAppMain] spillsFileBufferSize = 1k  (io.mycat.memory.MyCatMemory:MyCatMemory.java:55) 
INFO   | jvm 1    | 2018/12/16 23:07:00 | 2018-12-16 23:07:00,670 [INFO ][WrapperSimpleAppMain] useStreamOutput = 0  (io.mycat.memory.MyCatMemory:MyCatMemory.java:56) 
INFO   | jvm 1    | 2018/12/16 23:07:00 | 2018-12-16 23:07:00,670 [INFO ][WrapperSimpleAppMain] systemReserveMemorySize = 384m  (io.mycat.memory.MyCatMemory:MyCatMemory.java:57) 
INFO   | jvm 1    | 2018/12/16 23:07:00 | 2018-12-16 23:07:00,681 [INFO ][WrapperSimpleAppMain] totalNetWorkBufferSize = 320MB  (io.mycat.memory.MyCatMemory:MyCatMemory.java:58) 
INFO   | jvm 1    | 2018/12/16 23:07:00 | 2018-12-16 23:07:00,682 [INFO ][WrapperSimpleAppMain] dataNodeSortedTempDir = /Users/ljl/Documents/forum/src/main/resources/config/Mycat/Mycat  (io.mycat.memory.MyCatMemory:MyCatMemory.java:59) 
INFO   | jvm 1    | 2018/12/16 23:07:00 | 2018-12-16 23:07:00,684 [INFO ][WrapperSimpleAppMain] mycat.memory.offHeap.size: 985MB  (io.mycat.memory.MyCatMemory:MyCatMemory.java:122) 
INFO   | jvm 1    | 2018/12/16 23:07:00 | 2018-12-16 23:07:00,690 [INFO ][WrapperSimpleAppMain] using nio network handler   (io.mycat.MycatServer:MycatServer.java:381) 
INFO   | jvm 1    | 2018/12/16 23:07:00 | 2018-12-16 23:07:00,724 [INFO ][WrapperSimpleAppMain] $_MyCatManager is started and listening on 9066  (io.mycat.MycatServer:MycatServer.java:397) 
INFO   | jvm 1    | 2018/12/16 23:07:00 | 2018-12-16 23:07:00,724 [INFO ][WrapperSimpleAppMain] $_MyCatServer is started and listening on 8066  (io.mycat.MycatServer:MycatServer.java:401) 
INFO   | jvm 1    | 2018/12/16 23:07:00 | 2018-12-16 23:07:00,724 [INFO ][WrapperSimpleAppMain] ===============================================  (io.mycat.MycatServer:MycatServer.java:403) 
INFO   | jvm 1    | 2018/12/16 23:07:00 | 2018-12-16 23:07:00,724 [INFO ][WrapperSimpleAppMain] Initialize dataHost ...  (io.mycat.MycatServer:MycatServer.java:407) 
INFO   | jvm 1    | 2018/12/16 23:07:00 | 2018-12-16 23:07:00,725 [INFO ][WrapperSimpleAppMain] init backend myqsl source ,create connections total 10 for hostM1 index :0  (io.mycat.backend.datasource.PhysicalDBPool:PhysicalDBPool.java:294) 
INFO   | jvm 1    | 2018/12/16 23:07:00 | 2018-12-16 23:07:00,726 [INFO ][WrapperSimpleAppMain] no ilde connection in pool,create new connection for hostM1 of schema forum  (io.mycat.backend.datasource.PhysicalDatasource:PhysicalDatasource.java:413) 
INFO   | jvm 1    | 2018/12/16 23:07:00 | 2018-12-16 23:07:00,726 [INFO ][WrapperSimpleAppMain] no ilde connection in pool,create new connection for hostM1 of schema forum  (io.mycat.backend.datasource.PhysicalDatasource:PhysicalDatasource.java:413) 
INFO   | jvm 1    | 2018/12/16 23:07:00 | 2018-12-16 23:07:00,726 [INFO ][WrapperSimpleAppMain] no ilde connection in pool,create new connection for hostM1 of schema forum  (io.mycat.backend.datasource.PhysicalDatasource:PhysicalDatasource.java:413) 
INFO   | jvm 1    | 2018/12/16 23:07:00 | 2018-12-16 23:07:00,727 [INFO ][WrapperSimpleAppMain] no ilde connection in pool,create new connection for hostM1 of schema forum  (io.mycat.backend.datasource.PhysicalDatasource:PhysicalDatasource.java:413) 
INFO   | jvm 1    | 2018/12/16 23:07:00 | 2018-12-16 23:07:00,727 [INFO ][WrapperSimpleAppMain] no ilde connection in pool,create new connection for hostM1 of schema forum  (io.mycat.backend.datasource.PhysicalDatasource:PhysicalDatasource.java:413) 
INFO   | jvm 1    | 2018/12/16 23:07:00 | 2018-12-16 23:07:00,727 [INFO ][WrapperSimpleAppMain] no ilde connection in pool,create new connection for hostM1 of schema forum  (io.mycat.backend.datasource.PhysicalDatasource:PhysicalDatasource.java:413) 
INFO   | jvm 1    | 2018/12/16 23:07:00 | 2018-12-16 23:07:00,728 [INFO ][WrapperSimpleAppMain] no ilde connection in pool,create new connection for hostM1 of schema forum  (io.mycat.backend.datasource.PhysicalDatasource:PhysicalDatasource.java:413) 
INFO   | jvm 1    | 2018/12/16 23:07:00 | 2018-12-16 23:07:00,728 [INFO ][WrapperSimpleAppMain] no ilde connection in pool,create new connection for hostM1 of schema forum  (io.mycat.backend.datasource.PhysicalDatasource:PhysicalDatasource.java:413) 
INFO   | jvm 1    | 2018/12/16 23:07:00 | 2018-12-16 23:07:00,728 [INFO ][WrapperSimpleAppMain] no ilde connection in pool,create new connection for hostM1 of schema forum  (io.mycat.backend.datasource.PhysicalDatasource:PhysicalDatasource.java:413) 
INFO   | jvm 1    | 2018/12/16 23:07:00 | 2018-12-16 23:07:00,728 [INFO ][WrapperSimpleAppMain] no ilde connection in pool,create new connection for hostM1 of schema forum  (io.mycat.backend.datasource.PhysicalDatasource:PhysicalDatasource.java:413) 
INFO   | jvm 1    | 2018/12/16 23:07:00 | 2018-12-16 23:07:00,761 [INFO ][$_NIOREACTOR-7-RW] connected successfuly MySQLConnection [id=7, lastTime=1544972820761, user=root, schema=forum, old shema=forum, borrowed=true, fromSlaveDB=false, threadId=17, charset=latin1, txIsolation=3, autocommit=true, attachment=null, respHandler=null, host=localhost, port=3306, statusSync=null, writeQueue=0, modifiedSQLExecuted=false]  (io.mycat.backend.mysql.nio.handler.GetConnectionHandler:GetConnectionHandler.java:67) 
INFO   | jvm 1    | 2018/12/16 23:07:00 | 2018-12-16 23:07:00,761 [INFO ][$_NIOREACTOR-1-RW] connected successfuly MySQLConnection [id=1, lastTime=1544972820761, user=root, schema=forum, old shema=forum, borrowed=true, fromSlaveDB=false, threadId=13, charset=latin1, txIsolation=3, autocommit=true, attachment=null, respHandler=null, host=localhost, port=3306, statusSync=null, writeQueue=0, modifiedSQLExecuted=false]  (io.mycat.backend.mysql.nio.handler.GetConnectionHandler:GetConnectionHandler.java:67) 
INFO   | jvm 1    | 2018/12/16 23:07:00 | 2018-12-16 23:07:00,761 [INFO ][$_NIOREACTOR-6-RW] connected successfuly MySQLConnection [id=6, lastTime=1544972820761, user=root, schema=forum, old shema=forum, borrowed=true, fromSlaveDB=false, threadId=19, charset=latin1, txIsolation=3, autocommit=true, attachment=null, respHandler=null, host=localhost, port=3306, statusSync=null, writeQueue=0, modifiedSQLExecuted=false]  (io.mycat.backend.mysql.nio.handler.GetConnectionHandler:GetConnectionHandler.java:67) 
INFO   | jvm 1    | 2018/12/16 23:07:00 | 2018-12-16 23:07:00,761 [INFO ][$_NIOREACTOR-1-RW] connected successfuly MySQLConnection [id=9, lastTime=1544972820761, user=root, schema=forum, old shema=forum, borrowed=true, fromSlaveDB=false, threadId=18, charset=latin1, txIsolation=3, autocommit=true, attachment=null, respHandler=null, host=localhost, port=3306, statusSync=null, writeQueue=0, modifiedSQLExecuted=false]  (io.mycat.backend.mysql.nio.handler.GetConnectionHandler:GetConnectionHandler.java:67) 
INFO   | jvm 1    | 2018/12/16 23:07:00 | 2018-12-16 23:07:00,761 [INFO ][$_NIOREACTOR-4-RW] connected successfuly MySQLConnection [id=4, lastTime=1544972820761, user=root, schema=forum, old shema=forum, borrowed=true, fromSlaveDB=false, threadId=21, charset=latin1, txIsolation=3, autocommit=true, attachment=null, respHandler=null, host=localhost, port=3306, statusSync=null, writeQueue=0, modifiedSQLExecuted=false]  (io.mycat.backend.mysql.nio.handler.GetConnectionHandler:GetConnectionHandler.java:67) 
INFO   | jvm 1    | 2018/12/16 23:07:00 | 2018-12-16 23:07:00,762 [INFO ][$_NIOREACTOR-3-RW] connected successfuly MySQLConnection [id=3, lastTime=1544972820762, user=root, schema=forum, old shema=forum, borrowed=true, fromSlaveDB=false, threadId=16, charset=latin1, txIsolation=3, autocommit=true, attachment=null, respHandler=null, host=localhost, port=3306, statusSync=null, writeQueue=0, modifiedSQLExecuted=false]  (io.mycat.backend.mysql.nio.handler.GetConnectionHandler:GetConnectionHandler.java:67) 
INFO   | jvm 1    | 2018/12/16 23:07:00 | 2018-12-16 23:07:00,763 [INFO ][$_NIOREACTOR-5-RW] connected successfuly MySQLConnection [id=5, lastTime=1544972820763, user=root, schema=forum, old shema=forum, borrowed=true, fromSlaveDB=false, threadId=15, charset=latin1, txIsolation=3, autocommit=true, attachment=null, respHandler=null, host=localhost, port=3306, statusSync=null, writeQueue=0, modifiedSQLExecuted=false]  (io.mycat.backend.mysql.nio.handler.GetConnectionHandler:GetConnectionHandler.java:67) 
INFO   | jvm 1    | 2018/12/16 23:07:00 | 2018-12-16 23:07:00,764 [INFO ][$_NIOREACTOR-2-RW] connected successfuly MySQLConnection [id=2, lastTime=1544972820764, user=root, schema=forum, old shema=forum, borrowed=true, fromSlaveDB=false, threadId=14, charset=latin1, txIsolation=3, autocommit=true, attachment=null, respHandler=null, host=localhost, port=3306, statusSync=null, writeQueue=0, modifiedSQLExecuted=false]  (io.mycat.backend.mysql.nio.handler.GetConnectionHandler:GetConnectionHandler.java:67) 
INFO   | jvm 1    | 2018/12/16 23:07:00 | 2018-12-16 23:07:00,764 [INFO ][$_NIOREACTOR-0-RW] connected successfuly MySQLConnection [id=8, lastTime=1544972820764, user=root, schema=forum, old shema=forum, borrowed=true, fromSlaveDB=false, threadId=12, charset=latin1, txIsolation=3, autocommit=true, attachment=null, respHandler=null, host=localhost, port=3306, statusSync=null, writeQueue=0, modifiedSQLExecuted=false]  (io.mycat.backend.mysql.nio.handler.GetConnectionHandler:GetConnectionHandler.java:67) 
INFO   | jvm 1    | 2018/12/16 23:07:00 | 2018-12-16 23:07:00,764 [INFO ][$_NIOREACTOR-2-RW] connected successfuly MySQLConnection [id=10, lastTime=1544972820764, user=root, schema=forum, old shema=forum, borrowed=true, fromSlaveDB=false, threadId=20, charset=latin1, txIsolation=3, autocommit=true, attachment=null, respHandler=null, host=localhost, port=3306, statusSync=null, writeQueue=0, modifiedSQLExecuted=false]  (io.mycat.backend.mysql.nio.handler.GetConnectionHandler:GetConnectionHandler.java:67) 
INFO   | jvm 1    | 2018/12/16 23:07:00 | 2018-12-16 23:07:00,829 [INFO ][WrapperSimpleAppMain] init result :finished 10 success 10 target count:10  (io.mycat.backend.datasource.PhysicalDBPool:PhysicalDBPool.java:319) 
INFO   | jvm 1    | 2018/12/16 23:07:00 | 2018-12-16 23:07:00,830 [INFO ][WrapperSimpleAppMain] localhost1 index:0 init success  (io.mycat.backend.datasource.PhysicalDBPool:PhysicalDBPool.java:265) 
INFO   | jvm 1    | 2018/12/16 23:07:00 | MyCAT Server startup successfully. see logs in logs/mycat.log
INFO   | jvm 1    | 2018/12/16 23:07:26 | 2018-12-16 23:07:26,292 [INFO ][$_NIOREACTOR-3-RW] ServerConnection [id=1, schema=forum, host=127.0.0.1, user=root,txIsolation=3, autocommit=true, schema=forum]'root' login success  (io.mycat.net.handler.FrontendAuthenticator:FrontendAuthenticator.java:194) 
STATUS | wrapper  | 2018/12/16 23:09:23 | INT trapped.  Shutting down.
INFO   | jvm 1    | 2018/12/16 23:09:24 | Wrapper Manager: Unable to unregister shutdown hook: java.lang.IllegalStateException: Shutdown in progress
STATUS | wrapper  | 2018/12/16 23:09:25 | <-- Wrapper Stopped
STATUS | wrapper  | 2018/12/17 08:43:53 | --> Wrapper Started as Console
STATUS | wrapper  | 2018/12/17 08:43:53 | Launching a JVM...
INFO   | jvm 1    | 2018/12/17 08:43:54 | Wrapper (Version 3.2.3) http://wrapper.tanukisoftware.org
INFO   | jvm 1    | 2018/12/17 08:43:54 |   Copyright 1999-2006 Tanuki Software, Inc.  All Rights Reserved.
INFO   | jvm 1    | 2018/12/17 08:43:54 | 
INFO   | jvm 1    | 2018/12/17 08:43:55 | 2018-12-17 08:43:55,511 [INFO ][WrapperSimpleAppMain] total resouces of dataHost localhost1 is :1  (io.mycat.backend.datasource.PhysicalDBPool:PhysicalDBPool.java:100) 
INFO   | jvm 1    | 2018/12/17 08:43:55 | 2018-12-17 08:43:55,520 [INFO ][WrapperSimpleAppMain] create layer cache pool TableID2DataNodeCache of type encache ,default cache size 10000 ,default expire seconds18000  (io.mycat.cache.CacheService:CacheService.java:125) 
INFO   | jvm 1    | 2018/12/17 08:43:55 | 2018-12-17 08:43:55,521 [INFO ][WrapperSimpleAppMain] create child Cache: TESTDB_ORDERS for layered cache TableID2DataNodeCache, size 50000, expire seconds 18000  (io.mycat.cache.DefaultLayedCachePool:DefaultLayedCachePool.java:80) 
INFO   | jvm 1    | 2018/12/17 08:43:55 | 2018-12-17 08:43:55,654 [INFO ][WrapperSimpleAppMain] dyna class load from .\catlet,and auto check for class file modified every 60 seconds  (io.mycat.config.classloader.DynaClassLoader:DynaClassLoader.java:34) 
INFO   | jvm 1    | 2018/12/17 08:43:55 | 2018-12-17 08:43:55,654 [INFO ][WrapperSimpleAppMain] ===============================================  (io.mycat.MycatServer:MycatServer.java:266) 
INFO   | jvm 1    | 2018/12/17 08:43:55 | 2018-12-17 08:43:55,654 [INFO ][WrapperSimpleAppMain] MyCat is ready to startup ...  (io.mycat.MycatServer:MycatServer.java:267) 
INFO   | jvm 1    | 2018/12/17 08:43:55 | 2018-12-17 08:43:55,654 [INFO ][WrapperSimpleAppMain] Startup processors ...,total processors:4,aio thread pool size:8    
INFO   | jvm 1    | 2018/12/17 08:43:55 |  each process allocated socket buffer pool  bytes ,a page size:2097152  a page's chunk number(PageSize/ChunkSize) is:512  buffer page's number is:80  (io.mycat.MycatServer:MycatServer.java:279) 
INFO   | jvm 1    | 2018/12/17 08:43:55 | 2018-12-17 08:43:55,654 [INFO ][WrapperSimpleAppMain] sysconfig params:SystemConfig [processorBufferLocalPercent=100, frontSocketSoRcvbuf=1048576, frontSocketSoSndbuf=4194304, backSocketSoRcvbuf=4194304, backSocketSoSndbuf=1048576, frontSocketNoDelay=1, backSocketNoDelay=1, maxStringLiteralLength=65535, frontWriteQueueSize=2048, bindIp=127.0.0.1, serverPort=8066, managerPort=9066, charset=utf8, processors=4, processorExecutor=8, timerExecutor=2, managerExecutor=2, idleTimeout=300000, catletClassCheckSeconds=60, sqlExecuteTimeout=300, processorCheckPeriod=1000, dataNodeIdleCheckPeriod=300000, dataNodeHeartbeatPeriod=10000, clusterHeartbeatUser=_HEARTBEAT_USER_, clusterHeartbeatPass=_HEARTBEAT_PASS_, clusterHeartbeatPeriod=5000, clusterHeartbeatTimeout=10000, clusterHeartbeatRetry=10, txIsolation=3, parserCommentVersion=50148, sqlRecordCount=10, bufferPoolPageSize=2097152, bufferPoolChunkSize=4096, bufferPoolPageNumber=80, maxResultSet=524288, bigResultSizeSqlCount=10, bufferUsagePercent=80, flowControlRejectStrategy=0, clearBigSqLResultSetMapMs=600000, defaultMaxLimit=100, sequnceHandlerType=2, sqlInterceptor=io.mycat.server.interceptor.impl.DefaultSqlInterceptor, sqlInterceptorType=select, sqlInterceptorFile=D:\forums\src\main\resources\config\Mycat\mycat/logs/sql.txt, mutiNodeLimitType=0, mutiNodePatchSize=100, defaultSqlParser=druidparser, usingAIO=0, packetHeaderSize=4, maxPacketSize=16777216, mycatNodeId=1]  (io.mycat.MycatServer:MycatServer.java:280) 
INFO   | jvm 1    | 2018/12/17 08:43:55 | 2018-12-17 08:43:55,705 [INFO ][WrapperSimpleAppMain] useOffHeapForMerge = 1  (io.mycat.memory.MyCatMemory:MyCatMemory.java:53) 
INFO   | jvm 1    | 2018/12/17 08:43:55 | 2018-12-17 08:43:55,705 [INFO ][WrapperSimpleAppMain] memoryPageSize = 1m  (io.mycat.memory.MyCatMemory:MyCatMemory.java:54) 
INFO   | jvm 1    | 2018/12/17 08:43:55 | 2018-12-17 08:43:55,705 [INFO ][WrapperSimpleAppMain] spillsFileBufferSize = 1k  (io.mycat.memory.MyCatMemory:MyCatMemory.java:55) 
INFO   | jvm 1    | 2018/12/17 08:43:55 | 2018-12-17 08:43:55,705 [INFO ][WrapperSimpleAppMain] useStreamOutput = 0  (io.mycat.memory.MyCatMemory:MyCatMemory.java:56) 
INFO   | jvm 1    | 2018/12/17 08:43:55 | 2018-12-17 08:43:55,705 [INFO ][WrapperSimpleAppMain] systemReserveMemorySize = 384m  (io.mycat.memory.MyCatMemory:MyCatMemory.java:57) 
INFO   | jvm 1    | 2018/12/17 08:43:55 | 2018-12-17 08:43:55,729 [INFO ][WrapperSimpleAppMain] totalNetWorkBufferSize = 160MB  (io.mycat.memory.MyCatMemory:MyCatMemory.java:58) 
INFO   | jvm 1    | 2018/12/17 08:43:55 | 2018-12-17 08:43:55,730 [INFO ][WrapperSimpleAppMain] dataNodeSortedTempDir = D:\forums\src\main\resources\config\Mycat\mycat  (io.mycat.memory.MyCatMemory:MyCatMemory.java:59) 
INFO   | jvm 1    | 2018/12/17 08:43:55 | 2018-12-17 08:43:55,731 [INFO ][WrapperSimpleAppMain] mycat.memory.offHeap.size: 1209MB  (io.mycat.memory.MyCatMemory:MyCatMemory.java:122) 
INFO   | jvm 1    | 2018/12/17 08:43:55 | 2018-12-17 08:43:55,748 [INFO ][WrapperSimpleAppMain] using nio network handler   (io.mycat.MycatServer:MycatServer.java:381) 
INFO   | jvm 1    | 2018/12/17 08:43:55 | 2018-12-17 08:43:55,769 [INFO ][WrapperSimpleAppMain] $_MyCatManager is started and listening on 9066  (io.mycat.MycatServer:MycatServer.java:397) 
INFO   | jvm 1    | 2018/12/17 08:43:55 | 2018-12-17 08:43:55,771 [INFO ][WrapperSimpleAppMain] $_MyCatServer is started and listening on 8066  (io.mycat.MycatServer:MycatServer.java:401) 
INFO   | jvm 1    | 2018/12/17 08:43:55 | 2018-12-17 08:43:55,771 [INFO ][WrapperSimpleAppMain] ===============================================  (io.mycat.MycatServer:MycatServer.java:403) 
INFO   | jvm 1    | 2018/12/17 08:43:55 | 2018-12-17 08:43:55,771 [INFO ][WrapperSimpleAppMain] Initialize dataHost ...  (io.mycat.MycatServer:MycatServer.java:407) 
INFO   | jvm 1    | 2018/12/17 08:43:55 | 2018-12-17 08:43:55,771 [INFO ][WrapperSimpleAppMain] init backend myqsl source ,create connections total 10 for hostM1 index :0  (io.mycat.backend.datasource.PhysicalDBPool:PhysicalDBPool.java:294) 
INFO   | jvm 1    | 2018/12/17 08:43:55 | 2018-12-17 08:43:55,780 [INFO ][WrapperSimpleAppMain] no ilde connection in pool,create new connection for hostM1 of schema forum  (io.mycat.backend.datasource.PhysicalDatasource:PhysicalDatasource.java:413) 
INFO   | jvm 1    | 2018/12/17 08:43:55 | 2018-12-17 08:43:55,781 [INFO ][WrapperSimpleAppMain] no ilde connection in pool,create new connection for hostM1 of schema forum  (io.mycat.backend.datasource.PhysicalDatasource:PhysicalDatasource.java:413) 
INFO   | jvm 1    | 2018/12/17 08:43:55 | 2018-12-17 08:43:55,781 [INFO ][WrapperSimpleAppMain] no ilde connection in pool,create new connection for hostM1 of schema forum  (io.mycat.backend.datasource.PhysicalDatasource:PhysicalDatasource.java:413) 
INFO   | jvm 1    | 2018/12/17 08:43:55 | 2018-12-17 08:43:55,781 [INFO ][WrapperSimpleAppMain] no ilde connection in pool,create new connection for hostM1 of schema forum  (io.mycat.backend.datasource.PhysicalDatasource:PhysicalDatasource.java:413) 
INFO   | jvm 1    | 2018/12/17 08:43:55 | 2018-12-17 08:43:55,781 [INFO ][WrapperSimpleAppMain] no ilde connection in pool,create new connection for hostM1 of schema forum  (io.mycat.backend.datasource.PhysicalDatasource:PhysicalDatasource.java:413) 
INFO   | jvm 1    | 2018/12/17 08:43:55 | 2018-12-17 08:43:55,781 [INFO ][WrapperSimpleAppMain] no ilde connection in pool,create new connection for hostM1 of schema forum  (io.mycat.backend.datasource.PhysicalDatasource:PhysicalDatasource.java:413) 
INFO   | jvm 1    | 2018/12/17 08:43:55 | 2018-12-17 08:43:55,782 [INFO ][WrapperSimpleAppMain] no ilde connection in pool,create new connection for hostM1 of schema forum  (io.mycat.backend.datasource.PhysicalDatasource:PhysicalDatasource.java:413) 
INFO   | jvm 1    | 2018/12/17 08:43:55 | 2018-12-17 08:43:55,782 [INFO ][WrapperSimpleAppMain] no ilde connection in pool,create new connection for hostM1 of schema forum  (io.mycat.backend.datasource.PhysicalDatasource:PhysicalDatasource.java:413) 
INFO   | jvm 1    | 2018/12/17 08:43:55 | 2018-12-17 08:43:55,782 [INFO ][WrapperSimpleAppMain] no ilde connection in pool,create new connection for hostM1 of schema forum  (io.mycat.backend.datasource.PhysicalDatasource:PhysicalDatasource.java:413) 
INFO   | jvm 1    | 2018/12/17 08:43:55 | 2018-12-17 08:43:55,785 [INFO ][WrapperSimpleAppMain] no ilde connection in pool,create new connection for hostM1 of schema forum  (io.mycat.backend.datasource.PhysicalDatasource:PhysicalDatasource.java:413) 
INFO   | jvm 1    | 2018/12/17 08:43:55 | 2018-12-17 08:43:55,817 [INFO ][$_NIOREACTOR-1-RW] connected successfuly MySQLConnection [id=5, lastTime=1545007435817, user=root, schema=forum, old shema=forum, borrowed=true, fromSlaveDB=false, threadId=6, charset=latin1, txIsolation=3, autocommit=true, attachment=null, respHandler=null, host=localhost, port=3306, statusSync=null, writeQueue=0, modifiedSQLExecuted=false]  (io.mycat.backend.mysql.nio.handler.GetConnectionHandler:GetConnectionHandler.java:67) 
INFO   | jvm 1    | 2018/12/17 08:43:55 | 2018-12-17 08:43:55,817 [INFO ][$_NIOREACTOR-3-RW] connected successfuly MySQLConnection [id=3, lastTime=1545007435817, user=root, schema=forum, old shema=forum, borrowed=true, fromSlaveDB=false, threadId=7, charset=latin1, txIsolation=3, autocommit=true, attachment=null, respHandler=null, host=localhost, port=3306, statusSync=null, writeQueue=0, modifiedSQLExecuted=false]  (io.mycat.backend.mysql.nio.handler.GetConnectionHandler:GetConnectionHandler.java:67) 
INFO   | jvm 1    | 2018/12/17 08:43:55 | 2018-12-17 08:43:55,817 [INFO ][$_NIOREACTOR-2-RW] connected successfuly MySQLConnection [id=10, lastTime=1545007435817, user=root, schema=forum, old shema=forum, borrowed=true, fromSlaveDB=false, threadId=11, charset=latin1, txIsolation=3, autocommit=true, attachment=null, respHandler=null, host=localhost, port=3306, statusSync=null, writeQueue=0, modifiedSQLExecuted=false]  (io.mycat.backend.mysql.nio.handler.GetConnectionHandler:GetConnectionHandler.java:67) 
INFO   | jvm 1    | 2018/12/17 08:43:55 | 2018-12-17 08:43:55,817 [INFO ][$_NIOREACTOR-0-RW] connected successfuly MySQLConnection [id=4, lastTime=1545007435817, user=root, schema=forum, old shema=forum, borrowed=true, fromSlaveDB=false, threadId=2, charset=latin1, txIsolation=3, autocommit=true, attachment=null, respHandler=null, host=localhost, port=3306, statusSync=null, writeQueue=0, modifiedSQLExecuted=false]  (io.mycat.backend.mysql.nio.handler.GetConnectionHandler:GetConnectionHandler.java:67) 
INFO   | jvm 1    | 2018/12/17 08:43:55 | 2018-12-17 08:43:55,817 [INFO ][$_NIOREACTOR-1-RW] connected successfuly MySQLConnection [id=9, lastTime=1545007435817, user=root, schema=forum, old shema=forum, borrowed=true, fromSlaveDB=false, threadId=4, charset=latin1, txIsolation=3, autocommit=true, attachment=null, respHandler=null, host=localhost, port=3306, statusSync=null, writeQueue=0, modifiedSQLExecuted=false]  (io.mycat.backend.mysql.nio.handler.GetConnectionHandler:GetConnectionHandler.java:67) 
INFO   | jvm 1    | 2018/12/17 08:43:55 | 2018-12-17 08:43:55,817 [INFO ][$_NIOREACTOR-2-RW] connected successfuly MySQLConnection [id=6, lastTime=1545007435817, user=root, schema=forum, old shema=forum, borrowed=true, fromSlaveDB=false, threadId=5, charset=latin1, txIsolation=3, autocommit=true, attachment=null, respHandler=null, host=localhost, port=3306, statusSync=null, writeQueue=0, modifiedSQLExecuted=false]  (io.mycat.backend.mysql.nio.handler.GetConnectionHandler:GetConnectionHandler.java:67) 
INFO   | jvm 1    | 2018/12/17 08:43:55 | 2018-12-17 08:43:55,818 [INFO ][$_NIOREACTOR-1-RW] connected successfuly MySQLConnection [id=1, lastTime=1545007435818, user=root, schema=forum, old shema=forum, borrowed=true, fromSlaveDB=false, threadId=3, charset=latin1, txIsolation=3, autocommit=true, attachment=null, respHandler=null, host=localhost, port=3306, statusSync=null, writeQueue=0, modifiedSQLExecuted=false]  (io.mycat.backend.mysql.nio.handler.GetConnectionHandler:GetConnectionHandler.java:67) 
INFO   | jvm 1    | 2018/12/17 08:43:55 | 2018-12-17 08:43:55,818 [INFO ][$_NIOREACTOR-2-RW] connected successfuly MySQLConnection [id=2, lastTime=1545007435818, user=root, schema=forum, old shema=forum, borrowed=true, fromSlaveDB=false, threadId=9, charset=latin1, txIsolation=3, autocommit=true, attachment=null, respHandler=null, host=localhost, port=3306, statusSync=null, writeQueue=0, modifiedSQLExecuted=false]  (io.mycat.backend.mysql.nio.handler.GetConnectionHandler:GetConnectionHandler.java:67) 
INFO   | jvm 1    | 2018/12/17 08:43:55 | 2018-12-17 08:43:55,818 [INFO ][$_NIOREACTOR-3-RW] connected successfuly MySQLConnection [id=7, lastTime=1545007435818, user=root, schema=forum, old shema=forum, borrowed=true, fromSlaveDB=false, threadId=8, charset=latin1, txIsolation=3, autocommit=true, attachment=null, respHandler=null, host=localhost, port=3306, statusSync=null, writeQueue=0, modifiedSQLExecuted=false]  (io.mycat.backend.mysql.nio.handler.GetConnectionHandler:GetConnectionHandler.java:67) 
INFO   | jvm 1    | 2018/12/17 08:43:55 | 2018-12-17 08:43:55,818 [INFO ][$_NIOREACTOR-0-RW] connected successfuly MySQLConnection [id=8, lastTime=1545007435818, user=root, schema=forum, old shema=forum, borrowed=true, fromSlaveDB=false, threadId=10, charset=latin1, txIsolation=3, autocommit=true, attachment=null, respHandler=null, host=localhost, port=3306, statusSync=null, writeQueue=0, modifiedSQLExecuted=false]  (io.mycat.backend.mysql.nio.handler.GetConnectionHandler:GetConnectionHandler.java:67) 
INFO   | jvm 1    | 2018/12/17 08:43:55 | 2018-12-17 08:43:55,885 [INFO ][WrapperSimpleAppMain] init result :finished 10 success 10 target count:10  (io.mycat.backend.datasource.PhysicalDBPool:PhysicalDBPool.java:319) 
INFO   | jvm 1    | 2018/12/17 08:43:55 | 2018-12-17 08:43:55,885 [INFO ][WrapperSimpleAppMain] localhost1 index:0 init success  (io.mycat.backend.datasource.PhysicalDBPool:PhysicalDBPool.java:265) 
INFO   | jvm 1    | 2018/12/17 08:43:55 | MyCAT Server startup successfully. see logs in logs/mycat.log
INFO   | jvm 1    | 2018/12/17 08:46:53 | 2018-12-17 08:46:53,231 [INFO ][$_NIOREACTOR-3-RW] ServerConnection [id=1, schema=forum, host=127.0.0.1, user=root,txIsolation=3, autocommit=true, schema=forum]'root' login success  (io.mycat.net.handler.FrontendAuthenticator:FrontendAuthenticator.java:194) 
INFO   | jvm 1    | 2018/12/17 08:51:55 | 2018-12-17 08:51:55,887 [INFO ][Timer1] ServerConnection [id=1, schema=forum, host=127.0.0.1, user=root,txIsolation=3, autocommit=true, schema=forum] idle timeout  (io.mycat.net.AbstractConnection:AbstractConnection.java:521) 
INFO   | jvm 1    | 2018/12/17 08:51:55 | 2018-12-17 08:51:55,887 [INFO ][Timer1] close connection,reason: idle  ,ServerConnection [id=1, schema=forum, host=127.0.0.1, user=root,txIsolation=3, autocommit=true, schema=forum]  (io.mycat.net.AbstractConnection:AbstractConnection.java:508) 
